[5.663s] Invoking command in '/home/ddd/ros2_ws/build/my_robot_description': DEBUGINFOD_URLS=https://debuginfod.ubuntu.com PYTHONPATH=/home/ddd/ros2_ws/build/my_robot_description/prefix_override:/usr/lib/python3/dist-packages/colcon_core/task/python/colcon_distutils_commands:/home/ddd/ros2_ws/install/my_robot_description/lib/python3.12/site-packages:${PYTHONPATH} /usr/bin/python3 -W ignore:setup.py install is deprecated -W ignore:easy_install command is deprecated setup.py develop --editable --build-directory /home/ddd/ros2_ws/build/my_robot_description/build --no-deps symlink_data --force
[6.396s] running develop
[6.748s] running egg_info
[6.775s] writing my_robot_description.egg-info/PKG-INFO
[6.776s] writing dependency_links to my_robot_description.egg-info/dependency_links.txt
[6.776s] writing requirements to my_robot_description.egg-info/requires.txt
[6.776s] writing top-level names to my_robot_description.egg-info/top_level.txt
[6.833s] reading manifest file 'my_robot_description.egg-info/SOURCES.txt'
[6.834s] writing manifest file 'my_robot_description.egg-info/SOURCES.txt'
[6.864s] running build_ext
[6.864s] Creating /home/ddd/ros2_ws/install/my_robot_description/lib/python3.12/site-packages/my-robot-description.egg-link (link to .)
[6.864s] 
[6.865s] Installed /home/ddd/ros2_ws/build/my_robot_description
[6.865s] running symlink_data
[6.865s] symbolically linking /home/ddd/ros2_ws/build/my_robot_description/resource/my_robot_description -> /home/ddd/ros2_ws/install/my_robot_description/share/ament_index/resource_index/packages
[6.865s] symbolically linking /home/ddd/ros2_ws/build/my_robot_description/package.xml -> /home/ddd/ros2_ws/install/my_robot_description/share/my_robot_description
[6.865s] symbolically linking /home/ddd/ros2_ws/build/my_robot_description/launch/display.launch.py -> /home/ddd/ros2_ws/install/my_robot_description/share/my_robot_description/launch
[6.865s] symbolically linking /home/ddd/ros2_ws/build/my_robot_description/urdf/my_robot.urdf -> /home/ddd/ros2_ws/install/my_robot_description/share/my_robot_description/urdf
[6.866s] symbolically linking /home/ddd/ros2_ws/build/my_robot_description/rviz/display.rviz -> /home/ddd/ros2_ws/install/my_robot_description/share/my_robot_description/rviz
[7.176s] Invoked command in '/home/ddd/ros2_ws/build/my_robot_description' returned '0': DEBUGINFOD_URLS=https://debuginfod.ubuntu.com PYTHONPATH=/home/ddd/ros2_ws/build/my_robot_description/prefix_override:/usr/lib/python3/dist-packages/colcon_core/task/python/colcon_distutils_commands:/home/ddd/ros2_ws/install/my_robot_description/lib/python3.12/site-packages:${PYTHONPATH} /usr/bin/python3 -W ignore:setup.py install is deprecated -W ignore:easy_install command is deprecated setup.py develop --editable --build-directory /home/ddd/ros2_ws/build/my_robot_description/build --no-deps symlink_data --force
