[0.751s] Invoking command in '/home/ddd/ros2_ws/src/my_robot': DEBUGINFOD_URLS=https://debuginfod.ubuntu.com PYTHONPATH=/home/ddd/ros2_ws/build/my_robot/prefix_override:/usr/lib/python3/dist-packages/colcon_core/task/python/colcon_distutils_commands:/home/ddd/ros2_ws/install/my_robot/lib/python3.12/site-packages:${PYTHONPATH} /usr/bin/python3 -W ignore:setup.py install is deprecated -W ignore:easy_install command is deprecated setup.py egg_info --egg-base ../../build/my_robot build --build-base /home/ddd/ros2_ws/build/my_robot/build install --record /home/ddd/ros2_ws/build/my_robot/install.log --install-scripts $base/lib/my_robot --single-version-externally-managed install_data
[0.997s] running egg_info
[1.015s] writing ../../build/my_robot/my_robot.egg-info/PKG-INFO
[1.016s] writing dependency_links to ../../build/my_robot/my_robot.egg-info/dependency_links.txt
[1.016s] writing entry points to ../../build/my_robot/my_robot.egg-info/entry_points.txt
[1.016s] writing requirements to ../../build/my_robot/my_robot.egg-info/requires.txt
[1.016s] writing top-level names to ../../build/my_robot/my_robot.egg-info/top_level.txt
[1.052s] reading manifest file '../../build/my_robot/my_robot.egg-info/SOURCES.txt'
[1.053s] writing manifest file '../../build/my_robot/my_robot.egg-info/SOURCES.txt'
[1.053s] running build
[1.053s] running build_py
[1.053s] copying my_robot/publisher.py -> /home/ddd/ros2_ws/build/my_robot/build/lib/my_robot
[1.053s] copying my_robot/subscriber.py -> /home/ddd/ros2_ws/build/my_robot/build/lib/my_robot
[1.054s] running install
[1.059s] running install_lib
[1.077s] copying /home/ddd/ros2_ws/build/my_robot/build/lib/my_robot/publisher.py -> /home/ddd/ros2_ws/install/my_robot/lib/python3.12/site-packages/my_robot
[1.077s] copying /home/ddd/ros2_ws/build/my_robot/build/lib/my_robot/subscriber.py -> /home/ddd/ros2_ws/install/my_robot/lib/python3.12/site-packages/my_robot
[1.078s] byte-compiling /home/ddd/ros2_ws/install/my_robot/lib/python3.12/site-packages/my_robot/publisher.py to publisher.cpython-312.pyc
[1.078s] byte-compiling /home/ddd/ros2_ws/install/my_robot/lib/python3.12/site-packages/my_robot/subscriber.py to subscriber.cpython-312.pyc
[1.079s] running install_data
[1.079s] running install_egg_info
[1.098s] removing '/home/ddd/ros2_ws/install/my_robot/lib/python3.12/site-packages/my_robot-0.0.0-py3.12.egg-info' (and everything under it)
[1.098s] Copying ../../build/my_robot/my_robot.egg-info to /home/ddd/ros2_ws/install/my_robot/lib/python3.12/site-packages/my_robot-0.0.0-py3.12.egg-info
[1.099s] running install_scripts
[1.225s] Installing publisher script to /home/ddd/ros2_ws/install/my_robot/lib/my_robot
[1.225s] Installing subscriber script to /home/ddd/ros2_ws/install/my_robot/lib/my_robot
[1.226s] writing list of installed files to '/home/ddd/ros2_ws/build/my_robot/install.log'
[1.250s] Invoked command in '/home/ddd/ros2_ws/src/my_robot' returned '0': DEBUGINFOD_URLS=https://debuginfod.ubuntu.com PYTHONPATH=/home/ddd/ros2_ws/build/my_robot/prefix_override:/usr/lib/python3/dist-packages/colcon_core/task/python/colcon_distutils_commands:/home/ddd/ros2_ws/install/my_robot/lib/python3.12/site-packages:${PYTHONPATH} /usr/bin/python3 -W ignore:setup.py install is deprecated -W ignore:easy_install command is deprecated setup.py egg_info --egg-base ../../build/my_robot build --build-base /home/ddd/ros2_ws/build/my_robot/build install --record /home/ddd/ros2_ws/build/my_robot/install.log --install-scripts $base/lib/my_robot --single-version-externally-managed install_data
