running egg_info
creating ../../build/my_robot_arm_description/my_robot_arm_description.egg-info
writing ../../build/my_robot_arm_description/my_robot_arm_description.egg-info/PKG-INFO
writing dependency_links to ../../build/my_robot_arm_description/my_robot_arm_description.egg-info/dependency_links.txt
writing requirements to ../../build/my_robot_arm_description/my_robot_arm_description.egg-info/requires.txt
writing top-level names to ../../build/my_robot_arm_description/my_robot_arm_description.egg-info/top_level.txt
writing manifest file '../../build/my_robot_arm_description/my_robot_arm_description.egg-info/SOURCES.txt'
reading manifest file '../../build/my_robot_arm_description/my_robot_arm_description.egg-info/SOURCES.txt'
writing manifest file '../../build/my_robot_arm_description/my_robot_arm_description.egg-info/SOURCES.txt'
running build
running build_py
creating /home/ddd/ros2_ws/build/my_robot_arm_description/build
creating /home/ddd/ros2_ws/build/my_robot_arm_description/build/lib
creating /home/ddd/ros2_ws/build/my_robot_arm_description/build/lib/my_robot_arm_description
copying my_robot_arm_description/__init__.py -> /home/ddd/ros2_ws/build/my_robot_arm_description/build/lib/my_robot_arm_description
running install
running install_lib
creating /home/ddd/ros2_ws/install/my_robot_arm_description/lib/python3.12/site-packages/my_robot_arm_description
copying /home/ddd/ros2_ws/build/my_robot_arm_description/build/lib/my_robot_arm_description/__init__.py -> /home/ddd/ros2_ws/install/my_robot_arm_description/lib/python3.12/site-packages/my_robot_arm_description
byte-compiling /home/ddd/ros2_ws/install/my_robot_arm_description/lib/python3.12/site-packages/my_robot_arm_description/__init__.py to __init__.cpython-312.pyc
running install_data
creating /home/ddd/ros2_ws/install/my_robot_arm_description/share/ament_index
creating /home/ddd/ros2_ws/install/my_robot_arm_description/share/ament_index/resource_index
creating /home/ddd/ros2_ws/install/my_robot_arm_description/share/ament_index/resource_index/packages
copying resource/my_robot_arm_description -> /home/ddd/ros2_ws/install/my_robot_arm_description/share/ament_index/resource_index/packages
copying package.xml -> /home/ddd/ros2_ws/install/my_robot_arm_description/share/my_robot_arm_description
creating /home/ddd/ros2_ws/install/my_robot_arm_description/share/my_robot_arm_description/launch
copying launch/display.launch.py -> /home/ddd/ros2_ws/install/my_robot_arm_description/share/my_robot_arm_description/launch
creating /home/ddd/ros2_ws/install/my_robot_arm_description/share/my_robot_arm_description/urdf
copying urdf/panda_arm.ros2_control.xacro -> /home/ddd/ros2_ws/install/my_robot_arm_description/share/my_robot_arm_description/urdf
copying urdf/panda_hand.ros2_control.xacro -> /home/ddd/ros2_ws/install/my_robot_arm_description/share/my_robot_arm_description/urdf
copying urdf/my_robot_arm.urdf.xacro -> /home/ddd/ros2_ws/install/my_robot_arm_description/share/my_robot_arm_description/urdf
creating /home/ddd/ros2_ws/install/my_robot_arm_description/share/my_robot_arm_description/rviz
copying rviz/display.rviz -> /home/ddd/ros2_ws/install/my_robot_arm_description/share/my_robot_arm_description/rviz
creating /home/ddd/ros2_ws/install/my_robot_arm_description/share/my_robot_arm_description/config
copying config/initial_positions.yaml -> /home/ddd/ros2_ws/install/my_robot_arm_description/share/my_robot_arm_description/config
running install_egg_info
Copying ../../build/my_robot_arm_description/my_robot_arm_description.egg-info to /home/ddd/ros2_ws/install/my_robot_arm_description/lib/python3.12/site-packages/my_robot_arm_description-0.0.0-py3.12.egg-info
running install_scripts
writing list of installed files to '/home/ddd/ros2_ws/build/my_robot_arm_description/install.log'
