[1.291s] Invoking command in '/home/ddd/ros2_ws/src/my_robot_arm_moveit_config': AMENT_PREFIX_PATH=/home/ddd/ros2_ws/install/my_robot_arm_control:/home/ddd/ros2_ws/install/my_robot_arm_description:${AMENT_PREFIX_PATH} DEBUGINFOD_URLS=https://debuginfod.ubuntu.com PYTHONPATH=/home/ddd/ros2_ws/build/my_robot_arm_moveit_config/prefix_override:/usr/lib/python3/dist-packages/colcon_core/task/python/colcon_distutils_commands:/home/ddd/ros2_ws/install/my_robot_arm_moveit_config/lib/python3.12/site-packages:/home/ddd/ros2_ws/install/my_robot_arm_control/lib/python3.12/site-packages:/home/ddd/ros2_ws/install/my_robot_arm_description/lib/python3.12/site-packages:${PYTHONPATH} /usr/bin/python3 -W ignore:setup.py install is deprecated -W ignore:easy_install command is deprecated setup.py egg_info --egg-base ../../build/my_robot_arm_moveit_config build --build-base /home/ddd/ros2_ws/build/my_robot_arm_moveit_config/build install --record /home/ddd/ros2_ws/build/my_robot_arm_moveit_config/install.log --install-scripts $base/lib/my_robot_arm_moveit_config --single-version-externally-managed install_data
[1.688s] running egg_info
[1.716s] writing ../../build/my_robot_arm_moveit_config/my_robot_arm_moveit_config.egg-info/PKG-INFO
[1.717s] writing dependency_links to ../../build/my_robot_arm_moveit_config/my_robot_arm_moveit_config.egg-info/dependency_links.txt
[1.717s] writing requirements to ../../build/my_robot_arm_moveit_config/my_robot_arm_moveit_config.egg-info/requires.txt
[1.717s] writing top-level names to ../../build/my_robot_arm_moveit_config/my_robot_arm_moveit_config.egg-info/top_level.txt
[1.779s] reading manifest file '../../build/my_robot_arm_moveit_config/my_robot_arm_moveit_config.egg-info/SOURCES.txt'
[1.780s] writing manifest file '../../build/my_robot_arm_moveit_config/my_robot_arm_moveit_config.egg-info/SOURCES.txt'
[1.780s] running build
[1.781s] running build_py
[1.781s] running install
[1.790s] running install_lib
[1.821s] running install_data
[1.822s] copying rviz/moveit.rviz -> /home/ddd/ros2_ws/install/my_robot_arm_moveit_config/share/my_robot_arm_moveit_config/rviz
[1.822s] running install_egg_info
[1.854s] removing '/home/ddd/ros2_ws/install/my_robot_arm_moveit_config/lib/python3.12/site-packages/my_robot_arm_moveit_config-0.0.0-py3.12.egg-info' (and everything under it)
[1.854s] Copying ../../build/my_robot_arm_moveit_config/my_robot_arm_moveit_config.egg-info to /home/ddd/ros2_ws/install/my_robot_arm_moveit_config/lib/python3.12/site-packages/my_robot_arm_moveit_config-0.0.0-py3.12.egg-info
[1.855s] running install_scripts
[2.073s] writing list of installed files to '/home/ddd/ros2_ws/build/my_robot_arm_moveit_config/install.log'
[2.136s] Invoked command in '/home/ddd/ros2_ws/src/my_robot_arm_moveit_config' returned '0': AMENT_PREFIX_PATH=/home/ddd/ros2_ws/install/my_robot_arm_control:/home/ddd/ros2_ws/install/my_robot_arm_description:${AMENT_PREFIX_PATH} DEBUGINFOD_URLS=https://debuginfod.ubuntu.com PYTHONPATH=/home/ddd/ros2_ws/build/my_robot_arm_moveit_config/prefix_override:/usr/lib/python3/dist-packages/colcon_core/task/python/colcon_distutils_commands:/home/ddd/ros2_ws/install/my_robot_arm_moveit_config/lib/python3.12/site-packages:/home/ddd/ros2_ws/install/my_robot_arm_control/lib/python3.12/site-packages:/home/ddd/ros2_ws/install/my_robot_arm_description/lib/python3.12/site-packages:${PYTHONPATH} /usr/bin/python3 -W ignore:setup.py install is deprecated -W ignore:easy_install command is deprecated setup.py egg_info --egg-base ../../build/my_robot_arm_moveit_config build --build-base /home/ddd/ros2_ws/build/my_robot_arm_moveit_config/build install --record /home/ddd/ros2_ws/build/my_robot_arm_moveit_config/install.log --install-scripts $base/lib/my_robot_arm_moveit_config --single-version-externally-managed install_data
