[0.288s] DEBUG:colcon:Command line arguments: ['/usr/bin/colcon', 'build', '--symlink-install']
[0.288s] DEBUG:colcon:Parsed command line arguments: Namespace(log_base=None, log_level=None, verb_name='build', build_base='build', install_base='install', merge_install=False, symlink_install=True, test_result_base=None, continue_on_error=False, executor='parallel', parallel_workers=16, event_handlers=None, ignore_user_meta=False, metas=['./colcon.meta'], base_paths=['.'], packages_ignore=None, packages_ignore_regex=None, paths=None, packages_up_to=None, packages_up_to_regex=None, packages_above=None, packages_above_and_dependencies=None, packages_above_depth=None, packages_select_by_dep=None, packages_skip_by_dep=None, packages_skip_up_to=None, packages_select_build_failed=False, packages_skip_build_finished=False, packages_select_test_failures=False, packages_skip_test_passed=False, packages_select=None, packages_skip=None, packages_select_regex=None, packages_skip_regex=None, packages_start=None, packages_end=None, allow_overriding=[], cmake_args=None, cmake_target=None, cmake_target_skip_unavailable=False, cmake_clean_cache=False, cmake_clean_first=False, cmake_force_configure=False, ament_cmake_args=None, catkin_cmake_args=None, catkin_skip_building_tests=False, verb_parser=<colcon_defaults.argument_parser.defaults.DefaultArgumentsDecorator object at 0x775128809580>, verb_extension=<colcon_core.verb.build.BuildVerb object at 0x775128971880>, main=<bound method BuildVerb.main of <colcon_core.verb.build.BuildVerb object at 0x775128971880>>)
[0.412s] Level 1:colcon.colcon_core.package_discovery:discover_packages(colcon_meta) check parameters
[0.413s] Level 1:colcon.colcon_core.package_discovery:discover_packages(recursive) check parameters
[0.413s] Level 1:colcon.colcon_core.package_discovery:discover_packages(ignore) check parameters
[0.413s] Level 1:colcon.colcon_core.package_discovery:discover_packages(path) check parameters
[0.413s] Level 1:colcon.colcon_core.package_discovery:discover_packages(colcon_meta) discover
[0.413s] Level 1:colcon.colcon_core.package_discovery:discover_packages(recursive) discover
[0.413s] INFO:colcon.colcon_core.package_discovery:Crawling recursively for packages in '/home/ddd/ros2_ws'
[0.414s] Level 1:colcon.colcon_core.package_identification:_identify(.) by extensions ['ignore', 'ignore_ament_install']
[0.414s] Level 1:colcon.colcon_core.package_identification:_identify(.) by extension 'ignore'
[0.414s] Level 1:colcon.colcon_core.package_identification:_identify(.) by extension 'ignore_ament_install'
[0.414s] Level 1:colcon.colcon_core.package_identification:_identify(.) by extensions ['colcon_pkg']
[0.415s] Level 1:colcon.colcon_core.package_identification:_identify(.) by extension 'colcon_pkg'
[0.415s] Level 1:colcon.colcon_core.package_identification:_identify(.) by extensions ['colcon_meta']
[0.415s] Level 1:colcon.colcon_core.package_identification:_identify(.) by extension 'colcon_meta'
[0.415s] Level 1:colcon.colcon_core.package_identification:_identify(.) by extensions ['ros']
[0.415s] Level 1:colcon.colcon_core.package_identification:_identify(.) by extension 'ros'
[0.483s] Level 1:colcon.colcon_core.package_identification:_identify(.) by extensions ['cmake', 'python']
[0.484s] Level 1:colcon.colcon_core.package_identification:_identify(.) by extension 'cmake'
[0.484s] Level 1:colcon.colcon_core.package_identification:_identify(.) by extension 'python'
[0.484s] Level 1:colcon.colcon_core.package_identification:_identify(.) by extensions ['python_setup_py']
[0.484s] Level 1:colcon.colcon_core.package_identification:_identify(.) by extension 'python_setup_py'
[0.484s] Level 1:colcon.colcon_core.package_identification:_identify(build) by extensions ['ignore', 'ignore_ament_install']
[0.485s] Level 1:colcon.colcon_core.package_identification:_identify(build) by extension 'ignore'
[0.485s] Level 1:colcon.colcon_core.package_identification:_identify(build) ignored
[0.485s] Level 1:colcon.colcon_core.package_identification:_identify(install) by extensions ['ignore', 'ignore_ament_install']
[0.486s] Level 1:colcon.colcon_core.package_identification:_identify(install) by extension 'ignore'
[0.486s] Level 1:colcon.colcon_core.package_identification:_identify(install) ignored
[0.487s] Level 1:colcon.colcon_core.package_identification:_identify(log) by extensions ['ignore', 'ignore_ament_install']
[0.487s] Level 1:colcon.colcon_core.package_identification:_identify(log) by extension 'ignore'
[0.487s] Level 1:colcon.colcon_core.package_identification:_identify(log) ignored
[0.488s] Level 1:colcon.colcon_core.package_identification:_identify(src) by extensions ['ignore', 'ignore_ament_install']
[0.488s] Level 1:colcon.colcon_core.package_identification:_identify(src) by extension 'ignore'
[0.488s] Level 1:colcon.colcon_core.package_identification:_identify(src) by extension 'ignore_ament_install'
[0.489s] Level 1:colcon.colcon_core.package_identification:_identify(src) by extensions ['colcon_pkg']
[0.489s] Level 1:colcon.colcon_core.package_identification:_identify(src) by extension 'colcon_pkg'
[0.489s] Level 1:colcon.colcon_core.package_identification:_identify(src) by extensions ['colcon_meta']
[0.489s] Level 1:colcon.colcon_core.package_identification:_identify(src) by extension 'colcon_meta'
[0.489s] Level 1:colcon.colcon_core.package_identification:_identify(src) by extensions ['ros']
[0.489s] Level 1:colcon.colcon_core.package_identification:_identify(src) by extension 'ros'
[0.489s] Level 1:colcon.colcon_core.package_identification:_identify(src) by extensions ['cmake', 'python']
[0.489s] Level 1:colcon.colcon_core.package_identification:_identify(src) by extension 'cmake'
[0.490s] Level 1:colcon.colcon_core.package_identification:_identify(src) by extension 'python'
[0.490s] Level 1:colcon.colcon_core.package_identification:_identify(src) by extensions ['python_setup_py']
[0.490s] Level 1:colcon.colcon_core.package_identification:_identify(src) by extension 'python_setup_py'
[0.490s] Level 1:colcon.colcon_core.package_identification:_identify(src/build) by extensions ['ignore', 'ignore_ament_install']
[0.490s] Level 1:colcon.colcon_core.package_identification:_identify(src/build) by extension 'ignore'
[0.490s] Level 1:colcon.colcon_core.package_identification:_identify(src/build) ignored
[0.491s] Level 1:colcon.colcon_core.package_identification:_identify(src/install) by extensions ['ignore', 'ignore_ament_install']
[0.491s] Level 1:colcon.colcon_core.package_identification:_identify(src/install) by extension 'ignore'
[0.491s] Level 1:colcon.colcon_core.package_identification:_identify(src/install) ignored
[0.491s] Level 1:colcon.colcon_core.package_identification:_identify(src/log) by extensions ['ignore', 'ignore_ament_install']
[0.492s] Level 1:colcon.colcon_core.package_identification:_identify(src/log) by extension 'ignore'
[0.492s] Level 1:colcon.colcon_core.package_identification:_identify(src/log) ignored
[0.492s] Level 1:colcon.colcon_core.package_identification:_identify(src/my_robot) by extensions ['ignore', 'ignore_ament_install']
[0.492s] Level 1:colcon.colcon_core.package_identification:_identify(src/my_robot) by extension 'ignore'
[0.493s] Level 1:colcon.colcon_core.package_identification:_identify(src/my_robot) by extension 'ignore_ament_install'
[0.493s] Level 1:colcon.colcon_core.package_identification:_identify(src/my_robot) by extensions ['colcon_pkg']
[0.493s] Level 1:colcon.colcon_core.package_identification:_identify(src/my_robot) by extension 'colcon_pkg'
[0.493s] Level 1:colcon.colcon_core.package_identification:_identify(src/my_robot) by extensions ['colcon_meta']
[0.493s] Level 1:colcon.colcon_core.package_identification:_identify(src/my_robot) by extension 'colcon_meta'
[0.493s] Level 1:colcon.colcon_core.package_identification:_identify(src/my_robot) by extensions ['ros']
[0.493s] Level 1:colcon.colcon_core.package_identification:_identify(src/my_robot) by extension 'ros'
[0.499s] DEBUG:colcon.colcon_core.package_identification:Package 'src/my_robot' with type 'ros.ament_python' and name 'my_robot'
[0.500s] Level 1:colcon.colcon_core.package_identification:_identify(src/my_robot_arm_control) by extensions ['ignore', 'ignore_ament_install']
[0.500s] Level 1:colcon.colcon_core.package_identification:_identify(src/my_robot_arm_control) by extension 'ignore'
[0.500s] Level 1:colcon.colcon_core.package_identification:_identify(src/my_robot_arm_control) by extension 'ignore_ament_install'
[0.501s] Level 1:colcon.colcon_core.package_identification:_identify(src/my_robot_arm_control) by extensions ['colcon_pkg']
[0.501s] Level 1:colcon.colcon_core.package_identification:_identify(src/my_robot_arm_control) by extension 'colcon_pkg'
[0.501s] Level 1:colcon.colcon_core.package_identification:_identify(src/my_robot_arm_control) by extensions ['colcon_meta']
[0.501s] Level 1:colcon.colcon_core.package_identification:_identify(src/my_robot_arm_control) by extension 'colcon_meta'
[0.501s] Level 1:colcon.colcon_core.package_identification:_identify(src/my_robot_arm_control) by extensions ['ros']
[0.501s] Level 1:colcon.colcon_core.package_identification:_identify(src/my_robot_arm_control) by extension 'ros'
[0.503s] DEBUG:colcon.colcon_core.package_identification:Package 'src/my_robot_arm_control' with type 'ros.ament_python' and name 'my_robot_arm_control'
[0.503s] Level 1:colcon.colcon_core.package_identification:_identify(src/my_robot_arm_description) by extensions ['ignore', 'ignore_ament_install']
[0.503s] Level 1:colcon.colcon_core.package_identification:_identify(src/my_robot_arm_description) by extension 'ignore'
[0.504s] Level 1:colcon.colcon_core.package_identification:_identify(src/my_robot_arm_description) by extension 'ignore_ament_install'
[0.504s] Level 1:colcon.colcon_core.package_identification:_identify(src/my_robot_arm_description) by extensions ['colcon_pkg']
[0.504s] Level 1:colcon.colcon_core.package_identification:_identify(src/my_robot_arm_description) by extension 'colcon_pkg'
[0.504s] Level 1:colcon.colcon_core.package_identification:_identify(src/my_robot_arm_description) by extensions ['colcon_meta']
[0.504s] Level 1:colcon.colcon_core.package_identification:_identify(src/my_robot_arm_description) by extension 'colcon_meta'
[0.504s] Level 1:colcon.colcon_core.package_identification:_identify(src/my_robot_arm_description) by extensions ['ros']
[0.504s] Level 1:colcon.colcon_core.package_identification:_identify(src/my_robot_arm_description) by extension 'ros'
[0.506s] DEBUG:colcon.colcon_core.package_identification:Package 'src/my_robot_arm_description' with type 'ros.ament_python' and name 'my_robot_arm_description'
[0.506s] Level 1:colcon.colcon_core.package_identification:_identify(src/my_robot_arm_gazebo) by extensions ['ignore', 'ignore_ament_install']
[0.507s] Level 1:colcon.colcon_core.package_identification:_identify(src/my_robot_arm_gazebo) by extension 'ignore'
[0.507s] Level 1:colcon.colcon_core.package_identification:_identify(src/my_robot_arm_gazebo) by extension 'ignore_ament_install'
[0.507s] Level 1:colcon.colcon_core.package_identification:_identify(src/my_robot_arm_gazebo) by extensions ['colcon_pkg']
[0.507s] Level 1:colcon.colcon_core.package_identification:_identify(src/my_robot_arm_gazebo) by extension 'colcon_pkg'
[0.507s] Level 1:colcon.colcon_core.package_identification:_identify(src/my_robot_arm_gazebo) by extensions ['colcon_meta']
[0.508s] Level 1:colcon.colcon_core.package_identification:_identify(src/my_robot_arm_gazebo) by extension 'colcon_meta'
[0.508s] Level 1:colcon.colcon_core.package_identification:_identify(src/my_robot_arm_gazebo) by extensions ['ros']
[0.508s] Level 1:colcon.colcon_core.package_identification:_identify(src/my_robot_arm_gazebo) by extension 'ros'
[0.509s] DEBUG:colcon.colcon_core.package_identification:Package 'src/my_robot_arm_gazebo' with type 'ros.ament_python' and name 'my_robot_arm_gazebo'
[0.510s] Level 1:colcon.colcon_core.package_identification:_identify(src/my_robot_arm_moveit_config) by extensions ['ignore', 'ignore_ament_install']
[0.510s] Level 1:colcon.colcon_core.package_identification:_identify(src/my_robot_arm_moveit_config) by extension 'ignore'
[0.510s] Level 1:colcon.colcon_core.package_identification:_identify(src/my_robot_arm_moveit_config) by extension 'ignore_ament_install'
[0.510s] Level 1:colcon.colcon_core.package_identification:_identify(src/my_robot_arm_moveit_config) by extensions ['colcon_pkg']
[0.510s] Level 1:colcon.colcon_core.package_identification:_identify(src/my_robot_arm_moveit_config) by extension 'colcon_pkg'
[0.511s] Level 1:colcon.colcon_core.package_identification:_identify(src/my_robot_arm_moveit_config) by extensions ['colcon_meta']
[0.511s] Level 1:colcon.colcon_core.package_identification:_identify(src/my_robot_arm_moveit_config) by extension 'colcon_meta'
[0.511s] Level 1:colcon.colcon_core.package_identification:_identify(src/my_robot_arm_moveit_config) by extensions ['ros']
[0.511s] Level 1:colcon.colcon_core.package_identification:_identify(src/my_robot_arm_moveit_config) by extension 'ros'
[0.512s] DEBUG:colcon.colcon_core.package_identification:Package 'src/my_robot_arm_moveit_config' with type 'ros.ament_python' and name 'my_robot_arm_moveit_config'
[0.513s] Level 1:colcon.colcon_core.package_identification:_identify(src/my_robot_arm_pick_place) by extensions ['ignore', 'ignore_ament_install']
[0.513s] Level 1:colcon.colcon_core.package_identification:_identify(src/my_robot_arm_pick_place) by extension 'ignore'
[0.513s] Level 1:colcon.colcon_core.package_identification:_identify(src/my_robot_arm_pick_place) by extension 'ignore_ament_install'
[0.513s] Level 1:colcon.colcon_core.package_identification:_identify(src/my_robot_arm_pick_place) by extensions ['colcon_pkg']
[0.513s] Level 1:colcon.colcon_core.package_identification:_identify(src/my_robot_arm_pick_place) by extension 'colcon_pkg'
[0.514s] Level 1:colcon.colcon_core.package_identification:_identify(src/my_robot_arm_pick_place) by extensions ['colcon_meta']
[0.514s] Level 1:colcon.colcon_core.package_identification:_identify(src/my_robot_arm_pick_place) by extension 'colcon_meta'
[0.514s] Level 1:colcon.colcon_core.package_identification:_identify(src/my_robot_arm_pick_place) by extensions ['ros']
[0.514s] Level 1:colcon.colcon_core.package_identification:_identify(src/my_robot_arm_pick_place) by extension 'ros'
[0.516s] DEBUG:colcon.colcon_core.package_identification:Package 'src/my_robot_arm_pick_place' with type 'ros.ament_python' and name 'my_robot_arm_pick_place'
[0.516s] Level 1:colcon.colcon_core.package_identification:_identify(src/my_robot_description) by extensions ['ignore', 'ignore_ament_install']
[0.517s] Level 1:colcon.colcon_core.package_identification:_identify(src/my_robot_description) by extension 'ignore'
[0.517s] Level 1:colcon.colcon_core.package_identification:_identify(src/my_robot_description) by extension 'ignore_ament_install'
[0.517s] Level 1:colcon.colcon_core.package_identification:_identify(src/my_robot_description) by extensions ['colcon_pkg']
[0.517s] Level 1:colcon.colcon_core.package_identification:_identify(src/my_robot_description) by extension 'colcon_pkg'
[0.517s] Level 1:colcon.colcon_core.package_identification:_identify(src/my_robot_description) by extensions ['colcon_meta']
[0.517s] Level 1:colcon.colcon_core.package_identification:_identify(src/my_robot_description) by extension 'colcon_meta'
[0.517s] Level 1:colcon.colcon_core.package_identification:_identify(src/my_robot_description) by extensions ['ros']
[0.517s] Level 1:colcon.colcon_core.package_identification:_identify(src/my_robot_description) by extension 'ros'
[0.519s] DEBUG:colcon.colcon_core.package_identification:Package 'src/my_robot_description' with type 'ros.ament_python' and name 'my_robot_description'
[0.519s] Level 1:colcon.colcon_core.package_identification:_identify(src/my_service) by extensions ['ignore', 'ignore_ament_install']
[0.519s] Level 1:colcon.colcon_core.package_identification:_identify(src/my_service) by extension 'ignore'
[0.519s] Level 1:colcon.colcon_core.package_identification:_identify(src/my_service) by extension 'ignore_ament_install'
[0.520s] Level 1:colcon.colcon_core.package_identification:_identify(src/my_service) by extensions ['colcon_pkg']
[0.520s] Level 1:colcon.colcon_core.package_identification:_identify(src/my_service) by extension 'colcon_pkg'
[0.520s] Level 1:colcon.colcon_core.package_identification:_identify(src/my_service) by extensions ['colcon_meta']
[0.520s] Level 1:colcon.colcon_core.package_identification:_identify(src/my_service) by extension 'colcon_meta'
[0.520s] Level 1:colcon.colcon_core.package_identification:_identify(src/my_service) by extensions ['ros']
[0.520s] Level 1:colcon.colcon_core.package_identification:_identify(src/my_service) by extension 'ros'
[0.522s] DEBUG:colcon.colcon_core.package_identification:Package 'src/my_service' with type 'ros.ament_python' and name 'my_service'
[0.522s] Level 1:colcon.colcon_core.package_discovery:discover_packages(recursive) using defaults
[0.522s] Level 1:colcon.colcon_core.package_discovery:discover_packages(ignore) discover
[0.522s] Level 1:colcon.colcon_core.package_discovery:discover_packages(ignore) using defaults
[0.522s] Level 1:colcon.colcon_core.package_discovery:discover_packages(path) discover
[0.522s] Level 1:colcon.colcon_core.package_discovery:discover_packages(path) using defaults
[0.577s] Level 1:colcon.colcon_core.package_discovery:discover_packages(prefix_path) check parameters
[0.578s] Level 1:colcon.colcon_core.package_discovery:discover_packages(prefix_path) discover
[0.580s] Level 1:colcon.colcon_core.package_discovery:discover_packages(prefix_path) using defaults
[0.582s] Level 5:colcon.colcon_core.verb:set package 'my_robot' build argument 'cmake_args' from command line to 'None'
[0.582s] Level 5:colcon.colcon_core.verb:set package 'my_robot' build argument 'cmake_target' from command line to 'None'
[0.582s] Level 5:colcon.colcon_core.verb:set package 'my_robot' build argument 'cmake_target_skip_unavailable' from command line to 'False'
[0.582s] Level 5:colcon.colcon_core.verb:set package 'my_robot' build argument 'cmake_clean_cache' from command line to 'False'
[0.582s] Level 5:colcon.colcon_core.verb:set package 'my_robot' build argument 'cmake_clean_first' from command line to 'False'
[0.582s] Level 5:colcon.colcon_core.verb:set package 'my_robot' build argument 'cmake_force_configure' from command line to 'False'
[0.582s] Level 5:colcon.colcon_core.verb:set package 'my_robot' build argument 'ament_cmake_args' from command line to 'None'
[0.582s] Level 5:colcon.colcon_core.verb:set package 'my_robot' build argument 'catkin_cmake_args' from command line to 'None'
[0.582s] Level 5:colcon.colcon_core.verb:set package 'my_robot' build argument 'catkin_skip_building_tests' from command line to 'False'
[0.583s] DEBUG:colcon.colcon_core.verb:Building package 'my_robot' with the following arguments: {'ament_cmake_args': None, 'build_base': '/home/ddd/ros2_ws/build/my_robot', 'catkin_cmake_args': None, 'catkin_skip_building_tests': False, 'cmake_args': None, 'cmake_clean_cache': False, 'cmake_clean_first': False, 'cmake_force_configure': False, 'cmake_target': None, 'cmake_target_skip_unavailable': False, 'install_base': '/home/ddd/ros2_ws/install/my_robot', 'merge_install': False, 'path': '/home/ddd/ros2_ws/src/my_robot', 'symlink_install': True, 'test_result_base': None}
[0.583s] Level 5:colcon.colcon_core.verb:set package 'my_robot_arm_description' build argument 'cmake_args' from command line to 'None'
[0.583s] Level 5:colcon.colcon_core.verb:set package 'my_robot_arm_description' build argument 'cmake_target' from command line to 'None'
[0.584s] Level 5:colcon.colcon_core.verb:set package 'my_robot_arm_description' build argument 'cmake_target_skip_unavailable' from command line to 'False'
[0.584s] Level 5:colcon.colcon_core.verb:set package 'my_robot_arm_description' build argument 'cmake_clean_cache' from command line to 'False'
[0.584s] Level 5:colcon.colcon_core.verb:set package 'my_robot_arm_description' build argument 'cmake_clean_first' from command line to 'False'
[0.584s] Level 5:colcon.colcon_core.verb:set package 'my_robot_arm_description' build argument 'cmake_force_configure' from command line to 'False'
[0.584s] Level 5:colcon.colcon_core.verb:set package 'my_robot_arm_description' build argument 'ament_cmake_args' from command line to 'None'
[0.584s] Level 5:colcon.colcon_core.verb:set package 'my_robot_arm_description' build argument 'catkin_cmake_args' from command line to 'None'
[0.584s] Level 5:colcon.colcon_core.verb:set package 'my_robot_arm_description' build argument 'catkin_skip_building_tests' from command line to 'False'
[0.584s] DEBUG:colcon.colcon_core.verb:Building package 'my_robot_arm_description' with the following arguments: {'ament_cmake_args': None, 'build_base': '/home/ddd/ros2_ws/build/my_robot_arm_description', 'catkin_cmake_args': None, 'catkin_skip_building_tests': False, 'cmake_args': None, 'cmake_clean_cache': False, 'cmake_clean_first': False, 'cmake_force_configure': False, 'cmake_target': None, 'cmake_target_skip_unavailable': False, 'install_base': '/home/ddd/ros2_ws/install/my_robot_arm_description', 'merge_install': False, 'path': '/home/ddd/ros2_ws/src/my_robot_arm_description', 'symlink_install': True, 'test_result_base': None}
[0.585s] Level 5:colcon.colcon_core.verb:set package 'my_robot_description' build argument 'cmake_args' from command line to 'None'
[0.585s] Level 5:colcon.colcon_core.verb:set package 'my_robot_description' build argument 'cmake_target' from command line to 'None'
[0.585s] Level 5:colcon.colcon_core.verb:set package 'my_robot_description' build argument 'cmake_target_skip_unavailable' from command line to 'False'
[0.585s] Level 5:colcon.colcon_core.verb:set package 'my_robot_description' build argument 'cmake_clean_cache' from command line to 'False'
[0.585s] Level 5:colcon.colcon_core.verb:set package 'my_robot_description' build argument 'cmake_clean_first' from command line to 'False'
[0.585s] Level 5:colcon.colcon_core.verb:set package 'my_robot_description' build argument 'cmake_force_configure' from command line to 'False'
[0.585s] Level 5:colcon.colcon_core.verb:set package 'my_robot_description' build argument 'ament_cmake_args' from command line to 'None'
[0.585s] Level 5:colcon.colcon_core.verb:set package 'my_robot_description' build argument 'catkin_cmake_args' from command line to 'None'
[0.585s] Level 5:colcon.colcon_core.verb:set package 'my_robot_description' build argument 'catkin_skip_building_tests' from command line to 'False'
[0.585s] DEBUG:colcon.colcon_core.verb:Building package 'my_robot_description' with the following arguments: {'ament_cmake_args': None, 'build_base': '/home/ddd/ros2_ws/build/my_robot_description', 'catkin_cmake_args': None, 'catkin_skip_building_tests': False, 'cmake_args': None, 'cmake_clean_cache': False, 'cmake_clean_first': False, 'cmake_force_configure': False, 'cmake_target': None, 'cmake_target_skip_unavailable': False, 'install_base': '/home/ddd/ros2_ws/install/my_robot_description', 'merge_install': False, 'path': '/home/ddd/ros2_ws/src/my_robot_description', 'symlink_install': True, 'test_result_base': None}
[0.586s] Level 5:colcon.colcon_core.verb:set package 'my_service' build argument 'cmake_args' from command line to 'None'
[0.586s] Level 5:colcon.colcon_core.verb:set package 'my_service' build argument 'cmake_target' from command line to 'None'
[0.586s] Level 5:colcon.colcon_core.verb:set package 'my_service' build argument 'cmake_target_skip_unavailable' from command line to 'False'
[0.586s] Level 5:colcon.colcon_core.verb:set package 'my_service' build argument 'cmake_clean_cache' from command line to 'False'
[0.586s] Level 5:colcon.colcon_core.verb:set package 'my_service' build argument 'cmake_clean_first' from command line to 'False'
[0.586s] Level 5:colcon.colcon_core.verb:set package 'my_service' build argument 'cmake_force_configure' from command line to 'False'
[0.586s] Level 5:colcon.colcon_core.verb:set package 'my_service' build argument 'ament_cmake_args' from command line to 'None'
[0.586s] Level 5:colcon.colcon_core.verb:set package 'my_service' build argument 'catkin_cmake_args' from command line to 'None'
[0.586s] Level 5:colcon.colcon_core.verb:set package 'my_service' build argument 'catkin_skip_building_tests' from command line to 'False'
[0.586s] DEBUG:colcon.colcon_core.verb:Building package 'my_service' with the following arguments: {'ament_cmake_args': None, 'build_base': '/home/ddd/ros2_ws/build/my_service', 'catkin_cmake_args': None, 'catkin_skip_building_tests': False, 'cmake_args': None, 'cmake_clean_cache': False, 'cmake_clean_first': False, 'cmake_force_configure': False, 'cmake_target': None, 'cmake_target_skip_unavailable': False, 'install_base': '/home/ddd/ros2_ws/install/my_service', 'merge_install': False, 'path': '/home/ddd/ros2_ws/src/my_service', 'symlink_install': True, 'test_result_base': None}
[0.587s] Level 5:colcon.colcon_core.verb:set package 'my_robot_arm_control' build argument 'cmake_args' from command line to 'None'
[0.587s] Level 5:colcon.colcon_core.verb:set package 'my_robot_arm_control' build argument 'cmake_target' from command line to 'None'
[0.587s] Level 5:colcon.colcon_core.verb:set package 'my_robot_arm_control' build argument 'cmake_target_skip_unavailable' from command line to 'False'
[0.587s] Level 5:colcon.colcon_core.verb:set package 'my_robot_arm_control' build argument 'cmake_clean_cache' from command line to 'False'
[0.587s] Level 5:colcon.colcon_core.verb:set package 'my_robot_arm_control' build argument 'cmake_clean_first' from command line to 'False'
[0.587s] Level 5:colcon.colcon_core.verb:set package 'my_robot_arm_control' build argument 'cmake_force_configure' from command line to 'False'
[0.587s] Level 5:colcon.colcon_core.verb:set package 'my_robot_arm_control' build argument 'ament_cmake_args' from command line to 'None'
[0.587s] Level 5:colcon.colcon_core.verb:set package 'my_robot_arm_control' build argument 'catkin_cmake_args' from command line to 'None'
[0.588s] Level 5:colcon.colcon_core.verb:set package 'my_robot_arm_control' build argument 'catkin_skip_building_tests' from command line to 'False'
[0.588s] DEBUG:colcon.colcon_core.verb:Building package 'my_robot_arm_control' with the following arguments: {'ament_cmake_args': None, 'build_base': '/home/ddd/ros2_ws/build/my_robot_arm_control', 'catkin_cmake_args': None, 'catkin_skip_building_tests': False, 'cmake_args': None, 'cmake_clean_cache': False, 'cmake_clean_first': False, 'cmake_force_configure': False, 'cmake_target': None, 'cmake_target_skip_unavailable': False, 'install_base': '/home/ddd/ros2_ws/install/my_robot_arm_control', 'merge_install': False, 'path': '/home/ddd/ros2_ws/src/my_robot_arm_control', 'symlink_install': True, 'test_result_base': None}
[0.588s] Level 5:colcon.colcon_core.verb:set package 'my_robot_arm_gazebo' build argument 'cmake_args' from command line to 'None'
[0.588s] Level 5:colcon.colcon_core.verb:set package 'my_robot_arm_gazebo' build argument 'cmake_target' from command line to 'None'
[0.588s] Level 5:colcon.colcon_core.verb:set package 'my_robot_arm_gazebo' build argument 'cmake_target_skip_unavailable' from command line to 'False'
[0.588s] Level 5:colcon.colcon_core.verb:set package 'my_robot_arm_gazebo' build argument 'cmake_clean_cache' from command line to 'False'
[0.589s] Level 5:colcon.colcon_core.verb:set package 'my_robot_arm_gazebo' build argument 'cmake_clean_first' from command line to 'False'
[0.589s] Level 5:colcon.colcon_core.verb:set package 'my_robot_arm_gazebo' build argument 'cmake_force_configure' from command line to 'False'
[0.589s] Level 5:colcon.colcon_core.verb:set package 'my_robot_arm_gazebo' build argument 'ament_cmake_args' from command line to 'None'
[0.589s] Level 5:colcon.colcon_core.verb:set package 'my_robot_arm_gazebo' build argument 'catkin_cmake_args' from command line to 'None'
[0.589s] Level 5:colcon.colcon_core.verb:set package 'my_robot_arm_gazebo' build argument 'catkin_skip_building_tests' from command line to 'False'
[0.589s] DEBUG:colcon.colcon_core.verb:Building package 'my_robot_arm_gazebo' with the following arguments: {'ament_cmake_args': None, 'build_base': '/home/ddd/ros2_ws/build/my_robot_arm_gazebo', 'catkin_cmake_args': None, 'catkin_skip_building_tests': False, 'cmake_args': None, 'cmake_clean_cache': False, 'cmake_clean_first': False, 'cmake_force_configure': False, 'cmake_target': None, 'cmake_target_skip_unavailable': False, 'install_base': '/home/ddd/ros2_ws/install/my_robot_arm_gazebo', 'merge_install': False, 'path': '/home/ddd/ros2_ws/src/my_robot_arm_gazebo', 'symlink_install': True, 'test_result_base': None}
[0.590s] Level 5:colcon.colcon_core.verb:set package 'my_robot_arm_moveit_config' build argument 'cmake_args' from command line to 'None'
[0.590s] Level 5:colcon.colcon_core.verb:set package 'my_robot_arm_moveit_config' build argument 'cmake_target' from command line to 'None'
[0.590s] Level 5:colcon.colcon_core.verb:set package 'my_robot_arm_moveit_config' build argument 'cmake_target_skip_unavailable' from command line to 'False'
[0.590s] Level 5:colcon.colcon_core.verb:set package 'my_robot_arm_moveit_config' build argument 'cmake_clean_cache' from command line to 'False'
[0.590s] Level 5:colcon.colcon_core.verb:set package 'my_robot_arm_moveit_config' build argument 'cmake_clean_first' from command line to 'False'
[0.590s] Level 5:colcon.colcon_core.verb:set package 'my_robot_arm_moveit_config' build argument 'cmake_force_configure' from command line to 'False'
[0.590s] Level 5:colcon.colcon_core.verb:set package 'my_robot_arm_moveit_config' build argument 'ament_cmake_args' from command line to 'None'
[0.590s] Level 5:colcon.colcon_core.verb:set package 'my_robot_arm_moveit_config' build argument 'catkin_cmake_args' from command line to 'None'
[0.590s] Level 5:colcon.colcon_core.verb:set package 'my_robot_arm_moveit_config' build argument 'catkin_skip_building_tests' from command line to 'False'
[0.590s] DEBUG:colcon.colcon_core.verb:Building package 'my_robot_arm_moveit_config' with the following arguments: {'ament_cmake_args': None, 'build_base': '/home/ddd/ros2_ws/build/my_robot_arm_moveit_config', 'catkin_cmake_args': None, 'catkin_skip_building_tests': False, 'cmake_args': None, 'cmake_clean_cache': False, 'cmake_clean_first': False, 'cmake_force_configure': False, 'cmake_target': None, 'cmake_target_skip_unavailable': False, 'install_base': '/home/ddd/ros2_ws/install/my_robot_arm_moveit_config', 'merge_install': False, 'path': '/home/ddd/ros2_ws/src/my_robot_arm_moveit_config', 'symlink_install': True, 'test_result_base': None}
[0.591s] Level 5:colcon.colcon_core.verb:set package 'my_robot_arm_pick_place' build argument 'cmake_args' from command line to 'None'
[0.591s] Level 5:colcon.colcon_core.verb:set package 'my_robot_arm_pick_place' build argument 'cmake_target' from command line to 'None'
[0.591s] Level 5:colcon.colcon_core.verb:set package 'my_robot_arm_pick_place' build argument 'cmake_target_skip_unavailable' from command line to 'False'
[0.591s] Level 5:colcon.colcon_core.verb:set package 'my_robot_arm_pick_place' build argument 'cmake_clean_cache' from command line to 'False'
[0.591s] Level 5:colcon.colcon_core.verb:set package 'my_robot_arm_pick_place' build argument 'cmake_clean_first' from command line to 'False'
[0.591s] Level 5:colcon.colcon_core.verb:set package 'my_robot_arm_pick_place' build argument 'cmake_force_configure' from command line to 'False'
[0.591s] Level 5:colcon.colcon_core.verb:set package 'my_robot_arm_pick_place' build argument 'ament_cmake_args' from command line to 'None'
[0.591s] Level 5:colcon.colcon_core.verb:set package 'my_robot_arm_pick_place' build argument 'catkin_cmake_args' from command line to 'None'
[0.592s] Level 5:colcon.colcon_core.verb:set package 'my_robot_arm_pick_place' build argument 'catkin_skip_building_tests' from command line to 'False'
[0.592s] DEBUG:colcon.colcon_core.verb:Building package 'my_robot_arm_pick_place' with the following arguments: {'ament_cmake_args': None, 'build_base': '/home/ddd/ros2_ws/build/my_robot_arm_pick_place', 'catkin_cmake_args': None, 'catkin_skip_building_tests': False, 'cmake_args': None, 'cmake_clean_cache': False, 'cmake_clean_first': False, 'cmake_force_configure': False, 'cmake_target': None, 'cmake_target_skip_unavailable': False, 'install_base': '/home/ddd/ros2_ws/install/my_robot_arm_pick_place', 'merge_install': False, 'path': '/home/ddd/ros2_ws/src/my_robot_arm_pick_place', 'symlink_install': True, 'test_result_base': None}
[0.592s] INFO:colcon.colcon_core.executor:Executing jobs using 'parallel' executor
[0.593s] DEBUG:colcon.colcon_parallel_executor.executor.parallel:run_until_complete
[0.594s] INFO:colcon.colcon_ros.task.ament_python.build:Building ROS package in '/home/ddd/ros2_ws/src/my_robot_arm_description' with build type 'ament_python'
[0.594s] Level 1:colcon.colcon_core.shell:create_environment_hook('my_robot_arm_description', 'ament_prefix_path')
[0.602s] INFO:colcon.colcon_core.plugin_system:Skipping extension 'colcon_core.shell.bat': Not used on non-Windows systems
[0.602s] INFO:colcon.colcon_core.shell:Creating environment hook '/home/ddd/ros2_ws/install/my_robot_arm_description/share/my_robot_arm_description/hook/ament_prefix_path.ps1'
[0.604s] INFO:colcon.colcon_core.shell:Creating environment descriptor '/home/ddd/ros2_ws/install/my_robot_arm_description/share/my_robot_arm_description/hook/ament_prefix_path.dsv'
[0.605s] INFO:colcon.colcon_core.shell:Creating environment hook '/home/ddd/ros2_ws/install/my_robot_arm_description/share/my_robot_arm_description/hook/ament_prefix_path.sh'
[0.607s] INFO:colcon.colcon_core.shell:Skip shell extension 'powershell' for command environment: Not usable outside of PowerShell
[0.607s] DEBUG:colcon.colcon_core.shell:Skip shell extension 'dsv' for command environment
[0.611s] INFO:colcon.colcon_ros.task.ament_python.build:Building ROS package in '/home/ddd/ros2_ws/src/my_robot' with build type 'ament_python'
[0.611s] Level 1:colcon.colcon_core.shell:create_environment_hook('my_robot', 'ament_prefix_path')
[0.612s] INFO:colcon.colcon_core.shell:Creating environment hook '/home/ddd/ros2_ws/install/my_robot/share/my_robot/hook/ament_prefix_path.ps1'
[0.613s] INFO:colcon.colcon_core.shell:Creating environment descriptor '/home/ddd/ros2_ws/install/my_robot/share/my_robot/hook/ament_prefix_path.dsv'
[0.615s] INFO:colcon.colcon_core.shell:Creating environment hook '/home/ddd/ros2_ws/install/my_robot/share/my_robot/hook/ament_prefix_path.sh'
[0.616s] INFO:colcon.colcon_core.shell:Skip shell extension 'powershell' for command environment: Not usable outside of PowerShell
[0.616s] DEBUG:colcon.colcon_core.shell:Skip shell extension 'dsv' for command environment
[0.619s] INFO:colcon.colcon_ros.task.ament_python.build:Building ROS package in '/home/ddd/ros2_ws/src/my_robot_description' with build type 'ament_python'
[0.619s] Level 1:colcon.colcon_core.shell:create_environment_hook('my_robot_description', 'ament_prefix_path')
[0.620s] INFO:colcon.colcon_core.shell:Creating environment hook '/home/ddd/ros2_ws/install/my_robot_description/share/my_robot_description/hook/ament_prefix_path.ps1'
[0.622s] INFO:colcon.colcon_core.shell:Creating environment descriptor '/home/ddd/ros2_ws/install/my_robot_description/share/my_robot_description/hook/ament_prefix_path.dsv'
[0.623s] INFO:colcon.colcon_core.shell:Creating environment hook '/home/ddd/ros2_ws/install/my_robot_description/share/my_robot_description/hook/ament_prefix_path.sh'
[0.624s] INFO:colcon.colcon_core.shell:Skip shell extension 'powershell' for command environment: Not usable outside of PowerShell
[0.625s] DEBUG:colcon.colcon_core.shell:Skip shell extension 'dsv' for command environment
[0.628s] INFO:colcon.colcon_ros.task.ament_python.build:Building ROS package in '/home/ddd/ros2_ws/src/my_service' with build type 'ament_python'
[0.628s] Level 1:colcon.colcon_core.shell:create_environment_hook('my_service', 'ament_prefix_path')
[0.628s] INFO:colcon.colcon_core.shell:Creating environment hook '/home/ddd/ros2_ws/install/my_service/share/my_service/hook/ament_prefix_path.ps1'
[0.630s] INFO:colcon.colcon_core.shell:Creating environment descriptor '/home/ddd/ros2_ws/install/my_service/share/my_service/hook/ament_prefix_path.dsv'
[0.631s] INFO:colcon.colcon_core.shell:Creating environment hook '/home/ddd/ros2_ws/install/my_service/share/my_service/hook/ament_prefix_path.sh'
[0.633s] INFO:colcon.colcon_core.shell:Skip shell extension 'powershell' for command environment: Not usable outside of PowerShell
[0.633s] DEBUG:colcon.colcon_core.shell:Skip shell extension 'dsv' for command environment
[1.180s] INFO:colcon.colcon_core.task.python.build:Building Python package in '/home/ddd/ros2_ws/src/my_robot_arm_description'
[1.180s] INFO:colcon.colcon_core.shell:Skip shell extension 'powershell' for command environment: Not usable outside of PowerShell
[1.181s] DEBUG:colcon.colcon_core.shell:Skip shell extension 'dsv' for command environment
[1.706s] INFO:colcon.colcon_core.task.python.build:Building Python package in '/home/ddd/ros2_ws/src/my_robot'
[1.707s] INFO:colcon.colcon_core.shell:Skip shell extension 'powershell' for command environment: Not usable outside of PowerShell
[1.707s] DEBUG:colcon.colcon_core.shell:Skip shell extension 'dsv' for command environment
[2.259s] INFO:colcon.colcon_core.task.python.build:Building Python package in '/home/ddd/ros2_ws/src/my_robot_description'
[2.260s] INFO:colcon.colcon_core.shell:Skip shell extension 'powershell' for command environment: Not usable outside of PowerShell
[2.260s] DEBUG:colcon.colcon_core.shell:Skip shell extension 'dsv' for command environment
[2.763s] INFO:colcon.colcon_core.task.python.build:Building Python package in '/home/ddd/ros2_ws/src/my_service'
[2.764s] INFO:colcon.colcon_core.shell:Skip shell extension 'powershell' for command environment: Not usable outside of PowerShell
[2.764s] DEBUG:colcon.colcon_core.shell:Skip shell extension 'dsv' for command environment
[4.085s] DEBUG:colcon.colcon_core.task.python.build:Available setuptools commands: easy_install, saveopts, build, bdist_dumb, init_catalog, build_ext, bdist, develop, test, register, install, bdist_rpm, rotate, bdist_wheel, dist_info, install_headers, bdist_egg, install_data, build_py, build_scripts, sdist, setopt, compile_catalog, editable_wheel, symlink_data, egg_info, install_egg_info, install_lib, alias, build_clib, upload, update_catalog, check, upload_docs, install_scripts, extract_messages, clean
[4.095s] DEBUG:colcon.colcon_core.task.python.build:Available setuptools commands: easy_install, saveopts, build, bdist_dumb, init_catalog, build_ext, bdist, develop, test, register, install, bdist_rpm, rotate, bdist_wheel, dist_info, install_headers, bdist_egg, install_data, build_py, build_scripts, sdist, setopt, compile_catalog, editable_wheel, symlink_data, egg_info, install_egg_info, install_lib, alias, build_clib, upload, update_catalog, check, upload_docs, install_scripts, extract_messages, clean
[4.098s] DEBUG:colcon.colcon_core.task.python.build:Available setuptools commands: easy_install, saveopts, build, bdist_dumb, init_catalog, build_ext, bdist, develop, test, register, install, bdist_rpm, rotate, bdist_wheel, dist_info, install_headers, bdist_egg, install_data, build_py, build_scripts, sdist, setopt, compile_catalog, editable_wheel, symlink_data, egg_info, install_egg_info, install_lib, alias, build_clib, upload, update_catalog, check, upload_docs, install_scripts, extract_messages, clean
[4.112s] DEBUG:colcon.colcon_core.task.python.build:Available setuptools commands: easy_install, saveopts, build, bdist_dumb, init_catalog, build_ext, bdist, develop, test, register, install, bdist_rpm, rotate, bdist_wheel, dist_info, install_headers, bdist_egg, install_data, build_py, build_scripts, sdist, setopt, compile_catalog, editable_wheel, symlink_data, egg_info, install_egg_info, install_lib, alias, build_clib, upload, update_catalog, check, upload_docs, install_scripts, extract_messages, clean
[4.857s] DEBUG:colcon.colcon_core.task.python.build:Available setuptools 'develop' options: --multi-version, --user, --version, --dry-run, --uninstall, --force-installation-into-system-dir, --exclude-scripts, --verbose, --optimize, --install-dir, --prefix, --zip-ok, --record, --site-dirs, --editable, --index-url, --no-user-cfg, --allow-hosts, --no-find-links, --local-snapshots-ok, --quiet, --help, --egg-path, --always-copy, --install-layout, --script-dir, --build-directory, --always-unzip, --no-deps, --find-links, --upgrade
[4.866s] DEBUG:colcon.colcon_core.event_handler.log_command:Invoking command in '/home/ddd/ros2_ws/build/my_service': DEBUGINFOD_URLS=https://debuginfod.ubuntu.com PYTHONPATH=/home/ddd/ros2_ws/build/my_service/prefix_override:/usr/lib/python3/dist-packages/colcon_core/task/python/colcon_distutils_commands:/home/ddd/ros2_ws/install/my_service/lib/python3.12/site-packages: /usr/bin/python3 -W ignore:setup.py install is deprecated -W ignore:easy_install command is deprecated setup.py develop --editable --build-directory /home/ddd/ros2_ws/build/my_service/build --no-deps symlink_data
[4.898s] DEBUG:colcon.colcon_core.task.python.build:Available setuptools 'develop' options: --multi-version, --user, --version, --dry-run, --uninstall, --force-installation-into-system-dir, --exclude-scripts, --verbose, --optimize, --install-dir, --prefix, --zip-ok, --record, --site-dirs, --editable, --index-url, --no-user-cfg, --allow-hosts, --no-find-links, --local-snapshots-ok, --quiet, --help, --egg-path, --always-copy, --install-layout, --script-dir, --build-directory, --always-unzip, --no-deps, --find-links, --upgrade
[4.905s] DEBUG:colcon.colcon_core.event_handler.log_command:Invoking command in '/home/ddd/ros2_ws/build/my_robot_arm_description': DEBUGINFOD_URLS=https://debuginfod.ubuntu.com PYTHONPATH=/home/ddd/ros2_ws/build/my_robot_arm_description/prefix_override:/usr/lib/python3/dist-packages/colcon_core/task/python/colcon_distutils_commands:/home/ddd/ros2_ws/install/my_robot_arm_description/lib/python3.12/site-packages: /usr/bin/python3 -W ignore:setup.py install is deprecated -W ignore:easy_install command is deprecated setup.py develop --editable --build-directory /home/ddd/ros2_ws/build/my_robot_arm_description/build --no-deps symlink_data
[4.905s] DEBUG:colcon.colcon_core.task.python.build:Available setuptools 'develop' options: --multi-version, --user, --version, --dry-run, --uninstall, --force-installation-into-system-dir, --exclude-scripts, --verbose, --optimize, --install-dir, --prefix, --zip-ok, --record, --site-dirs, --editable, --index-url, --no-user-cfg, --allow-hosts, --no-find-links, --local-snapshots-ok, --quiet, --help, --egg-path, --always-copy, --install-layout, --script-dir, --build-directory, --always-unzip, --no-deps, --find-links, --upgrade
[4.910s] DEBUG:colcon.colcon_core.task.python.build:Available setuptools 'develop' options: --multi-version, --user, --version, --dry-run, --uninstall, --force-installation-into-system-dir, --exclude-scripts, --verbose, --optimize, --install-dir, --prefix, --zip-ok, --record, --site-dirs, --editable, --index-url, --no-user-cfg, --allow-hosts, --no-find-links, --local-snapshots-ok, --quiet, --help, --egg-path, --always-copy, --install-layout, --script-dir, --build-directory, --always-unzip, --no-deps, --find-links, --upgrade
[4.914s] DEBUG:colcon.colcon_core.event_handler.log_command:Invoking command in '/home/ddd/ros2_ws/build/my_robot': DEBUGINFOD_URLS=https://debuginfod.ubuntu.com PYTHONPATH=/home/ddd/ros2_ws/build/my_robot/prefix_override:/usr/lib/python3/dist-packages/colcon_core/task/python/colcon_distutils_commands:/home/ddd/ros2_ws/install/my_robot/lib/python3.12/site-packages: /usr/bin/python3 -W ignore:setup.py install is deprecated -W ignore:easy_install command is deprecated setup.py develop --editable --build-directory /home/ddd/ros2_ws/build/my_robot/build --no-deps symlink_data
[4.917s] DEBUG:colcon.colcon_core.event_handler.log_command:Invoking command in '/home/ddd/ros2_ws/build/my_robot_description': DEBUGINFOD_URLS=https://debuginfod.ubuntu.com PYTHONPATH=/home/ddd/ros2_ws/build/my_robot_description/prefix_override:/usr/lib/python3/dist-packages/colcon_core/task/python/colcon_distutils_commands:/home/ddd/ros2_ws/install/my_robot_description/lib/python3.12/site-packages: /usr/bin/python3 -W ignore:setup.py install is deprecated -W ignore:easy_install command is deprecated setup.py develop --editable --build-directory /home/ddd/ros2_ws/build/my_robot_description/build --no-deps symlink_data
[6.116s] Level 1:colcon.colcon_core.shell:create_environment_hook('my_robot', 'pythonpath_develop')
[6.117s] INFO:colcon.colcon_core.shell:Creating environment hook '/home/ddd/ros2_ws/build/my_robot/share/my_robot/hook/pythonpath_develop.ps1'
[6.118s] DEBUG:colcon.colcon_core.event_handler.log_command:Invoked command in '/home/ddd/ros2_ws/build/my_robot' returned '0': DEBUGINFOD_URLS=https://debuginfod.ubuntu.com PYTHONPATH=/home/ddd/ros2_ws/build/my_robot/prefix_override:/usr/lib/python3/dist-packages/colcon_core/task/python/colcon_distutils_commands:/home/ddd/ros2_ws/install/my_robot/lib/python3.12/site-packages: /usr/bin/python3 -W ignore:setup.py install is deprecated -W ignore:easy_install command is deprecated setup.py develop --editable --build-directory /home/ddd/ros2_ws/build/my_robot/build --no-deps symlink_data
[6.119s] INFO:colcon.colcon_core.shell:Creating environment descriptor '/home/ddd/ros2_ws/build/my_robot/share/my_robot/hook/pythonpath_develop.dsv'
[6.120s] INFO:colcon.colcon_core.shell:Creating environment hook '/home/ddd/ros2_ws/build/my_robot/share/my_robot/hook/pythonpath_develop.sh'
[6.125s] Level 1:colcon.colcon_core.environment:checking '/home/ddd/ros2_ws/install/my_robot' for CMake module files
[6.126s] Level 1:colcon.colcon_core.environment:checking '/home/ddd/ros2_ws/install/my_robot' for CMake config files
[6.127s] Level 1:colcon.colcon_core.environment:checking '/home/ddd/ros2_ws/install/my_robot/lib'
[6.128s] Level 1:colcon.colcon_core.environment:checking '/home/ddd/ros2_ws/install/my_robot/bin'
[6.128s] Level 1:colcon.colcon_core.environment:checking '/home/ddd/ros2_ws/install/my_robot/lib/pkgconfig/my_robot.pc'
[6.128s] Level 1:colcon.colcon_core.environment:checking '/home/ddd/ros2_ws/install/my_robot/lib/python3.12/site-packages'
[6.129s] Level 1:colcon.colcon_core.shell:create_environment_hook('my_robot', 'pythonpath')
[6.129s] INFO:colcon.colcon_core.shell:Creating environment hook '/home/ddd/ros2_ws/install/my_robot/share/my_robot/hook/pythonpath.ps1'
[6.130s] INFO:colcon.colcon_core.shell:Creating environment descriptor '/home/ddd/ros2_ws/install/my_robot/share/my_robot/hook/pythonpath.dsv'
[6.131s] INFO:colcon.colcon_core.shell:Creating environment hook '/home/ddd/ros2_ws/install/my_robot/share/my_robot/hook/pythonpath.sh'
[6.132s] Level 1:colcon.colcon_core.environment:checking '/home/ddd/ros2_ws/install/my_robot/bin'
[6.132s] Level 1:colcon.colcon_core.environment:create_environment_scripts_only(my_robot)
[6.133s] INFO:colcon.colcon_core.shell:Creating package script '/home/ddd/ros2_ws/install/my_robot/share/my_robot/package.ps1'
[6.136s] INFO:colcon.colcon_core.shell:Creating package descriptor '/home/ddd/ros2_ws/install/my_robot/share/my_robot/package.dsv'
[6.137s] INFO:colcon.colcon_core.shell:Creating package script '/home/ddd/ros2_ws/install/my_robot/share/my_robot/package.sh'
[6.139s] INFO:colcon.colcon_core.shell:Creating package script '/home/ddd/ros2_ws/install/my_robot/share/my_robot/package.bash'
[6.140s] INFO:colcon.colcon_core.shell:Creating package script '/home/ddd/ros2_ws/install/my_robot/share/my_robot/package.zsh'
[6.142s] Level 1:colcon.colcon_core.environment:create_file_with_runtime_dependencies(/home/ddd/ros2_ws/install/my_robot/share/colcon-core/packages/my_robot)
[6.145s] Level 1:colcon.colcon_core.shell:create_environment_hook('my_robot_description', 'pythonpath_develop')
[6.145s] INFO:colcon.colcon_core.shell:Creating environment hook '/home/ddd/ros2_ws/build/my_robot_description/share/my_robot_description/hook/pythonpath_develop.ps1'
[6.146s] DEBUG:colcon.colcon_core.event_handler.log_command:Invoked command in '/home/ddd/ros2_ws/build/my_robot_description' returned '0': DEBUGINFOD_URLS=https://debuginfod.ubuntu.com PYTHONPATH=/home/ddd/ros2_ws/build/my_robot_description/prefix_override:/usr/lib/python3/dist-packages/colcon_core/task/python/colcon_distutils_commands:/home/ddd/ros2_ws/install/my_robot_description/lib/python3.12/site-packages: /usr/bin/python3 -W ignore:setup.py install is deprecated -W ignore:easy_install command is deprecated setup.py develop --editable --build-directory /home/ddd/ros2_ws/build/my_robot_description/build --no-deps symlink_data
[6.147s] INFO:colcon.colcon_core.shell:Creating environment descriptor '/home/ddd/ros2_ws/build/my_robot_description/share/my_robot_description/hook/pythonpath_develop.dsv'
[6.148s] INFO:colcon.colcon_core.shell:Creating environment hook '/home/ddd/ros2_ws/build/my_robot_description/share/my_robot_description/hook/pythonpath_develop.sh'
[6.149s] Level 1:colcon.colcon_core.environment:checking '/home/ddd/ros2_ws/install/my_robot_description' for CMake module files
[6.150s] Level 1:colcon.colcon_core.environment:checking '/home/ddd/ros2_ws/install/my_robot_description' for CMake config files
[6.152s] Level 1:colcon.colcon_core.environment:checking '/home/ddd/ros2_ws/install/my_robot_description/lib'
[6.152s] Level 1:colcon.colcon_core.environment:checking '/home/ddd/ros2_ws/install/my_robot_description/bin'
[6.152s] Level 1:colcon.colcon_core.environment:checking '/home/ddd/ros2_ws/install/my_robot_description/lib/pkgconfig/my_robot_description.pc'
[6.153s] Level 1:colcon.colcon_core.environment:checking '/home/ddd/ros2_ws/install/my_robot_description/lib/python3.12/site-packages'
[6.153s] Level 1:colcon.colcon_core.shell:create_environment_hook('my_robot_description', 'pythonpath')
[6.153s] INFO:colcon.colcon_core.shell:Creating environment hook '/home/ddd/ros2_ws/install/my_robot_description/share/my_robot_description/hook/pythonpath.ps1'
[6.155s] INFO:colcon.colcon_core.shell:Creating environment descriptor '/home/ddd/ros2_ws/install/my_robot_description/share/my_robot_description/hook/pythonpath.dsv'
[6.156s] INFO:colcon.colcon_core.shell:Creating environment hook '/home/ddd/ros2_ws/install/my_robot_description/share/my_robot_description/hook/pythonpath.sh'
[6.157s] Level 1:colcon.colcon_core.environment:checking '/home/ddd/ros2_ws/install/my_robot_description/bin'
[6.157s] Level 1:colcon.colcon_core.environment:create_environment_scripts_only(my_robot_description)
[6.158s] INFO:colcon.colcon_core.shell:Creating package script '/home/ddd/ros2_ws/install/my_robot_description/share/my_robot_description/package.ps1'
[6.159s] INFO:colcon.colcon_core.shell:Creating package descriptor '/home/ddd/ros2_ws/install/my_robot_description/share/my_robot_description/package.dsv'
[6.160s] INFO:colcon.colcon_core.shell:Creating package script '/home/ddd/ros2_ws/install/my_robot_description/share/my_robot_description/package.sh'
[6.161s] INFO:colcon.colcon_core.shell:Creating package script '/home/ddd/ros2_ws/install/my_robot_description/share/my_robot_description/package.bash'
[6.162s] INFO:colcon.colcon_core.shell:Creating package script '/home/ddd/ros2_ws/install/my_robot_description/share/my_robot_description/package.zsh'
[6.162s] Level 1:colcon.colcon_core.environment:create_file_with_runtime_dependencies(/home/ddd/ros2_ws/install/my_robot_description/share/colcon-core/packages/my_robot_description)
[6.166s] Level 1:colcon.colcon_core.shell:create_environment_hook('my_service', 'pythonpath_develop')
[6.166s] INFO:colcon.colcon_core.shell:Creating environment hook '/home/ddd/ros2_ws/build/my_service/share/my_service/hook/pythonpath_develop.ps1'
[6.167s] DEBUG:colcon.colcon_core.event_handler.log_command:Invoked command in '/home/ddd/ros2_ws/build/my_service' returned '0': DEBUGINFOD_URLS=https://debuginfod.ubuntu.com PYTHONPATH=/home/ddd/ros2_ws/build/my_service/prefix_override:/usr/lib/python3/dist-packages/colcon_core/task/python/colcon_distutils_commands:/home/ddd/ros2_ws/install/my_service/lib/python3.12/site-packages: /usr/bin/python3 -W ignore:setup.py install is deprecated -W ignore:easy_install command is deprecated setup.py develop --editable --build-directory /home/ddd/ros2_ws/build/my_service/build --no-deps symlink_data
[6.168s] INFO:colcon.colcon_core.shell:Creating environment descriptor '/home/ddd/ros2_ws/build/my_service/share/my_service/hook/pythonpath_develop.dsv'
[6.169s] INFO:colcon.colcon_core.shell:Creating environment hook '/home/ddd/ros2_ws/build/my_service/share/my_service/hook/pythonpath_develop.sh'
[6.170s] Level 1:colcon.colcon_core.environment:checking '/home/ddd/ros2_ws/install/my_service' for CMake module files
[6.171s] Level 1:colcon.colcon_core.environment:checking '/home/ddd/ros2_ws/install/my_service' for CMake config files
[6.172s] Level 1:colcon.colcon_core.environment:checking '/home/ddd/ros2_ws/install/my_service/lib'
[6.172s] Level 1:colcon.colcon_core.environment:checking '/home/ddd/ros2_ws/install/my_service/bin'
[6.172s] Level 1:colcon.colcon_core.environment:checking '/home/ddd/ros2_ws/install/my_service/lib/pkgconfig/my_service.pc'
[6.172s] Level 1:colcon.colcon_core.environment:checking '/home/ddd/ros2_ws/install/my_service/lib/python3.12/site-packages'
[6.173s] Level 1:colcon.colcon_core.shell:create_environment_hook('my_service', 'pythonpath')
[6.173s] INFO:colcon.colcon_core.shell:Creating environment hook '/home/ddd/ros2_ws/install/my_service/share/my_service/hook/pythonpath.ps1'
[6.174s] INFO:colcon.colcon_core.shell:Creating environment descriptor '/home/ddd/ros2_ws/install/my_service/share/my_service/hook/pythonpath.dsv'
[6.174s] INFO:colcon.colcon_core.shell:Creating environment hook '/home/ddd/ros2_ws/install/my_service/share/my_service/hook/pythonpath.sh'
[6.176s] Level 1:colcon.colcon_core.environment:checking '/home/ddd/ros2_ws/install/my_service/bin'
[6.176s] Level 1:colcon.colcon_core.environment:create_environment_scripts_only(my_service)
[6.176s] INFO:colcon.colcon_core.shell:Creating package script '/home/ddd/ros2_ws/install/my_service/share/my_service/package.ps1'
[6.177s] INFO:colcon.colcon_core.shell:Creating package descriptor '/home/ddd/ros2_ws/install/my_service/share/my_service/package.dsv'
[6.178s] INFO:colcon.colcon_core.shell:Creating package script '/home/ddd/ros2_ws/install/my_service/share/my_service/package.sh'
[6.179s] INFO:colcon.colcon_core.shell:Creating package script '/home/ddd/ros2_ws/install/my_service/share/my_service/package.bash'
[6.180s] INFO:colcon.colcon_core.shell:Creating package script '/home/ddd/ros2_ws/install/my_service/share/my_service/package.zsh'
[6.181s] Level 1:colcon.colcon_core.environment:create_file_with_runtime_dependencies(/home/ddd/ros2_ws/install/my_service/share/colcon-core/packages/my_service)
[6.181s] Level 1:colcon.colcon_core.shell:create_environment_hook('my_robot_arm_description', 'pythonpath_develop')
[6.182s] INFO:colcon.colcon_core.shell:Creating environment hook '/home/ddd/ros2_ws/build/my_robot_arm_description/share/my_robot_arm_description/hook/pythonpath_develop.ps1'
[6.183s] INFO:colcon.colcon_core.shell:Creating environment descriptor '/home/ddd/ros2_ws/build/my_robot_arm_description/share/my_robot_arm_description/hook/pythonpath_develop.dsv'
[6.185s] INFO:colcon.colcon_core.shell:Creating environment hook '/home/ddd/ros2_ws/build/my_robot_arm_description/share/my_robot_arm_description/hook/pythonpath_develop.sh'
[6.185s] DEBUG:colcon.colcon_core.event_handler.log_command:Invoked command in '/home/ddd/ros2_ws/build/my_robot_arm_description' returned '0': DEBUGINFOD_URLS=https://debuginfod.ubuntu.com PYTHONPATH=/home/ddd/ros2_ws/build/my_robot_arm_description/prefix_override:/usr/lib/python3/dist-packages/colcon_core/task/python/colcon_distutils_commands:/home/ddd/ros2_ws/install/my_robot_arm_description/lib/python3.12/site-packages: /usr/bin/python3 -W ignore:setup.py install is deprecated -W ignore:easy_install command is deprecated setup.py develop --editable --build-directory /home/ddd/ros2_ws/build/my_robot_arm_description/build --no-deps symlink_data
[6.186s] Level 1:colcon.colcon_core.environment:checking '/home/ddd/ros2_ws/install/my_robot_arm_description' for CMake module files
[6.187s] Level 1:colcon.colcon_core.environment:checking '/home/ddd/ros2_ws/install/my_robot_arm_description' for CMake config files
[6.188s] Level 1:colcon.colcon_core.environment:checking '/home/ddd/ros2_ws/install/my_robot_arm_description/lib'
[6.188s] Level 1:colcon.colcon_core.environment:checking '/home/ddd/ros2_ws/install/my_robot_arm_description/bin'
[6.189s] Level 1:colcon.colcon_core.environment:checking '/home/ddd/ros2_ws/install/my_robot_arm_description/lib/pkgconfig/my_robot_arm_description.pc'
[6.189s] Level 1:colcon.colcon_core.environment:checking '/home/ddd/ros2_ws/install/my_robot_arm_description/lib/python3.12/site-packages'
[6.189s] Level 1:colcon.colcon_core.shell:create_environment_hook('my_robot_arm_description', 'pythonpath')
[6.189s] INFO:colcon.colcon_core.shell:Creating environment hook '/home/ddd/ros2_ws/install/my_robot_arm_description/share/my_robot_arm_description/hook/pythonpath.ps1'
[6.191s] INFO:colcon.colcon_core.shell:Creating environment descriptor '/home/ddd/ros2_ws/install/my_robot_arm_description/share/my_robot_arm_description/hook/pythonpath.dsv'
[6.191s] INFO:colcon.colcon_core.shell:Creating environment hook '/home/ddd/ros2_ws/install/my_robot_arm_description/share/my_robot_arm_description/hook/pythonpath.sh'
[6.193s] Level 1:colcon.colcon_core.environment:checking '/home/ddd/ros2_ws/install/my_robot_arm_description/bin'
[6.193s] Level 1:colcon.colcon_core.environment:create_environment_scripts_only(my_robot_arm_description)
[6.193s] INFO:colcon.colcon_core.shell:Creating package script '/home/ddd/ros2_ws/install/my_robot_arm_description/share/my_robot_arm_description/package.ps1'
[6.195s] INFO:colcon.colcon_core.shell:Creating package descriptor '/home/ddd/ros2_ws/install/my_robot_arm_description/share/my_robot_arm_description/package.dsv'
[6.196s] INFO:colcon.colcon_core.shell:Creating package script '/home/ddd/ros2_ws/install/my_robot_arm_description/share/my_robot_arm_description/package.sh'
[6.197s] INFO:colcon.colcon_core.shell:Creating package script '/home/ddd/ros2_ws/install/my_robot_arm_description/share/my_robot_arm_description/package.bash'
[6.197s] INFO:colcon.colcon_core.shell:Creating package script '/home/ddd/ros2_ws/install/my_robot_arm_description/share/my_robot_arm_description/package.zsh'
[6.198s] Level 1:colcon.colcon_core.environment:create_file_with_runtime_dependencies(/home/ddd/ros2_ws/install/my_robot_arm_description/share/colcon-core/packages/my_robot_arm_description)
[6.199s] INFO:colcon.colcon_ros.task.ament_python.build:Building ROS package in '/home/ddd/ros2_ws/src/my_robot_arm_control' with build type 'ament_python'
[6.199s] Level 1:colcon.colcon_core.shell:create_environment_hook('my_robot_arm_control', 'ament_prefix_path')
[6.199s] INFO:colcon.colcon_core.shell:Creating environment hook '/home/ddd/ros2_ws/install/my_robot_arm_control/share/my_robot_arm_control/hook/ament_prefix_path.ps1'
[6.201s] INFO:colcon.colcon_core.shell:Creating environment descriptor '/home/ddd/ros2_ws/install/my_robot_arm_control/share/my_robot_arm_control/hook/ament_prefix_path.dsv'
[6.202s] INFO:colcon.colcon_core.shell:Creating environment hook '/home/ddd/ros2_ws/install/my_robot_arm_control/share/my_robot_arm_control/hook/ament_prefix_path.sh'
[6.203s] INFO:colcon.colcon_core.shell:Skip shell extension 'powershell' for command environment: Not usable outside of PowerShell
[6.203s] DEBUG:colcon.colcon_core.shell:Skip shell extension 'dsv' for command environment
[6.529s] INFO:colcon.colcon_core.task.python.build:Building Python package in '/home/ddd/ros2_ws/src/my_robot_arm_control'
[6.529s] INFO:colcon.colcon_core.shell:Skip shell extension 'powershell' for command environment: Not usable outside of PowerShell
[6.529s] DEBUG:colcon.colcon_core.shell:Skip shell extension 'dsv' for command environment
[7.145s] DEBUG:colcon.colcon_core.task.python.build:Available setuptools commands: easy_install, saveopts, build, bdist_dumb, init_catalog, build_ext, bdist, develop, test, register, install, bdist_rpm, rotate, bdist_wheel, dist_info, install_headers, bdist_egg, install_data, build_py, build_scripts, sdist, setopt, compile_catalog, editable_wheel, symlink_data, egg_info, install_egg_info, install_lib, alias, build_clib, upload, update_catalog, check, upload_docs, install_scripts, extract_messages, clean
[7.445s] DEBUG:colcon.colcon_core.task.python.build:Available setuptools 'develop' options: --multi-version, --user, --version, --dry-run, --uninstall, --force-installation-into-system-dir, --exclude-scripts, --verbose, --optimize, --install-dir, --prefix, --zip-ok, --record, --site-dirs, --editable, --index-url, --no-user-cfg, --allow-hosts, --no-find-links, --local-snapshots-ok, --quiet, --help, --egg-path, --always-copy, --install-layout, --script-dir, --build-directory, --always-unzip, --no-deps, --find-links, --upgrade
[7.447s] DEBUG:colcon.colcon_core.event_handler.log_command:Invoking command in '/home/ddd/ros2_ws/build/my_robot_arm_control': AMENT_PREFIX_PATH=/home/ddd/ros2_ws/install/my_robot_arm_description DEBUGINFOD_URLS=https://debuginfod.ubuntu.com PYTHONPATH=/home/ddd/ros2_ws/build/my_robot_arm_control/prefix_override:/usr/lib/python3/dist-packages/colcon_core/task/python/colcon_distutils_commands:/home/ddd/ros2_ws/install/my_robot_arm_control/lib/python3.12/site-packages:/home/ddd/ros2_ws/build/my_robot_arm_description:/home/ddd/ros2_ws/install/my_robot_arm_description/lib/python3.12/site-packages /usr/bin/python3 -W ignore:setup.py install is deprecated -W ignore:easy_install command is deprecated setup.py develop --editable --build-directory /home/ddd/ros2_ws/build/my_robot_arm_control/build --no-deps symlink_data
[7.879s] Level 1:colcon.colcon_core.shell:create_environment_hook('my_robot_arm_control', 'pythonpath_develop')
[7.879s] INFO:colcon.colcon_core.shell:Creating environment hook '/home/ddd/ros2_ws/build/my_robot_arm_control/share/my_robot_arm_control/hook/pythonpath_develop.ps1'
[7.879s] DEBUG:colcon.colcon_core.event_handler.log_command:Invoked command in '/home/ddd/ros2_ws/build/my_robot_arm_control' returned '0': AMENT_PREFIX_PATH=/home/ddd/ros2_ws/install/my_robot_arm_description DEBUGINFOD_URLS=https://debuginfod.ubuntu.com PYTHONPATH=/home/ddd/ros2_ws/build/my_robot_arm_control/prefix_override:/usr/lib/python3/dist-packages/colcon_core/task/python/colcon_distutils_commands:/home/ddd/ros2_ws/install/my_robot_arm_control/lib/python3.12/site-packages:/home/ddd/ros2_ws/build/my_robot_arm_description:/home/ddd/ros2_ws/install/my_robot_arm_description/lib/python3.12/site-packages /usr/bin/python3 -W ignore:setup.py install is deprecated -W ignore:easy_install command is deprecated setup.py develop --editable --build-directory /home/ddd/ros2_ws/build/my_robot_arm_control/build --no-deps symlink_data
[7.880s] INFO:colcon.colcon_core.shell:Creating environment descriptor '/home/ddd/ros2_ws/build/my_robot_arm_control/share/my_robot_arm_control/hook/pythonpath_develop.dsv'
[7.880s] INFO:colcon.colcon_core.shell:Creating environment hook '/home/ddd/ros2_ws/build/my_robot_arm_control/share/my_robot_arm_control/hook/pythonpath_develop.sh'
[7.881s] Level 1:colcon.colcon_core.environment:checking '/home/ddd/ros2_ws/install/my_robot_arm_control' for CMake module files
[7.882s] Level 1:colcon.colcon_core.environment:checking '/home/ddd/ros2_ws/install/my_robot_arm_control' for CMake config files
[7.882s] Level 1:colcon.colcon_core.environment:checking '/home/ddd/ros2_ws/install/my_robot_arm_control/lib'
[7.882s] Level 1:colcon.colcon_core.environment:checking '/home/ddd/ros2_ws/install/my_robot_arm_control/bin'
[7.883s] Level 1:colcon.colcon_core.environment:checking '/home/ddd/ros2_ws/install/my_robot_arm_control/lib/pkgconfig/my_robot_arm_control.pc'
[7.883s] Level 1:colcon.colcon_core.environment:checking '/home/ddd/ros2_ws/install/my_robot_arm_control/lib/python3.12/site-packages'
[7.883s] Level 1:colcon.colcon_core.shell:create_environment_hook('my_robot_arm_control', 'pythonpath')
[7.883s] INFO:colcon.colcon_core.shell:Creating environment hook '/home/ddd/ros2_ws/install/my_robot_arm_control/share/my_robot_arm_control/hook/pythonpath.ps1'
[7.883s] INFO:colcon.colcon_core.shell:Creating environment descriptor '/home/ddd/ros2_ws/install/my_robot_arm_control/share/my_robot_arm_control/hook/pythonpath.dsv'
[7.884s] INFO:colcon.colcon_core.shell:Creating environment hook '/home/ddd/ros2_ws/install/my_robot_arm_control/share/my_robot_arm_control/hook/pythonpath.sh'
[7.884s] Level 1:colcon.colcon_core.environment:checking '/home/ddd/ros2_ws/install/my_robot_arm_control/bin'
[7.884s] Level 1:colcon.colcon_core.environment:create_environment_scripts_only(my_robot_arm_control)
[7.885s] INFO:colcon.colcon_core.shell:Creating package script '/home/ddd/ros2_ws/install/my_robot_arm_control/share/my_robot_arm_control/package.ps1'
[7.885s] INFO:colcon.colcon_core.shell:Creating package descriptor '/home/ddd/ros2_ws/install/my_robot_arm_control/share/my_robot_arm_control/package.dsv'
[7.886s] INFO:colcon.colcon_core.shell:Creating package script '/home/ddd/ros2_ws/install/my_robot_arm_control/share/my_robot_arm_control/package.sh'
[7.886s] INFO:colcon.colcon_core.shell:Creating package script '/home/ddd/ros2_ws/install/my_robot_arm_control/share/my_robot_arm_control/package.bash'
[7.886s] INFO:colcon.colcon_core.shell:Creating package script '/home/ddd/ros2_ws/install/my_robot_arm_control/share/my_robot_arm_control/package.zsh'
[7.887s] Level 1:colcon.colcon_core.environment:create_file_with_runtime_dependencies(/home/ddd/ros2_ws/install/my_robot_arm_control/share/colcon-core/packages/my_robot_arm_control)
[7.887s] INFO:colcon.colcon_ros.task.ament_python.build:Building ROS package in '/home/ddd/ros2_ws/src/my_robot_arm_moveit_config' with build type 'ament_python'
[7.887s] Level 1:colcon.colcon_core.shell:create_environment_hook('my_robot_arm_moveit_config', 'ament_prefix_path')
[7.887s] INFO:colcon.colcon_core.shell:Creating environment hook '/home/ddd/ros2_ws/install/my_robot_arm_moveit_config/share/my_robot_arm_moveit_config/hook/ament_prefix_path.ps1'
[7.888s] INFO:colcon.colcon_core.shell:Creating environment descriptor '/home/ddd/ros2_ws/install/my_robot_arm_moveit_config/share/my_robot_arm_moveit_config/hook/ament_prefix_path.dsv'
[7.889s] INFO:colcon.colcon_core.shell:Creating environment hook '/home/ddd/ros2_ws/install/my_robot_arm_moveit_config/share/my_robot_arm_moveit_config/hook/ament_prefix_path.sh'
[7.889s] INFO:colcon.colcon_core.shell:Skip shell extension 'powershell' for command environment: Not usable outside of PowerShell
[7.890s] DEBUG:colcon.colcon_core.shell:Skip shell extension 'dsv' for command environment
[7.891s] INFO:colcon.colcon_ros.task.ament_python.build:Building ROS package in '/home/ddd/ros2_ws/src/my_robot_arm_gazebo' with build type 'ament_python'
[7.891s] Level 1:colcon.colcon_core.shell:create_environment_hook('my_robot_arm_gazebo', 'ament_prefix_path')
[7.891s] INFO:colcon.colcon_core.shell:Creating environment hook '/home/ddd/ros2_ws/install/my_robot_arm_gazebo/share/my_robot_arm_gazebo/hook/ament_prefix_path.ps1'
[7.892s] INFO:colcon.colcon_core.shell:Creating environment descriptor '/home/ddd/ros2_ws/install/my_robot_arm_gazebo/share/my_robot_arm_gazebo/hook/ament_prefix_path.dsv'
[7.892s] INFO:colcon.colcon_core.shell:Creating environment hook '/home/ddd/ros2_ws/install/my_robot_arm_gazebo/share/my_robot_arm_gazebo/hook/ament_prefix_path.sh'
[7.892s] INFO:colcon.colcon_core.shell:Skip shell extension 'powershell' for command environment: Not usable outside of PowerShell
[7.893s] DEBUG:colcon.colcon_core.shell:Skip shell extension 'dsv' for command environment
[8.071s] INFO:colcon.colcon_core.task.python.build:Building Python package in '/home/ddd/ros2_ws/src/my_robot_arm_moveit_config'
[8.071s] INFO:colcon.colcon_core.shell:Skip shell extension 'powershell' for command environment: Not usable outside of PowerShell
[8.071s] DEBUG:colcon.colcon_core.shell:Skip shell extension 'dsv' for command environment
[8.244s] INFO:colcon.colcon_core.task.python.build:Building Python package in '/home/ddd/ros2_ws/src/my_robot_arm_gazebo'
[8.245s] INFO:colcon.colcon_core.shell:Skip shell extension 'powershell' for command environment: Not usable outside of PowerShell
[8.245s] DEBUG:colcon.colcon_core.shell:Skip shell extension 'dsv' for command environment
[8.693s] DEBUG:colcon.colcon_core.task.python.build:Available setuptools commands: easy_install, saveopts, build, bdist_dumb, init_catalog, build_ext, bdist, develop, test, register, install, bdist_rpm, rotate, bdist_wheel, dist_info, install_headers, bdist_egg, install_data, build_py, build_scripts, sdist, setopt, compile_catalog, editable_wheel, symlink_data, egg_info, install_egg_info, install_lib, alias, build_clib, upload, update_catalog, check, upload_docs, install_scripts, extract_messages, clean
[8.702s] DEBUG:colcon.colcon_core.task.python.build:Available setuptools commands: easy_install, saveopts, build, bdist_dumb, init_catalog, build_ext, bdist, develop, test, register, install, bdist_rpm, rotate, bdist_wheel, dist_info, install_headers, bdist_egg, install_data, build_py, build_scripts, sdist, setopt, compile_catalog, editable_wheel, symlink_data, egg_info, install_egg_info, install_lib, alias, build_clib, upload, update_catalog, check, upload_docs, install_scripts, extract_messages, clean
[8.968s] DEBUG:colcon.colcon_core.task.python.build:Available setuptools 'develop' options: --multi-version, --user, --version, --dry-run, --uninstall, --force-installation-into-system-dir, --exclude-scripts, --verbose, --optimize, --install-dir, --prefix, --zip-ok, --record, --site-dirs, --editable, --index-url, --no-user-cfg, --allow-hosts, --no-find-links, --local-snapshots-ok, --quiet, --help, --egg-path, --always-copy, --install-layout, --script-dir, --build-directory, --always-unzip, --no-deps, --find-links, --upgrade
[8.970s] DEBUG:colcon.colcon_core.event_handler.log_command:Invoking command in '/home/ddd/ros2_ws/build/my_robot_arm_moveit_config': AMENT_PREFIX_PATH=/home/ddd/ros2_ws/install/my_robot_arm_control:/home/ddd/ros2_ws/install/my_robot_arm_description DEBUGINFOD_URLS=https://debuginfod.ubuntu.com PYTHONPATH=/home/ddd/ros2_ws/build/my_robot_arm_moveit_config/prefix_override:/usr/lib/python3/dist-packages/colcon_core/task/python/colcon_distutils_commands:/home/ddd/ros2_ws/install/my_robot_arm_moveit_config/lib/python3.12/site-packages:/home/ddd/ros2_ws/build/my_robot_arm_control:/home/ddd/ros2_ws/install/my_robot_arm_control/lib/python3.12/site-packages:/home/ddd/ros2_ws/build/my_robot_arm_description:/home/ddd/ros2_ws/install/my_robot_arm_description/lib/python3.12/site-packages /usr/bin/python3 -W ignore:setup.py install is deprecated -W ignore:easy_install command is deprecated setup.py develop --editable --build-directory /home/ddd/ros2_ws/build/my_robot_arm_moveit_config/build --no-deps symlink_data
[8.970s] DEBUG:colcon.colcon_core.task.python.build:Available setuptools 'develop' options: --multi-version, --user, --version, --dry-run, --uninstall, --force-installation-into-system-dir, --exclude-scripts, --verbose, --optimize, --install-dir, --prefix, --zip-ok, --record, --site-dirs, --editable, --index-url, --no-user-cfg, --allow-hosts, --no-find-links, --local-snapshots-ok, --quiet, --help, --egg-path, --always-copy, --install-layout, --script-dir, --build-directory, --always-unzip, --no-deps, --find-links, --upgrade
[8.972s] DEBUG:colcon.colcon_core.event_handler.log_command:Invoking command in '/home/ddd/ros2_ws/build/my_robot_arm_gazebo': AMENT_PREFIX_PATH=/home/ddd/ros2_ws/install/my_robot_arm_control:/home/ddd/ros2_ws/install/my_robot_arm_description DEBUGINFOD_URLS=https://debuginfod.ubuntu.com PYTHONPATH=/home/ddd/ros2_ws/build/my_robot_arm_gazebo/prefix_override:/usr/lib/python3/dist-packages/colcon_core/task/python/colcon_distutils_commands:/home/ddd/ros2_ws/install/my_robot_arm_gazebo/lib/python3.12/site-packages:/home/ddd/ros2_ws/build/my_robot_arm_control:/home/ddd/ros2_ws/install/my_robot_arm_control/lib/python3.12/site-packages:/home/ddd/ros2_ws/build/my_robot_arm_description:/home/ddd/ros2_ws/install/my_robot_arm_description/lib/python3.12/site-packages /usr/bin/python3 -W ignore:setup.py install is deprecated -W ignore:easy_install command is deprecated setup.py develop --editable --build-directory /home/ddd/ros2_ws/build/my_robot_arm_gazebo/build --no-deps symlink_data
[9.423s] Level 1:colcon.colcon_core.shell:create_environment_hook('my_robot_arm_gazebo', 'pythonpath_develop')
[9.424s] INFO:colcon.colcon_core.shell:Creating environment hook '/home/ddd/ros2_ws/build/my_robot_arm_gazebo/share/my_robot_arm_gazebo/hook/pythonpath_develop.ps1'
[9.424s] DEBUG:colcon.colcon_core.event_handler.log_command:Invoked command in '/home/ddd/ros2_ws/build/my_robot_arm_gazebo' returned '0': AMENT_PREFIX_PATH=/home/ddd/ros2_ws/install/my_robot_arm_control:/home/ddd/ros2_ws/install/my_robot_arm_description DEBUGINFOD_URLS=https://debuginfod.ubuntu.com PYTHONPATH=/home/ddd/ros2_ws/build/my_robot_arm_gazebo/prefix_override:/usr/lib/python3/dist-packages/colcon_core/task/python/colcon_distutils_commands:/home/ddd/ros2_ws/install/my_robot_arm_gazebo/lib/python3.12/site-packages:/home/ddd/ros2_ws/build/my_robot_arm_control:/home/ddd/ros2_ws/install/my_robot_arm_control/lib/python3.12/site-packages:/home/ddd/ros2_ws/build/my_robot_arm_description:/home/ddd/ros2_ws/install/my_robot_arm_description/lib/python3.12/site-packages /usr/bin/python3 -W ignore:setup.py install is deprecated -W ignore:easy_install command is deprecated setup.py develop --editable --build-directory /home/ddd/ros2_ws/build/my_robot_arm_gazebo/build --no-deps symlink_data
[9.425s] INFO:colcon.colcon_core.shell:Creating environment descriptor '/home/ddd/ros2_ws/build/my_robot_arm_gazebo/share/my_robot_arm_gazebo/hook/pythonpath_develop.dsv'
[9.425s] INFO:colcon.colcon_core.shell:Creating environment hook '/home/ddd/ros2_ws/build/my_robot_arm_gazebo/share/my_robot_arm_gazebo/hook/pythonpath_develop.sh'
[9.426s] Level 1:colcon.colcon_core.environment:checking '/home/ddd/ros2_ws/install/my_robot_arm_gazebo' for CMake module files
[9.426s] Level 1:colcon.colcon_core.environment:checking '/home/ddd/ros2_ws/install/my_robot_arm_gazebo' for CMake config files
[9.427s] Level 1:colcon.colcon_core.environment:checking '/home/ddd/ros2_ws/install/my_robot_arm_gazebo/lib'
[9.427s] Level 1:colcon.colcon_core.environment:checking '/home/ddd/ros2_ws/install/my_robot_arm_gazebo/bin'
[9.427s] Level 1:colcon.colcon_core.environment:checking '/home/ddd/ros2_ws/install/my_robot_arm_gazebo/lib/pkgconfig/my_robot_arm_gazebo.pc'
[9.427s] Level 1:colcon.colcon_core.environment:checking '/home/ddd/ros2_ws/install/my_robot_arm_gazebo/lib/python3.12/site-packages'
[9.427s] Level 1:colcon.colcon_core.shell:create_environment_hook('my_robot_arm_gazebo', 'pythonpath')
[9.427s] INFO:colcon.colcon_core.shell:Creating environment hook '/home/ddd/ros2_ws/install/my_robot_arm_gazebo/share/my_robot_arm_gazebo/hook/pythonpath.ps1'
[9.427s] INFO:colcon.colcon_core.shell:Creating environment descriptor '/home/ddd/ros2_ws/install/my_robot_arm_gazebo/share/my_robot_arm_gazebo/hook/pythonpath.dsv'
[9.428s] INFO:colcon.colcon_core.shell:Creating environment hook '/home/ddd/ros2_ws/install/my_robot_arm_gazebo/share/my_robot_arm_gazebo/hook/pythonpath.sh'
[9.428s] Level 1:colcon.colcon_core.environment:checking '/home/ddd/ros2_ws/install/my_robot_arm_gazebo/bin'
[9.428s] Level 1:colcon.colcon_core.environment:create_environment_scripts_only(my_robot_arm_gazebo)
[9.429s] INFO:colcon.colcon_core.shell:Creating package script '/home/ddd/ros2_ws/install/my_robot_arm_gazebo/share/my_robot_arm_gazebo/package.ps1'
[9.429s] INFO:colcon.colcon_core.shell:Creating package descriptor '/home/ddd/ros2_ws/install/my_robot_arm_gazebo/share/my_robot_arm_gazebo/package.dsv'
[9.430s] INFO:colcon.colcon_core.shell:Creating package script '/home/ddd/ros2_ws/install/my_robot_arm_gazebo/share/my_robot_arm_gazebo/package.sh'
[9.430s] INFO:colcon.colcon_core.shell:Creating package script '/home/ddd/ros2_ws/install/my_robot_arm_gazebo/share/my_robot_arm_gazebo/package.bash'
[9.431s] INFO:colcon.colcon_core.shell:Creating package script '/home/ddd/ros2_ws/install/my_robot_arm_gazebo/share/my_robot_arm_gazebo/package.zsh'
[9.431s] Level 1:colcon.colcon_core.environment:create_file_with_runtime_dependencies(/home/ddd/ros2_ws/install/my_robot_arm_gazebo/share/colcon-core/packages/my_robot_arm_gazebo)
[9.432s] Level 1:colcon.colcon_core.shell:create_environment_hook('my_robot_arm_moveit_config', 'pythonpath_develop')
[9.432s] INFO:colcon.colcon_core.shell:Creating environment hook '/home/ddd/ros2_ws/build/my_robot_arm_moveit_config/share/my_robot_arm_moveit_config/hook/pythonpath_develop.ps1'
[9.433s] DEBUG:colcon.colcon_core.event_handler.log_command:Invoked command in '/home/ddd/ros2_ws/build/my_robot_arm_moveit_config' returned '0': AMENT_PREFIX_PATH=/home/ddd/ros2_ws/install/my_robot_arm_control:/home/ddd/ros2_ws/install/my_robot_arm_description DEBUGINFOD_URLS=https://debuginfod.ubuntu.com PYTHONPATH=/home/ddd/ros2_ws/build/my_robot_arm_moveit_config/prefix_override:/usr/lib/python3/dist-packages/colcon_core/task/python/colcon_distutils_commands:/home/ddd/ros2_ws/install/my_robot_arm_moveit_config/lib/python3.12/site-packages:/home/ddd/ros2_ws/build/my_robot_arm_control:/home/ddd/ros2_ws/install/my_robot_arm_control/lib/python3.12/site-packages:/home/ddd/ros2_ws/build/my_robot_arm_description:/home/ddd/ros2_ws/install/my_robot_arm_description/lib/python3.12/site-packages /usr/bin/python3 -W ignore:setup.py install is deprecated -W ignore:easy_install command is deprecated setup.py develop --editable --build-directory /home/ddd/ros2_ws/build/my_robot_arm_moveit_config/build --no-deps symlink_data
[9.433s] INFO:colcon.colcon_core.shell:Creating environment descriptor '/home/ddd/ros2_ws/build/my_robot_arm_moveit_config/share/my_robot_arm_moveit_config/hook/pythonpath_develop.dsv'
[9.433s] INFO:colcon.colcon_core.shell:Creating environment hook '/home/ddd/ros2_ws/build/my_robot_arm_moveit_config/share/my_robot_arm_moveit_config/hook/pythonpath_develop.sh'
[9.434s] Level 1:colcon.colcon_core.environment:checking '/home/ddd/ros2_ws/install/my_robot_arm_moveit_config' for CMake module files
[9.434s] Level 1:colcon.colcon_core.environment:checking '/home/ddd/ros2_ws/install/my_robot_arm_moveit_config' for CMake config files
[9.435s] Level 1:colcon.colcon_core.environment:checking '/home/ddd/ros2_ws/install/my_robot_arm_moveit_config/lib'
[9.435s] Level 1:colcon.colcon_core.environment:checking '/home/ddd/ros2_ws/install/my_robot_arm_moveit_config/bin'
[9.435s] Level 1:colcon.colcon_core.environment:checking '/home/ddd/ros2_ws/install/my_robot_arm_moveit_config/lib/pkgconfig/my_robot_arm_moveit_config.pc'
[9.435s] Level 1:colcon.colcon_core.environment:checking '/home/ddd/ros2_ws/install/my_robot_arm_moveit_config/lib/python3.12/site-packages'
[9.435s] Level 1:colcon.colcon_core.shell:create_environment_hook('my_robot_arm_moveit_config', 'pythonpath')
[9.436s] INFO:colcon.colcon_core.shell:Creating environment hook '/home/ddd/ros2_ws/install/my_robot_arm_moveit_config/share/my_robot_arm_moveit_config/hook/pythonpath.ps1'
[9.436s] INFO:colcon.colcon_core.shell:Creating environment descriptor '/home/ddd/ros2_ws/install/my_robot_arm_moveit_config/share/my_robot_arm_moveit_config/hook/pythonpath.dsv'
[9.437s] INFO:colcon.colcon_core.shell:Creating environment hook '/home/ddd/ros2_ws/install/my_robot_arm_moveit_config/share/my_robot_arm_moveit_config/hook/pythonpath.sh'
[9.437s] Level 1:colcon.colcon_core.environment:checking '/home/ddd/ros2_ws/install/my_robot_arm_moveit_config/bin'
[9.437s] Level 1:colcon.colcon_core.environment:create_environment_scripts_only(my_robot_arm_moveit_config)
[9.438s] INFO:colcon.colcon_core.shell:Creating package script '/home/ddd/ros2_ws/install/my_robot_arm_moveit_config/share/my_robot_arm_moveit_config/package.ps1'
[9.438s] INFO:colcon.colcon_core.shell:Creating package descriptor '/home/ddd/ros2_ws/install/my_robot_arm_moveit_config/share/my_robot_arm_moveit_config/package.dsv'
[9.439s] INFO:colcon.colcon_core.shell:Creating package script '/home/ddd/ros2_ws/install/my_robot_arm_moveit_config/share/my_robot_arm_moveit_config/package.sh'
[9.439s] INFO:colcon.colcon_core.shell:Creating package script '/home/ddd/ros2_ws/install/my_robot_arm_moveit_config/share/my_robot_arm_moveit_config/package.bash'
[9.439s] INFO:colcon.colcon_core.shell:Creating package script '/home/ddd/ros2_ws/install/my_robot_arm_moveit_config/share/my_robot_arm_moveit_config/package.zsh'
[9.440s] Level 1:colcon.colcon_core.environment:create_file_with_runtime_dependencies(/home/ddd/ros2_ws/install/my_robot_arm_moveit_config/share/colcon-core/packages/my_robot_arm_moveit_config)
[9.440s] INFO:colcon.colcon_ros.task.ament_python.build:Building ROS package in '/home/ddd/ros2_ws/src/my_robot_arm_pick_place' with build type 'ament_python'
[9.440s] Level 1:colcon.colcon_core.shell:create_environment_hook('my_robot_arm_pick_place', 'ament_prefix_path')
[9.440s] INFO:colcon.colcon_core.shell:Creating environment hook '/home/ddd/ros2_ws/install/my_robot_arm_pick_place/share/my_robot_arm_pick_place/hook/ament_prefix_path.ps1'
[9.441s] INFO:colcon.colcon_core.shell:Creating environment descriptor '/home/ddd/ros2_ws/install/my_robot_arm_pick_place/share/my_robot_arm_pick_place/hook/ament_prefix_path.dsv'
[9.442s] INFO:colcon.colcon_core.shell:Creating environment hook '/home/ddd/ros2_ws/install/my_robot_arm_pick_place/share/my_robot_arm_pick_place/hook/ament_prefix_path.sh'
[9.442s] INFO:colcon.colcon_core.shell:Skip shell extension 'powershell' for command environment: Not usable outside of PowerShell
[9.442s] DEBUG:colcon.colcon_core.shell:Skip shell extension 'dsv' for command environment
[9.611s] INFO:colcon.colcon_core.task.python.build:Building Python package in '/home/ddd/ros2_ws/src/my_robot_arm_pick_place'
[9.611s] INFO:colcon.colcon_core.shell:Skip shell extension 'powershell' for command environment: Not usable outside of PowerShell
[9.611s] DEBUG:colcon.colcon_core.shell:Skip shell extension 'dsv' for command environment
[10.080s] DEBUG:colcon.colcon_core.task.python.build:Available setuptools commands: easy_install, saveopts, build, bdist_dumb, init_catalog, build_ext, bdist, develop, test, register, install, bdist_rpm, rotate, bdist_wheel, dist_info, install_headers, bdist_egg, install_data, build_py, build_scripts, sdist, setopt, compile_catalog, editable_wheel, symlink_data, egg_info, install_egg_info, install_lib, alias, build_clib, upload, update_catalog, check, upload_docs, install_scripts, extract_messages, clean
[10.343s] DEBUG:colcon.colcon_core.task.python.build:Available setuptools 'develop' options: --multi-version, --user, --version, --dry-run, --uninstall, --force-installation-into-system-dir, --exclude-scripts, --verbose, --optimize, --install-dir, --prefix, --zip-ok, --record, --site-dirs, --editable, --index-url, --no-user-cfg, --allow-hosts, --no-find-links, --local-snapshots-ok, --quiet, --help, --egg-path, --always-copy, --install-layout, --script-dir, --build-directory, --always-unzip, --no-deps, --find-links, --upgrade
[10.345s] DEBUG:colcon.colcon_core.event_handler.log_command:Invoking command in '/home/ddd/ros2_ws/build/my_robot_arm_pick_place': AMENT_PREFIX_PATH=/home/ddd/ros2_ws/install/my_robot_arm_moveit_config:/home/ddd/ros2_ws/install/my_robot_arm_control:/home/ddd/ros2_ws/install/my_robot_arm_description DEBUGINFOD_URLS=https://debuginfod.ubuntu.com PYTHONPATH=/home/ddd/ros2_ws/build/my_robot_arm_pick_place/prefix_override:/usr/lib/python3/dist-packages/colcon_core/task/python/colcon_distutils_commands:/home/ddd/ros2_ws/install/my_robot_arm_pick_place/lib/python3.12/site-packages:/home/ddd/ros2_ws/build/my_robot_arm_moveit_config:/home/ddd/ros2_ws/install/my_robot_arm_moveit_config/lib/python3.12/site-packages:/home/ddd/ros2_ws/build/my_robot_arm_control:/home/ddd/ros2_ws/install/my_robot_arm_control/lib/python3.12/site-packages:/home/ddd/ros2_ws/build/my_robot_arm_description:/home/ddd/ros2_ws/install/my_robot_arm_description/lib/python3.12/site-packages /usr/bin/python3 -W ignore:setup.py install is deprecated -W ignore:easy_install command is deprecated setup.py develop --editable --build-directory /home/ddd/ros2_ws/build/my_robot_arm_pick_place/build --no-deps symlink_data
[10.772s] Level 1:colcon.colcon_core.shell:create_environment_hook('my_robot_arm_pick_place', 'pythonpath_develop')
[10.773s] INFO:colcon.colcon_core.shell:Creating environment hook '/home/ddd/ros2_ws/build/my_robot_arm_pick_place/share/my_robot_arm_pick_place/hook/pythonpath_develop.ps1'
[10.773s] DEBUG:colcon.colcon_core.event_handler.log_command:Invoked command in '/home/ddd/ros2_ws/build/my_robot_arm_pick_place' returned '0': AMENT_PREFIX_PATH=/home/ddd/ros2_ws/install/my_robot_arm_moveit_config:/home/ddd/ros2_ws/install/my_robot_arm_control:/home/ddd/ros2_ws/install/my_robot_arm_description DEBUGINFOD_URLS=https://debuginfod.ubuntu.com PYTHONPATH=/home/ddd/ros2_ws/build/my_robot_arm_pick_place/prefix_override:/usr/lib/python3/dist-packages/colcon_core/task/python/colcon_distutils_commands:/home/ddd/ros2_ws/install/my_robot_arm_pick_place/lib/python3.12/site-packages:/home/ddd/ros2_ws/build/my_robot_arm_moveit_config:/home/ddd/ros2_ws/install/my_robot_arm_moveit_config/lib/python3.12/site-packages:/home/ddd/ros2_ws/build/my_robot_arm_control:/home/ddd/ros2_ws/install/my_robot_arm_control/lib/python3.12/site-packages:/home/ddd/ros2_ws/build/my_robot_arm_description:/home/ddd/ros2_ws/install/my_robot_arm_description/lib/python3.12/site-packages /usr/bin/python3 -W ignore:setup.py install is deprecated -W ignore:easy_install command is deprecated setup.py develop --editable --build-directory /home/ddd/ros2_ws/build/my_robot_arm_pick_place/build --no-deps symlink_data
[10.774s] INFO:colcon.colcon_core.shell:Creating environment descriptor '/home/ddd/ros2_ws/build/my_robot_arm_pick_place/share/my_robot_arm_pick_place/hook/pythonpath_develop.dsv'
[10.774s] INFO:colcon.colcon_core.shell:Creating environment hook '/home/ddd/ros2_ws/build/my_robot_arm_pick_place/share/my_robot_arm_pick_place/hook/pythonpath_develop.sh'
[10.774s] Level 1:colcon.colcon_core.environment:checking '/home/ddd/ros2_ws/install/my_robot_arm_pick_place' for CMake module files
[10.775s] Level 1:colcon.colcon_core.environment:checking '/home/ddd/ros2_ws/install/my_robot_arm_pick_place' for CMake config files
[10.775s] Level 1:colcon.colcon_core.environment:checking '/home/ddd/ros2_ws/install/my_robot_arm_pick_place/lib'
[10.775s] Level 1:colcon.colcon_core.environment:checking '/home/ddd/ros2_ws/install/my_robot_arm_pick_place/bin'
[10.775s] Level 1:colcon.colcon_core.environment:checking '/home/ddd/ros2_ws/install/my_robot_arm_pick_place/lib/pkgconfig/my_robot_arm_pick_place.pc'
[10.776s] Level 1:colcon.colcon_core.environment:checking '/home/ddd/ros2_ws/install/my_robot_arm_pick_place/lib/python3.12/site-packages'
[10.776s] Level 1:colcon.colcon_core.shell:create_environment_hook('my_robot_arm_pick_place', 'pythonpath')
[10.776s] INFO:colcon.colcon_core.shell:Creating environment hook '/home/ddd/ros2_ws/install/my_robot_arm_pick_place/share/my_robot_arm_pick_place/hook/pythonpath.ps1'
[10.776s] INFO:colcon.colcon_core.shell:Creating environment descriptor '/home/ddd/ros2_ws/install/my_robot_arm_pick_place/share/my_robot_arm_pick_place/hook/pythonpath.dsv'
[10.777s] INFO:colcon.colcon_core.shell:Creating environment hook '/home/ddd/ros2_ws/install/my_robot_arm_pick_place/share/my_robot_arm_pick_place/hook/pythonpath.sh'
[10.777s] Level 1:colcon.colcon_core.environment:checking '/home/ddd/ros2_ws/install/my_robot_arm_pick_place/bin'
[10.777s] Level 1:colcon.colcon_core.environment:create_environment_scripts_only(my_robot_arm_pick_place)
[10.777s] INFO:colcon.colcon_core.shell:Creating package script '/home/ddd/ros2_ws/install/my_robot_arm_pick_place/share/my_robot_arm_pick_place/package.ps1'
[10.778s] INFO:colcon.colcon_core.shell:Creating package descriptor '/home/ddd/ros2_ws/install/my_robot_arm_pick_place/share/my_robot_arm_pick_place/package.dsv'
[10.779s] INFO:colcon.colcon_core.shell:Creating package script '/home/ddd/ros2_ws/install/my_robot_arm_pick_place/share/my_robot_arm_pick_place/package.sh'
[10.779s] INFO:colcon.colcon_core.shell:Creating package script '/home/ddd/ros2_ws/install/my_robot_arm_pick_place/share/my_robot_arm_pick_place/package.bash'
[10.779s] INFO:colcon.colcon_core.shell:Creating package script '/home/ddd/ros2_ws/install/my_robot_arm_pick_place/share/my_robot_arm_pick_place/package.zsh'
[10.779s] Level 1:colcon.colcon_core.environment:create_file_with_runtime_dependencies(/home/ddd/ros2_ws/install/my_robot_arm_pick_place/share/colcon-core/packages/my_robot_arm_pick_place)
[10.780s] DEBUG:colcon.colcon_parallel_executor.executor.parallel:closing loop
[10.780s] DEBUG:colcon.colcon_parallel_executor.executor.parallel:loop closed
[10.780s] DEBUG:colcon.colcon_parallel_executor.executor.parallel:run_until_complete finished with '0'
[10.780s] DEBUG:colcon.colcon_core.event_reactor:joining thread
[10.785s] INFO:colcon.colcon_core.plugin_system:Skipping extension 'colcon_notification.desktop_notification.terminal_notifier': Not used on non-Darwin systems
[10.786s] INFO:colcon.colcon_core.plugin_system:Skipping extension 'colcon_notification.desktop_notification.win32': Not used on non-Windows systems
[10.786s] INFO:colcon.colcon_notification.desktop_notification:Sending desktop notification using 'notify2'
[10.799s] DEBUG:colcon.colcon_core.event_reactor:joined thread
[10.799s] INFO:colcon.colcon_core.shell:Creating prefix script '/home/ddd/ros2_ws/install/local_setup.ps1'
[10.800s] INFO:colcon.colcon_core.shell:Creating prefix util module '/home/ddd/ros2_ws/install/_local_setup_util_ps1.py'
[10.801s] INFO:colcon.colcon_core.shell:Creating prefix chain script '/home/ddd/ros2_ws/install/setup.ps1'
[10.801s] INFO:colcon.colcon_core.shell:Creating prefix script '/home/ddd/ros2_ws/install/local_setup.sh'
[10.802s] INFO:colcon.colcon_core.shell:Creating prefix util module '/home/ddd/ros2_ws/install/_local_setup_util_sh.py'
[10.802s] INFO:colcon.colcon_core.shell:Creating prefix chain script '/home/ddd/ros2_ws/install/setup.sh'
[10.803s] INFO:colcon.colcon_core.shell:Creating prefix script '/home/ddd/ros2_ws/install/local_setup.bash'
[10.803s] INFO:colcon.colcon_core.shell:Creating prefix chain script '/home/ddd/ros2_ws/install/setup.bash'
[10.804s] INFO:colcon.colcon_core.shell:Creating prefix script '/home/ddd/ros2_ws/install/local_setup.zsh'
[10.804s] INFO:colcon.colcon_core.shell:Creating prefix chain script '/home/ddd/ros2_ws/install/setup.zsh'
