[0.276s] DEBUG:colcon:Command line arguments: ['/usr/bin/colcon', 'build', '--packages-select', 'my_robot_arm_moveit_config', '--symlink-install']
[0.276s] DEBUG:colcon:Parsed command line arguments: Namespace(log_base=None, log_level=None, verb_name='build', build_base='build', install_base='install', merge_install=False, symlink_install=True, test_result_base=None, continue_on_error=False, executor='parallel', parallel_workers=16, event_handlers=None, ignore_user_meta=False, metas=['./colcon.meta'], base_paths=['.'], packages_ignore=None, packages_ignore_regex=None, paths=None, packages_up_to=None, packages_up_to_regex=None, packages_above=None, packages_above_and_dependencies=None, packages_above_depth=None, packages_select_by_dep=None, packages_skip_by_dep=None, packages_skip_up_to=None, packages_select_build_failed=False, packages_skip_build_finished=False, packages_select_test_failures=False, packages_skip_test_passed=False, packages_select=['my_robot_arm_moveit_config'], packages_skip=None, packages_select_regex=None, packages_skip_regex=None, packages_start=None, packages_end=None, allow_overriding=[], cmake_args=None, cmake_target=None, cmake_target_skip_unavailable=False, cmake_clean_cache=False, cmake_clean_first=False, cmake_force_configure=False, ament_cmake_args=None, catkin_cmake_args=None, catkin_skip_building_tests=False, verb_parser=<colcon_defaults.argument_parser.defaults.DefaultArgumentsDecorator object at 0x771d414438f0>, verb_extension=<colcon_core.verb.build.BuildVerb object at 0x771d42402240>, main=<bound method BuildVerb.main of <colcon_core.verb.build.BuildVerb object at 0x771d42402240>>)
[0.373s] Level 1:colcon.colcon_core.package_discovery:discover_packages(colcon_meta) check parameters
[0.373s] Level 1:colcon.colcon_core.package_discovery:discover_packages(recursive) check parameters
[0.373s] Level 1:colcon.colcon_core.package_discovery:discover_packages(ignore) check parameters
[0.373s] Level 1:colcon.colcon_core.package_discovery:discover_packages(path) check parameters
[0.373s] Level 1:colcon.colcon_core.package_discovery:discover_packages(colcon_meta) discover
[0.374s] Level 1:colcon.colcon_core.package_discovery:discover_packages(recursive) discover
[0.374s] INFO:colcon.colcon_core.package_discovery:Crawling recursively for packages in '/home/ddd/ros2_ws'
[0.374s] Level 1:colcon.colcon_core.package_identification:_identify(.) by extensions ['ignore', 'ignore_ament_install']
[0.374s] Level 1:colcon.colcon_core.package_identification:_identify(.) by extension 'ignore'
[0.374s] Level 1:colcon.colcon_core.package_identification:_identify(.) by extension 'ignore_ament_install'
[0.375s] Level 1:colcon.colcon_core.package_identification:_identify(.) by extensions ['colcon_pkg']
[0.375s] Level 1:colcon.colcon_core.package_identification:_identify(.) by extension 'colcon_pkg'
[0.375s] Level 1:colcon.colcon_core.package_identification:_identify(.) by extensions ['colcon_meta']
[0.375s] Level 1:colcon.colcon_core.package_identification:_identify(.) by extension 'colcon_meta'
[0.375s] Level 1:colcon.colcon_core.package_identification:_identify(.) by extensions ['ros']
[0.375s] Level 1:colcon.colcon_core.package_identification:_identify(.) by extension 'ros'
[0.431s] Level 1:colcon.colcon_core.package_identification:_identify(.) by extensions ['cmake', 'python']
[0.431s] Level 1:colcon.colcon_core.package_identification:_identify(.) by extension 'cmake'
[0.431s] Level 1:colcon.colcon_core.package_identification:_identify(.) by extension 'python'
[0.431s] Level 1:colcon.colcon_core.package_identification:_identify(.) by extensions ['python_setup_py']
[0.431s] Level 1:colcon.colcon_core.package_identification:_identify(.) by extension 'python_setup_py'
[0.431s] Level 1:colcon.colcon_core.package_identification:_identify(build) by extensions ['ignore', 'ignore_ament_install']
[0.432s] Level 1:colcon.colcon_core.package_identification:_identify(build) by extension 'ignore'
[0.432s] Level 1:colcon.colcon_core.package_identification:_identify(build) ignored
[0.432s] Level 1:colcon.colcon_core.package_identification:_identify(install) by extensions ['ignore', 'ignore_ament_install']
[0.432s] Level 1:colcon.colcon_core.package_identification:_identify(install) by extension 'ignore'
[0.432s] Level 1:colcon.colcon_core.package_identification:_identify(install) ignored
[0.433s] Level 1:colcon.colcon_core.package_identification:_identify(log) by extensions ['ignore', 'ignore_ament_install']
[0.433s] Level 1:colcon.colcon_core.package_identification:_identify(log) by extension 'ignore'
[0.433s] Level 1:colcon.colcon_core.package_identification:_identify(log) ignored
[0.433s] Level 1:colcon.colcon_core.package_identification:_identify(src) by extensions ['ignore', 'ignore_ament_install']
[0.434s] Level 1:colcon.colcon_core.package_identification:_identify(src) by extension 'ignore'
[0.434s] Level 1:colcon.colcon_core.package_identification:_identify(src) by extension 'ignore_ament_install'
[0.434s] Level 1:colcon.colcon_core.package_identification:_identify(src) by extensions ['colcon_pkg']
[0.434s] Level 1:colcon.colcon_core.package_identification:_identify(src) by extension 'colcon_pkg'
[0.434s] Level 1:colcon.colcon_core.package_identification:_identify(src) by extensions ['colcon_meta']
[0.434s] Level 1:colcon.colcon_core.package_identification:_identify(src) by extension 'colcon_meta'
[0.434s] Level 1:colcon.colcon_core.package_identification:_identify(src) by extensions ['ros']
[0.435s] Level 1:colcon.colcon_core.package_identification:_identify(src) by extension 'ros'
[0.435s] Level 1:colcon.colcon_core.package_identification:_identify(src) by extensions ['cmake', 'python']
[0.435s] Level 1:colcon.colcon_core.package_identification:_identify(src) by extension 'cmake'
[0.435s] Level 1:colcon.colcon_core.package_identification:_identify(src) by extension 'python'
[0.435s] Level 1:colcon.colcon_core.package_identification:_identify(src) by extensions ['python_setup_py']
[0.435s] Level 1:colcon.colcon_core.package_identification:_identify(src) by extension 'python_setup_py'
[0.436s] Level 1:colcon.colcon_core.package_identification:_identify(src/build) by extensions ['ignore', 'ignore_ament_install']
[0.436s] Level 1:colcon.colcon_core.package_identification:_identify(src/build) by extension 'ignore'
[0.436s] Level 1:colcon.colcon_core.package_identification:_identify(src/build) ignored
[0.436s] Level 1:colcon.colcon_core.package_identification:_identify(src/install) by extensions ['ignore', 'ignore_ament_install']
[0.436s] Level 1:colcon.colcon_core.package_identification:_identify(src/install) by extension 'ignore'
[0.436s] Level 1:colcon.colcon_core.package_identification:_identify(src/install) ignored
[0.437s] Level 1:colcon.colcon_core.package_identification:_identify(src/log) by extensions ['ignore', 'ignore_ament_install']
[0.437s] Level 1:colcon.colcon_core.package_identification:_identify(src/log) by extension 'ignore'
[0.437s] Level 1:colcon.colcon_core.package_identification:_identify(src/log) ignored
[0.437s] Level 1:colcon.colcon_core.package_identification:_identify(src/my_robot) by extensions ['ignore', 'ignore_ament_install']
[0.437s] Level 1:colcon.colcon_core.package_identification:_identify(src/my_robot) by extension 'ignore'
[0.437s] Level 1:colcon.colcon_core.package_identification:_identify(src/my_robot) by extension 'ignore_ament_install'
[0.438s] Level 1:colcon.colcon_core.package_identification:_identify(src/my_robot) by extensions ['colcon_pkg']
[0.438s] Level 1:colcon.colcon_core.package_identification:_identify(src/my_robot) by extension 'colcon_pkg'
[0.438s] Level 1:colcon.colcon_core.package_identification:_identify(src/my_robot) by extensions ['colcon_meta']
[0.438s] Level 1:colcon.colcon_core.package_identification:_identify(src/my_robot) by extension 'colcon_meta'
[0.438s] Level 1:colcon.colcon_core.package_identification:_identify(src/my_robot) by extensions ['ros']
[0.438s] Level 1:colcon.colcon_core.package_identification:_identify(src/my_robot) by extension 'ros'
[0.445s] DEBUG:colcon.colcon_core.package_identification:Package 'src/my_robot' with type 'ros.ament_python' and name 'my_robot'
[0.446s] Level 1:colcon.colcon_core.package_identification:_identify(src/my_robot_arm_control) by extensions ['ignore', 'ignore_ament_install']
[0.446s] Level 1:colcon.colcon_core.package_identification:_identify(src/my_robot_arm_control) by extension 'ignore'
[0.446s] Level 1:colcon.colcon_core.package_identification:_identify(src/my_robot_arm_control) by extension 'ignore_ament_install'
[0.446s] Level 1:colcon.colcon_core.package_identification:_identify(src/my_robot_arm_control) by extensions ['colcon_pkg']
[0.446s] Level 1:colcon.colcon_core.package_identification:_identify(src/my_robot_arm_control) by extension 'colcon_pkg'
[0.446s] Level 1:colcon.colcon_core.package_identification:_identify(src/my_robot_arm_control) by extensions ['colcon_meta']
[0.446s] Level 1:colcon.colcon_core.package_identification:_identify(src/my_robot_arm_control) by extension 'colcon_meta'
[0.447s] Level 1:colcon.colcon_core.package_identification:_identify(src/my_robot_arm_control) by extensions ['ros']
[0.447s] Level 1:colcon.colcon_core.package_identification:_identify(src/my_robot_arm_control) by extension 'ros'
[0.448s] DEBUG:colcon.colcon_core.package_identification:Package 'src/my_robot_arm_control' with type 'ros.ament_python' and name 'my_robot_arm_control'
[0.448s] Level 1:colcon.colcon_core.package_identification:_identify(src/my_robot_arm_description) by extensions ['ignore', 'ignore_ament_install']
[0.448s] Level 1:colcon.colcon_core.package_identification:_identify(src/my_robot_arm_description) by extension 'ignore'
[0.448s] Level 1:colcon.colcon_core.package_identification:_identify(src/my_robot_arm_description) by extension 'ignore_ament_install'
[0.449s] Level 1:colcon.colcon_core.package_identification:_identify(src/my_robot_arm_description) by extensions ['colcon_pkg']
[0.449s] Level 1:colcon.colcon_core.package_identification:_identify(src/my_robot_arm_description) by extension 'colcon_pkg'
[0.449s] Level 1:colcon.colcon_core.package_identification:_identify(src/my_robot_arm_description) by extensions ['colcon_meta']
[0.449s] Level 1:colcon.colcon_core.package_identification:_identify(src/my_robot_arm_description) by extension 'colcon_meta'
[0.449s] Level 1:colcon.colcon_core.package_identification:_identify(src/my_robot_arm_description) by extensions ['ros']
[0.449s] Level 1:colcon.colcon_core.package_identification:_identify(src/my_robot_arm_description) by extension 'ros'
[0.450s] DEBUG:colcon.colcon_core.package_identification:Package 'src/my_robot_arm_description' with type 'ros.ament_python' and name 'my_robot_arm_description'
[0.451s] Level 1:colcon.colcon_core.package_identification:_identify(src/my_robot_arm_gazebo) by extensions ['ignore', 'ignore_ament_install']
[0.451s] Level 1:colcon.colcon_core.package_identification:_identify(src/my_robot_arm_gazebo) by extension 'ignore'
[0.451s] Level 1:colcon.colcon_core.package_identification:_identify(src/my_robot_arm_gazebo) by extension 'ignore_ament_install'
[0.451s] Level 1:colcon.colcon_core.package_identification:_identify(src/my_robot_arm_gazebo) by extensions ['colcon_pkg']
[0.451s] Level 1:colcon.colcon_core.package_identification:_identify(src/my_robot_arm_gazebo) by extension 'colcon_pkg'
[0.451s] Level 1:colcon.colcon_core.package_identification:_identify(src/my_robot_arm_gazebo) by extensions ['colcon_meta']
[0.452s] Level 1:colcon.colcon_core.package_identification:_identify(src/my_robot_arm_gazebo) by extension 'colcon_meta'
[0.452s] Level 1:colcon.colcon_core.package_identification:_identify(src/my_robot_arm_gazebo) by extensions ['ros']
[0.452s] Level 1:colcon.colcon_core.package_identification:_identify(src/my_robot_arm_gazebo) by extension 'ros'
[0.453s] DEBUG:colcon.colcon_core.package_identification:Package 'src/my_robot_arm_gazebo' with type 'ros.ament_python' and name 'my_robot_arm_gazebo'
[0.453s] Level 1:colcon.colcon_core.package_identification:_identify(src/my_robot_arm_moveit_config) by extensions ['ignore', 'ignore_ament_install']
[0.454s] Level 1:colcon.colcon_core.package_identification:_identify(src/my_robot_arm_moveit_config) by extension 'ignore'
[0.454s] Level 1:colcon.colcon_core.package_identification:_identify(src/my_robot_arm_moveit_config) by extension 'ignore_ament_install'
[0.454s] Level 1:colcon.colcon_core.package_identification:_identify(src/my_robot_arm_moveit_config) by extensions ['colcon_pkg']
[0.454s] Level 1:colcon.colcon_core.package_identification:_identify(src/my_robot_arm_moveit_config) by extension 'colcon_pkg'
[0.454s] Level 1:colcon.colcon_core.package_identification:_identify(src/my_robot_arm_moveit_config) by extensions ['colcon_meta']
[0.454s] Level 1:colcon.colcon_core.package_identification:_identify(src/my_robot_arm_moveit_config) by extension 'colcon_meta'
[0.454s] Level 1:colcon.colcon_core.package_identification:_identify(src/my_robot_arm_moveit_config) by extensions ['ros']
[0.455s] Level 1:colcon.colcon_core.package_identification:_identify(src/my_robot_arm_moveit_config) by extension 'ros'
[0.456s] DEBUG:colcon.colcon_core.package_identification:Package 'src/my_robot_arm_moveit_config' with type 'ros.ament_python' and name 'my_robot_arm_moveit_config'
[0.456s] Level 1:colcon.colcon_core.package_identification:_identify(src/my_robot_arm_pick_place) by extensions ['ignore', 'ignore_ament_install']
[0.456s] Level 1:colcon.colcon_core.package_identification:_identify(src/my_robot_arm_pick_place) by extension 'ignore'
[0.456s] Level 1:colcon.colcon_core.package_identification:_identify(src/my_robot_arm_pick_place) by extension 'ignore_ament_install'
[0.457s] Level 1:colcon.colcon_core.package_identification:_identify(src/my_robot_arm_pick_place) by extensions ['colcon_pkg']
[0.457s] Level 1:colcon.colcon_core.package_identification:_identify(src/my_robot_arm_pick_place) by extension 'colcon_pkg'
[0.457s] Level 1:colcon.colcon_core.package_identification:_identify(src/my_robot_arm_pick_place) by extensions ['colcon_meta']
[0.457s] Level 1:colcon.colcon_core.package_identification:_identify(src/my_robot_arm_pick_place) by extension 'colcon_meta'
[0.457s] Level 1:colcon.colcon_core.package_identification:_identify(src/my_robot_arm_pick_place) by extensions ['ros']
[0.457s] Level 1:colcon.colcon_core.package_identification:_identify(src/my_robot_arm_pick_place) by extension 'ros'
[0.459s] DEBUG:colcon.colcon_core.package_identification:Package 'src/my_robot_arm_pick_place' with type 'ros.ament_python' and name 'my_robot_arm_pick_place'
[0.459s] Level 1:colcon.colcon_core.package_identification:_identify(src/my_robot_description) by extensions ['ignore', 'ignore_ament_install']
[0.459s] Level 1:colcon.colcon_core.package_identification:_identify(src/my_robot_description) by extension 'ignore'
[0.459s] Level 1:colcon.colcon_core.package_identification:_identify(src/my_robot_description) by extension 'ignore_ament_install'
[0.460s] Level 1:colcon.colcon_core.package_identification:_identify(src/my_robot_description) by extensions ['colcon_pkg']
[0.460s] Level 1:colcon.colcon_core.package_identification:_identify(src/my_robot_description) by extension 'colcon_pkg'
[0.460s] Level 1:colcon.colcon_core.package_identification:_identify(src/my_robot_description) by extensions ['colcon_meta']
[0.460s] Level 1:colcon.colcon_core.package_identification:_identify(src/my_robot_description) by extension 'colcon_meta'
[0.460s] Level 1:colcon.colcon_core.package_identification:_identify(src/my_robot_description) by extensions ['ros']
[0.460s] Level 1:colcon.colcon_core.package_identification:_identify(src/my_robot_description) by extension 'ros'
[0.461s] DEBUG:colcon.colcon_core.package_identification:Package 'src/my_robot_description' with type 'ros.ament_python' and name 'my_robot_description'
[0.461s] Level 1:colcon.colcon_core.package_identification:_identify(src/my_service) by extensions ['ignore', 'ignore_ament_install']
[0.462s] Level 1:colcon.colcon_core.package_identification:_identify(src/my_service) by extension 'ignore'
[0.462s] Level 1:colcon.colcon_core.package_identification:_identify(src/my_service) by extension 'ignore_ament_install'
[0.462s] Level 1:colcon.colcon_core.package_identification:_identify(src/my_service) by extensions ['colcon_pkg']
[0.462s] Level 1:colcon.colcon_core.package_identification:_identify(src/my_service) by extension 'colcon_pkg'
[0.462s] Level 1:colcon.colcon_core.package_identification:_identify(src/my_service) by extensions ['colcon_meta']
[0.462s] Level 1:colcon.colcon_core.package_identification:_identify(src/my_service) by extension 'colcon_meta'
[0.462s] Level 1:colcon.colcon_core.package_identification:_identify(src/my_service) by extensions ['ros']
[0.463s] Level 1:colcon.colcon_core.package_identification:_identify(src/my_service) by extension 'ros'
[0.464s] DEBUG:colcon.colcon_core.package_identification:Package 'src/my_service' with type 'ros.ament_python' and name 'my_service'
[0.464s] Level 1:colcon.colcon_core.package_discovery:discover_packages(recursive) using defaults
[0.464s] Level 1:colcon.colcon_core.package_discovery:discover_packages(ignore) discover
[0.464s] Level 1:colcon.colcon_core.package_discovery:discover_packages(ignore) using defaults
[0.464s] Level 1:colcon.colcon_core.package_discovery:discover_packages(path) discover
[0.464s] Level 1:colcon.colcon_core.package_discovery:discover_packages(path) using defaults
[0.508s] INFO:colcon.colcon_core.package_selection:Skipping not selected package 'my_robot' in 'src/my_robot'
[0.508s] INFO:colcon.colcon_core.package_selection:Skipping not selected package 'my_robot_arm_description' in 'src/my_robot_arm_description'
[0.509s] INFO:colcon.colcon_core.package_selection:Skipping not selected package 'my_robot_description' in 'src/my_robot_description'
[0.509s] INFO:colcon.colcon_core.package_selection:Skipping not selected package 'my_service' in 'src/my_service'
[0.509s] INFO:colcon.colcon_core.package_selection:Skipping not selected package 'my_robot_arm_control' in 'src/my_robot_arm_control'
[0.509s] INFO:colcon.colcon_core.package_selection:Skipping not selected package 'my_robot_arm_gazebo' in 'src/my_robot_arm_gazebo'
[0.509s] INFO:colcon.colcon_core.package_selection:Skipping not selected package 'my_robot_arm_pick_place' in 'src/my_robot_arm_pick_place'
[0.510s] Level 1:colcon.colcon_core.package_discovery:discover_packages(prefix_path) check parameters
[0.510s] Level 1:colcon.colcon_core.package_discovery:discover_packages(prefix_path) discover
[0.518s] DEBUG:colcon.colcon_installed_package_information.package_discovery:Found 423 installed packages in /opt/ros/jazzy
[0.521s] Level 1:colcon.colcon_core.package_discovery:discover_packages(prefix_path) using defaults
[0.660s] Level 5:colcon.colcon_core.verb:set package 'my_robot_arm_moveit_config' build argument 'cmake_args' from command line to 'None'
[0.660s] Level 5:colcon.colcon_core.verb:set package 'my_robot_arm_moveit_config' build argument 'cmake_target' from command line to 'None'
[0.661s] Level 5:colcon.colcon_core.verb:set package 'my_robot_arm_moveit_config' build argument 'cmake_target_skip_unavailable' from command line to 'False'
[0.661s] Level 5:colcon.colcon_core.verb:set package 'my_robot_arm_moveit_config' build argument 'cmake_clean_cache' from command line to 'False'
[0.661s] Level 5:colcon.colcon_core.verb:set package 'my_robot_arm_moveit_config' build argument 'cmake_clean_first' from command line to 'False'
[0.661s] Level 5:colcon.colcon_core.verb:set package 'my_robot_arm_moveit_config' build argument 'cmake_force_configure' from command line to 'False'
[0.661s] Level 5:colcon.colcon_core.verb:set package 'my_robot_arm_moveit_config' build argument 'ament_cmake_args' from command line to 'None'
[0.661s] Level 5:colcon.colcon_core.verb:set package 'my_robot_arm_moveit_config' build argument 'catkin_cmake_args' from command line to 'None'
[0.661s] Level 5:colcon.colcon_core.verb:set package 'my_robot_arm_moveit_config' build argument 'catkin_skip_building_tests' from command line to 'False'
[0.661s] DEBUG:colcon.colcon_core.verb:Building package 'my_robot_arm_moveit_config' with the following arguments: {'ament_cmake_args': None, 'build_base': '/home/ddd/ros2_ws/build/my_robot_arm_moveit_config', 'catkin_cmake_args': None, 'catkin_skip_building_tests': False, 'cmake_args': None, 'cmake_clean_cache': False, 'cmake_clean_first': False, 'cmake_force_configure': False, 'cmake_target': None, 'cmake_target_skip_unavailable': False, 'install_base': '/home/ddd/ros2_ws/install/my_robot_arm_moveit_config', 'merge_install': False, 'path': '/home/ddd/ros2_ws/src/my_robot_arm_moveit_config', 'symlink_install': True, 'test_result_base': None}
[0.661s] INFO:colcon.colcon_core.executor:Executing jobs using 'parallel' executor
[0.663s] DEBUG:colcon.colcon_parallel_executor.executor.parallel:run_until_complete
[0.664s] INFO:colcon.colcon_ros.task.ament_python.build:Building ROS package in '/home/ddd/ros2_ws/src/my_robot_arm_moveit_config' with build type 'ament_python'
[0.664s] Level 1:colcon.colcon_core.shell:create_environment_hook('my_robot_arm_moveit_config', 'ament_prefix_path')
[0.668s] INFO:colcon.colcon_core.plugin_system:Skipping extension 'colcon_core.shell.bat': Not used on non-Windows systems
[0.669s] INFO:colcon.colcon_core.shell:Creating environment hook '/home/ddd/ros2_ws/install/my_robot_arm_moveit_config/share/my_robot_arm_moveit_config/hook/ament_prefix_path.ps1'
[0.670s] INFO:colcon.colcon_core.shell:Creating environment descriptor '/home/ddd/ros2_ws/install/my_robot_arm_moveit_config/share/my_robot_arm_moveit_config/hook/ament_prefix_path.dsv'
[0.671s] INFO:colcon.colcon_core.shell:Creating environment hook '/home/ddd/ros2_ws/install/my_robot_arm_moveit_config/share/my_robot_arm_moveit_config/hook/ament_prefix_path.sh'
[0.673s] INFO:colcon.colcon_core.shell:Skip shell extension 'powershell' for command environment: Not usable outside of PowerShell
[0.673s] DEBUG:colcon.colcon_core.shell:Skip shell extension 'dsv' for command environment
[1.256s] INFO:colcon.colcon_core.task.python.build:Building Python package in '/home/ddd/ros2_ws/src/my_robot_arm_moveit_config'
[1.257s] INFO:colcon.colcon_core.shell:Skip shell extension 'powershell' for command environment: Not usable outside of PowerShell
[1.257s] DEBUG:colcon.colcon_core.shell:Skip shell extension 'dsv' for command environment
[2.862s] DEBUG:colcon.colcon_core.task.python.build:Available setuptools commands: dist_info, egg_info, build_py, bdist_wheel, extract_messages, install_egg_info, upload_docs, init_catalog, rotate, build_scripts, install, build_ext, bdist_dumb, develop, saveopts, install_data, upload, alias, editable_wheel, install_headers, bdist, clean, update_catalog, build, sdist, install_scripts, symlink_data, test, compile_catalog, bdist_egg, easy_install, bdist_rpm, check, build_clib, register, setopt, install_lib
[3.755s] DEBUG:colcon.colcon_core.task.python.build:Available setuptools 'develop' options: --no-deps, --upgrade, --version, --no-user-cfg, --egg-path, --quiet, --record, --script-dir, --local-snapshots-ok, --multi-version, --exclude-scripts, --allow-hosts, --always-copy, --verbose, --uninstall, --editable, --zip-ok, --install-layout, --dry-run, --optimize, --find-links, --no-find-links, --install-dir, --index-url, --user, --force-installation-into-system-dir, --build-directory, --help, --prefix, --always-unzip, --site-dirs
[3.761s] DEBUG:colcon.colcon_core.event_handler.log_command:Invoking command in '/home/ddd/ros2_ws/build/my_robot_arm_moveit_config': AMENT_PREFIX_PATH=/home/ddd/ros2_ws/install/my_robot_arm_control:/home/ddd/ros2_ws/install/my_robot_arm_description:${AMENT_PREFIX_PATH} DEBUGINFOD_URLS=https://debuginfod.ubuntu.com PYTHONPATH=/home/ddd/ros2_ws/build/my_robot_arm_moveit_config/prefix_override:/usr/lib/python3/dist-packages/colcon_core/task/python/colcon_distutils_commands:/home/ddd/ros2_ws/install/my_robot_arm_moveit_config/lib/python3.12/site-packages:/home/ddd/ros2_ws/build/my_robot_arm_control:/home/ddd/ros2_ws/install/my_robot_arm_control/lib/python3.12/site-packages:/home/ddd/ros2_ws/build/my_robot_arm_description:/home/ddd/ros2_ws/install/my_robot_arm_description/lib/python3.12/site-packages:${PYTHONPATH} /usr/bin/python3 -W ignore:setup.py install is deprecated -W ignore:easy_install command is deprecated setup.py develop --editable --build-directory /home/ddd/ros2_ws/build/my_robot_arm_moveit_config/build --no-deps symlink_data
[4.801s] Level 1:colcon.colcon_core.shell:create_environment_hook('my_robot_arm_moveit_config', 'pythonpath_develop')
[4.802s] INFO:colcon.colcon_core.shell:Creating environment hook '/home/ddd/ros2_ws/build/my_robot_arm_moveit_config/share/my_robot_arm_moveit_config/hook/pythonpath_develop.ps1'
[4.803s] DEBUG:colcon.colcon_core.event_handler.log_command:Invoked command in '/home/ddd/ros2_ws/build/my_robot_arm_moveit_config' returned '0': AMENT_PREFIX_PATH=/home/ddd/ros2_ws/install/my_robot_arm_control:/home/ddd/ros2_ws/install/my_robot_arm_description:${AMENT_PREFIX_PATH} DEBUGINFOD_URLS=https://debuginfod.ubuntu.com PYTHONPATH=/home/ddd/ros2_ws/build/my_robot_arm_moveit_config/prefix_override:/usr/lib/python3/dist-packages/colcon_core/task/python/colcon_distutils_commands:/home/ddd/ros2_ws/install/my_robot_arm_moveit_config/lib/python3.12/site-packages:/home/ddd/ros2_ws/build/my_robot_arm_control:/home/ddd/ros2_ws/install/my_robot_arm_control/lib/python3.12/site-packages:/home/ddd/ros2_ws/build/my_robot_arm_description:/home/ddd/ros2_ws/install/my_robot_arm_description/lib/python3.12/site-packages:${PYTHONPATH} /usr/bin/python3 -W ignore:setup.py install is deprecated -W ignore:easy_install command is deprecated setup.py develop --editable --build-directory /home/ddd/ros2_ws/build/my_robot_arm_moveit_config/build --no-deps symlink_data
[4.803s] INFO:colcon.colcon_core.shell:Creating environment descriptor '/home/ddd/ros2_ws/build/my_robot_arm_moveit_config/share/my_robot_arm_moveit_config/hook/pythonpath_develop.dsv'
[4.803s] INFO:colcon.colcon_core.shell:Creating environment hook '/home/ddd/ros2_ws/build/my_robot_arm_moveit_config/share/my_robot_arm_moveit_config/hook/pythonpath_develop.sh'
[4.806s] Level 1:colcon.colcon_core.environment:checking '/home/ddd/ros2_ws/install/my_robot_arm_moveit_config' for CMake module files
[4.806s] Level 1:colcon.colcon_core.environment:checking '/home/ddd/ros2_ws/install/my_robot_arm_moveit_config' for CMake config files
[4.807s] Level 1:colcon.colcon_core.environment:checking '/home/ddd/ros2_ws/install/my_robot_arm_moveit_config/lib'
[4.807s] Level 1:colcon.colcon_core.environment:checking '/home/ddd/ros2_ws/install/my_robot_arm_moveit_config/bin'
[4.807s] Level 1:colcon.colcon_core.environment:checking '/home/ddd/ros2_ws/install/my_robot_arm_moveit_config/lib/pkgconfig/my_robot_arm_moveit_config.pc'
[4.807s] Level 1:colcon.colcon_core.environment:checking '/home/ddd/ros2_ws/install/my_robot_arm_moveit_config/lib/python3.12/site-packages'
[4.807s] Level 1:colcon.colcon_core.shell:create_environment_hook('my_robot_arm_moveit_config', 'pythonpath')
[4.808s] INFO:colcon.colcon_core.shell:Creating environment hook '/home/ddd/ros2_ws/install/my_robot_arm_moveit_config/share/my_robot_arm_moveit_config/hook/pythonpath.ps1'
[4.808s] INFO:colcon.colcon_core.shell:Creating environment descriptor '/home/ddd/ros2_ws/install/my_robot_arm_moveit_config/share/my_robot_arm_moveit_config/hook/pythonpath.dsv'
[4.808s] INFO:colcon.colcon_core.shell:Creating environment hook '/home/ddd/ros2_ws/install/my_robot_arm_moveit_config/share/my_robot_arm_moveit_config/hook/pythonpath.sh'
[4.809s] Level 1:colcon.colcon_core.environment:checking '/home/ddd/ros2_ws/install/my_robot_arm_moveit_config/bin'
[4.809s] Level 1:colcon.colcon_core.environment:create_environment_scripts_only(my_robot_arm_moveit_config)
[4.810s] INFO:colcon.colcon_core.shell:Creating package script '/home/ddd/ros2_ws/install/my_robot_arm_moveit_config/share/my_robot_arm_moveit_config/package.ps1'
[4.811s] INFO:colcon.colcon_core.shell:Creating package descriptor '/home/ddd/ros2_ws/install/my_robot_arm_moveit_config/share/my_robot_arm_moveit_config/package.dsv'
[4.811s] INFO:colcon.colcon_core.shell:Creating package script '/home/ddd/ros2_ws/install/my_robot_arm_moveit_config/share/my_robot_arm_moveit_config/package.sh'
[4.812s] INFO:colcon.colcon_core.shell:Creating package script '/home/ddd/ros2_ws/install/my_robot_arm_moveit_config/share/my_robot_arm_moveit_config/package.bash'
[4.813s] INFO:colcon.colcon_core.shell:Creating package script '/home/ddd/ros2_ws/install/my_robot_arm_moveit_config/share/my_robot_arm_moveit_config/package.zsh'
[4.813s] Level 1:colcon.colcon_core.environment:create_file_with_runtime_dependencies(/home/ddd/ros2_ws/install/my_robot_arm_moveit_config/share/colcon-core/packages/my_robot_arm_moveit_config)
[4.814s] DEBUG:colcon.colcon_parallel_executor.executor.parallel:closing loop
[4.814s] DEBUG:colcon.colcon_parallel_executor.executor.parallel:loop closed
[4.814s] DEBUG:colcon.colcon_parallel_executor.executor.parallel:run_until_complete finished with '0'
[4.814s] DEBUG:colcon.colcon_core.event_reactor:joining thread
[4.819s] INFO:colcon.colcon_core.plugin_system:Skipping extension 'colcon_notification.desktop_notification.terminal_notifier': Not used on non-Darwin systems
[4.820s] INFO:colcon.colcon_core.plugin_system:Skipping extension 'colcon_notification.desktop_notification.win32': Not used on non-Windows systems
[4.820s] INFO:colcon.colcon_notification.desktop_notification:Sending desktop notification using 'notify2'
[4.833s] DEBUG:colcon.colcon_core.event_reactor:joined thread
[4.834s] INFO:colcon.colcon_core.shell:Creating prefix script '/home/ddd/ros2_ws/install/local_setup.ps1'
[4.835s] INFO:colcon.colcon_core.shell:Creating prefix util module '/home/ddd/ros2_ws/install/_local_setup_util_ps1.py'
[4.835s] INFO:colcon.colcon_core.shell:Creating prefix chain script '/home/ddd/ros2_ws/install/setup.ps1'
[4.837s] INFO:colcon.colcon_core.shell:Creating prefix script '/home/ddd/ros2_ws/install/local_setup.sh'
[4.837s] INFO:colcon.colcon_core.shell:Creating prefix util module '/home/ddd/ros2_ws/install/_local_setup_util_sh.py'
[4.838s] INFO:colcon.colcon_core.shell:Creating prefix chain script '/home/ddd/ros2_ws/install/setup.sh'
[4.838s] INFO:colcon.colcon_core.shell:Creating prefix script '/home/ddd/ros2_ws/install/local_setup.bash'
[4.839s] INFO:colcon.colcon_core.shell:Creating prefix chain script '/home/ddd/ros2_ws/install/setup.bash'
[4.840s] INFO:colcon.colcon_core.shell:Creating prefix script '/home/ddd/ros2_ws/install/local_setup.zsh'
[4.840s] INFO:colcon.colcon_core.shell:Creating prefix chain script '/home/ddd/ros2_ws/install/setup.zsh'
