[0.261s] DEBUG:colcon:Command line arguments: ['/usr/bin/colcon', 'build', '--packages-select', 'my_robot_arm_pick_place', '--symlink-install']
[0.261s] DEBUG:colcon:Parsed command line arguments: Namespace(log_base=None, log_level=None, verb_name='build', build_base='build', install_base='install', merge_install=False, symlink_install=True, test_result_base=None, continue_on_error=False, executor='parallel', parallel_workers=16, event_handlers=None, ignore_user_meta=False, metas=['./colcon.meta'], base_paths=['.'], packages_ignore=None, packages_ignore_regex=None, paths=None, packages_up_to=None, packages_up_to_regex=None, packages_above=None, packages_above_and_dependencies=None, packages_above_depth=None, packages_select_by_dep=None, packages_skip_by_dep=None, packages_skip_up_to=None, packages_select_build_failed=False, packages_skip_build_finished=False, packages_select_test_failures=False, packages_skip_test_passed=False, packages_select=['my_robot_arm_pick_place'], packages_skip=None, packages_select_regex=None, packages_skip_regex=None, packages_start=None, packages_end=None, allow_overriding=[], cmake_args=None, cmake_target=None, cmake_target_skip_unavailable=False, cmake_clean_cache=False, cmake_clean_first=False, cmake_force_configure=False, ament_cmake_args=None, catkin_cmake_args=None, catkin_skip_building_tests=False, verb_parser=<colcon_defaults.argument_parser.defaults.DefaultArgumentsDecorator object at 0x755af156b590>, verb_extension=<colcon_core.verb.build.BuildVerb object at 0x755af16b4290>, main=<bound method BuildVerb.main of <colcon_core.verb.build.BuildVerb object at 0x755af16b4290>>)
[0.355s] Level 1:colcon.colcon_core.package_discovery:discover_packages(colcon_meta) check parameters
[0.355s] Level 1:colcon.colcon_core.package_discovery:discover_packages(recursive) check parameters
[0.355s] Level 1:colcon.colcon_core.package_discovery:discover_packages(ignore) check parameters
[0.355s] Level 1:colcon.colcon_core.package_discovery:discover_packages(path) check parameters
[0.355s] Level 1:colcon.colcon_core.package_discovery:discover_packages(colcon_meta) discover
[0.355s] Level 1:colcon.colcon_core.package_discovery:discover_packages(recursive) discover
[0.356s] INFO:colcon.colcon_core.package_discovery:Crawling recursively for packages in '/home/ddd/ros2_ws'
[0.356s] Level 1:colcon.colcon_core.package_identification:_identify(.) by extensions ['ignore', 'ignore_ament_install']
[0.356s] Level 1:colcon.colcon_core.package_identification:_identify(.) by extension 'ignore'
[0.356s] Level 1:colcon.colcon_core.package_identification:_identify(.) by extension 'ignore_ament_install'
[0.356s] Level 1:colcon.colcon_core.package_identification:_identify(.) by extensions ['colcon_pkg']
[0.356s] Level 1:colcon.colcon_core.package_identification:_identify(.) by extension 'colcon_pkg'
[0.357s] Level 1:colcon.colcon_core.package_identification:_identify(.) by extensions ['colcon_meta']
[0.357s] Level 1:colcon.colcon_core.package_identification:_identify(.) by extension 'colcon_meta'
[0.357s] Level 1:colcon.colcon_core.package_identification:_identify(.) by extensions ['ros']
[0.357s] Level 1:colcon.colcon_core.package_identification:_identify(.) by extension 'ros'
[0.413s] Level 1:colcon.colcon_core.package_identification:_identify(.) by extensions ['cmake', 'python']
[0.413s] Level 1:colcon.colcon_core.package_identification:_identify(.) by extension 'cmake'
[0.413s] Level 1:colcon.colcon_core.package_identification:_identify(.) by extension 'python'
[0.413s] Level 1:colcon.colcon_core.package_identification:_identify(.) by extensions ['python_setup_py']
[0.413s] Level 1:colcon.colcon_core.package_identification:_identify(.) by extension 'python_setup_py'
[0.413s] Level 1:colcon.colcon_core.package_identification:_identify(build) by extensions ['ignore', 'ignore_ament_install']
[0.414s] Level 1:colcon.colcon_core.package_identification:_identify(build) by extension 'ignore'
[0.414s] Level 1:colcon.colcon_core.package_identification:_identify(build) ignored
[0.414s] Level 1:colcon.colcon_core.package_identification:_identify(install) by extensions ['ignore', 'ignore_ament_install']
[0.414s] Level 1:colcon.colcon_core.package_identification:_identify(install) by extension 'ignore'
[0.414s] Level 1:colcon.colcon_core.package_identification:_identify(install) ignored
[0.415s] Level 1:colcon.colcon_core.package_identification:_identify(log) by extensions ['ignore', 'ignore_ament_install']
[0.415s] Level 1:colcon.colcon_core.package_identification:_identify(log) by extension 'ignore'
[0.415s] Level 1:colcon.colcon_core.package_identification:_identify(log) ignored
[0.415s] Level 1:colcon.colcon_core.package_identification:_identify(src) by extensions ['ignore', 'ignore_ament_install']
[0.415s] Level 1:colcon.colcon_core.package_identification:_identify(src) by extension 'ignore'
[0.415s] Level 1:colcon.colcon_core.package_identification:_identify(src) by extension 'ignore_ament_install'
[0.416s] Level 1:colcon.colcon_core.package_identification:_identify(src) by extensions ['colcon_pkg']
[0.416s] Level 1:colcon.colcon_core.package_identification:_identify(src) by extension 'colcon_pkg'
[0.416s] Level 1:colcon.colcon_core.package_identification:_identify(src) by extensions ['colcon_meta']
[0.416s] Level 1:colcon.colcon_core.package_identification:_identify(src) by extension 'colcon_meta'
[0.416s] Level 1:colcon.colcon_core.package_identification:_identify(src) by extensions ['ros']
[0.416s] Level 1:colcon.colcon_core.package_identification:_identify(src) by extension 'ros'
[0.416s] Level 1:colcon.colcon_core.package_identification:_identify(src) by extensions ['cmake', 'python']
[0.416s] Level 1:colcon.colcon_core.package_identification:_identify(src) by extension 'cmake'
[0.416s] Level 1:colcon.colcon_core.package_identification:_identify(src) by extension 'python'
[0.417s] Level 1:colcon.colcon_core.package_identification:_identify(src) by extensions ['python_setup_py']
[0.417s] Level 1:colcon.colcon_core.package_identification:_identify(src) by extension 'python_setup_py'
[0.417s] Level 1:colcon.colcon_core.package_identification:_identify(src/build) by extensions ['ignore', 'ignore_ament_install']
[0.417s] Level 1:colcon.colcon_core.package_identification:_identify(src/build) by extension 'ignore'
[0.417s] Level 1:colcon.colcon_core.package_identification:_identify(src/build) ignored
[0.417s] Level 1:colcon.colcon_core.package_identification:_identify(src/install) by extensions ['ignore', 'ignore_ament_install']
[0.418s] Level 1:colcon.colcon_core.package_identification:_identify(src/install) by extension 'ignore'
[0.418s] Level 1:colcon.colcon_core.package_identification:_identify(src/install) ignored
[0.418s] Level 1:colcon.colcon_core.package_identification:_identify(src/log) by extensions ['ignore', 'ignore_ament_install']
[0.418s] Level 1:colcon.colcon_core.package_identification:_identify(src/log) by extension 'ignore'
[0.418s] Level 1:colcon.colcon_core.package_identification:_identify(src/log) ignored
[0.419s] Level 1:colcon.colcon_core.package_identification:_identify(src/my_robot) by extensions ['ignore', 'ignore_ament_install']
[0.419s] Level 1:colcon.colcon_core.package_identification:_identify(src/my_robot) by extension 'ignore'
[0.419s] Level 1:colcon.colcon_core.package_identification:_identify(src/my_robot) by extension 'ignore_ament_install'
[0.419s] Level 1:colcon.colcon_core.package_identification:_identify(src/my_robot) by extensions ['colcon_pkg']
[0.419s] Level 1:colcon.colcon_core.package_identification:_identify(src/my_robot) by extension 'colcon_pkg'
[0.419s] Level 1:colcon.colcon_core.package_identification:_identify(src/my_robot) by extensions ['colcon_meta']
[0.419s] Level 1:colcon.colcon_core.package_identification:_identify(src/my_robot) by extension 'colcon_meta'
[0.419s] Level 1:colcon.colcon_core.package_identification:_identify(src/my_robot) by extensions ['ros']
[0.419s] Level 1:colcon.colcon_core.package_identification:_identify(src/my_robot) by extension 'ros'
[0.426s] DEBUG:colcon.colcon_core.package_identification:Package 'src/my_robot' with type 'ros.ament_python' and name 'my_robot'
[0.426s] Level 1:colcon.colcon_core.package_identification:_identify(src/my_robot_arm_control) by extensions ['ignore', 'ignore_ament_install']
[0.426s] Level 1:colcon.colcon_core.package_identification:_identify(src/my_robot_arm_control) by extension 'ignore'
[0.426s] Level 1:colcon.colcon_core.package_identification:_identify(src/my_robot_arm_control) by extension 'ignore_ament_install'
[0.427s] Level 1:colcon.colcon_core.package_identification:_identify(src/my_robot_arm_control) by extensions ['colcon_pkg']
[0.427s] Level 1:colcon.colcon_core.package_identification:_identify(src/my_robot_arm_control) by extension 'colcon_pkg'
[0.427s] Level 1:colcon.colcon_core.package_identification:_identify(src/my_robot_arm_control) by extensions ['colcon_meta']
[0.427s] Level 1:colcon.colcon_core.package_identification:_identify(src/my_robot_arm_control) by extension 'colcon_meta'
[0.427s] Level 1:colcon.colcon_core.package_identification:_identify(src/my_robot_arm_control) by extensions ['ros']
[0.427s] Level 1:colcon.colcon_core.package_identification:_identify(src/my_robot_arm_control) by extension 'ros'
[0.428s] DEBUG:colcon.colcon_core.package_identification:Package 'src/my_robot_arm_control' with type 'ros.ament_python' and name 'my_robot_arm_control'
[0.429s] Level 1:colcon.colcon_core.package_identification:_identify(src/my_robot_arm_description) by extensions ['ignore', 'ignore_ament_install']
[0.429s] Level 1:colcon.colcon_core.package_identification:_identify(src/my_robot_arm_description) by extension 'ignore'
[0.429s] Level 1:colcon.colcon_core.package_identification:_identify(src/my_robot_arm_description) by extension 'ignore_ament_install'
[0.429s] Level 1:colcon.colcon_core.package_identification:_identify(src/my_robot_arm_description) by extensions ['colcon_pkg']
[0.429s] Level 1:colcon.colcon_core.package_identification:_identify(src/my_robot_arm_description) by extension 'colcon_pkg'
[0.429s] Level 1:colcon.colcon_core.package_identification:_identify(src/my_robot_arm_description) by extensions ['colcon_meta']
[0.429s] Level 1:colcon.colcon_core.package_identification:_identify(src/my_robot_arm_description) by extension 'colcon_meta'
[0.429s] Level 1:colcon.colcon_core.package_identification:_identify(src/my_robot_arm_description) by extensions ['ros']
[0.429s] Level 1:colcon.colcon_core.package_identification:_identify(src/my_robot_arm_description) by extension 'ros'
[0.431s] DEBUG:colcon.colcon_core.package_identification:Package 'src/my_robot_arm_description' with type 'ros.ament_python' and name 'my_robot_arm_description'
[0.431s] Level 1:colcon.colcon_core.package_identification:_identify(src/my_robot_arm_gazebo) by extensions ['ignore', 'ignore_ament_install']
[0.431s] Level 1:colcon.colcon_core.package_identification:_identify(src/my_robot_arm_gazebo) by extension 'ignore'
[0.431s] Level 1:colcon.colcon_core.package_identification:_identify(src/my_robot_arm_gazebo) by extension 'ignore_ament_install'
[0.431s] Level 1:colcon.colcon_core.package_identification:_identify(src/my_robot_arm_gazebo) by extensions ['colcon_pkg']
[0.431s] Level 1:colcon.colcon_core.package_identification:_identify(src/my_robot_arm_gazebo) by extension 'colcon_pkg'
[0.432s] Level 1:colcon.colcon_core.package_identification:_identify(src/my_robot_arm_gazebo) by extensions ['colcon_meta']
[0.432s] Level 1:colcon.colcon_core.package_identification:_identify(src/my_robot_arm_gazebo) by extension 'colcon_meta'
[0.432s] Level 1:colcon.colcon_core.package_identification:_identify(src/my_robot_arm_gazebo) by extensions ['ros']
[0.432s] Level 1:colcon.colcon_core.package_identification:_identify(src/my_robot_arm_gazebo) by extension 'ros'
[0.433s] DEBUG:colcon.colcon_core.package_identification:Package 'src/my_robot_arm_gazebo' with type 'ros.ament_python' and name 'my_robot_arm_gazebo'
[0.433s] Level 1:colcon.colcon_core.package_identification:_identify(src/my_robot_arm_moveit_config) by extensions ['ignore', 'ignore_ament_install']
[0.434s] Level 1:colcon.colcon_core.package_identification:_identify(src/my_robot_arm_moveit_config) by extension 'ignore'
[0.434s] Level 1:colcon.colcon_core.package_identification:_identify(src/my_robot_arm_moveit_config) by extension 'ignore_ament_install'
[0.434s] Level 1:colcon.colcon_core.package_identification:_identify(src/my_robot_arm_moveit_config) by extensions ['colcon_pkg']
[0.434s] Level 1:colcon.colcon_core.package_identification:_identify(src/my_robot_arm_moveit_config) by extension 'colcon_pkg'
[0.434s] Level 1:colcon.colcon_core.package_identification:_identify(src/my_robot_arm_moveit_config) by extensions ['colcon_meta']
[0.434s] Level 1:colcon.colcon_core.package_identification:_identify(src/my_robot_arm_moveit_config) by extension 'colcon_meta'
[0.434s] Level 1:colcon.colcon_core.package_identification:_identify(src/my_robot_arm_moveit_config) by extensions ['ros']
[0.434s] Level 1:colcon.colcon_core.package_identification:_identify(src/my_robot_arm_moveit_config) by extension 'ros'
[0.435s] DEBUG:colcon.colcon_core.package_identification:Package 'src/my_robot_arm_moveit_config' with type 'ros.ament_python' and name 'my_robot_arm_moveit_config'
[0.436s] Level 1:colcon.colcon_core.package_identification:_identify(src/my_robot_arm_pick_place) by extensions ['ignore', 'ignore_ament_install']
[0.436s] Level 1:colcon.colcon_core.package_identification:_identify(src/my_robot_arm_pick_place) by extension 'ignore'
[0.436s] Level 1:colcon.colcon_core.package_identification:_identify(src/my_robot_arm_pick_place) by extension 'ignore_ament_install'
[0.436s] Level 1:colcon.colcon_core.package_identification:_identify(src/my_robot_arm_pick_place) by extensions ['colcon_pkg']
[0.436s] Level 1:colcon.colcon_core.package_identification:_identify(src/my_robot_arm_pick_place) by extension 'colcon_pkg'
[0.436s] Level 1:colcon.colcon_core.package_identification:_identify(src/my_robot_arm_pick_place) by extensions ['colcon_meta']
[0.437s] Level 1:colcon.colcon_core.package_identification:_identify(src/my_robot_arm_pick_place) by extension 'colcon_meta'
[0.437s] Level 1:colcon.colcon_core.package_identification:_identify(src/my_robot_arm_pick_place) by extensions ['ros']
[0.437s] Level 1:colcon.colcon_core.package_identification:_identify(src/my_robot_arm_pick_place) by extension 'ros'
[0.438s] DEBUG:colcon.colcon_core.package_identification:Package 'src/my_robot_arm_pick_place' with type 'ros.ament_python' and name 'my_robot_arm_pick_place'
[0.439s] Level 1:colcon.colcon_core.package_identification:_identify(src/my_robot_description) by extensions ['ignore', 'ignore_ament_install']
[0.439s] Level 1:colcon.colcon_core.package_identification:_identify(src/my_robot_description) by extension 'ignore'
[0.439s] Level 1:colcon.colcon_core.package_identification:_identify(src/my_robot_description) by extension 'ignore_ament_install'
[0.439s] Level 1:colcon.colcon_core.package_identification:_identify(src/my_robot_description) by extensions ['colcon_pkg']
[0.439s] Level 1:colcon.colcon_core.package_identification:_identify(src/my_robot_description) by extension 'colcon_pkg'
[0.440s] Level 1:colcon.colcon_core.package_identification:_identify(src/my_robot_description) by extensions ['colcon_meta']
[0.440s] Level 1:colcon.colcon_core.package_identification:_identify(src/my_robot_description) by extension 'colcon_meta'
[0.440s] Level 1:colcon.colcon_core.package_identification:_identify(src/my_robot_description) by extensions ['ros']
[0.440s] Level 1:colcon.colcon_core.package_identification:_identify(src/my_robot_description) by extension 'ros'
[0.441s] DEBUG:colcon.colcon_core.package_identification:Package 'src/my_robot_description' with type 'ros.ament_python' and name 'my_robot_description'
[0.441s] Level 1:colcon.colcon_core.package_identification:_identify(src/my_service) by extensions ['ignore', 'ignore_ament_install']
[0.442s] Level 1:colcon.colcon_core.package_identification:_identify(src/my_service) by extension 'ignore'
[0.442s] Level 1:colcon.colcon_core.package_identification:_identify(src/my_service) by extension 'ignore_ament_install'
[0.442s] Level 1:colcon.colcon_core.package_identification:_identify(src/my_service) by extensions ['colcon_pkg']
[0.442s] Level 1:colcon.colcon_core.package_identification:_identify(src/my_service) by extension 'colcon_pkg'
[0.442s] Level 1:colcon.colcon_core.package_identification:_identify(src/my_service) by extensions ['colcon_meta']
[0.442s] Level 1:colcon.colcon_core.package_identification:_identify(src/my_service) by extension 'colcon_meta'
[0.442s] Level 1:colcon.colcon_core.package_identification:_identify(src/my_service) by extensions ['ros']
[0.442s] Level 1:colcon.colcon_core.package_identification:_identify(src/my_service) by extension 'ros'
[0.443s] DEBUG:colcon.colcon_core.package_identification:Package 'src/my_service' with type 'ros.ament_python' and name 'my_service'
[0.443s] Level 1:colcon.colcon_core.package_discovery:discover_packages(recursive) using defaults
[0.443s] Level 1:colcon.colcon_core.package_discovery:discover_packages(ignore) discover
[0.443s] Level 1:colcon.colcon_core.package_discovery:discover_packages(ignore) using defaults
[0.443s] Level 1:colcon.colcon_core.package_discovery:discover_packages(path) discover
[0.444s] Level 1:colcon.colcon_core.package_discovery:discover_packages(path) using defaults
[0.488s] INFO:colcon.colcon_core.package_selection:Skipping not selected package 'my_robot' in 'src/my_robot'
[0.488s] INFO:colcon.colcon_core.package_selection:Skipping not selected package 'my_robot_arm_description' in 'src/my_robot_arm_description'
[0.488s] INFO:colcon.colcon_core.package_selection:Skipping not selected package 'my_robot_description' in 'src/my_robot_description'
[0.488s] INFO:colcon.colcon_core.package_selection:Skipping not selected package 'my_service' in 'src/my_service'
[0.488s] INFO:colcon.colcon_core.package_selection:Skipping not selected package 'my_robot_arm_control' in 'src/my_robot_arm_control'
[0.488s] INFO:colcon.colcon_core.package_selection:Skipping not selected package 'my_robot_arm_gazebo' in 'src/my_robot_arm_gazebo'
[0.488s] INFO:colcon.colcon_core.package_selection:Skipping not selected package 'my_robot_arm_moveit_config' in 'src/my_robot_arm_moveit_config'
[0.489s] Level 1:colcon.colcon_core.package_discovery:discover_packages(prefix_path) check parameters
[0.489s] Level 1:colcon.colcon_core.package_discovery:discover_packages(prefix_path) discover
[0.497s] DEBUG:colcon.colcon_installed_package_information.package_discovery:Found 423 installed packages in /opt/ros/jazzy
[0.501s] Level 1:colcon.colcon_core.package_discovery:discover_packages(prefix_path) using defaults
[0.637s] Level 5:colcon.colcon_core.verb:set package 'my_robot_arm_pick_place' build argument 'cmake_args' from command line to 'None'
[0.637s] Level 5:colcon.colcon_core.verb:set package 'my_robot_arm_pick_place' build argument 'cmake_target' from command line to 'None'
[0.637s] Level 5:colcon.colcon_core.verb:set package 'my_robot_arm_pick_place' build argument 'cmake_target_skip_unavailable' from command line to 'False'
[0.637s] Level 5:colcon.colcon_core.verb:set package 'my_robot_arm_pick_place' build argument 'cmake_clean_cache' from command line to 'False'
[0.637s] Level 5:colcon.colcon_core.verb:set package 'my_robot_arm_pick_place' build argument 'cmake_clean_first' from command line to 'False'
[0.637s] Level 5:colcon.colcon_core.verb:set package 'my_robot_arm_pick_place' build argument 'cmake_force_configure' from command line to 'False'
[0.638s] Level 5:colcon.colcon_core.verb:set package 'my_robot_arm_pick_place' build argument 'ament_cmake_args' from command line to 'None'
[0.638s] Level 5:colcon.colcon_core.verb:set package 'my_robot_arm_pick_place' build argument 'catkin_cmake_args' from command line to 'None'
[0.638s] Level 5:colcon.colcon_core.verb:set package 'my_robot_arm_pick_place' build argument 'catkin_skip_building_tests' from command line to 'False'
[0.638s] DEBUG:colcon.colcon_core.verb:Building package 'my_robot_arm_pick_place' with the following arguments: {'ament_cmake_args': None, 'build_base': '/home/ddd/ros2_ws/build/my_robot_arm_pick_place', 'catkin_cmake_args': None, 'catkin_skip_building_tests': False, 'cmake_args': None, 'cmake_clean_cache': False, 'cmake_clean_first': False, 'cmake_force_configure': False, 'cmake_target': None, 'cmake_target_skip_unavailable': False, 'install_base': '/home/ddd/ros2_ws/install/my_robot_arm_pick_place', 'merge_install': False, 'path': '/home/ddd/ros2_ws/src/my_robot_arm_pick_place', 'symlink_install': True, 'test_result_base': None}
[0.638s] INFO:colcon.colcon_core.executor:Executing jobs using 'parallel' executor
[0.640s] DEBUG:colcon.colcon_parallel_executor.executor.parallel:run_until_complete
[0.641s] INFO:colcon.colcon_ros.task.ament_python.build:Building ROS package in '/home/ddd/ros2_ws/src/my_robot_arm_pick_place' with build type 'ament_python'
[0.641s] Level 1:colcon.colcon_core.shell:create_environment_hook('my_robot_arm_pick_place', 'ament_prefix_path')
[0.645s] INFO:colcon.colcon_core.plugin_system:Skipping extension 'colcon_core.shell.bat': Not used on non-Windows systems
[0.645s] INFO:colcon.colcon_core.shell:Creating environment hook '/home/ddd/ros2_ws/install/my_robot_arm_pick_place/share/my_robot_arm_pick_place/hook/ament_prefix_path.ps1'
[0.647s] INFO:colcon.colcon_core.shell:Creating environment descriptor '/home/ddd/ros2_ws/install/my_robot_arm_pick_place/share/my_robot_arm_pick_place/hook/ament_prefix_path.dsv'
[0.647s] INFO:colcon.colcon_core.shell:Creating environment hook '/home/ddd/ros2_ws/install/my_robot_arm_pick_place/share/my_robot_arm_pick_place/hook/ament_prefix_path.sh'
[0.649s] INFO:colcon.colcon_core.shell:Skip shell extension 'powershell' for command environment: Not usable outside of PowerShell
[0.649s] DEBUG:colcon.colcon_core.shell:Skip shell extension 'dsv' for command environment
[1.211s] INFO:colcon.colcon_core.task.python.build:Building Python package in '/home/ddd/ros2_ws/src/my_robot_arm_pick_place'
[1.212s] INFO:colcon.colcon_core.shell:Skip shell extension 'powershell' for command environment: Not usable outside of PowerShell
[1.212s] DEBUG:colcon.colcon_core.shell:Skip shell extension 'dsv' for command environment
[2.761s] DEBUG:colcon.colcon_core.task.python.build:Available setuptools commands: symlink_data, rotate, editable_wheel, install_data, build_ext, check, install_scripts, test, bdist, bdist_dumb, extract_messages, bdist_rpm, upload, install_headers, sdist, build, bdist_egg, develop, build_scripts, egg_info, dist_info, bdist_wheel, install, build_clib, setopt, compile_catalog, clean, upload_docs, install_egg_info, saveopts, install_lib, easy_install, build_py, init_catalog, update_catalog, alias, register
[3.636s] DEBUG:colcon.colcon_core.task.python.build:Available setuptools 'develop' options: --no-find-links, --build-directory, --uninstall, --always-copy, --install-layout, --install-dir, --quiet, --record, --exclude-scripts, --always-unzip, --script-dir, --allow-hosts, --editable, --help, --find-links, --upgrade, --index-url, --no-user-cfg, --local-snapshots-ok, --prefix, --dry-run, --no-deps, --verbose, --site-dirs, --multi-version, --egg-path, --zip-ok, --optimize, --force-installation-into-system-dir, --user, --version
[3.642s] DEBUG:colcon.colcon_core.event_handler.log_command:Invoking command in '/home/ddd/ros2_ws/build/my_robot_arm_pick_place': AMENT_PREFIX_PATH=/home/ddd/ros2_ws/install/my_robot_arm_moveit_config:/home/ddd/ros2_ws/install/my_robot_arm_control:/home/ddd/ros2_ws/install/my_robot_arm_description:${AMENT_PREFIX_PATH} DEBUGINFOD_URLS=https://debuginfod.ubuntu.com PYTHONPATH=/home/ddd/ros2_ws/build/my_robot_arm_pick_place/prefix_override:/usr/lib/python3/dist-packages/colcon_core/task/python/colcon_distutils_commands:/home/ddd/ros2_ws/install/my_robot_arm_pick_place/lib/python3.12/site-packages:/home/ddd/ros2_ws/build/my_robot_arm_moveit_config:/home/ddd/ros2_ws/install/my_robot_arm_moveit_config/lib/python3.12/site-packages:/home/ddd/ros2_ws/build/my_robot_arm_control:/home/ddd/ros2_ws/install/my_robot_arm_control/lib/python3.12/site-packages:/home/ddd/ros2_ws/build/my_robot_arm_description:/home/ddd/ros2_ws/install/my_robot_arm_description/lib/python3.12/site-packages:${PYTHONPATH} /usr/bin/python3 -W ignore:setup.py install is deprecated -W ignore:easy_install command is deprecated setup.py develop --editable --build-directory /home/ddd/ros2_ws/build/my_robot_arm_pick_place/build --no-deps symlink_data
[5.210s] Level 1:colcon.colcon_core.shell:create_environment_hook('my_robot_arm_pick_place', 'pythonpath_develop')
[5.211s] INFO:colcon.colcon_core.shell:Creating environment hook '/home/ddd/ros2_ws/build/my_robot_arm_pick_place/share/my_robot_arm_pick_place/hook/pythonpath_develop.ps1'
[5.211s] DEBUG:colcon.colcon_core.event_handler.log_command:Invoked command in '/home/ddd/ros2_ws/build/my_robot_arm_pick_place' returned '0': AMENT_PREFIX_PATH=/home/ddd/ros2_ws/install/my_robot_arm_moveit_config:/home/ddd/ros2_ws/install/my_robot_arm_control:/home/ddd/ros2_ws/install/my_robot_arm_description:${AMENT_PREFIX_PATH} DEBUGINFOD_URLS=https://debuginfod.ubuntu.com PYTHONPATH=/home/ddd/ros2_ws/build/my_robot_arm_pick_place/prefix_override:/usr/lib/python3/dist-packages/colcon_core/task/python/colcon_distutils_commands:/home/ddd/ros2_ws/install/my_robot_arm_pick_place/lib/python3.12/site-packages:/home/ddd/ros2_ws/build/my_robot_arm_moveit_config:/home/ddd/ros2_ws/install/my_robot_arm_moveit_config/lib/python3.12/site-packages:/home/ddd/ros2_ws/build/my_robot_arm_control:/home/ddd/ros2_ws/install/my_robot_arm_control/lib/python3.12/site-packages:/home/ddd/ros2_ws/build/my_robot_arm_description:/home/ddd/ros2_ws/install/my_robot_arm_description/lib/python3.12/site-packages:${PYTHONPATH} /usr/bin/python3 -W ignore:setup.py install is deprecated -W ignore:easy_install command is deprecated setup.py develop --editable --build-directory /home/ddd/ros2_ws/build/my_robot_arm_pick_place/build --no-deps symlink_data
[5.212s] INFO:colcon.colcon_core.shell:Creating environment descriptor '/home/ddd/ros2_ws/build/my_robot_arm_pick_place/share/my_robot_arm_pick_place/hook/pythonpath_develop.dsv'
[5.212s] INFO:colcon.colcon_core.shell:Creating environment hook '/home/ddd/ros2_ws/build/my_robot_arm_pick_place/share/my_robot_arm_pick_place/hook/pythonpath_develop.sh'
[5.216s] Level 1:colcon.colcon_core.environment:checking '/home/ddd/ros2_ws/install/my_robot_arm_pick_place' for CMake module files
[5.216s] Level 1:colcon.colcon_core.environment:checking '/home/ddd/ros2_ws/install/my_robot_arm_pick_place' for CMake config files
[5.217s] Level 1:colcon.colcon_core.environment:checking '/home/ddd/ros2_ws/install/my_robot_arm_pick_place/lib'
[5.217s] Level 1:colcon.colcon_core.environment:checking '/home/ddd/ros2_ws/install/my_robot_arm_pick_place/bin'
[5.218s] Level 1:colcon.colcon_core.environment:checking '/home/ddd/ros2_ws/install/my_robot_arm_pick_place/lib/pkgconfig/my_robot_arm_pick_place.pc'
[5.218s] Level 1:colcon.colcon_core.environment:checking '/home/ddd/ros2_ws/install/my_robot_arm_pick_place/lib/python3.12/site-packages'
[5.218s] Level 1:colcon.colcon_core.shell:create_environment_hook('my_robot_arm_pick_place', 'pythonpath')
[5.218s] INFO:colcon.colcon_core.shell:Creating environment hook '/home/ddd/ros2_ws/install/my_robot_arm_pick_place/share/my_robot_arm_pick_place/hook/pythonpath.ps1'
[5.219s] INFO:colcon.colcon_core.shell:Creating environment descriptor '/home/ddd/ros2_ws/install/my_robot_arm_pick_place/share/my_robot_arm_pick_place/hook/pythonpath.dsv'
[5.219s] INFO:colcon.colcon_core.shell:Creating environment hook '/home/ddd/ros2_ws/install/my_robot_arm_pick_place/share/my_robot_arm_pick_place/hook/pythonpath.sh'
[5.220s] Level 1:colcon.colcon_core.environment:checking '/home/ddd/ros2_ws/install/my_robot_arm_pick_place/bin'
[5.221s] Level 1:colcon.colcon_core.environment:create_environment_scripts_only(my_robot_arm_pick_place)
[5.221s] INFO:colcon.colcon_core.shell:Creating package script '/home/ddd/ros2_ws/install/my_robot_arm_pick_place/share/my_robot_arm_pick_place/package.ps1'
[5.222s] INFO:colcon.colcon_core.shell:Creating package descriptor '/home/ddd/ros2_ws/install/my_robot_arm_pick_place/share/my_robot_arm_pick_place/package.dsv'
[5.223s] INFO:colcon.colcon_core.shell:Creating package script '/home/ddd/ros2_ws/install/my_robot_arm_pick_place/share/my_robot_arm_pick_place/package.sh'
[5.224s] INFO:colcon.colcon_core.shell:Creating package script '/home/ddd/ros2_ws/install/my_robot_arm_pick_place/share/my_robot_arm_pick_place/package.bash'
[5.225s] INFO:colcon.colcon_core.shell:Creating package script '/home/ddd/ros2_ws/install/my_robot_arm_pick_place/share/my_robot_arm_pick_place/package.zsh'
[5.225s] Level 1:colcon.colcon_core.environment:create_file_with_runtime_dependencies(/home/ddd/ros2_ws/install/my_robot_arm_pick_place/share/colcon-core/packages/my_robot_arm_pick_place)
[5.226s] DEBUG:colcon.colcon_parallel_executor.executor.parallel:closing loop
[5.226s] DEBUG:colcon.colcon_parallel_executor.executor.parallel:loop closed
[5.226s] DEBUG:colcon.colcon_parallel_executor.executor.parallel:run_until_complete finished with '0'
[5.226s] DEBUG:colcon.colcon_core.event_reactor:joining thread
[5.234s] INFO:colcon.colcon_core.plugin_system:Skipping extension 'colcon_notification.desktop_notification.terminal_notifier': Not used on non-Darwin systems
[5.234s] INFO:colcon.colcon_core.plugin_system:Skipping extension 'colcon_notification.desktop_notification.win32': Not used on non-Windows systems
[5.234s] INFO:colcon.colcon_notification.desktop_notification:Sending desktop notification using 'notify2'
[5.256s] DEBUG:colcon.colcon_core.event_reactor:joined thread
[5.257s] INFO:colcon.colcon_core.shell:Creating prefix script '/home/ddd/ros2_ws/install/local_setup.ps1'
[5.258s] INFO:colcon.colcon_core.shell:Creating prefix util module '/home/ddd/ros2_ws/install/_local_setup_util_ps1.py'
[5.259s] INFO:colcon.colcon_core.shell:Creating prefix chain script '/home/ddd/ros2_ws/install/setup.ps1'
[5.261s] INFO:colcon.colcon_core.shell:Creating prefix script '/home/ddd/ros2_ws/install/local_setup.sh'
[5.261s] INFO:colcon.colcon_core.shell:Creating prefix util module '/home/ddd/ros2_ws/install/_local_setup_util_sh.py'
[5.262s] INFO:colcon.colcon_core.shell:Creating prefix chain script '/home/ddd/ros2_ws/install/setup.sh'
[5.263s] INFO:colcon.colcon_core.shell:Creating prefix script '/home/ddd/ros2_ws/install/local_setup.bash'
[5.263s] INFO:colcon.colcon_core.shell:Creating prefix chain script '/home/ddd/ros2_ws/install/setup.bash'
[5.265s] INFO:colcon.colcon_core.shell:Creating prefix script '/home/ddd/ros2_ws/install/local_setup.zsh'
[5.265s] INFO:colcon.colcon_core.shell:Creating prefix chain script '/home/ddd/ros2_ws/install/setup.zsh'
