[1.284s] Invoking command in '/home/ddd/ros2_ws/src/my_robot_arm_description': DEBUGINFOD_URLS=https://debuginfod.ubuntu.com PYTHONPATH=/home/ddd/ros2_ws/build/my_robot_arm_description/prefix_override:/usr/lib/python3/dist-packages/colcon_core/task/python/colcon_distutils_commands:/home/ddd/ros2_ws/install/my_robot_arm_description/lib/python3.12/site-packages:${PYTHONPATH} /usr/bin/python3 -W ignore:setup.py install is deprecated -W ignore:easy_install command is deprecated setup.py egg_info --egg-base ../../build/my_robot_arm_description build --build-base /home/ddd/ros2_ws/build/my_robot_arm_description/build install --record /home/ddd/ros2_ws/build/my_robot_arm_description/install.log --install-scripts $base/lib/my_robot_arm_description --single-version-externally-managed install_data
[1.652s] running egg_info
[1.680s] writing ../../build/my_robot_arm_description/my_robot_arm_description.egg-info/PKG-INFO
[1.680s] writing dependency_links to ../../build/my_robot_arm_description/my_robot_arm_description.egg-info/dependency_links.txt
[1.680s] writing requirements to ../../build/my_robot_arm_description/my_robot_arm_description.egg-info/requires.txt
[1.681s] writing top-level names to ../../build/my_robot_arm_description/my_robot_arm_description.egg-info/top_level.txt
[1.738s] reading manifest file '../../build/my_robot_arm_description/my_robot_arm_description.egg-info/SOURCES.txt'
[1.739s] writing manifest file '../../build/my_robot_arm_description/my_robot_arm_description.egg-info/SOURCES.txt'
[1.739s] running build
[1.739s] running build_py
[1.739s] running install
[1.746s] running install_lib
[1.777s] running install_data
[1.777s] copying urdf/panda_arm.ros2_control.xacro -> /home/ddd/ros2_ws/install/my_robot_arm_description/share/my_robot_arm_description/urdf
[1.777s] copying urdf/my_robot_arm.urdf.xacro -> /home/ddd/ros2_ws/install/my_robot_arm_description/share/my_robot_arm_description/urdf
[1.778s] running install_egg_info
[1.808s] removing '/home/ddd/ros2_ws/install/my_robot_arm_description/lib/python3.12/site-packages/my_robot_arm_description-0.0.0-py3.12.egg-info' (and everything under it)
[1.808s] Copying ../../build/my_robot_arm_description/my_robot_arm_description.egg-info to /home/ddd/ros2_ws/install/my_robot_arm_description/lib/python3.12/site-packages/my_robot_arm_description-0.0.0-py3.12.egg-info
[1.810s] running install_scripts
[1.998s] writing list of installed files to '/home/ddd/ros2_ws/build/my_robot_arm_description/install.log'
[2.046s] Invoked command in '/home/ddd/ros2_ws/src/my_robot_arm_description' returned '0': DEBUGINFOD_URLS=https://debuginfod.ubuntu.com PYTHONPATH=/home/ddd/ros2_ws/build/my_robot_arm_description/prefix_override:/usr/lib/python3/dist-packages/colcon_core/task/python/colcon_distutils_commands:/home/ddd/ros2_ws/install/my_robot_arm_description/lib/python3.12/site-packages:${PYTHONPATH} /usr/bin/python3 -W ignore:setup.py install is deprecated -W ignore:easy_install command is deprecated setup.py egg_info --egg-base ../../build/my_robot_arm_description build --build-base /home/ddd/ros2_ws/build/my_robot_arm_description/build install --record /home/ddd/ros2_ws/build/my_robot_arm_description/install.log --install-scripts $base/lib/my_robot_arm_description --single-version-externally-managed install_data
