[1.352s] Invoking command in '/home/ddd/ros2_ws/build/my_robot_arm_moveit_config': AMENT_PREFIX_PATH=/home/ddd/ros2_ws/install/my_robot_arm_control:/home/ddd/ros2_ws/install/my_robot_arm_description:${AMENT_PREFIX_PATH} DEBUGINFOD_URLS=https://debuginfod.ubuntu.com PYTHONPATH=/home/ddd/ros2_ws/build/my_robot_arm_moveit_config/prefix_override:/usr/lib/python3/dist-packages/colcon_core/task/python/colcon_distutils_commands:/home/ddd/ros2_ws/install/my_robot_arm_moveit_config/lib/python3.12/site-packages:/home/ddd/ros2_ws/build/my_robot_arm_control:/home/ddd/ros2_ws/install/my_robot_arm_control/lib/python3.12/site-packages:/home/ddd/ros2_ws/build/my_robot_arm_description:/home/ddd/ros2_ws/install/my_robot_arm_description/lib/python3.12/site-packages:${PYTHONPATH} /usr/bin/python3 -W ignore:setup.py install is deprecated -W ignore:easy_install command is deprecated setup.py develop --editable --build-directory /home/ddd/ros2_ws/build/my_robot_arm_moveit_config/build --no-deps symlink_data --force
[1.670s] running develop
[1.897s] running egg_info
[1.916s] writing my_robot_arm_moveit_config.egg-info/PKG-INFO
[1.916s] writing dependency_links to my_robot_arm_moveit_config.egg-info/dependency_links.txt
[1.917s] writing requirements to my_robot_arm_moveit_config.egg-info/requires.txt
[1.917s] writing top-level names to my_robot_arm_moveit_config.egg-info/top_level.txt
[1.957s] reading manifest file 'my_robot_arm_moveit_config.egg-info/SOURCES.txt'
[1.957s] writing manifest file 'my_robot_arm_moveit_config.egg-info/SOURCES.txt'
[1.978s] running build_ext
[1.978s] Creating /home/ddd/ros2_ws/install/my_robot_arm_moveit_config/lib/python3.12/site-packages/my-robot-arm-moveit-config.egg-link (link to .)
[1.979s] 
[1.979s] Installed /home/ddd/ros2_ws/build/my_robot_arm_moveit_config
[1.979s] running symlink_data
[1.979s] symbolically linking /home/ddd/ros2_ws/build/my_robot_arm_moveit_config/resource/my_robot_arm_moveit_config -> /home/ddd/ros2_ws/install/my_robot_arm_moveit_config/share/ament_index/resource_index/packages
[1.979s] symbolically linking /home/ddd/ros2_ws/build/my_robot_arm_moveit_config/package.xml -> /home/ddd/ros2_ws/install/my_robot_arm_moveit_config/share/my_robot_arm_moveit_config
[1.979s] symbolically linking /home/ddd/ros2_ws/build/my_robot_arm_moveit_config/launch/moveit.launch.py -> /home/ddd/ros2_ws/install/my_robot_arm_moveit_config/share/my_robot_arm_moveit_config/launch
[1.979s] symbolically linking /home/ddd/ros2_ws/build/my_robot_arm_moveit_config/config/moveit_controllers.yaml -> /home/ddd/ros2_ws/install/my_robot_arm_moveit_config/share/my_robot_arm_moveit_config/config
[1.979s] symbolically linking /home/ddd/ros2_ws/build/my_robot_arm_moveit_config/config/kinematics.yaml -> /home/ddd/ros2_ws/install/my_robot_arm_moveit_config/share/my_robot_arm_moveit_config/config
[1.979s] symbolically linking /home/ddd/ros2_ws/build/my_robot_arm_moveit_config/config/panda.srdf -> /home/ddd/ros2_ws/install/my_robot_arm_moveit_config/share/my_robot_arm_moveit_config/config
[1.979s] symbolically linking /home/ddd/ros2_ws/build/my_robot_arm_moveit_config/rviz/moveit.rviz -> /home/ddd/ros2_ws/install/my_robot_arm_moveit_config/share/my_robot_arm_moveit_config/rviz
[2.015s] Invoked command in '/home/ddd/ros2_ws/build/my_robot_arm_moveit_config' returned '0': AMENT_PREFIX_PATH=/home/ddd/ros2_ws/install/my_robot_arm_control:/home/ddd/ros2_ws/install/my_robot_arm_description:${AMENT_PREFIX_PATH} DEBUGINFOD_URLS=https://debuginfod.ubuntu.com PYTHONPATH=/home/ddd/ros2_ws/build/my_robot_arm_moveit_config/prefix_override:/usr/lib/python3/dist-packages/colcon_core/task/python/colcon_distutils_commands:/home/ddd/ros2_ws/install/my_robot_arm_moveit_config/lib/python3.12/site-packages:/home/ddd/ros2_ws/build/my_robot_arm_control:/home/ddd/ros2_ws/install/my_robot_arm_control/lib/python3.12/site-packages:/home/ddd/ros2_ws/build/my_robot_arm_description:/home/ddd/ros2_ws/install/my_robot_arm_description/lib/python3.12/site-packages:${PYTHONPATH} /usr/bin/python3 -W ignore:setup.py install is deprecated -W ignore:easy_install command is deprecated setup.py develop --editable --build-directory /home/ddd/ros2_ws/build/my_robot_arm_moveit_config/build --no-deps symlink_data --force
