[0.090s] DEBUG:colcon:Command line arguments: ['/usr/bin/colcon', 'build']
[0.090s] DEBUG:colcon:Parsed command line arguments: Namespace(log_base=None, log_level=None, verb_name='build', build_base='build', install_base='install', merge_install=False, symlink_install=False, test_result_base=None, continue_on_error=False, executor='parallel', parallel_workers=16, event_handlers=None, ignore_user_meta=False, metas=['./colcon.meta'], base_paths=['.'], packages_ignore=None, packages_ignore_regex=None, paths=None, packages_up_to=None, packages_up_to_regex=None, packages_above=None, packages_above_and_dependencies=None, packages_above_depth=None, packages_select_by_dep=None, packages_skip_by_dep=None, packages_skip_up_to=None, packages_select_build_failed=False, packages_skip_build_finished=False, packages_select_test_failures=False, packages_skip_test_passed=False, packages_select=None, packages_skip=None, packages_select_regex=None, packages_skip_regex=None, packages_start=None, packages_end=None, allow_overriding=[], cmake_args=None, cmake_target=None, cmake_target_skip_unavailable=False, cmake_clean_cache=False, cmake_clean_first=False, cmake_force_configure=False, ament_cmake_args=None, catkin_cmake_args=None, catkin_skip_building_tests=False, verb_parser=<colcon_defaults.argument_parser.defaults.DefaultArgumentsDecorator object at 0x75cc5e167170>, verb_extension=<colcon_core.verb.build.BuildVerb object at 0x75cc5e222cf0>, main=<bound method BuildVerb.main of <colcon_core.verb.build.BuildVerb object at 0x75cc5e222cf0>>)
[0.125s] Level 1:colcon.colcon_core.package_discovery:discover_packages(colcon_meta) check parameters
[0.125s] Level 1:colcon.colcon_core.package_discovery:discover_packages(recursive) check parameters
[0.126s] Level 1:colcon.colcon_core.package_discovery:discover_packages(ignore) check parameters
[0.126s] Level 1:colcon.colcon_core.package_discovery:discover_packages(path) check parameters
[0.126s] Level 1:colcon.colcon_core.package_discovery:discover_packages(colcon_meta) discover
[0.126s] Level 1:colcon.colcon_core.package_discovery:discover_packages(recursive) discover
[0.126s] INFO:colcon.colcon_core.package_discovery:Crawling recursively for packages in '/home/ddd/ros2_ws/src'
[0.126s] Level 1:colcon.colcon_core.package_identification:_identify(.) by extensions ['ignore', 'ignore_ament_install']
[0.126s] Level 1:colcon.colcon_core.package_identification:_identify(.) by extension 'ignore'
[0.126s] Level 1:colcon.colcon_core.package_identification:_identify(.) by extension 'ignore_ament_install'
[0.126s] Level 1:colcon.colcon_core.package_identification:_identify(.) by extensions ['colcon_pkg']
[0.126s] Level 1:colcon.colcon_core.package_identification:_identify(.) by extension 'colcon_pkg'
[0.126s] Level 1:colcon.colcon_core.package_identification:_identify(.) by extensions ['colcon_meta']
[0.126s] Level 1:colcon.colcon_core.package_identification:_identify(.) by extension 'colcon_meta'
[0.126s] Level 1:colcon.colcon_core.package_identification:_identify(.) by extensions ['ros']
[0.126s] Level 1:colcon.colcon_core.package_identification:_identify(.) by extension 'ros'
[0.149s] Level 1:colcon.colcon_core.package_identification:_identify(.) by extensions ['cmake', 'python']
[0.149s] Level 1:colcon.colcon_core.package_identification:_identify(.) by extension 'cmake'
[0.149s] Level 1:colcon.colcon_core.package_identification:_identify(.) by extension 'python'
[0.149s] Level 1:colcon.colcon_core.package_identification:_identify(.) by extensions ['python_setup_py']
[0.149s] Level 1:colcon.colcon_core.package_identification:_identify(.) by extension 'python_setup_py'
[0.149s] Level 1:colcon.colcon_core.package_identification:_identify(build) by extensions ['ignore', 'ignore_ament_install']
[0.149s] Level 1:colcon.colcon_core.package_identification:_identify(build) by extension 'ignore'
[0.149s] Level 1:colcon.colcon_core.package_identification:_identify(build) ignored
[0.149s] Level 1:colcon.colcon_core.package_identification:_identify(install) by extensions ['ignore', 'ignore_ament_install']
[0.149s] Level 1:colcon.colcon_core.package_identification:_identify(install) by extension 'ignore'
[0.150s] Level 1:colcon.colcon_core.package_identification:_identify(install) ignored
[0.150s] Level 1:colcon.colcon_core.package_identification:_identify(log) by extensions ['ignore', 'ignore_ament_install']
[0.150s] Level 1:colcon.colcon_core.package_identification:_identify(log) by extension 'ignore'
[0.150s] Level 1:colcon.colcon_core.package_identification:_identify(log) ignored
[0.150s] Level 1:colcon.colcon_core.package_identification:_identify(my_robot) by extensions ['ignore', 'ignore_ament_install']
[0.150s] Level 1:colcon.colcon_core.package_identification:_identify(my_robot) by extension 'ignore'
[0.150s] Level 1:colcon.colcon_core.package_identification:_identify(my_robot) by extension 'ignore_ament_install'
[0.150s] Level 1:colcon.colcon_core.package_identification:_identify(my_robot) by extensions ['colcon_pkg']
[0.150s] Level 1:colcon.colcon_core.package_identification:_identify(my_robot) by extension 'colcon_pkg'
[0.150s] Level 1:colcon.colcon_core.package_identification:_identify(my_robot) by extensions ['colcon_meta']
[0.150s] Level 1:colcon.colcon_core.package_identification:_identify(my_robot) by extension 'colcon_meta'
[0.150s] Level 1:colcon.colcon_core.package_identification:_identify(my_robot) by extensions ['ros']
[0.150s] Level 1:colcon.colcon_core.package_identification:_identify(my_robot) by extension 'ros'
[0.153s] DEBUG:colcon.colcon_core.package_identification:Package 'my_robot' with type 'ros.ament_python' and name 'my_robot'
[0.153s] Level 1:colcon.colcon_core.package_identification:_identify(my_robot_description) by extensions ['ignore', 'ignore_ament_install']
[0.153s] Level 1:colcon.colcon_core.package_identification:_identify(my_robot_description) by extension 'ignore'
[0.153s] Level 1:colcon.colcon_core.package_identification:_identify(my_robot_description) by extension 'ignore_ament_install'
[0.153s] Level 1:colcon.colcon_core.package_identification:_identify(my_robot_description) by extensions ['colcon_pkg']
[0.153s] Level 1:colcon.colcon_core.package_identification:_identify(my_robot_description) by extension 'colcon_pkg'
[0.153s] Level 1:colcon.colcon_core.package_identification:_identify(my_robot_description) by extensions ['colcon_meta']
[0.153s] Level 1:colcon.colcon_core.package_identification:_identify(my_robot_description) by extension 'colcon_meta'
[0.153s] Level 1:colcon.colcon_core.package_identification:_identify(my_robot_description) by extensions ['ros']
[0.153s] Level 1:colcon.colcon_core.package_identification:_identify(my_robot_description) by extension 'ros'
[0.153s] DEBUG:colcon.colcon_core.package_identification:Package 'my_robot_description' with type 'ros.ament_python' and name 'my_robot_description'
[0.154s] Level 1:colcon.colcon_core.package_identification:_identify(my_service) by extensions ['ignore', 'ignore_ament_install']
[0.154s] Level 1:colcon.colcon_core.package_identification:_identify(my_service) by extension 'ignore'
[0.154s] Level 1:colcon.colcon_core.package_identification:_identify(my_service) by extension 'ignore_ament_install'
[0.154s] Level 1:colcon.colcon_core.package_identification:_identify(my_service) by extensions ['colcon_pkg']
[0.154s] Level 1:colcon.colcon_core.package_identification:_identify(my_service) by extension 'colcon_pkg'
[0.154s] Level 1:colcon.colcon_core.package_identification:_identify(my_service) by extensions ['colcon_meta']
[0.154s] Level 1:colcon.colcon_core.package_identification:_identify(my_service) by extension 'colcon_meta'
[0.154s] Level 1:colcon.colcon_core.package_identification:_identify(my_service) by extensions ['ros']
[0.154s] Level 1:colcon.colcon_core.package_identification:_identify(my_service) by extension 'ros'
[0.154s] DEBUG:colcon.colcon_core.package_identification:Package 'my_service' with type 'ros.ament_python' and name 'my_service'
[0.154s] Level 1:colcon.colcon_core.package_discovery:discover_packages(recursive) using defaults
[0.154s] Level 1:colcon.colcon_core.package_discovery:discover_packages(ignore) discover
[0.154s] Level 1:colcon.colcon_core.package_discovery:discover_packages(ignore) using defaults
[0.154s] Level 1:colcon.colcon_core.package_discovery:discover_packages(path) discover
[0.155s] Level 1:colcon.colcon_core.package_discovery:discover_packages(path) using defaults
[0.170s] Level 1:colcon.colcon_core.package_discovery:discover_packages(prefix_path) check parameters
[0.170s] Level 1:colcon.colcon_core.package_discovery:discover_packages(prefix_path) discover
[0.172s] DEBUG:colcon.colcon_installed_package_information.package_discovery:Found 2 installed packages in /home/ddd/ros2_ws/install
[0.173s] DEBUG:colcon.colcon_installed_package_information.package_discovery:Found 321 installed packages in /opt/ros/jazzy
[0.174s] Level 1:colcon.colcon_core.package_discovery:discover_packages(prefix_path) using defaults
[0.214s] Level 5:colcon.colcon_core.verb:set package 'my_robot' build argument 'cmake_args' from command line to 'None'
[0.214s] Level 5:colcon.colcon_core.verb:set package 'my_robot' build argument 'cmake_target' from command line to 'None'
[0.214s] Level 5:colcon.colcon_core.verb:set package 'my_robot' build argument 'cmake_target_skip_unavailable' from command line to 'False'
[0.214s] Level 5:colcon.colcon_core.verb:set package 'my_robot' build argument 'cmake_clean_cache' from command line to 'False'
[0.214s] Level 5:colcon.colcon_core.verb:set package 'my_robot' build argument 'cmake_clean_first' from command line to 'False'
[0.214s] Level 5:colcon.colcon_core.verb:set package 'my_robot' build argument 'cmake_force_configure' from command line to 'False'
[0.214s] Level 5:colcon.colcon_core.verb:set package 'my_robot' build argument 'ament_cmake_args' from command line to 'None'
[0.214s] Level 5:colcon.colcon_core.verb:set package 'my_robot' build argument 'catkin_cmake_args' from command line to 'None'
[0.214s] Level 5:colcon.colcon_core.verb:set package 'my_robot' build argument 'catkin_skip_building_tests' from command line to 'False'
[0.214s] DEBUG:colcon.colcon_core.verb:Building package 'my_robot' with the following arguments: {'ament_cmake_args': None, 'build_base': '/home/ddd/ros2_ws/src/build/my_robot', 'catkin_cmake_args': None, 'catkin_skip_building_tests': False, 'cmake_args': None, 'cmake_clean_cache': False, 'cmake_clean_first': False, 'cmake_force_configure': False, 'cmake_target': None, 'cmake_target_skip_unavailable': False, 'install_base': '/home/ddd/ros2_ws/src/install/my_robot', 'merge_install': False, 'path': '/home/ddd/ros2_ws/src/my_robot', 'symlink_install': False, 'test_result_base': None}
[0.214s] Level 5:colcon.colcon_core.verb:set package 'my_robot_description' build argument 'cmake_args' from command line to 'None'
[0.214s] Level 5:colcon.colcon_core.verb:set package 'my_robot_description' build argument 'cmake_target' from command line to 'None'
[0.214s] Level 5:colcon.colcon_core.verb:set package 'my_robot_description' build argument 'cmake_target_skip_unavailable' from command line to 'False'
[0.214s] Level 5:colcon.colcon_core.verb:set package 'my_robot_description' build argument 'cmake_clean_cache' from command line to 'False'
[0.215s] Level 5:colcon.colcon_core.verb:set package 'my_robot_description' build argument 'cmake_clean_first' from command line to 'False'
[0.215s] Level 5:colcon.colcon_core.verb:set package 'my_robot_description' build argument 'cmake_force_configure' from command line to 'False'
[0.215s] Level 5:colcon.colcon_core.verb:set package 'my_robot_description' build argument 'ament_cmake_args' from command line to 'None'
[0.215s] Level 5:colcon.colcon_core.verb:set package 'my_robot_description' build argument 'catkin_cmake_args' from command line to 'None'
[0.215s] Level 5:colcon.colcon_core.verb:set package 'my_robot_description' build argument 'catkin_skip_building_tests' from command line to 'False'
[0.215s] DEBUG:colcon.colcon_core.verb:Building package 'my_robot_description' with the following arguments: {'ament_cmake_args': None, 'build_base': '/home/ddd/ros2_ws/src/build/my_robot_description', 'catkin_cmake_args': None, 'catkin_skip_building_tests': False, 'cmake_args': None, 'cmake_clean_cache': False, 'cmake_clean_first': False, 'cmake_force_configure': False, 'cmake_target': None, 'cmake_target_skip_unavailable': False, 'install_base': '/home/ddd/ros2_ws/src/install/my_robot_description', 'merge_install': False, 'path': '/home/ddd/ros2_ws/src/my_robot_description', 'symlink_install': False, 'test_result_base': None}
[0.215s] Level 5:colcon.colcon_core.verb:set package 'my_service' build argument 'cmake_args' from command line to 'None'
[0.215s] Level 5:colcon.colcon_core.verb:set package 'my_service' build argument 'cmake_target' from command line to 'None'
[0.215s] Level 5:colcon.colcon_core.verb:set package 'my_service' build argument 'cmake_target_skip_unavailable' from command line to 'False'
[0.215s] Level 5:colcon.colcon_core.verb:set package 'my_service' build argument 'cmake_clean_cache' from command line to 'False'
[0.215s] Level 5:colcon.colcon_core.verb:set package 'my_service' build argument 'cmake_clean_first' from command line to 'False'
[0.215s] Level 5:colcon.colcon_core.verb:set package 'my_service' build argument 'cmake_force_configure' from command line to 'False'
[0.215s] Level 5:colcon.colcon_core.verb:set package 'my_service' build argument 'ament_cmake_args' from command line to 'None'
[0.215s] Level 5:colcon.colcon_core.verb:set package 'my_service' build argument 'catkin_cmake_args' from command line to 'None'
[0.215s] Level 5:colcon.colcon_core.verb:set package 'my_service' build argument 'catkin_skip_building_tests' from command line to 'False'
[0.215s] DEBUG:colcon.colcon_core.verb:Building package 'my_service' with the following arguments: {'ament_cmake_args': None, 'build_base': '/home/ddd/ros2_ws/src/build/my_service', 'catkin_cmake_args': None, 'catkin_skip_building_tests': False, 'cmake_args': None, 'cmake_clean_cache': False, 'cmake_clean_first': False, 'cmake_force_configure': False, 'cmake_target': None, 'cmake_target_skip_unavailable': False, 'install_base': '/home/ddd/ros2_ws/src/install/my_service', 'merge_install': False, 'path': '/home/ddd/ros2_ws/src/my_service', 'symlink_install': False, 'test_result_base': None}
[0.215s] INFO:colcon.colcon_core.executor:Executing jobs using 'parallel' executor
[0.216s] DEBUG:colcon.colcon_parallel_executor.executor.parallel:run_until_complete
[0.216s] INFO:colcon.colcon_ros.task.ament_python.build:Building ROS package in '/home/ddd/ros2_ws/src/my_robot' with build type 'ament_python'
[0.216s] Level 1:colcon.colcon_core.shell:create_environment_hook('my_robot', 'ament_prefix_path')
[0.218s] INFO:colcon.colcon_core.plugin_system:Skipping extension 'colcon_core.shell.bat': Not used on non-Windows systems
[0.218s] INFO:colcon.colcon_core.shell:Creating environment hook '/home/ddd/ros2_ws/src/install/my_robot/share/my_robot/hook/ament_prefix_path.ps1'
[0.219s] INFO:colcon.colcon_core.shell:Creating environment descriptor '/home/ddd/ros2_ws/src/install/my_robot/share/my_robot/hook/ament_prefix_path.dsv'
[0.219s] INFO:colcon.colcon_core.shell:Creating environment hook '/home/ddd/ros2_ws/src/install/my_robot/share/my_robot/hook/ament_prefix_path.sh'
[0.220s] INFO:colcon.colcon_core.shell:Skip shell extension 'powershell' for command environment: Not usable outside of PowerShell
[0.220s] DEBUG:colcon.colcon_core.shell:Skip shell extension 'dsv' for command environment
[0.262s] INFO:colcon.colcon_ros.task.ament_python.build:Building ROS package in '/home/ddd/ros2_ws/src/my_robot_description' with build type 'ament_python'
[0.262s] Level 1:colcon.colcon_core.shell:create_environment_hook('my_robot_description', 'ament_prefix_path')
[0.263s] INFO:colcon.colcon_core.shell:Creating environment hook '/home/ddd/ros2_ws/src/install/my_robot_description/share/my_robot_description/hook/ament_prefix_path.ps1'
[0.264s] INFO:colcon.colcon_core.shell:Creating environment descriptor '/home/ddd/ros2_ws/src/install/my_robot_description/share/my_robot_description/hook/ament_prefix_path.dsv'
[0.265s] INFO:colcon.colcon_core.shell:Creating environment hook '/home/ddd/ros2_ws/src/install/my_robot_description/share/my_robot_description/hook/ament_prefix_path.sh'
[0.267s] INFO:colcon.colcon_core.shell:Skip shell extension 'powershell' for command environment: Not usable outside of PowerShell
[0.267s] DEBUG:colcon.colcon_core.shell:Skip shell extension 'dsv' for command environment
[0.273s] INFO:colcon.colcon_ros.task.ament_python.build:Building ROS package in '/home/ddd/ros2_ws/src/my_service' with build type 'ament_python'
[0.273s] Level 1:colcon.colcon_core.shell:create_environment_hook('my_service', 'ament_prefix_path')
[0.273s] INFO:colcon.colcon_core.shell:Creating environment hook '/home/ddd/ros2_ws/src/install/my_service/share/my_service/hook/ament_prefix_path.ps1'
[0.274s] INFO:colcon.colcon_core.shell:Creating environment descriptor '/home/ddd/ros2_ws/src/install/my_service/share/my_service/hook/ament_prefix_path.dsv'
[0.274s] INFO:colcon.colcon_core.shell:Creating environment hook '/home/ddd/ros2_ws/src/install/my_service/share/my_service/hook/ament_prefix_path.sh'
[0.275s] INFO:colcon.colcon_core.shell:Skip shell extension 'powershell' for command environment: Not usable outside of PowerShell
[0.275s] DEBUG:colcon.colcon_core.shell:Skip shell extension 'dsv' for command environment
[0.463s] INFO:colcon.colcon_core.task.python.build:Building Python package in '/home/ddd/ros2_ws/src/my_robot'
[0.463s] INFO:colcon.colcon_core.shell:Skip shell extension 'powershell' for command environment: Not usable outside of PowerShell
[0.463s] DEBUG:colcon.colcon_core.shell:Skip shell extension 'dsv' for command environment
[0.648s] INFO:colcon.colcon_core.task.python.build:Building Python package in '/home/ddd/ros2_ws/src/my_robot_description'
[0.648s] INFO:colcon.colcon_core.shell:Skip shell extension 'powershell' for command environment: Not usable outside of PowerShell
[0.648s] DEBUG:colcon.colcon_core.shell:Skip shell extension 'dsv' for command environment
[0.836s] INFO:colcon.colcon_core.task.python.build:Building Python package in '/home/ddd/ros2_ws/src/my_service'
[0.836s] INFO:colcon.colcon_core.shell:Skip shell extension 'powershell' for command environment: Not usable outside of PowerShell
[0.836s] DEBUG:colcon.colcon_core.shell:Skip shell extension 'dsv' for command environment
[1.393s] DEBUG:colcon.colcon_core.task.python.build:Available setuptools commands: upload, easy_install, install_egg_info, build_clib, egg_info, editable_wheel, upload_docs, bdist, install, alias, install_data, saveopts, init_catalog, bdist_egg, dist_info, install_lib, bdist_rpm, build_ext, check, develop, build_py, build_scripts, test, bdist_dumb, build, compile_catalog, symlink_data, clean, install_headers, rotate, sdist, register, bdist_wheel, setopt, install_scripts, update_catalog, extract_messages
[1.396s] DEBUG:colcon.colcon_core.event_handler.log_command:Invoking command in '/home/ddd/ros2_ws/src/my_service': DEBUGINFOD_URLS=https://debuginfod.ubuntu.com PYTHONPATH=/home/ddd/ros2_ws/src/build/my_service/prefix_override:/usr/lib/python3/dist-packages/colcon_core/task/python/colcon_distutils_commands:/home/ddd/ros2_ws/src/install/my_service/lib/python3.12/site-packages:${PYTHONPATH} /usr/bin/python3 -W ignore:setup.py install is deprecated -W ignore:easy_install command is deprecated setup.py egg_info --egg-base ../build/my_service build --build-base /home/ddd/ros2_ws/src/build/my_service/build install --record /home/ddd/ros2_ws/src/build/my_service/install.log --install-scripts $base/lib/my_service --single-version-externally-managed install_data
[1.407s] DEBUG:colcon.colcon_core.task.python.build:Available setuptools commands: upload, easy_install, install_egg_info, build_clib, egg_info, editable_wheel, upload_docs, bdist, install, alias, install_data, saveopts, init_catalog, bdist_egg, dist_info, install_lib, bdist_rpm, build_ext, check, develop, build_py, build_scripts, test, bdist_dumb, build, compile_catalog, symlink_data, clean, install_headers, rotate, sdist, register, bdist_wheel, setopt, install_scripts, update_catalog, extract_messages
[1.409s] DEBUG:colcon.colcon_core.event_handler.log_command:Invoking command in '/home/ddd/ros2_ws/src/my_robot_description': DEBUGINFOD_URLS=https://debuginfod.ubuntu.com PYTHONPATH=/home/ddd/ros2_ws/src/build/my_robot_description/prefix_override:/usr/lib/python3/dist-packages/colcon_core/task/python/colcon_distutils_commands:/home/ddd/ros2_ws/src/install/my_robot_description/lib/python3.12/site-packages:${PYTHONPATH} /usr/bin/python3 -W ignore:setup.py install is deprecated -W ignore:easy_install command is deprecated setup.py egg_info --egg-base ../build/my_robot_description build --build-base /home/ddd/ros2_ws/src/build/my_robot_description/build install --record /home/ddd/ros2_ws/src/build/my_robot_description/install.log --install-scripts $base/lib/my_robot_description --single-version-externally-managed install_data
[1.412s] DEBUG:colcon.colcon_core.task.python.build:Available setuptools commands: upload, easy_install, install_egg_info, build_clib, egg_info, editable_wheel, upload_docs, bdist, install, alias, install_data, saveopts, init_catalog, bdist_egg, dist_info, install_lib, bdist_rpm, build_ext, check, develop, build_py, build_scripts, test, bdist_dumb, build, compile_catalog, symlink_data, clean, install_headers, rotate, sdist, register, bdist_wheel, setopt, install_scripts, update_catalog, extract_messages
[1.413s] DEBUG:colcon.colcon_core.event_handler.log_command:Invoking command in '/home/ddd/ros2_ws/src/my_robot': DEBUGINFOD_URLS=https://debuginfod.ubuntu.com PYTHONPATH=/home/ddd/ros2_ws/src/build/my_robot/prefix_override:/usr/lib/python3/dist-packages/colcon_core/task/python/colcon_distutils_commands:/home/ddd/ros2_ws/src/install/my_robot/lib/python3.12/site-packages:${PYTHONPATH} /usr/bin/python3 -W ignore:setup.py install is deprecated -W ignore:easy_install command is deprecated setup.py egg_info --egg-base ../build/my_robot build --build-base /home/ddd/ros2_ws/src/build/my_robot/build install --record /home/ddd/ros2_ws/src/build/my_robot/install.log --install-scripts $base/lib/my_robot --single-version-externally-managed install_data
[1.910s] DEBUG:colcon.colcon_core.event_handler.log_command:Invoked command in '/home/ddd/ros2_ws/src/my_service' returned '0': DEBUGINFOD_URLS=https://debuginfod.ubuntu.com PYTHONPATH=/home/ddd/ros2_ws/src/build/my_service/prefix_override:/usr/lib/python3/dist-packages/colcon_core/task/python/colcon_distutils_commands:/home/ddd/ros2_ws/src/install/my_service/lib/python3.12/site-packages:${PYTHONPATH} /usr/bin/python3 -W ignore:setup.py install is deprecated -W ignore:easy_install command is deprecated setup.py egg_info --egg-base ../build/my_service build --build-base /home/ddd/ros2_ws/src/build/my_service/build install --record /home/ddd/ros2_ws/src/build/my_service/install.log --install-scripts $base/lib/my_service --single-version-externally-managed install_data
[1.912s] Level 1:colcon.colcon_core.environment:checking '/home/ddd/ros2_ws/src/install/my_service' for CMake module files
[1.913s] Level 1:colcon.colcon_core.environment:checking '/home/ddd/ros2_ws/src/install/my_service' for CMake config files
[1.913s] Level 1:colcon.colcon_core.environment:checking '/home/ddd/ros2_ws/src/install/my_service/lib'
[1.913s] Level 1:colcon.colcon_core.environment:checking '/home/ddd/ros2_ws/src/install/my_service/bin'
[1.914s] Level 1:colcon.colcon_core.environment:checking '/home/ddd/ros2_ws/src/install/my_service/lib/pkgconfig/my_service.pc'
[1.914s] Level 1:colcon.colcon_core.environment:checking '/home/ddd/ros2_ws/src/install/my_service/lib/python3.12/site-packages'
[1.914s] Level 1:colcon.colcon_core.shell:create_environment_hook('my_service', 'pythonpath')
[1.914s] INFO:colcon.colcon_core.shell:Creating environment hook '/home/ddd/ros2_ws/src/install/my_service/share/my_service/hook/pythonpath.ps1'
[1.914s] INFO:colcon.colcon_core.shell:Creating environment descriptor '/home/ddd/ros2_ws/src/install/my_service/share/my_service/hook/pythonpath.dsv'
[1.915s] INFO:colcon.colcon_core.shell:Creating environment hook '/home/ddd/ros2_ws/src/install/my_service/share/my_service/hook/pythonpath.sh'
[1.915s] Level 1:colcon.colcon_core.environment:checking '/home/ddd/ros2_ws/src/install/my_service/bin'
[1.915s] Level 1:colcon.colcon_core.environment:create_environment_scripts_only(my_service)
[1.915s] INFO:colcon.colcon_core.shell:Creating package script '/home/ddd/ros2_ws/src/install/my_service/share/my_service/package.ps1'
[1.916s] INFO:colcon.colcon_core.shell:Creating package descriptor '/home/ddd/ros2_ws/src/install/my_service/share/my_service/package.dsv'
[1.917s] INFO:colcon.colcon_core.shell:Creating package script '/home/ddd/ros2_ws/src/install/my_service/share/my_service/package.sh'
[1.917s] INFO:colcon.colcon_core.shell:Creating package script '/home/ddd/ros2_ws/src/install/my_service/share/my_service/package.bash'
[1.918s] INFO:colcon.colcon_core.shell:Creating package script '/home/ddd/ros2_ws/src/install/my_service/share/my_service/package.zsh'
[1.918s] Level 1:colcon.colcon_core.environment:create_file_with_runtime_dependencies(/home/ddd/ros2_ws/src/install/my_service/share/colcon-core/packages/my_service)
[1.933s] Level 1:colcon.colcon_core.environment:checking '/home/ddd/ros2_ws/src/install/my_robot_description' for CMake module files
[1.934s] DEBUG:colcon.colcon_core.event_handler.log_command:Invoked command in '/home/ddd/ros2_ws/src/my_robot_description' returned '0': DEBUGINFOD_URLS=https://debuginfod.ubuntu.com PYTHONPATH=/home/ddd/ros2_ws/src/build/my_robot_description/prefix_override:/usr/lib/python3/dist-packages/colcon_core/task/python/colcon_distutils_commands:/home/ddd/ros2_ws/src/install/my_robot_description/lib/python3.12/site-packages:${PYTHONPATH} /usr/bin/python3 -W ignore:setup.py install is deprecated -W ignore:easy_install command is deprecated setup.py egg_info --egg-base ../build/my_robot_description build --build-base /home/ddd/ros2_ws/src/build/my_robot_description/build install --record /home/ddd/ros2_ws/src/build/my_robot_description/install.log --install-scripts $base/lib/my_robot_description --single-version-externally-managed install_data
[1.934s] Level 1:colcon.colcon_core.environment:checking '/home/ddd/ros2_ws/src/install/my_robot_description' for CMake config files
[1.935s] Level 1:colcon.colcon_core.environment:checking '/home/ddd/ros2_ws/src/install/my_robot_description/lib'
[1.935s] Level 1:colcon.colcon_core.environment:checking '/home/ddd/ros2_ws/src/install/my_robot_description/bin'
[1.935s] Level 1:colcon.colcon_core.environment:checking '/home/ddd/ros2_ws/src/install/my_robot_description/lib/pkgconfig/my_robot_description.pc'
[1.935s] Level 1:colcon.colcon_core.environment:checking '/home/ddd/ros2_ws/src/install/my_robot_description/lib/python3.12/site-packages'
[1.935s] Level 1:colcon.colcon_core.shell:create_environment_hook('my_robot_description', 'pythonpath')
[1.935s] INFO:colcon.colcon_core.shell:Creating environment hook '/home/ddd/ros2_ws/src/install/my_robot_description/share/my_robot_description/hook/pythonpath.ps1'
[1.936s] INFO:colcon.colcon_core.shell:Creating environment descriptor '/home/ddd/ros2_ws/src/install/my_robot_description/share/my_robot_description/hook/pythonpath.dsv'
[1.936s] INFO:colcon.colcon_core.shell:Creating environment hook '/home/ddd/ros2_ws/src/install/my_robot_description/share/my_robot_description/hook/pythonpath.sh'
[1.937s] Level 1:colcon.colcon_core.environment:checking '/home/ddd/ros2_ws/src/install/my_robot_description/bin'
[1.937s] Level 1:colcon.colcon_core.environment:create_environment_scripts_only(my_robot_description)
[1.937s] INFO:colcon.colcon_core.shell:Creating package script '/home/ddd/ros2_ws/src/install/my_robot_description/share/my_robot_description/package.ps1'
[1.937s] INFO:colcon.colcon_core.shell:Creating package descriptor '/home/ddd/ros2_ws/src/install/my_robot_description/share/my_robot_description/package.dsv'
[1.938s] INFO:colcon.colcon_core.shell:Creating package script '/home/ddd/ros2_ws/src/install/my_robot_description/share/my_robot_description/package.sh'
[1.938s] INFO:colcon.colcon_core.shell:Creating package script '/home/ddd/ros2_ws/src/install/my_robot_description/share/my_robot_description/package.bash'
[1.938s] INFO:colcon.colcon_core.shell:Creating package script '/home/ddd/ros2_ws/src/install/my_robot_description/share/my_robot_description/package.zsh'
[1.939s] Level 1:colcon.colcon_core.environment:create_file_with_runtime_dependencies(/home/ddd/ros2_ws/src/install/my_robot_description/share/colcon-core/packages/my_robot_description)
[1.941s] Level 1:colcon.colcon_core.environment:checking '/home/ddd/ros2_ws/src/install/my_robot' for CMake module files
[1.942s] DEBUG:colcon.colcon_core.event_handler.log_command:Invoked command in '/home/ddd/ros2_ws/src/my_robot' returned '0': DEBUGINFOD_URLS=https://debuginfod.ubuntu.com PYTHONPATH=/home/ddd/ros2_ws/src/build/my_robot/prefix_override:/usr/lib/python3/dist-packages/colcon_core/task/python/colcon_distutils_commands:/home/ddd/ros2_ws/src/install/my_robot/lib/python3.12/site-packages:${PYTHONPATH} /usr/bin/python3 -W ignore:setup.py install is deprecated -W ignore:easy_install command is deprecated setup.py egg_info --egg-base ../build/my_robot build --build-base /home/ddd/ros2_ws/src/build/my_robot/build install --record /home/ddd/ros2_ws/src/build/my_robot/install.log --install-scripts $base/lib/my_robot --single-version-externally-managed install_data
[1.942s] Level 1:colcon.colcon_core.environment:checking '/home/ddd/ros2_ws/src/install/my_robot' for CMake config files
[1.942s] Level 1:colcon.colcon_core.environment:checking '/home/ddd/ros2_ws/src/install/my_robot/lib'
[1.942s] Level 1:colcon.colcon_core.environment:checking '/home/ddd/ros2_ws/src/install/my_robot/bin'
[1.943s] Level 1:colcon.colcon_core.environment:checking '/home/ddd/ros2_ws/src/install/my_robot/lib/pkgconfig/my_robot.pc'
[1.943s] Level 1:colcon.colcon_core.environment:checking '/home/ddd/ros2_ws/src/install/my_robot/lib/python3.12/site-packages'
[1.943s] Level 1:colcon.colcon_core.shell:create_environment_hook('my_robot', 'pythonpath')
[1.943s] INFO:colcon.colcon_core.shell:Creating environment hook '/home/ddd/ros2_ws/src/install/my_robot/share/my_robot/hook/pythonpath.ps1'
[1.943s] INFO:colcon.colcon_core.shell:Creating environment descriptor '/home/ddd/ros2_ws/src/install/my_robot/share/my_robot/hook/pythonpath.dsv'
[1.943s] INFO:colcon.colcon_core.shell:Creating environment hook '/home/ddd/ros2_ws/src/install/my_robot/share/my_robot/hook/pythonpath.sh'
[1.944s] Level 1:colcon.colcon_core.environment:checking '/home/ddd/ros2_ws/src/install/my_robot/bin'
[1.944s] Level 1:colcon.colcon_core.environment:create_environment_scripts_only(my_robot)
[1.944s] INFO:colcon.colcon_core.shell:Creating package script '/home/ddd/ros2_ws/src/install/my_robot/share/my_robot/package.ps1'
[1.945s] INFO:colcon.colcon_core.shell:Creating package descriptor '/home/ddd/ros2_ws/src/install/my_robot/share/my_robot/package.dsv'
[1.945s] INFO:colcon.colcon_core.shell:Creating package script '/home/ddd/ros2_ws/src/install/my_robot/share/my_robot/package.sh'
[1.945s] INFO:colcon.colcon_core.shell:Creating package script '/home/ddd/ros2_ws/src/install/my_robot/share/my_robot/package.bash'
[1.946s] INFO:colcon.colcon_core.shell:Creating package script '/home/ddd/ros2_ws/src/install/my_robot/share/my_robot/package.zsh'
[1.946s] Level 1:colcon.colcon_core.environment:create_file_with_runtime_dependencies(/home/ddd/ros2_ws/src/install/my_robot/share/colcon-core/packages/my_robot)
[1.946s] DEBUG:colcon.colcon_parallel_executor.executor.parallel:closing loop
[1.946s] DEBUG:colcon.colcon_parallel_executor.executor.parallel:loop closed
[1.946s] DEBUG:colcon.colcon_parallel_executor.executor.parallel:run_until_complete finished with '0'
[1.946s] DEBUG:colcon.colcon_core.event_reactor:joining thread
[1.951s] INFO:colcon.colcon_core.plugin_system:Skipping extension 'colcon_notification.desktop_notification.terminal_notifier': Not used on non-Darwin systems
[1.951s] INFO:colcon.colcon_core.plugin_system:Skipping extension 'colcon_notification.desktop_notification.win32': Not used on non-Windows systems
[1.952s] INFO:colcon.colcon_notification.desktop_notification:Sending desktop notification using 'notify2'
[1.964s] DEBUG:colcon.colcon_core.event_reactor:joined thread
[1.965s] INFO:colcon.colcon_core.shell:Creating prefix script '/home/ddd/ros2_ws/src/install/local_setup.ps1'
[1.966s] INFO:colcon.colcon_core.shell:Creating prefix util module '/home/ddd/ros2_ws/src/install/_local_setup_util_ps1.py'
[1.966s] INFO:colcon.colcon_core.shell:Creating prefix chain script '/home/ddd/ros2_ws/src/install/setup.ps1'
[1.967s] INFO:colcon.colcon_core.shell:Creating prefix script '/home/ddd/ros2_ws/src/install/local_setup.sh'
[1.968s] INFO:colcon.colcon_core.shell:Creating prefix util module '/home/ddd/ros2_ws/src/install/_local_setup_util_sh.py'
[1.968s] INFO:colcon.colcon_core.shell:Creating prefix chain script '/home/ddd/ros2_ws/src/install/setup.sh'
[1.969s] INFO:colcon.colcon_core.shell:Creating prefix script '/home/ddd/ros2_ws/src/install/local_setup.bash'
[1.969s] INFO:colcon.colcon_core.shell:Creating prefix chain script '/home/ddd/ros2_ws/src/install/setup.bash'
[1.970s] INFO:colcon.colcon_core.shell:Creating prefix script '/home/ddd/ros2_ws/src/install/local_setup.zsh'
[1.971s] INFO:colcon.colcon_core.shell:Creating prefix chain script '/home/ddd/ros2_ws/src/install/setup.zsh'
