[1.166s] Invoking command in '/home/ddd/ros2_ws/src/my_service': DEBUGINFOD_URLS=https://debuginfod.ubuntu.com PYTHONPATH=/home/ddd/ros2_ws/build/my_service/prefix_override:/usr/lib/python3/dist-packages/colcon_core/task/python/colcon_distutils_commands:/home/ddd/ros2_ws/install/my_service/lib/python3.12/site-packages:${PYTHONPATH} /usr/bin/python3 -W ignore:setup.py install is deprecated -W ignore:easy_install command is deprecated setup.py egg_info --egg-base ../../build/my_service build --build-base /home/ddd/ros2_ws/build/my_service/build install --record /home/ddd/ros2_ws/build/my_service/install.log --install-scripts $base/lib/my_service --single-version-externally-managed install_data
[1.429s] running egg_info
[1.448s] writing ../../build/my_service/my_service.egg-info/PKG-INFO
[1.448s] writing dependency_links to ../../build/my_service/my_service.egg-info/dependency_links.txt
[1.449s] writing entry points to ../../build/my_service/my_service.egg-info/entry_points.txt
[1.449s] writing requirements to ../../build/my_service/my_service.egg-info/requires.txt
[1.449s] writing top-level names to ../../build/my_service/my_service.egg-info/top_level.txt
[1.488s] reading manifest file '../../build/my_service/my_service.egg-info/SOURCES.txt'
[1.489s] writing manifest file '../../build/my_service/my_service.egg-info/SOURCES.txt'
[1.489s] running build
[1.489s] running build_py
[1.490s] running install
[1.495s] running install_lib
[1.516s] running install_data
[1.516s] running install_egg_info
[1.538s] removing '/home/ddd/ros2_ws/install/my_service/lib/python3.12/site-packages/my_service-0.0.0-py3.12.egg-info' (and everything under it)
[1.539s] Copying ../../build/my_service/my_service.egg-info to /home/ddd/ros2_ws/install/my_service/lib/python3.12/site-packages/my_service-0.0.0-py3.12.egg-info
[1.540s] running install_scripts
[1.674s] Installing client script to /home/ddd/ros2_ws/install/my_service/lib/my_service
[1.675s] Installing server script to /home/ddd/ros2_ws/install/my_service/lib/my_service
[1.675s] writing list of installed files to '/home/ddd/ros2_ws/build/my_service/install.log'
[1.708s] Invoked command in '/home/ddd/ros2_ws/src/my_service' returned '0': DEBUGINFOD_URLS=https://debuginfod.ubuntu.com PYTHONPATH=/home/ddd/ros2_ws/build/my_service/prefix_override:/usr/lib/python3/dist-packages/colcon_core/task/python/colcon_distutils_commands:/home/ddd/ros2_ws/install/my_service/lib/python3.12/site-packages:${PYTHONPATH} /usr/bin/python3 -W ignore:setup.py install is deprecated -W ignore:easy_install command is deprecated setup.py egg_info --egg-base ../../build/my_service build --build-base /home/ddd/ros2_ws/build/my_service/build install --record /home/ddd/ros2_ws/build/my_service/install.log --install-scripts $base/lib/my_service --single-version-externally-managed install_data
