[1.177s] Invoking command in '/home/ddd/ros2_ws/src/my_robot_description': DEBUGINFOD_URLS=https://debuginfod.ubuntu.com PYTHONPATH=/home/ddd/ros2_ws/build/my_robot_description/prefix_override:/usr/lib/python3/dist-packages/colcon_core/task/python/colcon_distutils_commands:/home/ddd/ros2_ws/install/my_robot_description/lib/python3.12/site-packages:${PYTHONPATH} /usr/bin/python3 -W ignore:setup.py install is deprecated -W ignore:easy_install command is deprecated setup.py egg_info --egg-base ../../build/my_robot_description build --build-base /home/ddd/ros2_ws/build/my_robot_description/build install --record /home/ddd/ros2_ws/build/my_robot_description/install.log --install-scripts $base/lib/my_robot_description --single-version-externally-managed install_data
[1.429s] running egg_info
[1.430s] creating ../../build/my_robot_description/my_robot_description.egg-info
[1.448s] writing ../../build/my_robot_description/my_robot_description.egg-info/PKG-INFO
[1.448s] writing dependency_links to ../../build/my_robot_description/my_robot_description.egg-info/dependency_links.txt
[1.448s] writing requirements to ../../build/my_robot_description/my_robot_description.egg-info/requires.txt
[1.449s] writing top-level names to ../../build/my_robot_description/my_robot_description.egg-info/top_level.txt
[1.449s] writing manifest file '../../build/my_robot_description/my_robot_description.egg-info/SOURCES.txt'
[1.486s] reading manifest file '../../build/my_robot_description/my_robot_description.egg-info/SOURCES.txt'
[1.487s] writing manifest file '../../build/my_robot_description/my_robot_description.egg-info/SOURCES.txt'
[1.487s] running build
[1.487s] running build_py
[1.487s] creating /home/ddd/ros2_ws/build/my_robot_description/build
[1.488s] creating /home/ddd/ros2_ws/build/my_robot_description/build/lib
[1.488s] creating /home/ddd/ros2_ws/build/my_robot_description/build/lib/my_robot_description
[1.488s] copying my_robot_description/__init__.py -> /home/ddd/ros2_ws/build/my_robot_description/build/lib/my_robot_description
[1.488s] running install
[1.493s] running install_lib
[1.513s] creating /home/ddd/ros2_ws/install/my_robot_description/lib/python3.12/site-packages/my_robot_description
[1.513s] copying /home/ddd/ros2_ws/build/my_robot_description/build/lib/my_robot_description/__init__.py -> /home/ddd/ros2_ws/install/my_robot_description/lib/python3.12/site-packages/my_robot_description
[1.513s] byte-compiling /home/ddd/ros2_ws/install/my_robot_description/lib/python3.12/site-packages/my_robot_description/__init__.py to __init__.cpython-312.pyc
[1.514s] running install_data
[1.514s] creating /home/ddd/ros2_ws/install/my_robot_description/share/ament_index
[1.514s] creating /home/ddd/ros2_ws/install/my_robot_description/share/ament_index/resource_index
[1.514s] creating /home/ddd/ros2_ws/install/my_robot_description/share/ament_index/resource_index/packages
[1.514s] copying resource/my_robot_description -> /home/ddd/ros2_ws/install/my_robot_description/share/ament_index/resource_index/packages
[1.514s] copying package.xml -> /home/ddd/ros2_ws/install/my_robot_description/share/my_robot_description
[1.514s] creating /home/ddd/ros2_ws/install/my_robot_description/share/my_robot_description/launch
[1.515s] copying launch/display.lauch.py -> /home/ddd/ros2_ws/install/my_robot_description/share/my_robot_description/launch
[1.515s] creating /home/ddd/ros2_ws/install/my_robot_description/share/my_robot_description/urdf
[1.515s] copying urdf/my_robot.urdf -> /home/ddd/ros2_ws/install/my_robot_description/share/my_robot_description/urdf
[1.515s] creating /home/ddd/ros2_ws/install/my_robot_description/share/my_robot_description/rviz
[1.515s] copying rviz/display.rviz -> /home/ddd/ros2_ws/install/my_robot_description/share/my_robot_description/rviz
[1.515s] running install_egg_info
[1.535s] Copying ../../build/my_robot_description/my_robot_description.egg-info to /home/ddd/ros2_ws/install/my_robot_description/lib/python3.12/site-packages/my_robot_description-0.0.0-py3.12.egg-info
[1.536s] running install_scripts
[1.669s] writing list of installed files to '/home/ddd/ros2_ws/build/my_robot_description/install.log'
[1.700s] Invoked command in '/home/ddd/ros2_ws/src/my_robot_description' returned '0': DEBUGINFOD_URLS=https://debuginfod.ubuntu.com PYTHONPATH=/home/ddd/ros2_ws/build/my_robot_description/prefix_override:/usr/lib/python3/dist-packages/colcon_core/task/python/colcon_distutils_commands:/home/ddd/ros2_ws/install/my_robot_description/lib/python3.12/site-packages:${PYTHONPATH} /usr/bin/python3 -W ignore:setup.py install is deprecated -W ignore:easy_install command is deprecated setup.py egg_info --egg-base ../../build/my_robot_description build --build-base /home/ddd/ros2_ws/build/my_robot_description/build install --record /home/ddd/ros2_ws/build/my_robot_description/install.log --install-scripts $base/lib/my_robot_description --single-version-externally-managed install_data
