[1.066s] Invoking command in '/home/ddd/ros2_ws/build/my_robot_arm_pick_place': AMENT_PREFIX_PATH=/home/ddd/ros2_ws/install/my_robot_arm_moveit_config:/home/ddd/ros2_ws/install/my_robot_arm_control:/home/ddd/ros2_ws/install/my_robot_arm_description:${AMENT_PREFIX_PATH} DEBUGINFOD_URLS=https://debuginfod.ubuntu.com PYTHONPATH=/home/ddd/ros2_ws/build/my_robot_arm_pick_place/prefix_override:/usr/lib/python3/dist-packages/colcon_core/task/python/colcon_distutils_commands:/home/ddd/ros2_ws/install/my_robot_arm_pick_place/lib/python3.12/site-packages:/home/ddd/ros2_ws/build/my_robot_arm_moveit_config:/home/ddd/ros2_ws/install/my_robot_arm_moveit_config/lib/python3.12/site-packages:/home/ddd/ros2_ws/build/my_robot_arm_control:/home/ddd/ros2_ws/install/my_robot_arm_control/lib/python3.12/site-packages:/home/ddd/ros2_ws/build/my_robot_arm_description:/home/ddd/ros2_ws/install/my_robot_arm_description/lib/python3.12/site-packages:${PYTHONPATH} /usr/bin/python3 -W ignore:setup.py install is deprecated -W ignore:easy_install command is deprecated setup.py develop --editable --build-directory /home/ddd/ros2_ws/build/my_robot_arm_pick_place/build --no-deps symlink_data --force
[1.352s] running develop
[1.555s] running egg_info
[1.573s] writing my_robot_arm_pick_place.egg-info/PKG-INFO
[1.573s] writing dependency_links to my_robot_arm_pick_place.egg-info/dependency_links.txt
[1.573s] writing entry points to my_robot_arm_pick_place.egg-info/entry_points.txt
[1.574s] writing requirements to my_robot_arm_pick_place.egg-info/requires.txt
[1.574s] writing top-level names to my_robot_arm_pick_place.egg-info/top_level.txt
[1.609s] reading manifest file 'my_robot_arm_pick_place.egg-info/SOURCES.txt'
[1.610s] writing manifest file 'my_robot_arm_pick_place.egg-info/SOURCES.txt'
[1.629s] running build_ext
[1.629s] Creating /home/ddd/ros2_ws/install/my_robot_arm_pick_place/lib/python3.12/site-packages/my-robot-arm-pick-place.egg-link (link to .)
[1.630s] Installing pick_place_node script to /home/ddd/ros2_ws/install/my_robot_arm_pick_place/lib/my_robot_arm_pick_place
[1.630s] 
[1.630s] Installed /home/ddd/ros2_ws/build/my_robot_arm_pick_place
[1.630s] running symlink_data
[1.631s] symbolically linking /home/ddd/ros2_ws/build/my_robot_arm_pick_place/resource/my_robot_arm_pick_place -> /home/ddd/ros2_ws/install/my_robot_arm_pick_place/share/ament_index/resource_index/packages
[1.631s] symbolically linking /home/ddd/ros2_ws/build/my_robot_arm_pick_place/package.xml -> /home/ddd/ros2_ws/install/my_robot_arm_pick_place/share/my_robot_arm_pick_place
[1.631s] symbolically linking /home/ddd/ros2_ws/build/my_robot_arm_pick_place/launch/pick_place_gazebo.launch.py -> /home/ddd/ros2_ws/install/my_robot_arm_pick_place/share/my_robot_arm_pick_place/launch
[1.631s] symbolically linking /home/ddd/ros2_ws/build/my_robot_arm_pick_place/launch/pick_place.launch.py -> /home/ddd/ros2_ws/install/my_robot_arm_pick_place/share/my_robot_arm_pick_place/launch
[1.631s] symbolically linking /home/ddd/ros2_ws/build/my_robot_arm_pick_place/config/pick_place_params.yaml -> /home/ddd/ros2_ws/install/my_robot_arm_pick_place/share/my_robot_arm_pick_place/config
[1.658s] Invoked command in '/home/ddd/ros2_ws/build/my_robot_arm_pick_place' returned '0': AMENT_PREFIX_PATH=/home/ddd/ros2_ws/install/my_robot_arm_moveit_config:/home/ddd/ros2_ws/install/my_robot_arm_control:/home/ddd/ros2_ws/install/my_robot_arm_description:${AMENT_PREFIX_PATH} DEBUGINFOD_URLS=https://debuginfod.ubuntu.com PYTHONPATH=/home/ddd/ros2_ws/build/my_robot_arm_pick_place/prefix_override:/usr/lib/python3/dist-packages/colcon_core/task/python/colcon_distutils_commands:/home/ddd/ros2_ws/install/my_robot_arm_pick_place/lib/python3.12/site-packages:/home/ddd/ros2_ws/build/my_robot_arm_moveit_config:/home/ddd/ros2_ws/install/my_robot_arm_moveit_config/lib/python3.12/site-packages:/home/ddd/ros2_ws/build/my_robot_arm_control:/home/ddd/ros2_ws/install/my_robot_arm_control/lib/python3.12/site-packages:/home/ddd/ros2_ws/build/my_robot_arm_description:/home/ddd/ros2_ws/install/my_robot_arm_description/lib/python3.12/site-packages:${PYTHONPATH} /usr/bin/python3 -W ignore:setup.py install is deprecated -W ignore:easy_install command is deprecated setup.py develop --editable --build-directory /home/ddd/ros2_ws/build/my_robot_arm_pick_place/build --no-deps symlink_data --force
