[0.193s] DEBUG:colcon:Command line arguments: ['/usr/bin/colcon', 'build', '--packages-select', 'my_robot_arm_pick_place', 'my_robot_arm_moveit_config']
[0.193s] DEBUG:colcon:Parsed command line arguments: Namespace(log_base=None, log_level=None, verb_name='build', build_base='build', install_base='install', merge_install=False, symlink_install=False, test_result_base=None, continue_on_error=False, executor='parallel', parallel_workers=16, event_handlers=None, ignore_user_meta=False, metas=['./colcon.meta'], base_paths=['.'], packages_ignore=None, packages_ignore_regex=None, paths=None, packages_up_to=None, packages_up_to_regex=None, packages_above=None, packages_above_and_dependencies=None, packages_above_depth=None, packages_select_by_dep=None, packages_skip_by_dep=None, packages_skip_up_to=None, packages_select_build_failed=False, packages_skip_build_finished=False, packages_select_test_failures=False, packages_skip_test_passed=False, packages_select=['my_robot_arm_pick_place', 'my_robot_arm_moveit_config'], packages_skip=None, packages_select_regex=None, packages_skip_regex=None, packages_start=None, packages_end=None, allow_overriding=[], cmake_args=None, cmake_target=None, cmake_target_skip_unavailable=False, cmake_clean_cache=False, cmake_clean_first=False, cmake_force_configure=False, ament_cmake_args=None, catkin_cmake_args=None, catkin_skip_building_tests=False, verb_parser=<colcon_defaults.argument_parser.defaults.DefaultArgumentsDecorator object at 0x7d7797643890>, verb_extension=<colcon_core.verb.build.BuildVerb object at 0x7d7797792bd0>, main=<bound method BuildVerb.main of <colcon_core.verb.build.BuildVerb object at 0x7d7797792bd0>>)
[0.270s] Level 1:colcon.colcon_core.package_discovery:discover_packages(colcon_meta) check parameters
[0.270s] Level 1:colcon.colcon_core.package_discovery:discover_packages(recursive) check parameters
[0.270s] Level 1:colcon.colcon_core.package_discovery:discover_packages(ignore) check parameters
[0.270s] Level 1:colcon.colcon_core.package_discovery:discover_packages(path) check parameters
[0.270s] Level 1:colcon.colcon_core.package_discovery:discover_packages(colcon_meta) discover
[0.270s] Level 1:colcon.colcon_core.package_discovery:discover_packages(recursive) discover
[0.270s] INFO:colcon.colcon_core.package_discovery:Crawling recursively for packages in '/home/ddd/ros2_ws'
[0.270s] Level 1:colcon.colcon_core.package_identification:_identify(.) by extensions ['ignore', 'ignore_ament_install']
[0.270s] Level 1:colcon.colcon_core.package_identification:_identify(.) by extension 'ignore'
[0.270s] Level 1:colcon.colcon_core.package_identification:_identify(.) by extension 'ignore_ament_install'
[0.270s] Level 1:colcon.colcon_core.package_identification:_identify(.) by extensions ['colcon_pkg']
[0.270s] Level 1:colcon.colcon_core.package_identification:_identify(.) by extension 'colcon_pkg'
[0.270s] Level 1:colcon.colcon_core.package_identification:_identify(.) by extensions ['colcon_meta']
[0.270s] Level 1:colcon.colcon_core.package_identification:_identify(.) by extension 'colcon_meta'
[0.271s] Level 1:colcon.colcon_core.package_identification:_identify(.) by extensions ['ros']
[0.271s] Level 1:colcon.colcon_core.package_identification:_identify(.) by extension 'ros'
[0.308s] Level 1:colcon.colcon_core.package_identification:_identify(.) by extensions ['cmake', 'python']
[0.308s] Level 1:colcon.colcon_core.package_identification:_identify(.) by extension 'cmake'
[0.309s] Level 1:colcon.colcon_core.package_identification:_identify(.) by extension 'python'
[0.309s] Level 1:colcon.colcon_core.package_identification:_identify(.) by extensions ['python_setup_py']
[0.309s] Level 1:colcon.colcon_core.package_identification:_identify(.) by extension 'python_setup_py'
[0.309s] Level 1:colcon.colcon_core.package_identification:_identify(build) by extensions ['ignore', 'ignore_ament_install']
[0.309s] Level 1:colcon.colcon_core.package_identification:_identify(build) by extension 'ignore'
[0.309s] Level 1:colcon.colcon_core.package_identification:_identify(build) ignored
[0.309s] Level 1:colcon.colcon_core.package_identification:_identify(install) by extensions ['ignore', 'ignore_ament_install']
[0.309s] Level 1:colcon.colcon_core.package_identification:_identify(install) by extension 'ignore'
[0.309s] Level 1:colcon.colcon_core.package_identification:_identify(install) ignored
[0.310s] Level 1:colcon.colcon_core.package_identification:_identify(log) by extensions ['ignore', 'ignore_ament_install']
[0.310s] Level 1:colcon.colcon_core.package_identification:_identify(log) by extension 'ignore'
[0.310s] Level 1:colcon.colcon_core.package_identification:_identify(log) ignored
[0.310s] Level 1:colcon.colcon_core.package_identification:_identify(src) by extensions ['ignore', 'ignore_ament_install']
[0.310s] Level 1:colcon.colcon_core.package_identification:_identify(src) by extension 'ignore'
[0.310s] Level 1:colcon.colcon_core.package_identification:_identify(src) by extension 'ignore_ament_install'
[0.310s] Level 1:colcon.colcon_core.package_identification:_identify(src) by extensions ['colcon_pkg']
[0.310s] Level 1:colcon.colcon_core.package_identification:_identify(src) by extension 'colcon_pkg'
[0.310s] Level 1:colcon.colcon_core.package_identification:_identify(src) by extensions ['colcon_meta']
[0.310s] Level 1:colcon.colcon_core.package_identification:_identify(src) by extension 'colcon_meta'
[0.310s] Level 1:colcon.colcon_core.package_identification:_identify(src) by extensions ['ros']
[0.310s] Level 1:colcon.colcon_core.package_identification:_identify(src) by extension 'ros'
[0.311s] Level 1:colcon.colcon_core.package_identification:_identify(src) by extensions ['cmake', 'python']
[0.311s] Level 1:colcon.colcon_core.package_identification:_identify(src) by extension 'cmake'
[0.311s] Level 1:colcon.colcon_core.package_identification:_identify(src) by extension 'python'
[0.311s] Level 1:colcon.colcon_core.package_identification:_identify(src) by extensions ['python_setup_py']
[0.311s] Level 1:colcon.colcon_core.package_identification:_identify(src) by extension 'python_setup_py'
[0.311s] Level 1:colcon.colcon_core.package_identification:_identify(src/build) by extensions ['ignore', 'ignore_ament_install']
[0.311s] Level 1:colcon.colcon_core.package_identification:_identify(src/build) by extension 'ignore'
[0.311s] Level 1:colcon.colcon_core.package_identification:_identify(src/build) ignored
[0.311s] Level 1:colcon.colcon_core.package_identification:_identify(src/install) by extensions ['ignore', 'ignore_ament_install']
[0.311s] Level 1:colcon.colcon_core.package_identification:_identify(src/install) by extension 'ignore'
[0.311s] Level 1:colcon.colcon_core.package_identification:_identify(src/install) ignored
[0.311s] Level 1:colcon.colcon_core.package_identification:_identify(src/log) by extensions ['ignore', 'ignore_ament_install']
[0.312s] Level 1:colcon.colcon_core.package_identification:_identify(src/log) by extension 'ignore'
[0.312s] Level 1:colcon.colcon_core.package_identification:_identify(src/log) ignored
[0.312s] Level 1:colcon.colcon_core.package_identification:_identify(src/my_robot) by extensions ['ignore', 'ignore_ament_install']
[0.312s] Level 1:colcon.colcon_core.package_identification:_identify(src/my_robot) by extension 'ignore'
[0.312s] Level 1:colcon.colcon_core.package_identification:_identify(src/my_robot) by extension 'ignore_ament_install'
[0.312s] Level 1:colcon.colcon_core.package_identification:_identify(src/my_robot) by extensions ['colcon_pkg']
[0.312s] Level 1:colcon.colcon_core.package_identification:_identify(src/my_robot) by extension 'colcon_pkg'
[0.312s] Level 1:colcon.colcon_core.package_identification:_identify(src/my_robot) by extensions ['colcon_meta']
[0.312s] Level 1:colcon.colcon_core.package_identification:_identify(src/my_robot) by extension 'colcon_meta'
[0.312s] Level 1:colcon.colcon_core.package_identification:_identify(src/my_robot) by extensions ['ros']
[0.312s] Level 1:colcon.colcon_core.package_identification:_identify(src/my_robot) by extension 'ros'
[0.318s] DEBUG:colcon.colcon_core.package_identification:Package 'src/my_robot' with type 'ros.ament_python' and name 'my_robot'
[0.318s] Level 1:colcon.colcon_core.package_identification:_identify(src/my_robot_arm_control) by extensions ['ignore', 'ignore_ament_install']
[0.318s] Level 1:colcon.colcon_core.package_identification:_identify(src/my_robot_arm_control) by extension 'ignore'
[0.318s] Level 1:colcon.colcon_core.package_identification:_identify(src/my_robot_arm_control) by extension 'ignore_ament_install'
[0.318s] Level 1:colcon.colcon_core.package_identification:_identify(src/my_robot_arm_control) by extensions ['colcon_pkg']
[0.318s] Level 1:colcon.colcon_core.package_identification:_identify(src/my_robot_arm_control) by extension 'colcon_pkg'
[0.318s] Level 1:colcon.colcon_core.package_identification:_identify(src/my_robot_arm_control) by extensions ['colcon_meta']
[0.318s] Level 1:colcon.colcon_core.package_identification:_identify(src/my_robot_arm_control) by extension 'colcon_meta'
[0.319s] Level 1:colcon.colcon_core.package_identification:_identify(src/my_robot_arm_control) by extensions ['ros']
[0.319s] Level 1:colcon.colcon_core.package_identification:_identify(src/my_robot_arm_control) by extension 'ros'
[0.319s] DEBUG:colcon.colcon_core.package_identification:Package 'src/my_robot_arm_control' with type 'ros.ament_python' and name 'my_robot_arm_control'
[0.320s] Level 1:colcon.colcon_core.package_identification:_identify(src/my_robot_arm_description) by extensions ['ignore', 'ignore_ament_install']
[0.320s] Level 1:colcon.colcon_core.package_identification:_identify(src/my_robot_arm_description) by extension 'ignore'
[0.320s] Level 1:colcon.colcon_core.package_identification:_identify(src/my_robot_arm_description) by extension 'ignore_ament_install'
[0.320s] Level 1:colcon.colcon_core.package_identification:_identify(src/my_robot_arm_description) by extensions ['colcon_pkg']
[0.320s] Level 1:colcon.colcon_core.package_identification:_identify(src/my_robot_arm_description) by extension 'colcon_pkg'
[0.320s] Level 1:colcon.colcon_core.package_identification:_identify(src/my_robot_arm_description) by extensions ['colcon_meta']
[0.320s] Level 1:colcon.colcon_core.package_identification:_identify(src/my_robot_arm_description) by extension 'colcon_meta'
[0.320s] Level 1:colcon.colcon_core.package_identification:_identify(src/my_robot_arm_description) by extensions ['ros']
[0.320s] Level 1:colcon.colcon_core.package_identification:_identify(src/my_robot_arm_description) by extension 'ros'
[0.321s] DEBUG:colcon.colcon_core.package_identification:Package 'src/my_robot_arm_description' with type 'ros.ament_python' and name 'my_robot_arm_description'
[0.321s] Level 1:colcon.colcon_core.package_identification:_identify(src/my_robot_arm_gazebo) by extensions ['ignore', 'ignore_ament_install']
[0.321s] Level 1:colcon.colcon_core.package_identification:_identify(src/my_robot_arm_gazebo) by extension 'ignore'
[0.321s] Level 1:colcon.colcon_core.package_identification:_identify(src/my_robot_arm_gazebo) by extension 'ignore_ament_install'
[0.321s] Level 1:colcon.colcon_core.package_identification:_identify(src/my_robot_arm_gazebo) by extensions ['colcon_pkg']
[0.321s] Level 1:colcon.colcon_core.package_identification:_identify(src/my_robot_arm_gazebo) by extension 'colcon_pkg'
[0.321s] Level 1:colcon.colcon_core.package_identification:_identify(src/my_robot_arm_gazebo) by extensions ['colcon_meta']
[0.321s] Level 1:colcon.colcon_core.package_identification:_identify(src/my_robot_arm_gazebo) by extension 'colcon_meta'
[0.321s] Level 1:colcon.colcon_core.package_identification:_identify(src/my_robot_arm_gazebo) by extensions ['ros']
[0.321s] Level 1:colcon.colcon_core.package_identification:_identify(src/my_robot_arm_gazebo) by extension 'ros'
[0.322s] DEBUG:colcon.colcon_core.package_identification:Package 'src/my_robot_arm_gazebo' with type 'ros.ament_python' and name 'my_robot_arm_gazebo'
[0.322s] Level 1:colcon.colcon_core.package_identification:_identify(src/my_robot_arm_moveit_config) by extensions ['ignore', 'ignore_ament_install']
[0.323s] Level 1:colcon.colcon_core.package_identification:_identify(src/my_robot_arm_moveit_config) by extension 'ignore'
[0.323s] Level 1:colcon.colcon_core.package_identification:_identify(src/my_robot_arm_moveit_config) by extension 'ignore_ament_install'
[0.323s] Level 1:colcon.colcon_core.package_identification:_identify(src/my_robot_arm_moveit_config) by extensions ['colcon_pkg']
[0.323s] Level 1:colcon.colcon_core.package_identification:_identify(src/my_robot_arm_moveit_config) by extension 'colcon_pkg'
[0.323s] Level 1:colcon.colcon_core.package_identification:_identify(src/my_robot_arm_moveit_config) by extensions ['colcon_meta']
[0.323s] Level 1:colcon.colcon_core.package_identification:_identify(src/my_robot_arm_moveit_config) by extension 'colcon_meta'
[0.323s] Level 1:colcon.colcon_core.package_identification:_identify(src/my_robot_arm_moveit_config) by extensions ['ros']
[0.323s] Level 1:colcon.colcon_core.package_identification:_identify(src/my_robot_arm_moveit_config) by extension 'ros'
[0.323s] DEBUG:colcon.colcon_core.package_identification:Package 'src/my_robot_arm_moveit_config' with type 'ros.ament_python' and name 'my_robot_arm_moveit_config'
[0.324s] Level 1:colcon.colcon_core.package_identification:_identify(src/my_robot_arm_pick_place) by extensions ['ignore', 'ignore_ament_install']
[0.324s] Level 1:colcon.colcon_core.package_identification:_identify(src/my_robot_arm_pick_place) by extension 'ignore'
[0.324s] Level 1:colcon.colcon_core.package_identification:_identify(src/my_robot_arm_pick_place) by extension 'ignore_ament_install'
[0.324s] Level 1:colcon.colcon_core.package_identification:_identify(src/my_robot_arm_pick_place) by extensions ['colcon_pkg']
[0.324s] Level 1:colcon.colcon_core.package_identification:_identify(src/my_robot_arm_pick_place) by extension 'colcon_pkg'
[0.324s] Level 1:colcon.colcon_core.package_identification:_identify(src/my_robot_arm_pick_place) by extensions ['colcon_meta']
[0.324s] Level 1:colcon.colcon_core.package_identification:_identify(src/my_robot_arm_pick_place) by extension 'colcon_meta'
[0.324s] Level 1:colcon.colcon_core.package_identification:_identify(src/my_robot_arm_pick_place) by extensions ['ros']
[0.324s] Level 1:colcon.colcon_core.package_identification:_identify(src/my_robot_arm_pick_place) by extension 'ros'
[0.325s] DEBUG:colcon.colcon_core.package_identification:Package 'src/my_robot_arm_pick_place' with type 'ros.ament_python' and name 'my_robot_arm_pick_place'
[0.325s] Level 1:colcon.colcon_core.package_identification:_identify(src/my_robot_description) by extensions ['ignore', 'ignore_ament_install']
[0.325s] Level 1:colcon.colcon_core.package_identification:_identify(src/my_robot_description) by extension 'ignore'
[0.325s] Level 1:colcon.colcon_core.package_identification:_identify(src/my_robot_description) by extension 'ignore_ament_install'
[0.325s] Level 1:colcon.colcon_core.package_identification:_identify(src/my_robot_description) by extensions ['colcon_pkg']
[0.325s] Level 1:colcon.colcon_core.package_identification:_identify(src/my_robot_description) by extension 'colcon_pkg'
[0.325s] Level 1:colcon.colcon_core.package_identification:_identify(src/my_robot_description) by extensions ['colcon_meta']
[0.325s] Level 1:colcon.colcon_core.package_identification:_identify(src/my_robot_description) by extension 'colcon_meta'
[0.325s] Level 1:colcon.colcon_core.package_identification:_identify(src/my_robot_description) by extensions ['ros']
[0.325s] Level 1:colcon.colcon_core.package_identification:_identify(src/my_robot_description) by extension 'ros'
[0.326s] DEBUG:colcon.colcon_core.package_identification:Package 'src/my_robot_description' with type 'ros.ament_python' and name 'my_robot_description'
[0.326s] Level 1:colcon.colcon_core.package_identification:_identify(src/my_service) by extensions ['ignore', 'ignore_ament_install']
[0.326s] Level 1:colcon.colcon_core.package_identification:_identify(src/my_service) by extension 'ignore'
[0.326s] Level 1:colcon.colcon_core.package_identification:_identify(src/my_service) by extension 'ignore_ament_install'
[0.326s] Level 1:colcon.colcon_core.package_identification:_identify(src/my_service) by extensions ['colcon_pkg']
[0.326s] Level 1:colcon.colcon_core.package_identification:_identify(src/my_service) by extension 'colcon_pkg'
[0.326s] Level 1:colcon.colcon_core.package_identification:_identify(src/my_service) by extensions ['colcon_meta']
[0.326s] Level 1:colcon.colcon_core.package_identification:_identify(src/my_service) by extension 'colcon_meta'
[0.326s] Level 1:colcon.colcon_core.package_identification:_identify(src/my_service) by extensions ['ros']
[0.326s] Level 1:colcon.colcon_core.package_identification:_identify(src/my_service) by extension 'ros'
[0.327s] DEBUG:colcon.colcon_core.package_identification:Package 'src/my_service' with type 'ros.ament_python' and name 'my_service'
[0.327s] Level 1:colcon.colcon_core.package_discovery:discover_packages(recursive) using defaults
[0.327s] Level 1:colcon.colcon_core.package_discovery:discover_packages(ignore) discover
[0.327s] Level 1:colcon.colcon_core.package_discovery:discover_packages(ignore) using defaults
[0.327s] Level 1:colcon.colcon_core.package_discovery:discover_packages(path) discover
[0.327s] Level 1:colcon.colcon_core.package_discovery:discover_packages(path) using defaults
[0.358s] INFO:colcon.colcon_core.package_selection:Skipping not selected package 'my_robot' in 'src/my_robot'
[0.358s] INFO:colcon.colcon_core.package_selection:Skipping not selected package 'my_robot_arm_description' in 'src/my_robot_arm_description'
[0.359s] INFO:colcon.colcon_core.package_selection:Skipping not selected package 'my_robot_description' in 'src/my_robot_description'
[0.359s] INFO:colcon.colcon_core.package_selection:Skipping not selected package 'my_service' in 'src/my_service'
[0.359s] INFO:colcon.colcon_core.package_selection:Skipping not selected package 'my_robot_arm_control' in 'src/my_robot_arm_control'
[0.359s] INFO:colcon.colcon_core.package_selection:Skipping not selected package 'my_robot_arm_gazebo' in 'src/my_robot_arm_gazebo'
[0.359s] Level 1:colcon.colcon_core.package_discovery:discover_packages(prefix_path) check parameters
[0.360s] Level 1:colcon.colcon_core.package_discovery:discover_packages(prefix_path) discover
[0.365s] DEBUG:colcon.colcon_installed_package_information.package_discovery:Found 422 installed packages in /opt/ros/jazzy
[0.367s] Level 1:colcon.colcon_core.package_discovery:discover_packages(prefix_path) using defaults
[0.448s] Level 5:colcon.colcon_core.verb:set package 'my_robot_arm_moveit_config' build argument 'cmake_args' from command line to 'None'
[0.449s] Level 5:colcon.colcon_core.verb:set package 'my_robot_arm_moveit_config' build argument 'cmake_target' from command line to 'None'
[0.449s] Level 5:colcon.colcon_core.verb:set package 'my_robot_arm_moveit_config' build argument 'cmake_target_skip_unavailable' from command line to 'False'
[0.449s] Level 5:colcon.colcon_core.verb:set package 'my_robot_arm_moveit_config' build argument 'cmake_clean_cache' from command line to 'False'
[0.449s] Level 5:colcon.colcon_core.verb:set package 'my_robot_arm_moveit_config' build argument 'cmake_clean_first' from command line to 'False'
[0.449s] Level 5:colcon.colcon_core.verb:set package 'my_robot_arm_moveit_config' build argument 'cmake_force_configure' from command line to 'False'
[0.449s] Level 5:colcon.colcon_core.verb:set package 'my_robot_arm_moveit_config' build argument 'ament_cmake_args' from command line to 'None'
[0.449s] Level 5:colcon.colcon_core.verb:set package 'my_robot_arm_moveit_config' build argument 'catkin_cmake_args' from command line to 'None'
[0.449s] Level 5:colcon.colcon_core.verb:set package 'my_robot_arm_moveit_config' build argument 'catkin_skip_building_tests' from command line to 'False'
[0.449s] DEBUG:colcon.colcon_core.verb:Building package 'my_robot_arm_moveit_config' with the following arguments: {'ament_cmake_args': None, 'build_base': '/home/ddd/ros2_ws/build/my_robot_arm_moveit_config', 'catkin_cmake_args': None, 'catkin_skip_building_tests': False, 'cmake_args': None, 'cmake_clean_cache': False, 'cmake_clean_first': False, 'cmake_force_configure': False, 'cmake_target': None, 'cmake_target_skip_unavailable': False, 'install_base': '/home/ddd/ros2_ws/install/my_robot_arm_moveit_config', 'merge_install': False, 'path': '/home/ddd/ros2_ws/src/my_robot_arm_moveit_config', 'symlink_install': False, 'test_result_base': None}
[0.449s] Level 5:colcon.colcon_core.verb:set package 'my_robot_arm_pick_place' build argument 'cmake_args' from command line to 'None'
[0.449s] Level 5:colcon.colcon_core.verb:set package 'my_robot_arm_pick_place' build argument 'cmake_target' from command line to 'None'
[0.449s] Level 5:colcon.colcon_core.verb:set package 'my_robot_arm_pick_place' build argument 'cmake_target_skip_unavailable' from command line to 'False'
[0.449s] Level 5:colcon.colcon_core.verb:set package 'my_robot_arm_pick_place' build argument 'cmake_clean_cache' from command line to 'False'
[0.449s] Level 5:colcon.colcon_core.verb:set package 'my_robot_arm_pick_place' build argument 'cmake_clean_first' from command line to 'False'
[0.450s] Level 5:colcon.colcon_core.verb:set package 'my_robot_arm_pick_place' build argument 'cmake_force_configure' from command line to 'False'
[0.450s] Level 5:colcon.colcon_core.verb:set package 'my_robot_arm_pick_place' build argument 'ament_cmake_args' from command line to 'None'
[0.450s] Level 5:colcon.colcon_core.verb:set package 'my_robot_arm_pick_place' build argument 'catkin_cmake_args' from command line to 'None'
[0.450s] Level 5:colcon.colcon_core.verb:set package 'my_robot_arm_pick_place' build argument 'catkin_skip_building_tests' from command line to 'False'
[0.450s] DEBUG:colcon.colcon_core.verb:Building package 'my_robot_arm_pick_place' with the following arguments: {'ament_cmake_args': None, 'build_base': '/home/ddd/ros2_ws/build/my_robot_arm_pick_place', 'catkin_cmake_args': None, 'catkin_skip_building_tests': False, 'cmake_args': None, 'cmake_clean_cache': False, 'cmake_clean_first': False, 'cmake_force_configure': False, 'cmake_target': None, 'cmake_target_skip_unavailable': False, 'install_base': '/home/ddd/ros2_ws/install/my_robot_arm_pick_place', 'merge_install': False, 'path': '/home/ddd/ros2_ws/src/my_robot_arm_pick_place', 'symlink_install': False, 'test_result_base': None}
[0.450s] INFO:colcon.colcon_core.executor:Executing jobs using 'parallel' executor
[0.451s] DEBUG:colcon.colcon_parallel_executor.executor.parallel:run_until_complete
[0.452s] INFO:colcon.colcon_ros.task.ament_python.build:Building ROS package in '/home/ddd/ros2_ws/src/my_robot_arm_moveit_config' with build type 'ament_python'
[0.452s] Level 1:colcon.colcon_core.shell:create_environment_hook('my_robot_arm_moveit_config', 'ament_prefix_path')
[0.457s] INFO:colcon.colcon_core.plugin_system:Skipping extension 'colcon_core.shell.bat': Not used on non-Windows systems
[0.457s] INFO:colcon.colcon_core.shell:Creating environment hook '/home/ddd/ros2_ws/install/my_robot_arm_moveit_config/share/my_robot_arm_moveit_config/hook/ament_prefix_path.ps1'
[0.459s] INFO:colcon.colcon_core.shell:Creating environment descriptor '/home/ddd/ros2_ws/install/my_robot_arm_moveit_config/share/my_robot_arm_moveit_config/hook/ament_prefix_path.dsv'
[0.460s] INFO:colcon.colcon_core.shell:Creating environment hook '/home/ddd/ros2_ws/install/my_robot_arm_moveit_config/share/my_robot_arm_moveit_config/hook/ament_prefix_path.sh'
[0.461s] INFO:colcon.colcon_core.shell:Skip shell extension 'powershell' for command environment: Not usable outside of PowerShell
[0.461s] DEBUG:colcon.colcon_core.shell:Skip shell extension 'dsv' for command environment
[0.817s] INFO:colcon.colcon_core.task.python.build:Building Python package in '/home/ddd/ros2_ws/src/my_robot_arm_moveit_config'
[0.818s] INFO:colcon.colcon_core.shell:Skip shell extension 'powershell' for command environment: Not usable outside of PowerShell
[0.818s] DEBUG:colcon.colcon_core.shell:Skip shell extension 'dsv' for command environment
[1.898s] DEBUG:colcon.colcon_core.task.python.build:Available setuptools commands: extract_messages, update_catalog, compile_catalog, develop, install, upload_docs, bdist_dumb, build_clib, symlink_data, rotate, build_scripts, build_py, sdist, alias, init_catalog, install_scripts, clean, editable_wheel, check, install_egg_info, upload, bdist_wheel, install_lib, test, install_data, build, build_ext, register, easy_install, bdist_rpm, setopt, install_headers, bdist_egg, egg_info, dist_info, bdist, saveopts
[1.900s] DEBUG:colcon.colcon_core.event_handler.log_command:Invoking command in '/home/ddd/ros2_ws/src/my_robot_arm_moveit_config': AMENT_PREFIX_PATH=/home/ddd/ros2_ws/install/my_robot_arm_control:/home/ddd/ros2_ws/install/my_robot_arm_description:${AMENT_PREFIX_PATH} DEBUGINFOD_URLS=https://debuginfod.ubuntu.com PYTHONPATH=/home/ddd/ros2_ws/build/my_robot_arm_moveit_config/prefix_override:/usr/lib/python3/dist-packages/colcon_core/task/python/colcon_distutils_commands:/home/ddd/ros2_ws/install/my_robot_arm_moveit_config/lib/python3.12/site-packages:/home/ddd/ros2_ws/install/my_robot_arm_control/lib/python3.12/site-packages:/home/ddd/ros2_ws/install/my_robot_arm_description/lib/python3.12/site-packages:${PYTHONPATH} /usr/bin/python3 -W ignore:setup.py install is deprecated -W ignore:easy_install command is deprecated setup.py egg_info --egg-base ../../build/my_robot_arm_moveit_config build --build-base /home/ddd/ros2_ws/build/my_robot_arm_moveit_config/build install --record /home/ddd/ros2_ws/build/my_robot_arm_moveit_config/install.log --install-scripts $base/lib/my_robot_arm_moveit_config --single-version-externally-managed install_data
[2.720s] DEBUG:colcon.colcon_core.event_handler.log_command:Invoked command in '/home/ddd/ros2_ws/src/my_robot_arm_moveit_config' returned '0': AMENT_PREFIX_PATH=/home/ddd/ros2_ws/install/my_robot_arm_control:/home/ddd/ros2_ws/install/my_robot_arm_description:${AMENT_PREFIX_PATH} DEBUGINFOD_URLS=https://debuginfod.ubuntu.com PYTHONPATH=/home/ddd/ros2_ws/build/my_robot_arm_moveit_config/prefix_override:/usr/lib/python3/dist-packages/colcon_core/task/python/colcon_distutils_commands:/home/ddd/ros2_ws/install/my_robot_arm_moveit_config/lib/python3.12/site-packages:/home/ddd/ros2_ws/install/my_robot_arm_control/lib/python3.12/site-packages:/home/ddd/ros2_ws/install/my_robot_arm_description/lib/python3.12/site-packages:${PYTHONPATH} /usr/bin/python3 -W ignore:setup.py install is deprecated -W ignore:easy_install command is deprecated setup.py egg_info --egg-base ../../build/my_robot_arm_moveit_config build --build-base /home/ddd/ros2_ws/build/my_robot_arm_moveit_config/build install --record /home/ddd/ros2_ws/build/my_robot_arm_moveit_config/install.log --install-scripts $base/lib/my_robot_arm_moveit_config --single-version-externally-managed install_data
[2.725s] Level 1:colcon.colcon_core.environment:checking '/home/ddd/ros2_ws/install/my_robot_arm_moveit_config' for CMake module files
[2.726s] Level 1:colcon.colcon_core.environment:checking '/home/ddd/ros2_ws/install/my_robot_arm_moveit_config' for CMake config files
[2.727s] Level 1:colcon.colcon_core.environment:checking '/home/ddd/ros2_ws/install/my_robot_arm_moveit_config/lib'
[2.727s] Level 1:colcon.colcon_core.environment:checking '/home/ddd/ros2_ws/install/my_robot_arm_moveit_config/bin'
[2.727s] Level 1:colcon.colcon_core.environment:checking '/home/ddd/ros2_ws/install/my_robot_arm_moveit_config/lib/pkgconfig/my_robot_arm_moveit_config.pc'
[2.727s] Level 1:colcon.colcon_core.environment:checking '/home/ddd/ros2_ws/install/my_robot_arm_moveit_config/lib/python3.12/site-packages'
[2.727s] Level 1:colcon.colcon_core.shell:create_environment_hook('my_robot_arm_moveit_config', 'pythonpath')
[2.727s] INFO:colcon.colcon_core.shell:Creating environment hook '/home/ddd/ros2_ws/install/my_robot_arm_moveit_config/share/my_robot_arm_moveit_config/hook/pythonpath.ps1'
[2.728s] INFO:colcon.colcon_core.shell:Creating environment descriptor '/home/ddd/ros2_ws/install/my_robot_arm_moveit_config/share/my_robot_arm_moveit_config/hook/pythonpath.dsv'
[2.729s] INFO:colcon.colcon_core.shell:Creating environment hook '/home/ddd/ros2_ws/install/my_robot_arm_moveit_config/share/my_robot_arm_moveit_config/hook/pythonpath.sh'
[2.729s] Level 1:colcon.colcon_core.environment:checking '/home/ddd/ros2_ws/install/my_robot_arm_moveit_config/bin'
[2.730s] Level 1:colcon.colcon_core.environment:create_environment_scripts_only(my_robot_arm_moveit_config)
[2.730s] INFO:colcon.colcon_core.shell:Creating package script '/home/ddd/ros2_ws/install/my_robot_arm_moveit_config/share/my_robot_arm_moveit_config/package.ps1'
[2.731s] INFO:colcon.colcon_core.shell:Creating package descriptor '/home/ddd/ros2_ws/install/my_robot_arm_moveit_config/share/my_robot_arm_moveit_config/package.dsv'
[2.732s] INFO:colcon.colcon_core.shell:Creating package script '/home/ddd/ros2_ws/install/my_robot_arm_moveit_config/share/my_robot_arm_moveit_config/package.sh'
[2.733s] INFO:colcon.colcon_core.shell:Creating package script '/home/ddd/ros2_ws/install/my_robot_arm_moveit_config/share/my_robot_arm_moveit_config/package.bash'
[2.734s] INFO:colcon.colcon_core.shell:Creating package script '/home/ddd/ros2_ws/install/my_robot_arm_moveit_config/share/my_robot_arm_moveit_config/package.zsh'
[2.735s] Level 1:colcon.colcon_core.environment:create_file_with_runtime_dependencies(/home/ddd/ros2_ws/install/my_robot_arm_moveit_config/share/colcon-core/packages/my_robot_arm_moveit_config)
[2.735s] INFO:colcon.colcon_ros.task.ament_python.build:Building ROS package in '/home/ddd/ros2_ws/src/my_robot_arm_pick_place' with build type 'ament_python'
[2.736s] Level 1:colcon.colcon_core.shell:create_environment_hook('my_robot_arm_pick_place', 'ament_prefix_path')
[2.736s] INFO:colcon.colcon_core.shell:Creating environment hook '/home/ddd/ros2_ws/install/my_robot_arm_pick_place/share/my_robot_arm_pick_place/hook/ament_prefix_path.ps1'
[2.737s] INFO:colcon.colcon_core.shell:Creating environment descriptor '/home/ddd/ros2_ws/install/my_robot_arm_pick_place/share/my_robot_arm_pick_place/hook/ament_prefix_path.dsv'
[2.737s] INFO:colcon.colcon_core.shell:Creating environment hook '/home/ddd/ros2_ws/install/my_robot_arm_pick_place/share/my_robot_arm_pick_place/hook/ament_prefix_path.sh'
[2.738s] INFO:colcon.colcon_core.shell:Skip shell extension 'powershell' for command environment: Not usable outside of PowerShell
[2.738s] DEBUG:colcon.colcon_core.shell:Skip shell extension 'dsv' for command environment
[3.057s] INFO:colcon.colcon_core.task.python.build:Building Python package in '/home/ddd/ros2_ws/src/my_robot_arm_pick_place'
[3.057s] INFO:colcon.colcon_core.shell:Skip shell extension 'powershell' for command environment: Not usable outside of PowerShell
[3.058s] DEBUG:colcon.colcon_core.shell:Skip shell extension 'dsv' for command environment
[4.013s] DEBUG:colcon.colcon_core.task.python.build:Available setuptools commands: extract_messages, update_catalog, compile_catalog, develop, install, upload_docs, bdist_dumb, build_clib, symlink_data, rotate, build_scripts, build_py, sdist, alias, init_catalog, install_scripts, clean, editable_wheel, check, install_egg_info, upload, bdist_wheel, install_lib, test, install_data, build, build_ext, register, easy_install, bdist_rpm, setopt, install_headers, bdist_egg, egg_info, dist_info, bdist, saveopts
[4.016s] DEBUG:colcon.colcon_core.event_handler.log_command:Invoking command in '/home/ddd/ros2_ws/src/my_robot_arm_pick_place': AMENT_PREFIX_PATH=/home/ddd/ros2_ws/install/my_robot_arm_moveit_config:/home/ddd/ros2_ws/install/my_robot_arm_control:/home/ddd/ros2_ws/install/my_robot_arm_description:${AMENT_PREFIX_PATH} DEBUGINFOD_URLS=https://debuginfod.ubuntu.com PYTHONPATH=/home/ddd/ros2_ws/build/my_robot_arm_pick_place/prefix_override:/usr/lib/python3/dist-packages/colcon_core/task/python/colcon_distutils_commands:/home/ddd/ros2_ws/install/my_robot_arm_pick_place/lib/python3.12/site-packages:/home/ddd/ros2_ws/install/my_robot_arm_moveit_config/lib/python3.12/site-packages:/home/ddd/ros2_ws/install/my_robot_arm_control/lib/python3.12/site-packages:/home/ddd/ros2_ws/install/my_robot_arm_description/lib/python3.12/site-packages:${PYTHONPATH} /usr/bin/python3 -W ignore:setup.py install is deprecated -W ignore:easy_install command is deprecated setup.py egg_info --egg-base ../../build/my_robot_arm_pick_place build --build-base /home/ddd/ros2_ws/build/my_robot_arm_pick_place/build install --record /home/ddd/ros2_ws/build/my_robot_arm_pick_place/install.log --install-scripts $base/lib/my_robot_arm_pick_place --single-version-externally-managed install_data
[4.844s] Level 1:colcon.colcon_core.environment:checking '/home/ddd/ros2_ws/install/my_robot_arm_pick_place' for CMake module files
[4.845s] DEBUG:colcon.colcon_core.event_handler.log_command:Invoked command in '/home/ddd/ros2_ws/src/my_robot_arm_pick_place' returned '0': AMENT_PREFIX_PATH=/home/ddd/ros2_ws/install/my_robot_arm_moveit_config:/home/ddd/ros2_ws/install/my_robot_arm_control:/home/ddd/ros2_ws/install/my_robot_arm_description:${AMENT_PREFIX_PATH} DEBUGINFOD_URLS=https://debuginfod.ubuntu.com PYTHONPATH=/home/ddd/ros2_ws/build/my_robot_arm_pick_place/prefix_override:/usr/lib/python3/dist-packages/colcon_core/task/python/colcon_distutils_commands:/home/ddd/ros2_ws/install/my_robot_arm_pick_place/lib/python3.12/site-packages:/home/ddd/ros2_ws/install/my_robot_arm_moveit_config/lib/python3.12/site-packages:/home/ddd/ros2_ws/install/my_robot_arm_control/lib/python3.12/site-packages:/home/ddd/ros2_ws/install/my_robot_arm_description/lib/python3.12/site-packages:${PYTHONPATH} /usr/bin/python3 -W ignore:setup.py install is deprecated -W ignore:easy_install command is deprecated setup.py egg_info --egg-base ../../build/my_robot_arm_pick_place build --build-base /home/ddd/ros2_ws/build/my_robot_arm_pick_place/build install --record /home/ddd/ros2_ws/build/my_robot_arm_pick_place/install.log --install-scripts $base/lib/my_robot_arm_pick_place --single-version-externally-managed install_data
[4.846s] Level 1:colcon.colcon_core.environment:checking '/home/ddd/ros2_ws/install/my_robot_arm_pick_place' for CMake config files
[4.846s] Level 1:colcon.colcon_core.environment:checking '/home/ddd/ros2_ws/install/my_robot_arm_pick_place/lib'
[4.846s] Level 1:colcon.colcon_core.environment:checking '/home/ddd/ros2_ws/install/my_robot_arm_pick_place/bin'
[4.846s] Level 1:colcon.colcon_core.environment:checking '/home/ddd/ros2_ws/install/my_robot_arm_pick_place/lib/pkgconfig/my_robot_arm_pick_place.pc'
[4.847s] Level 1:colcon.colcon_core.environment:checking '/home/ddd/ros2_ws/install/my_robot_arm_pick_place/lib/python3.12/site-packages'
[4.847s] Level 1:colcon.colcon_core.shell:create_environment_hook('my_robot_arm_pick_place', 'pythonpath')
[4.847s] INFO:colcon.colcon_core.shell:Creating environment hook '/home/ddd/ros2_ws/install/my_robot_arm_pick_place/share/my_robot_arm_pick_place/hook/pythonpath.ps1'
[4.847s] INFO:colcon.colcon_core.shell:Creating environment descriptor '/home/ddd/ros2_ws/install/my_robot_arm_pick_place/share/my_robot_arm_pick_place/hook/pythonpath.dsv'
[4.848s] INFO:colcon.colcon_core.shell:Creating environment hook '/home/ddd/ros2_ws/install/my_robot_arm_pick_place/share/my_robot_arm_pick_place/hook/pythonpath.sh'
[4.849s] Level 1:colcon.colcon_core.environment:checking '/home/ddd/ros2_ws/install/my_robot_arm_pick_place/bin'
[4.849s] Level 1:colcon.colcon_core.environment:create_environment_scripts_only(my_robot_arm_pick_place)
[4.849s] INFO:colcon.colcon_core.shell:Creating package script '/home/ddd/ros2_ws/install/my_robot_arm_pick_place/share/my_robot_arm_pick_place/package.ps1'
[4.850s] INFO:colcon.colcon_core.shell:Creating package descriptor '/home/ddd/ros2_ws/install/my_robot_arm_pick_place/share/my_robot_arm_pick_place/package.dsv'
[4.851s] INFO:colcon.colcon_core.shell:Creating package script '/home/ddd/ros2_ws/install/my_robot_arm_pick_place/share/my_robot_arm_pick_place/package.sh'
[4.851s] INFO:colcon.colcon_core.shell:Creating package script '/home/ddd/ros2_ws/install/my_robot_arm_pick_place/share/my_robot_arm_pick_place/package.bash'
[4.852s] INFO:colcon.colcon_core.shell:Creating package script '/home/ddd/ros2_ws/install/my_robot_arm_pick_place/share/my_robot_arm_pick_place/package.zsh'
[4.852s] Level 1:colcon.colcon_core.environment:create_file_with_runtime_dependencies(/home/ddd/ros2_ws/install/my_robot_arm_pick_place/share/colcon-core/packages/my_robot_arm_pick_place)
[4.852s] DEBUG:colcon.colcon_parallel_executor.executor.parallel:closing loop
[4.853s] DEBUG:colcon.colcon_parallel_executor.executor.parallel:loop closed
[4.853s] DEBUG:colcon.colcon_parallel_executor.executor.parallel:run_until_complete finished with '0'
[4.853s] DEBUG:colcon.colcon_core.event_reactor:joining thread
[4.861s] INFO:colcon.colcon_core.plugin_system:Skipping extension 'colcon_notification.desktop_notification.terminal_notifier': Not used on non-Darwin systems
[4.861s] INFO:colcon.colcon_core.plugin_system:Skipping extension 'colcon_notification.desktop_notification.win32': Not used on non-Windows systems
[4.861s] INFO:colcon.colcon_notification.desktop_notification:Sending desktop notification using 'notify2'
[4.877s] DEBUG:colcon.colcon_core.event_reactor:joined thread
[4.878s] INFO:colcon.colcon_core.shell:Creating prefix script '/home/ddd/ros2_ws/install/local_setup.ps1'
[4.879s] INFO:colcon.colcon_core.shell:Creating prefix util module '/home/ddd/ros2_ws/install/_local_setup_util_ps1.py'
[4.881s] INFO:colcon.colcon_core.shell:Creating prefix chain script '/home/ddd/ros2_ws/install/setup.ps1'
[4.882s] INFO:colcon.colcon_core.shell:Creating prefix script '/home/ddd/ros2_ws/install/local_setup.sh'
[4.883s] INFO:colcon.colcon_core.shell:Creating prefix util module '/home/ddd/ros2_ws/install/_local_setup_util_sh.py'
[4.884s] INFO:colcon.colcon_core.shell:Creating prefix chain script '/home/ddd/ros2_ws/install/setup.sh'
[4.886s] INFO:colcon.colcon_core.shell:Creating prefix script '/home/ddd/ros2_ws/install/local_setup.bash'
[4.887s] INFO:colcon.colcon_core.shell:Creating prefix chain script '/home/ddd/ros2_ws/install/setup.bash'
[4.888s] INFO:colcon.colcon_core.shell:Creating prefix script '/home/ddd/ros2_ws/install/local_setup.zsh'
[4.889s] INFO:colcon.colcon_core.shell:Creating prefix chain script '/home/ddd/ros2_ws/install/setup.zsh'
