[1.197s] Invoking command in '/home/ddd/ros2_ws/src/my_robot': DEBUGINFOD_URLS=https://debuginfod.ubuntu.com PYTHONPATH=/home/ddd/ros2_ws/src/build/my_robot/prefix_override:/usr/lib/python3/dist-packages/colcon_core/task/python/colcon_distutils_commands:/home/ddd/ros2_ws/src/install/my_robot/lib/python3.12/site-packages:${PYTHONPATH} /usr/bin/python3 -W ignore:setup.py install is deprecated -W ignore:easy_install command is deprecated setup.py egg_info --egg-base ../build/my_robot build --build-base /home/ddd/ros2_ws/src/build/my_robot/build install --record /home/ddd/ros2_ws/src/build/my_robot/install.log --install-scripts $base/lib/my_robot --single-version-externally-managed install_data
[1.451s] running egg_info
[1.451s] creating ../build/my_robot/my_robot.egg-info
[1.470s] writing ../build/my_robot/my_robot.egg-info/PKG-INFO
[1.470s] writing dependency_links to ../build/my_robot/my_robot.egg-info/dependency_links.txt
[1.470s] writing entry points to ../build/my_robot/my_robot.egg-info/entry_points.txt
[1.470s] writing requirements to ../build/my_robot/my_robot.egg-info/requires.txt
[1.471s] writing top-level names to ../build/my_robot/my_robot.egg-info/top_level.txt
[1.471s] writing manifest file '../build/my_robot/my_robot.egg-info/SOURCES.txt'
[1.511s] reading manifest file '../build/my_robot/my_robot.egg-info/SOURCES.txt'
[1.511s] writing manifest file '../build/my_robot/my_robot.egg-info/SOURCES.txt'
[1.511s] running build
[1.511s] running build_py
[1.512s] creating /home/ddd/ros2_ws/src/build/my_robot/build
[1.512s] creating /home/ddd/ros2_ws/src/build/my_robot/build/lib
[1.512s] creating /home/ddd/ros2_ws/src/build/my_robot/build/lib/my_robot
[1.512s] copying my_robot/publisher.py -> /home/ddd/ros2_ws/src/build/my_robot/build/lib/my_robot
[1.512s] copying my_robot/subscriber.py -> /home/ddd/ros2_ws/src/build/my_robot/build/lib/my_robot
[1.512s] copying my_robot/__init__.py -> /home/ddd/ros2_ws/src/build/my_robot/build/lib/my_robot
[1.512s] running install
[1.518s] running install_lib
[1.538s] creating /home/ddd/ros2_ws/src/install/my_robot/lib/python3.12/site-packages/my_robot
[1.538s] copying /home/ddd/ros2_ws/src/build/my_robot/build/lib/my_robot/publisher.py -> /home/ddd/ros2_ws/src/install/my_robot/lib/python3.12/site-packages/my_robot
[1.538s] copying /home/ddd/ros2_ws/src/build/my_robot/build/lib/my_robot/subscriber.py -> /home/ddd/ros2_ws/src/install/my_robot/lib/python3.12/site-packages/my_robot
[1.538s] copying /home/ddd/ros2_ws/src/build/my_robot/build/lib/my_robot/__init__.py -> /home/ddd/ros2_ws/src/install/my_robot/lib/python3.12/site-packages/my_robot
[1.539s] byte-compiling /home/ddd/ros2_ws/src/install/my_robot/lib/python3.12/site-packages/my_robot/publisher.py to publisher.cpython-312.pyc
[1.539s] byte-compiling /home/ddd/ros2_ws/src/install/my_robot/lib/python3.12/site-packages/my_robot/subscriber.py to subscriber.cpython-312.pyc
[1.540s] byte-compiling /home/ddd/ros2_ws/src/install/my_robot/lib/python3.12/site-packages/my_robot/__init__.py to __init__.cpython-312.pyc
[1.540s] running install_data
[1.540s] creating /home/ddd/ros2_ws/src/install/my_robot/share/ament_index
[1.540s] creating /home/ddd/ros2_ws/src/install/my_robot/share/ament_index/resource_index
[1.540s] creating /home/ddd/ros2_ws/src/install/my_robot/share/ament_index/resource_index/packages
[1.540s] copying resource/my_robot -> /home/ddd/ros2_ws/src/install/my_robot/share/ament_index/resource_index/packages
[1.540s] copying package.xml -> /home/ddd/ros2_ws/src/install/my_robot/share/my_robot
[1.541s] running install_egg_info
[1.561s] Copying ../build/my_robot/my_robot.egg-info to /home/ddd/ros2_ws/src/install/my_robot/lib/python3.12/site-packages/my_robot-0.0.0-py3.12.egg-info
[1.562s] running install_scripts
[1.694s] Installing publisher script to /home/ddd/ros2_ws/src/install/my_robot/lib/my_robot
[1.694s] Installing subscriber script to /home/ddd/ros2_ws/src/install/my_robot/lib/my_robot
[1.694s] writing list of installed files to '/home/ddd/ros2_ws/src/build/my_robot/install.log'
[1.725s] Invoked command in '/home/ddd/ros2_ws/src/my_robot' returned '0': DEBUGINFOD_URLS=https://debuginfod.ubuntu.com PYTHONPATH=/home/ddd/ros2_ws/src/build/my_robot/prefix_override:/usr/lib/python3/dist-packages/colcon_core/task/python/colcon_distutils_commands:/home/ddd/ros2_ws/src/install/my_robot/lib/python3.12/site-packages:${PYTHONPATH} /usr/bin/python3 -W ignore:setup.py install is deprecated -W ignore:easy_install command is deprecated setup.py egg_info --egg-base ../build/my_robot build --build-base /home/ddd/ros2_ws/src/build/my_robot/build install --record /home/ddd/ros2_ws/src/build/my_robot/install.log --install-scripts $base/lib/my_robot --single-version-externally-managed install_data
