running develop
running egg_info
writing my_robot_arm_description.egg-info/PKG-INFO
writing dependency_links to my_robot_arm_description.egg-info/dependency_links.txt
writing requirements to my_robot_arm_description.egg-info/requires.txt
writing top-level names to my_robot_arm_description.egg-info/top_level.txt
reading manifest file 'my_robot_arm_description.egg-info/SOURCES.txt'
writing manifest file 'my_robot_arm_description.egg-info/SOURCES.txt'
running build_ext
Creating /home/ddd/ros2_ws/install/my_robot_arm_description/lib/python3.12/site-packages/my-robot-arm-description.egg-link (link to .)

Installed /home/ddd/ros2_ws/build/my_robot_arm_description
running symlink_data
symbolically linking /home/ddd/ros2_ws/build/my_robot_arm_description/resource/my_robot_arm_description -> /home/ddd/ros2_ws/install/my_robot_arm_description/share/ament_index/resource_index/packages
symbolically linking /home/ddd/ros2_ws/build/my_robot_arm_description/package.xml -> /home/ddd/ros2_ws/install/my_robot_arm_description/share/my_robot_arm_description
symbolically linking /home/ddd/ros2_ws/build/my_robot_arm_description/launch/display.launch.py -> /home/ddd/ros2_ws/install/my_robot_arm_description/share/my_robot_arm_description/launch
symbolically linking /home/ddd/ros2_ws/build/my_robot_arm_description/urdf/panda_arm.ros2_control.xacro -> /home/ddd/ros2_ws/install/my_robot_arm_description/share/my_robot_arm_description/urdf
symbolically linking /home/ddd/ros2_ws/build/my_robot_arm_description/urdf/panda_hand.ros2_control.xacro -> /home/ddd/ros2_ws/install/my_robot_arm_description/share/my_robot_arm_description/urdf
symbolically linking /home/ddd/ros2_ws/build/my_robot_arm_description/urdf/my_robot_arm.urdf.xacro -> /home/ddd/ros2_ws/install/my_robot_arm_description/share/my_robot_arm_description/urdf
symbolically linking /home/ddd/ros2_ws/build/my_robot_arm_description/rviz/display.rviz -> /home/ddd/ros2_ws/install/my_robot_arm_description/share/my_robot_arm_description/rviz
symbolically linking /home/ddd/ros2_ws/build/my_robot_arm_description/config/initial_positions.yaml -> /home/ddd/ros2_ws/install/my_robot_arm_description/share/my_robot_arm_description/config
