[5.691s] Invoking command in '/home/ddd/ros2_ws/build/my_robot_arm_description': DEBUGINFOD_URLS=https://debuginfod.ubuntu.com PYTHONPATH=/home/ddd/ros2_ws/build/my_robot_arm_description/prefix_override:/usr/lib/python3/dist-packages/colcon_core/task/python/colcon_distutils_commands:/home/ddd/ros2_ws/install/my_robot_arm_description/lib/python3.12/site-packages:${PYTHONPATH} /usr/bin/python3 -W ignore:setup.py install is deprecated -W ignore:easy_install command is deprecated setup.py develop --editable --build-directory /home/ddd/ros2_ws/build/my_robot_arm_description/build --no-deps symlink_data --force
[6.406s] running develop
[6.757s] running egg_info
[6.785s] writing my_robot_arm_description.egg-info/PKG-INFO
[6.785s] writing dependency_links to my_robot_arm_description.egg-info/dependency_links.txt
[6.785s] writing requirements to my_robot_arm_description.egg-info/requires.txt
[6.786s] writing top-level names to my_robot_arm_description.egg-info/top_level.txt
[6.841s] reading manifest file 'my_robot_arm_description.egg-info/SOURCES.txt'
[6.843s] writing manifest file 'my_robot_arm_description.egg-info/SOURCES.txt'
[6.871s] running build_ext
[6.871s] Creating /home/ddd/ros2_ws/install/my_robot_arm_description/lib/python3.12/site-packages/my-robot-arm-description.egg-link (link to .)
[6.872s] 
[6.872s] Installed /home/ddd/ros2_ws/build/my_robot_arm_description
[6.872s] running symlink_data
[6.873s] symbolically linking /home/ddd/ros2_ws/build/my_robot_arm_description/resource/my_robot_arm_description -> /home/ddd/ros2_ws/install/my_robot_arm_description/share/ament_index/resource_index/packages
[6.873s] symbolically linking /home/ddd/ros2_ws/build/my_robot_arm_description/package.xml -> /home/ddd/ros2_ws/install/my_robot_arm_description/share/my_robot_arm_description
[6.873s] symbolically linking /home/ddd/ros2_ws/build/my_robot_arm_description/launch/display.launch.py -> /home/ddd/ros2_ws/install/my_robot_arm_description/share/my_robot_arm_description/launch
[6.873s] symbolically linking /home/ddd/ros2_ws/build/my_robot_arm_description/urdf/panda_arm.ros2_control.xacro -> /home/ddd/ros2_ws/install/my_robot_arm_description/share/my_robot_arm_description/urdf
[6.874s] symbolically linking /home/ddd/ros2_ws/build/my_robot_arm_description/urdf/panda_hand.ros2_control.xacro -> /home/ddd/ros2_ws/install/my_robot_arm_description/share/my_robot_arm_description/urdf
[6.874s] symbolically linking /home/ddd/ros2_ws/build/my_robot_arm_description/urdf/my_robot_arm.urdf.xacro -> /home/ddd/ros2_ws/install/my_robot_arm_description/share/my_robot_arm_description/urdf
[6.874s] symbolically linking /home/ddd/ros2_ws/build/my_robot_arm_description/rviz/display.rviz -> /home/ddd/ros2_ws/install/my_robot_arm_description/share/my_robot_arm_description/rviz
[6.874s] symbolically linking /home/ddd/ros2_ws/build/my_robot_arm_description/config/initial_positions.yaml -> /home/ddd/ros2_ws/install/my_robot_arm_description/share/my_robot_arm_description/config
[6.924s] Invoked command in '/home/ddd/ros2_ws/build/my_robot_arm_description' returned '0': DEBUGINFOD_URLS=https://debuginfod.ubuntu.com PYTHONPATH=/home/ddd/ros2_ws/build/my_robot_arm_description/prefix_override:/usr/lib/python3/dist-packages/colcon_core/task/python/colcon_distutils_commands:/home/ddd/ros2_ws/install/my_robot_arm_description/lib/python3.12/site-packages:${PYTHONPATH} /usr/bin/python3 -W ignore:setup.py install is deprecated -W ignore:easy_install command is deprecated setup.py develop --editable --build-directory /home/ddd/ros2_ws/build/my_robot_arm_description/build --no-deps symlink_data --force
