[1.161s] Invoking command in '/home/ddd/ros2_ws/src/my_robot': DEBUGINFOD_URLS=https://debuginfod.ubuntu.com PYTHONPATH=/home/ddd/ros2_ws/build/my_robot/prefix_override:/usr/lib/python3/dist-packages/colcon_core/task/python/colcon_distutils_commands:/home/ddd/ros2_ws/install/my_robot/lib/python3.12/site-packages:${PYTHONPATH} /usr/bin/python3 -W ignore:setup.py install is deprecated -W ignore:easy_install command is deprecated setup.py egg_info --egg-base ../../build/my_robot build --build-base /home/ddd/ros2_ws/build/my_robot/build install --record /home/ddd/ros2_ws/build/my_robot/install.log --install-scripts $base/lib/my_robot --single-version-externally-managed install_data
[1.413s] running egg_info
[1.432s] writing ../../build/my_robot/my_robot.egg-info/PKG-INFO
[1.432s] writing dependency_links to ../../build/my_robot/my_robot.egg-info/dependency_links.txt
[1.432s] writing entry points to ../../build/my_robot/my_robot.egg-info/entry_points.txt
[1.432s] writing requirements to ../../build/my_robot/my_robot.egg-info/requires.txt
[1.432s] writing top-level names to ../../build/my_robot/my_robot.egg-info/top_level.txt
[1.471s] reading manifest file '../../build/my_robot/my_robot.egg-info/SOURCES.txt'
[1.471s] writing manifest file '../../build/my_robot/my_robot.egg-info/SOURCES.txt'
[1.471s] running build
[1.472s] running build_py
[1.472s] running install
[1.477s] running install_lib
[1.497s] running install_data
[1.497s] running install_egg_info
[1.518s] removing '/home/ddd/ros2_ws/install/my_robot/lib/python3.12/site-packages/my_robot-0.0.0-py3.12.egg-info' (and everything under it)
[1.518s] Copying ../../build/my_robot/my_robot.egg-info to /home/ddd/ros2_ws/install/my_robot/lib/python3.12/site-packages/my_robot-0.0.0-py3.12.egg-info
[1.519s] running install_scripts
[1.651s] Installing publisher script to /home/ddd/ros2_ws/install/my_robot/lib/my_robot
[1.651s] Installing subscriber script to /home/ddd/ros2_ws/install/my_robot/lib/my_robot
[1.651s] writing list of installed files to '/home/ddd/ros2_ws/build/my_robot/install.log'
[1.679s] Invoked command in '/home/ddd/ros2_ws/src/my_robot' returned '0': DEBUGINFOD_URLS=https://debuginfod.ubuntu.com PYTHONPATH=/home/ddd/ros2_ws/build/my_robot/prefix_override:/usr/lib/python3/dist-packages/colcon_core/task/python/colcon_distutils_commands:/home/ddd/ros2_ws/install/my_robot/lib/python3.12/site-packages:${PYTHONPATH} /usr/bin/python3 -W ignore:setup.py install is deprecated -W ignore:easy_install command is deprecated setup.py egg_info --egg-base ../../build/my_robot build --build-base /home/ddd/ros2_ws/build/my_robot/build install --record /home/ddd/ros2_ws/build/my_robot/install.log --install-scripts $base/lib/my_robot --single-version-externally-managed install_data
