[1.123s] Invoking command in '/home/ddd/ros2_ws/src/my_service': DEBUGINFOD_URLS=https://debuginfod.ubuntu.com PYTHONPATH=/home/ddd/ros2_ws/src/build/my_service/prefix_override:/usr/lib/python3/dist-packages/colcon_core/task/python/colcon_distutils_commands:/home/ddd/ros2_ws/src/install/my_service/lib/python3.12/site-packages:${PYTHONPATH} /usr/bin/python3 -W ignore:setup.py install is deprecated -W ignore:easy_install command is deprecated setup.py egg_info --egg-base ../build/my_service build --build-base /home/ddd/ros2_ws/src/build/my_service/build install --record /home/ddd/ros2_ws/src/build/my_service/install.log --install-scripts $base/lib/my_service --single-version-externally-managed install_data
[1.374s] running egg_info
[1.374s] creating ../build/my_service/my_service.egg-info
[1.392s] writing ../build/my_service/my_service.egg-info/PKG-INFO
[1.393s] writing dependency_links to ../build/my_service/my_service.egg-info/dependency_links.txt
[1.393s] writing entry points to ../build/my_service/my_service.egg-info/entry_points.txt
[1.393s] writing requirements to ../build/my_service/my_service.egg-info/requires.txt
[1.393s] writing top-level names to ../build/my_service/my_service.egg-info/top_level.txt
[1.393s] writing manifest file '../build/my_service/my_service.egg-info/SOURCES.txt'
[1.432s] reading manifest file '../build/my_service/my_service.egg-info/SOURCES.txt'
[1.432s] writing manifest file '../build/my_service/my_service.egg-info/SOURCES.txt'
[1.432s] running build
[1.433s] running build_py
[1.433s] creating /home/ddd/ros2_ws/src/build/my_service/build
[1.433s] creating /home/ddd/ros2_ws/src/build/my_service/build/lib
[1.433s] creating /home/ddd/ros2_ws/src/build/my_service/build/lib/my_service
[1.433s] copying my_service/client.py -> /home/ddd/ros2_ws/src/build/my_service/build/lib/my_service
[1.433s] copying my_service/server.py -> /home/ddd/ros2_ws/src/build/my_service/build/lib/my_service
[1.433s] copying my_service/__init__.py -> /home/ddd/ros2_ws/src/build/my_service/build/lib/my_service
[1.433s] running install
[1.439s] running install_lib
[1.458s] creating /home/ddd/ros2_ws/src/install/my_service/lib/python3.12/site-packages/my_service
[1.458s] copying /home/ddd/ros2_ws/src/build/my_service/build/lib/my_service/client.py -> /home/ddd/ros2_ws/src/install/my_service/lib/python3.12/site-packages/my_service
[1.458s] copying /home/ddd/ros2_ws/src/build/my_service/build/lib/my_service/server.py -> /home/ddd/ros2_ws/src/install/my_service/lib/python3.12/site-packages/my_service
[1.459s] copying /home/ddd/ros2_ws/src/build/my_service/build/lib/my_service/__init__.py -> /home/ddd/ros2_ws/src/install/my_service/lib/python3.12/site-packages/my_service
[1.459s] byte-compiling /home/ddd/ros2_ws/src/install/my_service/lib/python3.12/site-packages/my_service/client.py to client.cpython-312.pyc
[1.460s] byte-compiling /home/ddd/ros2_ws/src/install/my_service/lib/python3.12/site-packages/my_service/server.py to server.cpython-312.pyc
[1.460s] byte-compiling /home/ddd/ros2_ws/src/install/my_service/lib/python3.12/site-packages/my_service/__init__.py to __init__.cpython-312.pyc
[1.460s] running install_data
[1.460s] creating /home/ddd/ros2_ws/src/install/my_service/share/ament_index
[1.461s] creating /home/ddd/ros2_ws/src/install/my_service/share/ament_index/resource_index
[1.461s] creating /home/ddd/ros2_ws/src/install/my_service/share/ament_index/resource_index/packages
[1.461s] copying resource/my_service -> /home/ddd/ros2_ws/src/install/my_service/share/ament_index/resource_index/packages
[1.461s] copying package.xml -> /home/ddd/ros2_ws/src/install/my_service/share/my_service
[1.461s] running install_egg_info
[1.482s] Copying ../build/my_service/my_service.egg-info to /home/ddd/ros2_ws/src/install/my_service/lib/python3.12/site-packages/my_service-0.0.0-py3.12.egg-info
[1.483s] running install_scripts
[1.612s] Installing client script to /home/ddd/ros2_ws/src/install/my_service/lib/my_service
[1.613s] Installing server script to /home/ddd/ros2_ws/src/install/my_service/lib/my_service
[1.613s] writing list of installed files to '/home/ddd/ros2_ws/src/build/my_service/install.log'
[1.636s] Invoked command in '/home/ddd/ros2_ws/src/my_service' returned '0': DEBUGINFOD_URLS=https://debuginfod.ubuntu.com PYTHONPATH=/home/ddd/ros2_ws/src/build/my_service/prefix_override:/usr/lib/python3/dist-packages/colcon_core/task/python/colcon_distutils_commands:/home/ddd/ros2_ws/src/install/my_service/lib/python3.12/site-packages:${PYTHONPATH} /usr/bin/python3 -W ignore:setup.py install is deprecated -W ignore:easy_install command is deprecated setup.py egg_info --egg-base ../build/my_service build --build-base /home/ddd/ros2_ws/src/build/my_service/build install --record /home/ddd/ros2_ws/src/build/my_service/install.log --install-scripts $base/lib/my_service --single-version-externally-managed install_data
