[0.762s] Invoking command in '/home/ddd/ros2_ws/src/my_robot_description': DEBUGINFOD_URLS=https://debuginfod.ubuntu.com PYTHONPATH=/home/ddd/ros2_ws/build/my_robot_description/prefix_override:/usr/lib/python3/dist-packages/colcon_core/task/python/colcon_distutils_commands:/home/ddd/ros2_ws/install/my_robot_description/lib/python3.12/site-packages:${PYTHONPATH} /usr/bin/python3 -W ignore:setup.py install is deprecated -W ignore:easy_install command is deprecated setup.py egg_info --egg-base ../../build/my_robot_description build --build-base /home/ddd/ros2_ws/build/my_robot_description/build install --record /home/ddd/ros2_ws/build/my_robot_description/install.log --install-scripts $base/lib/my_robot_description --single-version-externally-managed install_data
[1.011s] running egg_info
[1.030s] writing ../../build/my_robot_description/my_robot_description.egg-info/PKG-INFO
[1.030s] writing dependency_links to ../../build/my_robot_description/my_robot_description.egg-info/dependency_links.txt
[1.030s] writing requirements to ../../build/my_robot_description/my_robot_description.egg-info/requires.txt
[1.030s] writing top-level names to ../../build/my_robot_description/my_robot_description.egg-info/top_level.txt
[1.067s] reading manifest file '../../build/my_robot_description/my_robot_description.egg-info/SOURCES.txt'
[1.068s] writing manifest file '../../build/my_robot_description/my_robot_description.egg-info/SOURCES.txt'
[1.068s] running build
[1.068s] running build_py
[1.068s] running install
[1.074s] running install_lib
[1.093s] running install_data
[1.093s] copying rviz/display.rviz -> /home/ddd/ros2_ws/install/my_robot_description/share/my_robot_description/rviz
[1.093s] running install_egg_info
[1.115s] removing '/home/ddd/ros2_ws/install/my_robot_description/lib/python3.12/site-packages/my_robot_description-0.0.0-py3.12.egg-info' (and everything under it)
[1.115s] Copying ../../build/my_robot_description/my_robot_description.egg-info to /home/ddd/ros2_ws/install/my_robot_description/lib/python3.12/site-packages/my_robot_description-0.0.0-py3.12.egg-info
[1.116s] running install_scripts
[1.244s] writing list of installed files to '/home/ddd/ros2_ws/build/my_robot_description/install.log'
[1.275s] Invoked command in '/home/ddd/ros2_ws/src/my_robot_description' returned '0': DEBUGINFOD_URLS=https://debuginfod.ubuntu.com PYTHONPATH=/home/ddd/ros2_ws/build/my_robot_description/prefix_override:/usr/lib/python3/dist-packages/colcon_core/task/python/colcon_distutils_commands:/home/ddd/ros2_ws/install/my_robot_description/lib/python3.12/site-packages:${PYTHONPATH} /usr/bin/python3 -W ignore:setup.py install is deprecated -W ignore:easy_install command is deprecated setup.py egg_info --egg-base ../../build/my_robot_description build --build-base /home/ddd/ros2_ws/build/my_robot_description/build install --record /home/ddd/ros2_ws/build/my_robot_description/install.log --install-scripts $base/lib/my_robot_description --single-version-externally-managed install_data
