running egg_info
creating ../../build/my_robot_arm_pick_place/my_robot_arm_pick_place.egg-info
writing ../../build/my_robot_arm_pick_place/my_robot_arm_pick_place.egg-info/PKG-INFO
writing dependency_links to ../../build/my_robot_arm_pick_place/my_robot_arm_pick_place.egg-info/dependency_links.txt
writing entry points to ../../build/my_robot_arm_pick_place/my_robot_arm_pick_place.egg-info/entry_points.txt
writing requirements to ../../build/my_robot_arm_pick_place/my_robot_arm_pick_place.egg-info/requires.txt
writing top-level names to ../../build/my_robot_arm_pick_place/my_robot_arm_pick_place.egg-info/top_level.txt
writing manifest file '../../build/my_robot_arm_pick_place/my_robot_arm_pick_place.egg-info/SOURCES.txt'
reading manifest file '../../build/my_robot_arm_pick_place/my_robot_arm_pick_place.egg-info/SOURCES.txt'
writing manifest file '../../build/my_robot_arm_pick_place/my_robot_arm_pick_place.egg-info/SOURCES.txt'
running build
running build_py
creating /home/ddd/ros2_ws/build/my_robot_arm_pick_place/build
creating /home/ddd/ros2_ws/build/my_robot_arm_pick_place/build/lib
creating /home/ddd/ros2_ws/build/my_robot_arm_pick_place/build/lib/my_robot_arm_pick_place
copying my_robot_arm_pick_place/pick_place_node.py -> /home/ddd/ros2_ws/build/my_robot_arm_pick_place/build/lib/my_robot_arm_pick_place
copying my_robot_arm_pick_place/__init__.py -> /home/ddd/ros2_ws/build/my_robot_arm_pick_place/build/lib/my_robot_arm_pick_place
running install
running install_lib
creating /home/ddd/ros2_ws/install/my_robot_arm_pick_place/lib/python3.12/site-packages/my_robot_arm_pick_place
copying /home/ddd/ros2_ws/build/my_robot_arm_pick_place/build/lib/my_robot_arm_pick_place/pick_place_node.py -> /home/ddd/ros2_ws/install/my_robot_arm_pick_place/lib/python3.12/site-packages/my_robot_arm_pick_place
copying /home/ddd/ros2_ws/build/my_robot_arm_pick_place/build/lib/my_robot_arm_pick_place/__init__.py -> /home/ddd/ros2_ws/install/my_robot_arm_pick_place/lib/python3.12/site-packages/my_robot_arm_pick_place
byte-compiling /home/ddd/ros2_ws/install/my_robot_arm_pick_place/lib/python3.12/site-packages/my_robot_arm_pick_place/pick_place_node.py to pick_place_node.cpython-312.pyc
byte-compiling /home/ddd/ros2_ws/install/my_robot_arm_pick_place/lib/python3.12/site-packages/my_robot_arm_pick_place/__init__.py to __init__.cpython-312.pyc
running install_data
creating /home/ddd/ros2_ws/install/my_robot_arm_pick_place/share/ament_index
creating /home/ddd/ros2_ws/install/my_robot_arm_pick_place/share/ament_index/resource_index
creating /home/ddd/ros2_ws/install/my_robot_arm_pick_place/share/ament_index/resource_index/packages
copying resource/my_robot_arm_pick_place -> /home/ddd/ros2_ws/install/my_robot_arm_pick_place/share/ament_index/resource_index/packages
copying package.xml -> /home/ddd/ros2_ws/install/my_robot_arm_pick_place/share/my_robot_arm_pick_place
creating /home/ddd/ros2_ws/install/my_robot_arm_pick_place/share/my_robot_arm_pick_place/launch
copying launch/pick_place.launch.py -> /home/ddd/ros2_ws/install/my_robot_arm_pick_place/share/my_robot_arm_pick_place/launch
creating /home/ddd/ros2_ws/install/my_robot_arm_pick_place/share/my_robot_arm_pick_place/config
copying config/pick_place_params.yaml -> /home/ddd/ros2_ws/install/my_robot_arm_pick_place/share/my_robot_arm_pick_place/config
running install_egg_info
Copying ../../build/my_robot_arm_pick_place/my_robot_arm_pick_place.egg-info to /home/ddd/ros2_ws/install/my_robot_arm_pick_place/lib/python3.12/site-packages/my_robot_arm_pick_place-0.0.0-py3.12.egg-info
running install_scripts
Installing pick_place_node script to /home/ddd/ros2_ws/install/my_robot_arm_pick_place/lib/my_robot_arm_pick_place
writing list of installed files to '/home/ddd/ros2_ws/build/my_robot_arm_pick_place/install.log'
