[0.803s] Invoking command in '/home/ddd/ros2_ws/src/my_robot_arm_pick_place': AMENT_PREFIX_PATH=/home/ddd/ros2_ws/install/my_robot_arm_moveit_config:/home/ddd/ros2_ws/install/my_robot_arm_control:/home/ddd/ros2_ws/install/my_robot_arm_description:${AMENT_PREFIX_PATH} DEBUGINFOD_URLS=https://debuginfod.ubuntu.com PYTHONPATH=/home/ddd/ros2_ws/build/my_robot_arm_pick_place/prefix_override:/usr/lib/python3/dist-packages/colcon_core/task/python/colcon_distutils_commands:/home/ddd/ros2_ws/install/my_robot_arm_pick_place/lib/python3.12/site-packages:/home/ddd/ros2_ws/install/my_robot_arm_moveit_config/lib/python3.12/site-packages:/home/ddd/ros2_ws/install/my_robot_arm_control/lib/python3.12/site-packages:/home/ddd/ros2_ws/install/my_robot_arm_description/lib/python3.12/site-packages:${PYTHONPATH} /usr/bin/python3 -W ignore:setup.py install is deprecated -W ignore:easy_install command is deprecated setup.py egg_info --egg-base ../../build/my_robot_arm_pick_place build --build-base /home/ddd/ros2_ws/build/my_robot_arm_pick_place/build install --record /home/ddd/ros2_ws/build/my_robot_arm_pick_place/install.log --install-scripts $base/lib/my_robot_arm_pick_place --single-version-externally-managed install_data
[1.059s] running egg_info
[1.060s] creating ../../build/my_robot_arm_pick_place/my_robot_arm_pick_place.egg-info
[1.078s] writing ../../build/my_robot_arm_pick_place/my_robot_arm_pick_place.egg-info/PKG-INFO
[1.078s] writing dependency_links to ../../build/my_robot_arm_pick_place/my_robot_arm_pick_place.egg-info/dependency_links.txt
[1.078s] writing entry points to ../../build/my_robot_arm_pick_place/my_robot_arm_pick_place.egg-info/entry_points.txt
[1.079s] writing requirements to ../../build/my_robot_arm_pick_place/my_robot_arm_pick_place.egg-info/requires.txt
[1.079s] writing top-level names to ../../build/my_robot_arm_pick_place/my_robot_arm_pick_place.egg-info/top_level.txt
[1.079s] writing manifest file '../../build/my_robot_arm_pick_place/my_robot_arm_pick_place.egg-info/SOURCES.txt'
[1.117s] reading manifest file '../../build/my_robot_arm_pick_place/my_robot_arm_pick_place.egg-info/SOURCES.txt'
[1.118s] writing manifest file '../../build/my_robot_arm_pick_place/my_robot_arm_pick_place.egg-info/SOURCES.txt'
[1.118s] running build
[1.118s] running build_py
[1.118s] creating /home/ddd/ros2_ws/build/my_robot_arm_pick_place/build
[1.118s] creating /home/ddd/ros2_ws/build/my_robot_arm_pick_place/build/lib
[1.119s] creating /home/ddd/ros2_ws/build/my_robot_arm_pick_place/build/lib/my_robot_arm_pick_place
[1.119s] copying my_robot_arm_pick_place/pick_place_node.py -> /home/ddd/ros2_ws/build/my_robot_arm_pick_place/build/lib/my_robot_arm_pick_place
[1.119s] copying my_robot_arm_pick_place/__init__.py -> /home/ddd/ros2_ws/build/my_robot_arm_pick_place/build/lib/my_robot_arm_pick_place
[1.119s] running install
[1.124s] running install_lib
[1.144s] creating /home/ddd/ros2_ws/install/my_robot_arm_pick_place/lib/python3.12/site-packages/my_robot_arm_pick_place
[1.144s] copying /home/ddd/ros2_ws/build/my_robot_arm_pick_place/build/lib/my_robot_arm_pick_place/pick_place_node.py -> /home/ddd/ros2_ws/install/my_robot_arm_pick_place/lib/python3.12/site-packages/my_robot_arm_pick_place
[1.145s] copying /home/ddd/ros2_ws/build/my_robot_arm_pick_place/build/lib/my_robot_arm_pick_place/__init__.py -> /home/ddd/ros2_ws/install/my_robot_arm_pick_place/lib/python3.12/site-packages/my_robot_arm_pick_place
[1.145s] byte-compiling /home/ddd/ros2_ws/install/my_robot_arm_pick_place/lib/python3.12/site-packages/my_robot_arm_pick_place/pick_place_node.py to pick_place_node.cpython-312.pyc
[1.147s] byte-compiling /home/ddd/ros2_ws/install/my_robot_arm_pick_place/lib/python3.12/site-packages/my_robot_arm_pick_place/__init__.py to __init__.cpython-312.pyc
[1.147s] running install_data
[1.147s] creating /home/ddd/ros2_ws/install/my_robot_arm_pick_place/share/ament_index
[1.148s] creating /home/ddd/ros2_ws/install/my_robot_arm_pick_place/share/ament_index/resource_index
[1.148s] creating /home/ddd/ros2_ws/install/my_robot_arm_pick_place/share/ament_index/resource_index/packages
[1.148s] copying resource/my_robot_arm_pick_place -> /home/ddd/ros2_ws/install/my_robot_arm_pick_place/share/ament_index/resource_index/packages
[1.148s] copying package.xml -> /home/ddd/ros2_ws/install/my_robot_arm_pick_place/share/my_robot_arm_pick_place
[1.148s] creating /home/ddd/ros2_ws/install/my_robot_arm_pick_place/share/my_robot_arm_pick_place/launch
[1.148s] copying launch/pick_place.launch.py -> /home/ddd/ros2_ws/install/my_robot_arm_pick_place/share/my_robot_arm_pick_place/launch
[1.149s] creating /home/ddd/ros2_ws/install/my_robot_arm_pick_place/share/my_robot_arm_pick_place/config
[1.149s] copying config/pick_place_params.yaml -> /home/ddd/ros2_ws/install/my_robot_arm_pick_place/share/my_robot_arm_pick_place/config
[1.149s] running install_egg_info
[1.169s] Copying ../../build/my_robot_arm_pick_place/my_robot_arm_pick_place.egg-info to /home/ddd/ros2_ws/install/my_robot_arm_pick_place/lib/python3.12/site-packages/my_robot_arm_pick_place-0.0.0-py3.12.egg-info
[1.170s] running install_scripts
[1.311s] Installing pick_place_node script to /home/ddd/ros2_ws/install/my_robot_arm_pick_place/lib/my_robot_arm_pick_place
[1.311s] writing list of installed files to '/home/ddd/ros2_ws/build/my_robot_arm_pick_place/install.log'
[1.344s] Invoked command in '/home/ddd/ros2_ws/src/my_robot_arm_pick_place' returned '0': AMENT_PREFIX_PATH=/home/ddd/ros2_ws/install/my_robot_arm_moveit_config:/home/ddd/ros2_ws/install/my_robot_arm_control:/home/ddd/ros2_ws/install/my_robot_arm_description:${AMENT_PREFIX_PATH} DEBUGINFOD_URLS=https://debuginfod.ubuntu.com PYTHONPATH=/home/ddd/ros2_ws/build/my_robot_arm_pick_place/prefix_override:/usr/lib/python3/dist-packages/colcon_core/task/python/colcon_distutils_commands:/home/ddd/ros2_ws/install/my_robot_arm_pick_place/lib/python3.12/site-packages:/home/ddd/ros2_ws/install/my_robot_arm_moveit_config/lib/python3.12/site-packages:/home/ddd/ros2_ws/install/my_robot_arm_control/lib/python3.12/site-packages:/home/ddd/ros2_ws/install/my_robot_arm_description/lib/python3.12/site-packages:${PYTHONPATH} /usr/bin/python3 -W ignore:setup.py install is deprecated -W ignore:easy_install command is deprecated setup.py egg_info --egg-base ../../build/my_robot_arm_pick_place build --build-base /home/ddd/ros2_ws/build/my_robot_arm_pick_place/build install --record /home/ddd/ros2_ws/build/my_robot_arm_pick_place/install.log --install-scripts $base/lib/my_robot_arm_pick_place --single-version-externally-managed install_data
