[0.097s] DEBUG:colcon:Command line arguments: ['/usr/bin/colcon', 'build', '--packages-select', 'my_robot_arm_pick_place']
[0.097s] DEBUG:colcon:Parsed command line arguments: Namespace(log_base=None, log_level=None, verb_name='build', build_base='build', install_base='install', merge_install=False, symlink_install=False, test_result_base=None, continue_on_error=False, executor='parallel', parallel_workers=16, event_handlers=None, ignore_user_meta=False, metas=['./colcon.meta'], base_paths=['.'], packages_ignore=None, packages_ignore_regex=None, paths=None, packages_up_to=None, packages_up_to_regex=None, packages_above=None, packages_above_and_dependencies=None, packages_above_depth=None, packages_select_by_dep=None, packages_skip_by_dep=None, packages_skip_up_to=None, packages_select_build_failed=False, packages_skip_build_finished=False, packages_select_test_failures=False, packages_skip_test_passed=False, packages_select=['my_robot_arm_pick_place'], packages_skip=None, packages_select_regex=None, packages_skip_regex=None, packages_start=None, packages_end=None, allow_overriding=[], cmake_args=None, cmake_target=None, cmake_target_skip_unavailable=False, cmake_clean_cache=False, cmake_clean_first=False, cmake_force_configure=False, ament_cmake_args=None, catkin_cmake_args=None, catkin_skip_building_tests=False, verb_parser=<colcon_defaults.argument_parser.defaults.DefaultArgumentsDecorator object at 0x7ae3fc47ba40>, verb_extension=<colcon_core.verb.build.BuildVerb object at 0x7ae3fd402660>, main=<bound method BuildVerb.main of <colcon_core.verb.build.BuildVerb object at 0x7ae3fd402660>>)
[0.134s] Level 1:colcon.colcon_core.package_discovery:discover_packages(colcon_meta) check parameters
[0.135s] Level 1:colcon.colcon_core.package_discovery:discover_packages(recursive) check parameters
[0.135s] Level 1:colcon.colcon_core.package_discovery:discover_packages(ignore) check parameters
[0.135s] Level 1:colcon.colcon_core.package_discovery:discover_packages(path) check parameters
[0.135s] Level 1:colcon.colcon_core.package_discovery:discover_packages(colcon_meta) discover
[0.135s] Level 1:colcon.colcon_core.package_discovery:discover_packages(recursive) discover
[0.135s] INFO:colcon.colcon_core.package_discovery:Crawling recursively for packages in '/home/ddd/ros2_ws'
[0.135s] Level 1:colcon.colcon_core.package_identification:_identify(.) by extensions ['ignore', 'ignore_ament_install']
[0.135s] Level 1:colcon.colcon_core.package_identification:_identify(.) by extension 'ignore'
[0.135s] Level 1:colcon.colcon_core.package_identification:_identify(.) by extension 'ignore_ament_install'
[0.135s] Level 1:colcon.colcon_core.package_identification:_identify(.) by extensions ['colcon_pkg']
[0.135s] Level 1:colcon.colcon_core.package_identification:_identify(.) by extension 'colcon_pkg'
[0.135s] Level 1:colcon.colcon_core.package_identification:_identify(.) by extensions ['colcon_meta']
[0.135s] Level 1:colcon.colcon_core.package_identification:_identify(.) by extension 'colcon_meta'
[0.135s] Level 1:colcon.colcon_core.package_identification:_identify(.) by extensions ['ros']
[0.135s] Level 1:colcon.colcon_core.package_identification:_identify(.) by extension 'ros'
[0.158s] Level 1:colcon.colcon_core.package_identification:_identify(.) by extensions ['cmake', 'python']
[0.158s] Level 1:colcon.colcon_core.package_identification:_identify(.) by extension 'cmake'
[0.158s] Level 1:colcon.colcon_core.package_identification:_identify(.) by extension 'python'
[0.158s] Level 1:colcon.colcon_core.package_identification:_identify(.) by extensions ['python_setup_py']
[0.158s] Level 1:colcon.colcon_core.package_identification:_identify(.) by extension 'python_setup_py'
[0.158s] Level 1:colcon.colcon_core.package_identification:_identify(build) by extensions ['ignore', 'ignore_ament_install']
[0.158s] Level 1:colcon.colcon_core.package_identification:_identify(build) by extension 'ignore'
[0.158s] Level 1:colcon.colcon_core.package_identification:_identify(build) ignored
[0.158s] Level 1:colcon.colcon_core.package_identification:_identify(install) by extensions ['ignore', 'ignore_ament_install']
[0.159s] Level 1:colcon.colcon_core.package_identification:_identify(install) by extension 'ignore'
[0.159s] Level 1:colcon.colcon_core.package_identification:_identify(install) ignored
[0.159s] Level 1:colcon.colcon_core.package_identification:_identify(log) by extensions ['ignore', 'ignore_ament_install']
[0.159s] Level 1:colcon.colcon_core.package_identification:_identify(log) by extension 'ignore'
[0.159s] Level 1:colcon.colcon_core.package_identification:_identify(log) ignored
[0.159s] Level 1:colcon.colcon_core.package_identification:_identify(src) by extensions ['ignore', 'ignore_ament_install']
[0.159s] Level 1:colcon.colcon_core.package_identification:_identify(src) by extension 'ignore'
[0.159s] Level 1:colcon.colcon_core.package_identification:_identify(src) by extension 'ignore_ament_install'
[0.159s] Level 1:colcon.colcon_core.package_identification:_identify(src) by extensions ['colcon_pkg']
[0.159s] Level 1:colcon.colcon_core.package_identification:_identify(src) by extension 'colcon_pkg'
[0.159s] Level 1:colcon.colcon_core.package_identification:_identify(src) by extensions ['colcon_meta']
[0.159s] Level 1:colcon.colcon_core.package_identification:_identify(src) by extension 'colcon_meta'
[0.159s] Level 1:colcon.colcon_core.package_identification:_identify(src) by extensions ['ros']
[0.159s] Level 1:colcon.colcon_core.package_identification:_identify(src) by extension 'ros'
[0.159s] Level 1:colcon.colcon_core.package_identification:_identify(src) by extensions ['cmake', 'python']
[0.160s] Level 1:colcon.colcon_core.package_identification:_identify(src) by extension 'cmake'
[0.160s] Level 1:colcon.colcon_core.package_identification:_identify(src) by extension 'python'
[0.160s] Level 1:colcon.colcon_core.package_identification:_identify(src) by extensions ['python_setup_py']
[0.160s] Level 1:colcon.colcon_core.package_identification:_identify(src) by extension 'python_setup_py'
[0.160s] Level 1:colcon.colcon_core.package_identification:_identify(src/build) by extensions ['ignore', 'ignore_ament_install']
[0.160s] Level 1:colcon.colcon_core.package_identification:_identify(src/build) by extension 'ignore'
[0.160s] Level 1:colcon.colcon_core.package_identification:_identify(src/build) ignored
[0.160s] Level 1:colcon.colcon_core.package_identification:_identify(src/install) by extensions ['ignore', 'ignore_ament_install']
[0.160s] Level 1:colcon.colcon_core.package_identification:_identify(src/install) by extension 'ignore'
[0.160s] Level 1:colcon.colcon_core.package_identification:_identify(src/install) ignored
[0.160s] Level 1:colcon.colcon_core.package_identification:_identify(src/log) by extensions ['ignore', 'ignore_ament_install']
[0.160s] Level 1:colcon.colcon_core.package_identification:_identify(src/log) by extension 'ignore'
[0.160s] Level 1:colcon.colcon_core.package_identification:_identify(src/log) ignored
[0.160s] Level 1:colcon.colcon_core.package_identification:_identify(src/my_robot) by extensions ['ignore', 'ignore_ament_install']
[0.160s] Level 1:colcon.colcon_core.package_identification:_identify(src/my_robot) by extension 'ignore'
[0.161s] Level 1:colcon.colcon_core.package_identification:_identify(src/my_robot) by extension 'ignore_ament_install'
[0.161s] Level 1:colcon.colcon_core.package_identification:_identify(src/my_robot) by extensions ['colcon_pkg']
[0.161s] Level 1:colcon.colcon_core.package_identification:_identify(src/my_robot) by extension 'colcon_pkg'
[0.161s] Level 1:colcon.colcon_core.package_identification:_identify(src/my_robot) by extensions ['colcon_meta']
[0.161s] Level 1:colcon.colcon_core.package_identification:_identify(src/my_robot) by extension 'colcon_meta'
[0.161s] Level 1:colcon.colcon_core.package_identification:_identify(src/my_robot) by extensions ['ros']
[0.161s] Level 1:colcon.colcon_core.package_identification:_identify(src/my_robot) by extension 'ros'
[0.164s] DEBUG:colcon.colcon_core.package_identification:Package 'src/my_robot' with type 'ros.ament_python' and name 'my_robot'
[0.164s] Level 1:colcon.colcon_core.package_identification:_identify(src/my_robot_arm_control) by extensions ['ignore', 'ignore_ament_install']
[0.164s] Level 1:colcon.colcon_core.package_identification:_identify(src/my_robot_arm_control) by extension 'ignore'
[0.164s] Level 1:colcon.colcon_core.package_identification:_identify(src/my_robot_arm_control) by extension 'ignore_ament_install'
[0.164s] Level 1:colcon.colcon_core.package_identification:_identify(src/my_robot_arm_control) by extensions ['colcon_pkg']
[0.164s] Level 1:colcon.colcon_core.package_identification:_identify(src/my_robot_arm_control) by extension 'colcon_pkg'
[0.164s] Level 1:colcon.colcon_core.package_identification:_identify(src/my_robot_arm_control) by extensions ['colcon_meta']
[0.164s] Level 1:colcon.colcon_core.package_identification:_identify(src/my_robot_arm_control) by extension 'colcon_meta'
[0.164s] Level 1:colcon.colcon_core.package_identification:_identify(src/my_robot_arm_control) by extensions ['ros']
[0.164s] Level 1:colcon.colcon_core.package_identification:_identify(src/my_robot_arm_control) by extension 'ros'
[0.165s] DEBUG:colcon.colcon_core.package_identification:Package 'src/my_robot_arm_control' with type 'ros.ament_python' and name 'my_robot_arm_control'
[0.165s] Level 1:colcon.colcon_core.package_identification:_identify(src/my_robot_arm_description) by extensions ['ignore', 'ignore_ament_install']
[0.165s] Level 1:colcon.colcon_core.package_identification:_identify(src/my_robot_arm_description) by extension 'ignore'
[0.165s] Level 1:colcon.colcon_core.package_identification:_identify(src/my_robot_arm_description) by extension 'ignore_ament_install'
[0.165s] Level 1:colcon.colcon_core.package_identification:_identify(src/my_robot_arm_description) by extensions ['colcon_pkg']
[0.165s] Level 1:colcon.colcon_core.package_identification:_identify(src/my_robot_arm_description) by extension 'colcon_pkg'
[0.165s] Level 1:colcon.colcon_core.package_identification:_identify(src/my_robot_arm_description) by extensions ['colcon_meta']
[0.165s] Level 1:colcon.colcon_core.package_identification:_identify(src/my_robot_arm_description) by extension 'colcon_meta'
[0.165s] Level 1:colcon.colcon_core.package_identification:_identify(src/my_robot_arm_description) by extensions ['ros']
[0.165s] Level 1:colcon.colcon_core.package_identification:_identify(src/my_robot_arm_description) by extension 'ros'
[0.166s] DEBUG:colcon.colcon_core.package_identification:Package 'src/my_robot_arm_description' with type 'ros.ament_python' and name 'my_robot_arm_description'
[0.166s] Level 1:colcon.colcon_core.package_identification:_identify(src/my_robot_arm_gazebo) by extensions ['ignore', 'ignore_ament_install']
[0.166s] Level 1:colcon.colcon_core.package_identification:_identify(src/my_robot_arm_gazebo) by extension 'ignore'
[0.166s] Level 1:colcon.colcon_core.package_identification:_identify(src/my_robot_arm_gazebo) by extension 'ignore_ament_install'
[0.166s] Level 1:colcon.colcon_core.package_identification:_identify(src/my_robot_arm_gazebo) by extensions ['colcon_pkg']
[0.166s] Level 1:colcon.colcon_core.package_identification:_identify(src/my_robot_arm_gazebo) by extension 'colcon_pkg'
[0.166s] Level 1:colcon.colcon_core.package_identification:_identify(src/my_robot_arm_gazebo) by extensions ['colcon_meta']
[0.166s] Level 1:colcon.colcon_core.package_identification:_identify(src/my_robot_arm_gazebo) by extension 'colcon_meta'
[0.166s] Level 1:colcon.colcon_core.package_identification:_identify(src/my_robot_arm_gazebo) by extensions ['ros']
[0.166s] Level 1:colcon.colcon_core.package_identification:_identify(src/my_robot_arm_gazebo) by extension 'ros'
[0.167s] DEBUG:colcon.colcon_core.package_identification:Package 'src/my_robot_arm_gazebo' with type 'ros.ament_python' and name 'my_robot_arm_gazebo'
[0.167s] Level 1:colcon.colcon_core.package_identification:_identify(src/my_robot_arm_moveit_config) by extensions ['ignore', 'ignore_ament_install']
[0.167s] Level 1:colcon.colcon_core.package_identification:_identify(src/my_robot_arm_moveit_config) by extension 'ignore'
[0.167s] Level 1:colcon.colcon_core.package_identification:_identify(src/my_robot_arm_moveit_config) by extension 'ignore_ament_install'
[0.167s] Level 1:colcon.colcon_core.package_identification:_identify(src/my_robot_arm_moveit_config) by extensions ['colcon_pkg']
[0.167s] Level 1:colcon.colcon_core.package_identification:_identify(src/my_robot_arm_moveit_config) by extension 'colcon_pkg'
[0.167s] Level 1:colcon.colcon_core.package_identification:_identify(src/my_robot_arm_moveit_config) by extensions ['colcon_meta']
[0.167s] Level 1:colcon.colcon_core.package_identification:_identify(src/my_robot_arm_moveit_config) by extension 'colcon_meta'
[0.167s] Level 1:colcon.colcon_core.package_identification:_identify(src/my_robot_arm_moveit_config) by extensions ['ros']
[0.167s] Level 1:colcon.colcon_core.package_identification:_identify(src/my_robot_arm_moveit_config) by extension 'ros'
[0.167s] DEBUG:colcon.colcon_core.package_identification:Package 'src/my_robot_arm_moveit_config' with type 'ros.ament_python' and name 'my_robot_arm_moveit_config'
[0.168s] Level 1:colcon.colcon_core.package_identification:_identify(src/my_robot_arm_pick_place) by extensions ['ignore', 'ignore_ament_install']
[0.168s] Level 1:colcon.colcon_core.package_identification:_identify(src/my_robot_arm_pick_place) by extension 'ignore'
[0.168s] Level 1:colcon.colcon_core.package_identification:_identify(src/my_robot_arm_pick_place) by extension 'ignore_ament_install'
[0.168s] Level 1:colcon.colcon_core.package_identification:_identify(src/my_robot_arm_pick_place) by extensions ['colcon_pkg']
[0.168s] Level 1:colcon.colcon_core.package_identification:_identify(src/my_robot_arm_pick_place) by extension 'colcon_pkg'
[0.168s] Level 1:colcon.colcon_core.package_identification:_identify(src/my_robot_arm_pick_place) by extensions ['colcon_meta']
[0.168s] Level 1:colcon.colcon_core.package_identification:_identify(src/my_robot_arm_pick_place) by extension 'colcon_meta'
[0.168s] Level 1:colcon.colcon_core.package_identification:_identify(src/my_robot_arm_pick_place) by extensions ['ros']
[0.168s] Level 1:colcon.colcon_core.package_identification:_identify(src/my_robot_arm_pick_place) by extension 'ros'
[0.169s] DEBUG:colcon.colcon_core.package_identification:Package 'src/my_robot_arm_pick_place' with type 'ros.ament_python' and name 'my_robot_arm_pick_place'
[0.169s] Level 1:colcon.colcon_core.package_identification:_identify(src/my_robot_description) by extensions ['ignore', 'ignore_ament_install']
[0.169s] Level 1:colcon.colcon_core.package_identification:_identify(src/my_robot_description) by extension 'ignore'
[0.169s] Level 1:colcon.colcon_core.package_identification:_identify(src/my_robot_description) by extension 'ignore_ament_install'
[0.169s] Level 1:colcon.colcon_core.package_identification:_identify(src/my_robot_description) by extensions ['colcon_pkg']
[0.169s] Level 1:colcon.colcon_core.package_identification:_identify(src/my_robot_description) by extension 'colcon_pkg'
[0.169s] Level 1:colcon.colcon_core.package_identification:_identify(src/my_robot_description) by extensions ['colcon_meta']
[0.169s] Level 1:colcon.colcon_core.package_identification:_identify(src/my_robot_description) by extension 'colcon_meta'
[0.169s] Level 1:colcon.colcon_core.package_identification:_identify(src/my_robot_description) by extensions ['ros']
[0.169s] Level 1:colcon.colcon_core.package_identification:_identify(src/my_robot_description) by extension 'ros'
[0.169s] DEBUG:colcon.colcon_core.package_identification:Package 'src/my_robot_description' with type 'ros.ament_python' and name 'my_robot_description'
[0.170s] Level 1:colcon.colcon_core.package_identification:_identify(src/my_service) by extensions ['ignore', 'ignore_ament_install']
[0.170s] Level 1:colcon.colcon_core.package_identification:_identify(src/my_service) by extension 'ignore'
[0.170s] Level 1:colcon.colcon_core.package_identification:_identify(src/my_service) by extension 'ignore_ament_install'
[0.170s] Level 1:colcon.colcon_core.package_identification:_identify(src/my_service) by extensions ['colcon_pkg']
[0.170s] Level 1:colcon.colcon_core.package_identification:_identify(src/my_service) by extension 'colcon_pkg'
[0.170s] Level 1:colcon.colcon_core.package_identification:_identify(src/my_service) by extensions ['colcon_meta']
[0.170s] Level 1:colcon.colcon_core.package_identification:_identify(src/my_service) by extension 'colcon_meta'
[0.170s] Level 1:colcon.colcon_core.package_identification:_identify(src/my_service) by extensions ['ros']
[0.170s] Level 1:colcon.colcon_core.package_identification:_identify(src/my_service) by extension 'ros'
[0.170s] DEBUG:colcon.colcon_core.package_identification:Package 'src/my_service' with type 'ros.ament_python' and name 'my_service'
[0.170s] Level 1:colcon.colcon_core.package_discovery:discover_packages(recursive) using defaults
[0.171s] Level 1:colcon.colcon_core.package_discovery:discover_packages(ignore) discover
[0.171s] Level 1:colcon.colcon_core.package_discovery:discover_packages(ignore) using defaults
[0.171s] Level 1:colcon.colcon_core.package_discovery:discover_packages(path) discover
[0.171s] Level 1:colcon.colcon_core.package_discovery:discover_packages(path) using defaults
[0.189s] INFO:colcon.colcon_core.package_selection:Skipping not selected package 'my_robot' in 'src/my_robot'
[0.189s] INFO:colcon.colcon_core.package_selection:Skipping not selected package 'my_robot_arm_description' in 'src/my_robot_arm_description'
[0.189s] INFO:colcon.colcon_core.package_selection:Skipping not selected package 'my_robot_description' in 'src/my_robot_description'
[0.189s] INFO:colcon.colcon_core.package_selection:Skipping not selected package 'my_service' in 'src/my_service'
[0.189s] INFO:colcon.colcon_core.package_selection:Skipping not selected package 'my_robot_arm_control' in 'src/my_robot_arm_control'
[0.189s] INFO:colcon.colcon_core.package_selection:Skipping not selected package 'my_robot_arm_gazebo' in 'src/my_robot_arm_gazebo'
[0.189s] INFO:colcon.colcon_core.package_selection:Skipping not selected package 'my_robot_arm_moveit_config' in 'src/my_robot_arm_moveit_config'
[0.189s] Level 1:colcon.colcon_core.package_discovery:discover_packages(prefix_path) check parameters
[0.189s] Level 1:colcon.colcon_core.package_discovery:discover_packages(prefix_path) discover
[0.193s] DEBUG:colcon.colcon_installed_package_information.package_discovery:Found 422 installed packages in /opt/ros/jazzy
[0.194s] Level 1:colcon.colcon_core.package_discovery:discover_packages(prefix_path) using defaults
[0.247s] Level 5:colcon.colcon_core.verb:set package 'my_robot_arm_pick_place' build argument 'cmake_args' from command line to 'None'
[0.247s] Level 5:colcon.colcon_core.verb:set package 'my_robot_arm_pick_place' build argument 'cmake_target' from command line to 'None'
[0.247s] Level 5:colcon.colcon_core.verb:set package 'my_robot_arm_pick_place' build argument 'cmake_target_skip_unavailable' from command line to 'False'
[0.247s] Level 5:colcon.colcon_core.verb:set package 'my_robot_arm_pick_place' build argument 'cmake_clean_cache' from command line to 'False'
[0.247s] Level 5:colcon.colcon_core.verb:set package 'my_robot_arm_pick_place' build argument 'cmake_clean_first' from command line to 'False'
[0.247s] Level 5:colcon.colcon_core.verb:set package 'my_robot_arm_pick_place' build argument 'cmake_force_configure' from command line to 'False'
[0.247s] Level 5:colcon.colcon_core.verb:set package 'my_robot_arm_pick_place' build argument 'ament_cmake_args' from command line to 'None'
[0.247s] Level 5:colcon.colcon_core.verb:set package 'my_robot_arm_pick_place' build argument 'catkin_cmake_args' from command line to 'None'
[0.247s] Level 5:colcon.colcon_core.verb:set package 'my_robot_arm_pick_place' build argument 'catkin_skip_building_tests' from command line to 'False'
[0.247s] DEBUG:colcon.colcon_core.verb:Building package 'my_robot_arm_pick_place' with the following arguments: {'ament_cmake_args': None, 'build_base': '/home/ddd/ros2_ws/build/my_robot_arm_pick_place', 'catkin_cmake_args': None, 'catkin_skip_building_tests': False, 'cmake_args': None, 'cmake_clean_cache': False, 'cmake_clean_first': False, 'cmake_force_configure': False, 'cmake_target': None, 'cmake_target_skip_unavailable': False, 'install_base': '/home/ddd/ros2_ws/install/my_robot_arm_pick_place', 'merge_install': False, 'path': '/home/ddd/ros2_ws/src/my_robot_arm_pick_place', 'symlink_install': False, 'test_result_base': None}
[0.247s] INFO:colcon.colcon_core.executor:Executing jobs using 'parallel' executor
[0.248s] DEBUG:colcon.colcon_parallel_executor.executor.parallel:run_until_complete
[0.248s] INFO:colcon.colcon_ros.task.ament_python.build:Building ROS package in '/home/ddd/ros2_ws/src/my_robot_arm_pick_place' with build type 'ament_python'
[0.248s] Level 1:colcon.colcon_core.shell:create_environment_hook('my_robot_arm_pick_place', 'ament_prefix_path')
[0.250s] INFO:colcon.colcon_core.plugin_system:Skipping extension 'colcon_core.shell.bat': Not used on non-Windows systems
[0.251s] INFO:colcon.colcon_core.shell:Creating environment hook '/home/ddd/ros2_ws/install/my_robot_arm_pick_place/share/my_robot_arm_pick_place/hook/ament_prefix_path.ps1'
[0.251s] INFO:colcon.colcon_core.shell:Creating environment descriptor '/home/ddd/ros2_ws/install/my_robot_arm_pick_place/share/my_robot_arm_pick_place/hook/ament_prefix_path.dsv'
[0.252s] INFO:colcon.colcon_core.shell:Creating environment hook '/home/ddd/ros2_ws/install/my_robot_arm_pick_place/share/my_robot_arm_pick_place/hook/ament_prefix_path.sh'
[0.252s] INFO:colcon.colcon_core.shell:Skip shell extension 'powershell' for command environment: Not usable outside of PowerShell
[0.252s] DEBUG:colcon.colcon_core.shell:Skip shell extension 'dsv' for command environment
[0.466s] INFO:colcon.colcon_core.task.python.build:Building Python package in '/home/ddd/ros2_ws/src/my_robot_arm_pick_place'
[0.467s] INFO:colcon.colcon_core.shell:Skip shell extension 'powershell' for command environment: Not usable outside of PowerShell
[0.467s] DEBUG:colcon.colcon_core.shell:Skip shell extension 'dsv' for command environment
[1.049s] DEBUG:colcon.colcon_core.task.python.build:Available setuptools commands: bdist_rpm, editable_wheel, bdist_dumb, install_headers, build_ext, easy_install, extract_messages, install_scripts, symlink_data, bdist_egg, dist_info, saveopts, upload, update_catalog, check, install_egg_info, build, alias, bdist_wheel, develop, build_scripts, compile_catalog, build_clib, install_lib, install, register, bdist, install_data, egg_info, test, init_catalog, clean, build_py, sdist, setopt, upload_docs, rotate
[1.052s] DEBUG:colcon.colcon_core.event_handler.log_command:Invoking command in '/home/ddd/ros2_ws/src/my_robot_arm_pick_place': AMENT_PREFIX_PATH=/home/ddd/ros2_ws/install/my_robot_arm_moveit_config:/home/ddd/ros2_ws/install/my_robot_arm_control:/home/ddd/ros2_ws/install/my_robot_arm_description:${AMENT_PREFIX_PATH} DEBUGINFOD_URLS=https://debuginfod.ubuntu.com PYTHONPATH=/home/ddd/ros2_ws/build/my_robot_arm_pick_place/prefix_override:/usr/lib/python3/dist-packages/colcon_core/task/python/colcon_distutils_commands:/home/ddd/ros2_ws/install/my_robot_arm_pick_place/lib/python3.12/site-packages:/home/ddd/ros2_ws/install/my_robot_arm_moveit_config/lib/python3.12/site-packages:/home/ddd/ros2_ws/install/my_robot_arm_control/lib/python3.12/site-packages:/home/ddd/ros2_ws/install/my_robot_arm_description/lib/python3.12/site-packages:${PYTHONPATH} /usr/bin/python3 -W ignore:setup.py install is deprecated -W ignore:easy_install command is deprecated setup.py egg_info --egg-base ../../build/my_robot_arm_pick_place build --build-base /home/ddd/ros2_ws/build/my_robot_arm_pick_place/build install --record /home/ddd/ros2_ws/build/my_robot_arm_pick_place/install.log --install-scripts $base/lib/my_robot_arm_pick_place --single-version-externally-managed install_data
[1.593s] DEBUG:colcon.colcon_core.event_handler.log_command:Invoked command in '/home/ddd/ros2_ws/src/my_robot_arm_pick_place' returned '0': AMENT_PREFIX_PATH=/home/ddd/ros2_ws/install/my_robot_arm_moveit_config:/home/ddd/ros2_ws/install/my_robot_arm_control:/home/ddd/ros2_ws/install/my_robot_arm_description:${AMENT_PREFIX_PATH} DEBUGINFOD_URLS=https://debuginfod.ubuntu.com PYTHONPATH=/home/ddd/ros2_ws/build/my_robot_arm_pick_place/prefix_override:/usr/lib/python3/dist-packages/colcon_core/task/python/colcon_distutils_commands:/home/ddd/ros2_ws/install/my_robot_arm_pick_place/lib/python3.12/site-packages:/home/ddd/ros2_ws/install/my_robot_arm_moveit_config/lib/python3.12/site-packages:/home/ddd/ros2_ws/install/my_robot_arm_control/lib/python3.12/site-packages:/home/ddd/ros2_ws/install/my_robot_arm_description/lib/python3.12/site-packages:${PYTHONPATH} /usr/bin/python3 -W ignore:setup.py install is deprecated -W ignore:easy_install command is deprecated setup.py egg_info --egg-base ../../build/my_robot_arm_pick_place build --build-base /home/ddd/ros2_ws/build/my_robot_arm_pick_place/build install --record /home/ddd/ros2_ws/build/my_robot_arm_pick_place/install.log --install-scripts $base/lib/my_robot_arm_pick_place --single-version-externally-managed install_data
[1.595s] Level 1:colcon.colcon_core.environment:checking '/home/ddd/ros2_ws/install/my_robot_arm_pick_place' for CMake module files
[1.595s] Level 1:colcon.colcon_core.environment:checking '/home/ddd/ros2_ws/install/my_robot_arm_pick_place' for CMake config files
[1.596s] Level 1:colcon.colcon_core.environment:checking '/home/ddd/ros2_ws/install/my_robot_arm_pick_place/lib'
[1.596s] Level 1:colcon.colcon_core.environment:checking '/home/ddd/ros2_ws/install/my_robot_arm_pick_place/bin'
[1.596s] Level 1:colcon.colcon_core.environment:checking '/home/ddd/ros2_ws/install/my_robot_arm_pick_place/lib/pkgconfig/my_robot_arm_pick_place.pc'
[1.596s] Level 1:colcon.colcon_core.environment:checking '/home/ddd/ros2_ws/install/my_robot_arm_pick_place/lib/python3.12/site-packages'
[1.597s] Level 1:colcon.colcon_core.shell:create_environment_hook('my_robot_arm_pick_place', 'pythonpath')
[1.597s] INFO:colcon.colcon_core.shell:Creating environment hook '/home/ddd/ros2_ws/install/my_robot_arm_pick_place/share/my_robot_arm_pick_place/hook/pythonpath.ps1'
[1.597s] INFO:colcon.colcon_core.shell:Creating environment descriptor '/home/ddd/ros2_ws/install/my_robot_arm_pick_place/share/my_robot_arm_pick_place/hook/pythonpath.dsv'
[1.598s] INFO:colcon.colcon_core.shell:Creating environment hook '/home/ddd/ros2_ws/install/my_robot_arm_pick_place/share/my_robot_arm_pick_place/hook/pythonpath.sh'
[1.598s] Level 1:colcon.colcon_core.environment:checking '/home/ddd/ros2_ws/install/my_robot_arm_pick_place/bin'
[1.598s] Level 1:colcon.colcon_core.environment:create_environment_scripts_only(my_robot_arm_pick_place)
[1.598s] INFO:colcon.colcon_core.shell:Creating package script '/home/ddd/ros2_ws/install/my_robot_arm_pick_place/share/my_robot_arm_pick_place/package.ps1'
[1.599s] INFO:colcon.colcon_core.shell:Creating package descriptor '/home/ddd/ros2_ws/install/my_robot_arm_pick_place/share/my_robot_arm_pick_place/package.dsv'
[1.600s] INFO:colcon.colcon_core.shell:Creating package script '/home/ddd/ros2_ws/install/my_robot_arm_pick_place/share/my_robot_arm_pick_place/package.sh'
[1.601s] INFO:colcon.colcon_core.shell:Creating package script '/home/ddd/ros2_ws/install/my_robot_arm_pick_place/share/my_robot_arm_pick_place/package.bash'
[1.601s] INFO:colcon.colcon_core.shell:Creating package script '/home/ddd/ros2_ws/install/my_robot_arm_pick_place/share/my_robot_arm_pick_place/package.zsh'
[1.602s] Level 1:colcon.colcon_core.environment:create_file_with_runtime_dependencies(/home/ddd/ros2_ws/install/my_robot_arm_pick_place/share/colcon-core/packages/my_robot_arm_pick_place)
[1.602s] DEBUG:colcon.colcon_parallel_executor.executor.parallel:closing loop
[1.602s] DEBUG:colcon.colcon_parallel_executor.executor.parallel:loop closed
[1.602s] DEBUG:colcon.colcon_parallel_executor.executor.parallel:run_until_complete finished with '0'
[1.602s] DEBUG:colcon.colcon_core.event_reactor:joining thread
[1.607s] INFO:colcon.colcon_core.plugin_system:Skipping extension 'colcon_notification.desktop_notification.terminal_notifier': Not used on non-Darwin systems
[1.608s] INFO:colcon.colcon_core.plugin_system:Skipping extension 'colcon_notification.desktop_notification.win32': Not used on non-Windows systems
[1.608s] INFO:colcon.colcon_notification.desktop_notification:Sending desktop notification using 'notify2'
[1.620s] DEBUG:colcon.colcon_core.event_reactor:joined thread
[1.620s] INFO:colcon.colcon_core.shell:Creating prefix script '/home/ddd/ros2_ws/install/local_setup.ps1'
[1.621s] INFO:colcon.colcon_core.shell:Creating prefix util module '/home/ddd/ros2_ws/install/_local_setup_util_ps1.py'
[1.622s] INFO:colcon.colcon_core.shell:Creating prefix chain script '/home/ddd/ros2_ws/install/setup.ps1'
[1.623s] INFO:colcon.colcon_core.shell:Creating prefix script '/home/ddd/ros2_ws/install/local_setup.sh'
[1.623s] INFO:colcon.colcon_core.shell:Creating prefix util module '/home/ddd/ros2_ws/install/_local_setup_util_sh.py'
[1.624s] INFO:colcon.colcon_core.shell:Creating prefix chain script '/home/ddd/ros2_ws/install/setup.sh'
[1.625s] INFO:colcon.colcon_core.shell:Creating prefix script '/home/ddd/ros2_ws/install/local_setup.bash'
[1.625s] INFO:colcon.colcon_core.shell:Creating prefix chain script '/home/ddd/ros2_ws/install/setup.bash'
[1.626s] INFO:colcon.colcon_core.shell:Creating prefix script '/home/ddd/ros2_ws/install/local_setup.zsh'
[1.626s] INFO:colcon.colcon_core.shell:Creating prefix chain script '/home/ddd/ros2_ws/install/setup.zsh'
