running egg_info
creating ../../build/my_robot_arm_gazebo/my_robot_arm_gazebo.egg-info
writing ../../build/my_robot_arm_gazebo/my_robot_arm_gazebo.egg-info/PKG-INFO
writing dependency_links to ../../build/my_robot_arm_gazebo/my_robot_arm_gazebo.egg-info/dependency_links.txt
writing requirements to ../../build/my_robot_arm_gazebo/my_robot_arm_gazebo.egg-info/requires.txt
writing top-level names to ../../build/my_robot_arm_gazebo/my_robot_arm_gazebo.egg-info/top_level.txt
writing manifest file '../../build/my_robot_arm_gazebo/my_robot_arm_gazebo.egg-info/SOURCES.txt'
reading manifest file '../../build/my_robot_arm_gazebo/my_robot_arm_gazebo.egg-info/SOURCES.txt'
writing manifest file '../../build/my_robot_arm_gazebo/my_robot_arm_gazebo.egg-info/SOURCES.txt'
running build
running build_py
creating /home/ddd/ros2_ws/build/my_robot_arm_gazebo/build
creating /home/ddd/ros2_ws/build/my_robot_arm_gazebo/build/lib
creating /home/ddd/ros2_ws/build/my_robot_arm_gazebo/build/lib/my_robot_arm_gazebo
copying my_robot_arm_gazebo/__init__.py -> /home/ddd/ros2_ws/build/my_robot_arm_gazebo/build/lib/my_robot_arm_gazebo
running install
running install_lib
creating /home/ddd/ros2_ws/install/my_robot_arm_gazebo/lib/python3.12/site-packages/my_robot_arm_gazebo
copying /home/ddd/ros2_ws/build/my_robot_arm_gazebo/build/lib/my_robot_arm_gazebo/__init__.py -> /home/ddd/ros2_ws/install/my_robot_arm_gazebo/lib/python3.12/site-packages/my_robot_arm_gazebo
byte-compiling /home/ddd/ros2_ws/install/my_robot_arm_gazebo/lib/python3.12/site-packages/my_robot_arm_gazebo/__init__.py to __init__.cpython-312.pyc
running install_data
creating /home/ddd/ros2_ws/install/my_robot_arm_gazebo/share/ament_index
creating /home/ddd/ros2_ws/install/my_robot_arm_gazebo/share/ament_index/resource_index
creating /home/ddd/ros2_ws/install/my_robot_arm_gazebo/share/ament_index/resource_index/packages
copying resource/my_robot_arm_gazebo -> /home/ddd/ros2_ws/install/my_robot_arm_gazebo/share/ament_index/resource_index/packages
copying package.xml -> /home/ddd/ros2_ws/install/my_robot_arm_gazebo/share/my_robot_arm_gazebo
creating /home/ddd/ros2_ws/install/my_robot_arm_gazebo/share/my_robot_arm_gazebo/launch
copying launch/gazebo.launch.py -> /home/ddd/ros2_ws/install/my_robot_arm_gazebo/share/my_robot_arm_gazebo/launch
creating /home/ddd/ros2_ws/install/my_robot_arm_gazebo/share/my_robot_arm_gazebo/worlds
copying worlds/pick_place_world.sdf -> /home/ddd/ros2_ws/install/my_robot_arm_gazebo/share/my_robot_arm_gazebo/worlds
creating /home/ddd/ros2_ws/install/my_robot_arm_gazebo/share/my_robot_arm_gazebo/config
running install_egg_info
Copying ../../build/my_robot_arm_gazebo/my_robot_arm_gazebo.egg-info to /home/ddd/ros2_ws/install/my_robot_arm_gazebo/lib/python3.12/site-packages/my_robot_arm_gazebo-0.0.0-py3.12.egg-info
running install_scripts
writing list of installed files to '/home/ddd/ros2_ws/build/my_robot_arm_gazebo/install.log'
