[0.835s] Invoking command in '/home/ddd/ros2_ws/src/my_robot_arm_gazebo': AMENT_PREFIX_PATH=/home/ddd/ros2_ws/install/my_robot_arm_control:/home/ddd/ros2_ws/install/my_robot_arm_description:${AMENT_PREFIX_PATH} DEBUGINFOD_URLS=https://debuginfod.ubuntu.com PYTHONPATH=/home/ddd/ros2_ws/build/my_robot_arm_gazebo/prefix_override:/usr/lib/python3/dist-packages/colcon_core/task/python/colcon_distutils_commands:/home/ddd/ros2_ws/install/my_robot_arm_gazebo/lib/python3.12/site-packages:/home/ddd/ros2_ws/install/my_robot_arm_control/lib/python3.12/site-packages:/home/ddd/ros2_ws/install/my_robot_arm_description/lib/python3.12/site-packages:${PYTHONPATH} /usr/bin/python3 -W ignore:setup.py install is deprecated -W ignore:easy_install command is deprecated setup.py egg_info --egg-base ../../build/my_robot_arm_gazebo build --build-base /home/ddd/ros2_ws/build/my_robot_arm_gazebo/build install --record /home/ddd/ros2_ws/build/my_robot_arm_gazebo/install.log --install-scripts $base/lib/my_robot_arm_gazebo --single-version-externally-managed install_data
[1.095s] running egg_info
[1.096s] creating ../../build/my_robot_arm_gazebo/my_robot_arm_gazebo.egg-info
[1.115s] writing ../../build/my_robot_arm_gazebo/my_robot_arm_gazebo.egg-info/PKG-INFO
[1.116s] writing dependency_links to ../../build/my_robot_arm_gazebo/my_robot_arm_gazebo.egg-info/dependency_links.txt
[1.116s] writing requirements to ../../build/my_robot_arm_gazebo/my_robot_arm_gazebo.egg-info/requires.txt
[1.116s] writing top-level names to ../../build/my_robot_arm_gazebo/my_robot_arm_gazebo.egg-info/top_level.txt
[1.116s] writing manifest file '../../build/my_robot_arm_gazebo/my_robot_arm_gazebo.egg-info/SOURCES.txt'
[1.155s] reading manifest file '../../build/my_robot_arm_gazebo/my_robot_arm_gazebo.egg-info/SOURCES.txt'
[1.156s] writing manifest file '../../build/my_robot_arm_gazebo/my_robot_arm_gazebo.egg-info/SOURCES.txt'
[1.156s] running build
[1.156s] running build_py
[1.156s] creating /home/ddd/ros2_ws/build/my_robot_arm_gazebo/build
[1.157s] creating /home/ddd/ros2_ws/build/my_robot_arm_gazebo/build/lib
[1.157s] creating /home/ddd/ros2_ws/build/my_robot_arm_gazebo/build/lib/my_robot_arm_gazebo
[1.157s] copying my_robot_arm_gazebo/__init__.py -> /home/ddd/ros2_ws/build/my_robot_arm_gazebo/build/lib/my_robot_arm_gazebo
[1.157s] running install
[1.162s] running install_lib
[1.182s] creating /home/ddd/ros2_ws/install/my_robot_arm_gazebo/lib/python3.12/site-packages/my_robot_arm_gazebo
[1.182s] copying /home/ddd/ros2_ws/build/my_robot_arm_gazebo/build/lib/my_robot_arm_gazebo/__init__.py -> /home/ddd/ros2_ws/install/my_robot_arm_gazebo/lib/python3.12/site-packages/my_robot_arm_gazebo
[1.183s] byte-compiling /home/ddd/ros2_ws/install/my_robot_arm_gazebo/lib/python3.12/site-packages/my_robot_arm_gazebo/__init__.py to __init__.cpython-312.pyc
[1.183s] running install_data
[1.183s] creating /home/ddd/ros2_ws/install/my_robot_arm_gazebo/share/ament_index
[1.183s] creating /home/ddd/ros2_ws/install/my_robot_arm_gazebo/share/ament_index/resource_index
[1.183s] creating /home/ddd/ros2_ws/install/my_robot_arm_gazebo/share/ament_index/resource_index/packages
[1.184s] copying resource/my_robot_arm_gazebo -> /home/ddd/ros2_ws/install/my_robot_arm_gazebo/share/ament_index/resource_index/packages
[1.184s] copying package.xml -> /home/ddd/ros2_ws/install/my_robot_arm_gazebo/share/my_robot_arm_gazebo
[1.184s] creating /home/ddd/ros2_ws/install/my_robot_arm_gazebo/share/my_robot_arm_gazebo/launch
[1.184s] copying launch/gazebo.launch.py -> /home/ddd/ros2_ws/install/my_robot_arm_gazebo/share/my_robot_arm_gazebo/launch
[1.184s] creating /home/ddd/ros2_ws/install/my_robot_arm_gazebo/share/my_robot_arm_gazebo/worlds
[1.184s] copying worlds/pick_place_world.sdf -> /home/ddd/ros2_ws/install/my_robot_arm_gazebo/share/my_robot_arm_gazebo/worlds
[1.184s] creating /home/ddd/ros2_ws/install/my_robot_arm_gazebo/share/my_robot_arm_gazebo/config
[1.184s] running install_egg_info
[1.205s] Copying ../../build/my_robot_arm_gazebo/my_robot_arm_gazebo.egg-info to /home/ddd/ros2_ws/install/my_robot_arm_gazebo/lib/python3.12/site-packages/my_robot_arm_gazebo-0.0.0-py3.12.egg-info
[1.206s] running install_scripts
[1.343s] writing list of installed files to '/home/ddd/ros2_ws/build/my_robot_arm_gazebo/install.log'
[1.374s] Invoked command in '/home/ddd/ros2_ws/src/my_robot_arm_gazebo' returned '0': AMENT_PREFIX_PATH=/home/ddd/ros2_ws/install/my_robot_arm_control:/home/ddd/ros2_ws/install/my_robot_arm_description:${AMENT_PREFIX_PATH} DEBUGINFOD_URLS=https://debuginfod.ubuntu.com PYTHONPATH=/home/ddd/ros2_ws/build/my_robot_arm_gazebo/prefix_override:/usr/lib/python3/dist-packages/colcon_core/task/python/colcon_distutils_commands:/home/ddd/ros2_ws/install/my_robot_arm_gazebo/lib/python3.12/site-packages:/home/ddd/ros2_ws/install/my_robot_arm_control/lib/python3.12/site-packages:/home/ddd/ros2_ws/install/my_robot_arm_description/lib/python3.12/site-packages:${PYTHONPATH} /usr/bin/python3 -W ignore:setup.py install is deprecated -W ignore:easy_install command is deprecated setup.py egg_info --egg-base ../../build/my_robot_arm_gazebo build --build-base /home/ddd/ros2_ws/build/my_robot_arm_gazebo/build install --record /home/ddd/ros2_ws/build/my_robot_arm_gazebo/install.log --install-scripts $base/lib/my_robot_arm_gazebo --single-version-externally-managed install_data
