[1.146s] Invoking command in '/home/ddd/ros2_ws/src/my_robot_description': DEBUGINFOD_URLS=https://debuginfod.ubuntu.com PYTHONPATH=/home/ddd/ros2_ws/src/build/my_robot_description/prefix_override:/usr/lib/python3/dist-packages/colcon_core/task/python/colcon_distutils_commands:/home/ddd/ros2_ws/src/install/my_robot_description/lib/python3.12/site-packages:${PYTHONPATH} /usr/bin/python3 -W ignore:setup.py install is deprecated -W ignore:easy_install command is deprecated setup.py egg_info --egg-base ../build/my_robot_description build --build-base /home/ddd/ros2_ws/src/build/my_robot_description/build install --record /home/ddd/ros2_ws/src/build/my_robot_description/install.log --install-scripts $base/lib/my_robot_description --single-version-externally-managed install_data
[1.399s] running egg_info
[1.399s] creating ../build/my_robot_description/my_robot_description.egg-info
[1.418s] writing ../build/my_robot_description/my_robot_description.egg-info/PKG-INFO
[1.418s] writing dependency_links to ../build/my_robot_description/my_robot_description.egg-info/dependency_links.txt
[1.419s] writing requirements to ../build/my_robot_description/my_robot_description.egg-info/requires.txt
[1.419s] writing top-level names to ../build/my_robot_description/my_robot_description.egg-info/top_level.txt
[1.419s] writing manifest file '../build/my_robot_description/my_robot_description.egg-info/SOURCES.txt'
[1.457s] reading manifest file '../build/my_robot_description/my_robot_description.egg-info/SOURCES.txt'
[1.458s] writing manifest file '../build/my_robot_description/my_robot_description.egg-info/SOURCES.txt'
[1.458s] running build
[1.458s] running build_py
[1.458s] creating /home/ddd/ros2_ws/src/build/my_robot_description/build
[1.459s] creating /home/ddd/ros2_ws/src/build/my_robot_description/build/lib
[1.459s] creating /home/ddd/ros2_ws/src/build/my_robot_description/build/lib/my_robot_description
[1.459s] copying my_robot_description/__init__.py -> /home/ddd/ros2_ws/src/build/my_robot_description/build/lib/my_robot_description
[1.459s] running install
[1.464s] running install_lib
[1.484s] creating /home/ddd/ros2_ws/src/install/my_robot_description/lib/python3.12/site-packages/my_robot_description
[1.484s] copying /home/ddd/ros2_ws/src/build/my_robot_description/build/lib/my_robot_description/__init__.py -> /home/ddd/ros2_ws/src/install/my_robot_description/lib/python3.12/site-packages/my_robot_description
[1.485s] byte-compiling /home/ddd/ros2_ws/src/install/my_robot_description/lib/python3.12/site-packages/my_robot_description/__init__.py to __init__.cpython-312.pyc
[1.485s] running install_data
[1.485s] creating /home/ddd/ros2_ws/src/install/my_robot_description/share/ament_index
[1.485s] creating /home/ddd/ros2_ws/src/install/my_robot_description/share/ament_index/resource_index
[1.485s] creating /home/ddd/ros2_ws/src/install/my_robot_description/share/ament_index/resource_index/packages
[1.486s] copying resource/my_robot_description -> /home/ddd/ros2_ws/src/install/my_robot_description/share/ament_index/resource_index/packages
[1.486s] copying package.xml -> /home/ddd/ros2_ws/src/install/my_robot_description/share/my_robot_description
[1.486s] running install_egg_info
[1.506s] Copying ../build/my_robot_description/my_robot_description.egg-info to /home/ddd/ros2_ws/src/install/my_robot_description/lib/python3.12/site-packages/my_robot_description-0.0.0-py3.12.egg-info
[1.507s] running install_scripts
[1.638s] writing list of installed files to '/home/ddd/ros2_ws/src/build/my_robot_description/install.log'
[1.670s] Invoked command in '/home/ddd/ros2_ws/src/my_robot_description' returned '0': DEBUGINFOD_URLS=https://debuginfod.ubuntu.com PYTHONPATH=/home/ddd/ros2_ws/src/build/my_robot_description/prefix_override:/usr/lib/python3/dist-packages/colcon_core/task/python/colcon_distutils_commands:/home/ddd/ros2_ws/src/install/my_robot_description/lib/python3.12/site-packages:${PYTHONPATH} /usr/bin/python3 -W ignore:setup.py install is deprecated -W ignore:easy_install command is deprecated setup.py egg_info --egg-base ../build/my_robot_description build --build-base /home/ddd/ros2_ws/src/build/my_robot_description/build install --record /home/ddd/ros2_ws/src/build/my_robot_description/install.log --install-scripts $base/lib/my_robot_description --single-version-externally-managed install_data
