running egg_info
creating ../../build/my_robot_arm_control/my_robot_arm_control.egg-info
writing ../../build/my_robot_arm_control/my_robot_arm_control.egg-info/PKG-INFO
writing dependency_links to ../../build/my_robot_arm_control/my_robot_arm_control.egg-info/dependency_links.txt
writing requirements to ../../build/my_robot_arm_control/my_robot_arm_control.egg-info/requires.txt
writing top-level names to ../../build/my_robot_arm_control/my_robot_arm_control.egg-info/top_level.txt
writing manifest file '../../build/my_robot_arm_control/my_robot_arm_control.egg-info/SOURCES.txt'
reading manifest file '../../build/my_robot_arm_control/my_robot_arm_control.egg-info/SOURCES.txt'
writing manifest file '../../build/my_robot_arm_control/my_robot_arm_control.egg-info/SOURCES.txt'
running build
running build_py
creating /home/ddd/ros2_ws/build/my_robot_arm_control/build
creating /home/ddd/ros2_ws/build/my_robot_arm_control/build/lib
creating /home/ddd/ros2_ws/build/my_robot_arm_control/build/lib/my_robot_arm_control
copying my_robot_arm_control/__init__.py -> /home/ddd/ros2_ws/build/my_robot_arm_control/build/lib/my_robot_arm_control
running install
running install_lib
creating /home/ddd/ros2_ws/install/my_robot_arm_control/lib/python3.12/site-packages/my_robot_arm_control
copying /home/ddd/ros2_ws/build/my_robot_arm_control/build/lib/my_robot_arm_control/__init__.py -> /home/ddd/ros2_ws/install/my_robot_arm_control/lib/python3.12/site-packages/my_robot_arm_control
byte-compiling /home/ddd/ros2_ws/install/my_robot_arm_control/lib/python3.12/site-packages/my_robot_arm_control/__init__.py to __init__.cpython-312.pyc
running install_data
creating /home/ddd/ros2_ws/install/my_robot_arm_control/share/ament_index
creating /home/ddd/ros2_ws/install/my_robot_arm_control/share/ament_index/resource_index
creating /home/ddd/ros2_ws/install/my_robot_arm_control/share/ament_index/resource_index/packages
copying resource/my_robot_arm_control -> /home/ddd/ros2_ws/install/my_robot_arm_control/share/ament_index/resource_index/packages
copying package.xml -> /home/ddd/ros2_ws/install/my_robot_arm_control/share/my_robot_arm_control
creating /home/ddd/ros2_ws/install/my_robot_arm_control/share/my_robot_arm_control/launch
copying launch/robot_control.launch.py -> /home/ddd/ros2_ws/install/my_robot_arm_control/share/my_robot_arm_control/launch
creating /home/ddd/ros2_ws/install/my_robot_arm_control/share/my_robot_arm_control/config
copying config/ros2_controllers.yaml -> /home/ddd/ros2_ws/install/my_robot_arm_control/share/my_robot_arm_control/config
running install_egg_info
Copying ../../build/my_robot_arm_control/my_robot_arm_control.egg-info to /home/ddd/ros2_ws/install/my_robot_arm_control/lib/python3.12/site-packages/my_robot_arm_control-0.0.0-py3.12.egg-info
running install_scripts
writing list of installed files to '/home/ddd/ros2_ws/build/my_robot_arm_control/install.log'
