[0.848s] Invoking command in '/home/ddd/ros2_ws/src/my_robot_arm_control': AMENT_PREFIX_PATH=/home/ddd/ros2_ws/install/my_robot_arm_description:${AMENT_PREFIX_PATH} DEBUGINFOD_URLS=https://debuginfod.ubuntu.com PYTHONPATH=/home/ddd/ros2_ws/build/my_robot_arm_control/prefix_override:/usr/lib/python3/dist-packages/colcon_core/task/python/colcon_distutils_commands:/home/ddd/ros2_ws/install/my_robot_arm_control/lib/python3.12/site-packages:/home/ddd/ros2_ws/install/my_robot_arm_description/lib/python3.12/site-packages:${PYTHONPATH} /usr/bin/python3 -W ignore:setup.py install is deprecated -W ignore:easy_install command is deprecated setup.py egg_info --egg-base ../../build/my_robot_arm_control build --build-base /home/ddd/ros2_ws/build/my_robot_arm_control/build install --record /home/ddd/ros2_ws/build/my_robot_arm_control/install.log --install-scripts $base/lib/my_robot_arm_control --single-version-externally-managed install_data
[1.107s] running egg_info
[1.107s] creating ../../build/my_robot_arm_control/my_robot_arm_control.egg-info
[1.126s] writing ../../build/my_robot_arm_control/my_robot_arm_control.egg-info/PKG-INFO
[1.126s] writing dependency_links to ../../build/my_robot_arm_control/my_robot_arm_control.egg-info/dependency_links.txt
[1.126s] writing requirements to ../../build/my_robot_arm_control/my_robot_arm_control.egg-info/requires.txt
[1.126s] writing top-level names to ../../build/my_robot_arm_control/my_robot_arm_control.egg-info/top_level.txt
[1.126s] writing manifest file '../../build/my_robot_arm_control/my_robot_arm_control.egg-info/SOURCES.txt'
[1.166s] reading manifest file '../../build/my_robot_arm_control/my_robot_arm_control.egg-info/SOURCES.txt'
[1.166s] writing manifest file '../../build/my_robot_arm_control/my_robot_arm_control.egg-info/SOURCES.txt'
[1.167s] running build
[1.167s] running build_py
[1.167s] creating /home/ddd/ros2_ws/build/my_robot_arm_control/build
[1.167s] creating /home/ddd/ros2_ws/build/my_robot_arm_control/build/lib
[1.167s] creating /home/ddd/ros2_ws/build/my_robot_arm_control/build/lib/my_robot_arm_control
[1.167s] copying my_robot_arm_control/__init__.py -> /home/ddd/ros2_ws/build/my_robot_arm_control/build/lib/my_robot_arm_control
[1.167s] running install
[1.173s] running install_lib
[1.193s] creating /home/ddd/ros2_ws/install/my_robot_arm_control/lib/python3.12/site-packages/my_robot_arm_control
[1.193s] copying /home/ddd/ros2_ws/build/my_robot_arm_control/build/lib/my_robot_arm_control/__init__.py -> /home/ddd/ros2_ws/install/my_robot_arm_control/lib/python3.12/site-packages/my_robot_arm_control
[1.193s] byte-compiling /home/ddd/ros2_ws/install/my_robot_arm_control/lib/python3.12/site-packages/my_robot_arm_control/__init__.py to __init__.cpython-312.pyc
[1.193s] running install_data
[1.194s] creating /home/ddd/ros2_ws/install/my_robot_arm_control/share/ament_index
[1.194s] creating /home/ddd/ros2_ws/install/my_robot_arm_control/share/ament_index/resource_index
[1.194s] creating /home/ddd/ros2_ws/install/my_robot_arm_control/share/ament_index/resource_index/packages
[1.194s] copying resource/my_robot_arm_control -> /home/ddd/ros2_ws/install/my_robot_arm_control/share/ament_index/resource_index/packages
[1.194s] copying package.xml -> /home/ddd/ros2_ws/install/my_robot_arm_control/share/my_robot_arm_control
[1.194s] creating /home/ddd/ros2_ws/install/my_robot_arm_control/share/my_robot_arm_control/launch
[1.195s] copying launch/robot_control.launch.py -> /home/ddd/ros2_ws/install/my_robot_arm_control/share/my_robot_arm_control/launch
[1.195s] creating /home/ddd/ros2_ws/install/my_robot_arm_control/share/my_robot_arm_control/config
[1.195s] copying config/ros2_controllers.yaml -> /home/ddd/ros2_ws/install/my_robot_arm_control/share/my_robot_arm_control/config
[1.195s] running install_egg_info
[1.215s] Copying ../../build/my_robot_arm_control/my_robot_arm_control.egg-info to /home/ddd/ros2_ws/install/my_robot_arm_control/lib/python3.12/site-packages/my_robot_arm_control-0.0.0-py3.12.egg-info
[1.216s] running install_scripts
[1.351s] writing list of installed files to '/home/ddd/ros2_ws/build/my_robot_arm_control/install.log'
[1.383s] Invoked command in '/home/ddd/ros2_ws/src/my_robot_arm_control' returned '0': AMENT_PREFIX_PATH=/home/ddd/ros2_ws/install/my_robot_arm_description:${AMENT_PREFIX_PATH} DEBUGINFOD_URLS=https://debuginfod.ubuntu.com PYTHONPATH=/home/ddd/ros2_ws/build/my_robot_arm_control/prefix_override:/usr/lib/python3/dist-packages/colcon_core/task/python/colcon_distutils_commands:/home/ddd/ros2_ws/install/my_robot_arm_control/lib/python3.12/site-packages:/home/ddd/ros2_ws/install/my_robot_arm_description/lib/python3.12/site-packages:${PYTHONPATH} /usr/bin/python3 -W ignore:setup.py install is deprecated -W ignore:easy_install command is deprecated setup.py egg_info --egg-base ../../build/my_robot_arm_control build --build-base /home/ddd/ros2_ws/build/my_robot_arm_control/build install --record /home/ddd/ros2_ws/build/my_robot_arm_control/install.log --install-scripts $base/lib/my_robot_arm_control --single-version-externally-managed install_data
