[1.610s] Invoking command in '/home/ddd/ros2_ws/src/my_robot_arm_gazebo': AMENT_PREFIX_PATH=/home/ddd/ros2_ws/install/my_robot_arm_control:/home/ddd/ros2_ws/install/my_robot_arm_description:${AMENT_PREFIX_PATH} DEBUGINFOD_URLS=https://debuginfod.ubuntu.com PYTHONPATH=/home/ddd/ros2_ws/build/my_robot_arm_gazebo/prefix_override:/usr/lib/python3/dist-packages/colcon_core/task/python/colcon_distutils_commands:/home/ddd/ros2_ws/install/my_robot_arm_gazebo/lib/python3.12/site-packages:/home/ddd/ros2_ws/install/my_robot_arm_control/lib/python3.12/site-packages:/home/ddd/ros2_ws/install/my_robot_arm_description/lib/python3.12/site-packages:${PYTHONPATH} /usr/bin/python3 -W ignore:setup.py install is deprecated -W ignore:easy_install command is deprecated setup.py egg_info --egg-base ../../build/my_robot_arm_gazebo build --build-base /home/ddd/ros2_ws/build/my_robot_arm_gazebo/build install --record /home/ddd/ros2_ws/build/my_robot_arm_gazebo/install.log --install-scripts $base/lib/my_robot_arm_gazebo --single-version-externally-managed install_data
[2.107s] running egg_info
[2.146s] writing ../../build/my_robot_arm_gazebo/my_robot_arm_gazebo.egg-info/PKG-INFO
[2.146s] writing dependency_links to ../../build/my_robot_arm_gazebo/my_robot_arm_gazebo.egg-info/dependency_links.txt
[2.147s] writing requirements to ../../build/my_robot_arm_gazebo/my_robot_arm_gazebo.egg-info/requires.txt
[2.147s] writing top-level names to ../../build/my_robot_arm_gazebo/my_robot_arm_gazebo.egg-info/top_level.txt
[2.225s] reading manifest file '../../build/my_robot_arm_gazebo/my_robot_arm_gazebo.egg-info/SOURCES.txt'
[2.226s] writing manifest file '../../build/my_robot_arm_gazebo/my_robot_arm_gazebo.egg-info/SOURCES.txt'
[2.226s] running build
[2.227s] running build_py
[2.227s] running install
[2.238s] running install_lib
[2.276s] running install_data
[2.276s] copying launch/gazebo.launch.py -> /home/ddd/ros2_ws/install/my_robot_arm_gazebo/share/my_robot_arm_gazebo/launch
[2.276s] running install_egg_info
[2.319s] removing '/home/ddd/ros2_ws/install/my_robot_arm_gazebo/lib/python3.12/site-packages/my_robot_arm_gazebo-0.0.0-py3.12.egg-info' (and everything under it)
[2.320s] Copying ../../build/my_robot_arm_gazebo/my_robot_arm_gazebo.egg-info to /home/ddd/ros2_ws/install/my_robot_arm_gazebo/lib/python3.12/site-packages/my_robot_arm_gazebo-0.0.0-py3.12.egg-info
[2.321s] running install_scripts
[2.584s] writing list of installed files to '/home/ddd/ros2_ws/build/my_robot_arm_gazebo/install.log'
[2.654s] Invoked command in '/home/ddd/ros2_ws/src/my_robot_arm_gazebo' returned '0': AMENT_PREFIX_PATH=/home/ddd/ros2_ws/install/my_robot_arm_control:/home/ddd/ros2_ws/install/my_robot_arm_description:${AMENT_PREFIX_PATH} DEBUGINFOD_URLS=https://debuginfod.ubuntu.com PYTHONPATH=/home/ddd/ros2_ws/build/my_robot_arm_gazebo/prefix_override:/usr/lib/python3/dist-packages/colcon_core/task/python/colcon_distutils_commands:/home/ddd/ros2_ws/install/my_robot_arm_gazebo/lib/python3.12/site-packages:/home/ddd/ros2_ws/install/my_robot_arm_control/lib/python3.12/site-packages:/home/ddd/ros2_ws/install/my_robot_arm_description/lib/python3.12/site-packages:${PYTHONPATH} /usr/bin/python3 -W ignore:setup.py install is deprecated -W ignore:easy_install command is deprecated setup.py egg_info --egg-base ../../build/my_robot_arm_gazebo build --build-base /home/ddd/ros2_ws/build/my_robot_arm_gazebo/build install --record /home/ddd/ros2_ws/build/my_robot_arm_gazebo/install.log --install-scripts $base/lib/my_robot_arm_gazebo --single-version-externally-managed install_data
