running egg_info
writing ../../build/my_robot_arm_pick_place/my_robot_arm_pick_place.egg-info/PKG-INFO
writing dependency_links to ../../build/my_robot_arm_pick_place/my_robot_arm_pick_place.egg-info/dependency_links.txt
writing entry points to ../../build/my_robot_arm_pick_place/my_robot_arm_pick_place.egg-info/entry_points.txt
writing requirements to ../../build/my_robot_arm_pick_place/my_robot_arm_pick_place.egg-info/requires.txt
writing top-level names to ../../build/my_robot_arm_pick_place/my_robot_arm_pick_place.egg-info/top_level.txt
reading manifest file '../../build/my_robot_arm_pick_place/my_robot_arm_pick_place.egg-info/SOURCES.txt'
writing manifest file '../../build/my_robot_arm_pick_place/my_robot_arm_pick_place.egg-info/SOURCES.txt'
running build
running build_py
running install
running install_lib
running install_data
copying launch/pick_place_gazebo.launch.py -> /home/ddd/ros2_ws/install/my_robot_arm_pick_place/share/my_robot_arm_pick_place/launch
running install_egg_info
removing '/home/ddd/ros2_ws/install/my_robot_arm_pick_place/lib/python3.12/site-packages/my_robot_arm_pick_place-0.0.0-py3.12.egg-info' (and everything under it)
Copying ../../build/my_robot_arm_pick_place/my_robot_arm_pick_place.egg-info to /home/ddd/ros2_ws/install/my_robot_arm_pick_place/lib/python3.12/site-packages/my_robot_arm_pick_place-0.0.0-py3.12.egg-info
running install_scripts
Installing pick_place_node script to /home/ddd/ros2_ws/install/my_robot_arm_pick_place/lib/my_robot_arm_pick_place
writing list of installed files to '/home/ddd/ros2_ws/build/my_robot_arm_pick_place/install.log'
