running egg_info
creating ../../build/my_service/my_service.egg-info
writing ../../build/my_service/my_service.egg-info/PKG-INFO
writing dependency_links to ../../build/my_service/my_service.egg-info/dependency_links.txt
writing entry points to ../../build/my_service/my_service.egg-info/entry_points.txt
writing requirements to ../../build/my_service/my_service.egg-info/requires.txt
writing top-level names to ../../build/my_service/my_service.egg-info/top_level.txt
writing manifest file '../../build/my_service/my_service.egg-info/SOURCES.txt'
reading manifest file '../../build/my_service/my_service.egg-info/SOURCES.txt'
writing manifest file '../../build/my_service/my_service.egg-info/SOURCES.txt'
running build
running build_py
creating /home/ddd/ros2_ws/build/my_service/build
creating /home/ddd/ros2_ws/build/my_service/build/lib
creating /home/ddd/ros2_ws/build/my_service/build/lib/my_service
copying my_service/client.py -> /home/ddd/ros2_ws/build/my_service/build/lib/my_service
copying my_service/server.py -> /home/ddd/ros2_ws/build/my_service/build/lib/my_service
copying my_service/__init__.py -> /home/ddd/ros2_ws/build/my_service/build/lib/my_service
running install
running install_lib
creating /home/ddd/ros2_ws/install/my_service/lib/python3.12/site-packages/my_service
copying /home/ddd/ros2_ws/build/my_service/build/lib/my_service/client.py -> /home/ddd/ros2_ws/install/my_service/lib/python3.12/site-packages/my_service
copying /home/ddd/ros2_ws/build/my_service/build/lib/my_service/server.py -> /home/ddd/ros2_ws/install/my_service/lib/python3.12/site-packages/my_service
copying /home/ddd/ros2_ws/build/my_service/build/lib/my_service/__init__.py -> /home/ddd/ros2_ws/install/my_service/lib/python3.12/site-packages/my_service
byte-compiling /home/ddd/ros2_ws/install/my_service/lib/python3.12/site-packages/my_service/client.py to client.cpython-312.pyc
byte-compiling /home/ddd/ros2_ws/install/my_service/lib/python3.12/site-packages/my_service/server.py to server.cpython-312.pyc
byte-compiling /home/ddd/ros2_ws/install/my_service/lib/python3.12/site-packages/my_service/__init__.py to __init__.cpython-312.pyc
running install_data
creating /home/ddd/ros2_ws/install/my_service/share/ament_index
creating /home/ddd/ros2_ws/install/my_service/share/ament_index/resource_index
creating /home/ddd/ros2_ws/install/my_service/share/ament_index/resource_index/packages
copying resource/my_service -> /home/ddd/ros2_ws/install/my_service/share/ament_index/resource_index/packages
copying package.xml -> /home/ddd/ros2_ws/install/my_service/share/my_service
running install_egg_info
Copying ../../build/my_service/my_service.egg-info to /home/ddd/ros2_ws/install/my_service/lib/python3.12/site-packages/my_service-0.0.0-py3.12.egg-info
running install_scripts
Installing client script to /home/ddd/ros2_ws/install/my_service/lib/my_service
Installing server script to /home/ddd/ros2_ws/install/my_service/lib/my_service
writing list of installed files to '/home/ddd/ros2_ws/build/my_service/install.log'
