[1.067s] Invoking command in '/home/ddd/ros2_ws/src/my_service': DEBUGINFOD_URLS=https://debuginfod.ubuntu.com PYTHONPATH=/home/ddd/ros2_ws/build/my_service/prefix_override:/usr/lib/python3/dist-packages/colcon_core/task/python/colcon_distutils_commands:/home/ddd/ros2_ws/install/my_service/lib/python3.12/site-packages:${PYTHONPATH} /usr/bin/python3 -W ignore:setup.py install is deprecated -W ignore:easy_install command is deprecated setup.py egg_info --egg-base ../../build/my_service build --build-base /home/ddd/ros2_ws/build/my_service/build install --record /home/ddd/ros2_ws/build/my_service/install.log --install-scripts $base/lib/my_service --single-version-externally-managed install_data
[1.303s] running egg_info
[1.303s] creating ../../build/my_service/my_service.egg-info
[1.320s] writing ../../build/my_service/my_service.egg-info/PKG-INFO
[1.320s] writing dependency_links to ../../build/my_service/my_service.egg-info/dependency_links.txt
[1.321s] writing entry points to ../../build/my_service/my_service.egg-info/entry_points.txt
[1.321s] writing requirements to ../../build/my_service/my_service.egg-info/requires.txt
[1.321s] writing top-level names to ../../build/my_service/my_service.egg-info/top_level.txt
[1.321s] writing manifest file '../../build/my_service/my_service.egg-info/SOURCES.txt'
[1.356s] reading manifest file '../../build/my_service/my_service.egg-info/SOURCES.txt'
[1.356s] writing manifest file '../../build/my_service/my_service.egg-info/SOURCES.txt'
[1.356s] running build
[1.356s] running build_py
[1.357s] creating /home/ddd/ros2_ws/build/my_service/build
[1.357s] creating /home/ddd/ros2_ws/build/my_service/build/lib
[1.357s] creating /home/ddd/ros2_ws/build/my_service/build/lib/my_service
[1.357s] copying my_service/client.py -> /home/ddd/ros2_ws/build/my_service/build/lib/my_service
[1.357s] copying my_service/server.py -> /home/ddd/ros2_ws/build/my_service/build/lib/my_service
[1.357s] copying my_service/__init__.py -> /home/ddd/ros2_ws/build/my_service/build/lib/my_service
[1.357s] running install
[1.362s] running install_lib
[1.380s] creating /home/ddd/ros2_ws/install/my_service/lib/python3.12/site-packages/my_service
[1.381s] copying /home/ddd/ros2_ws/build/my_service/build/lib/my_service/client.py -> /home/ddd/ros2_ws/install/my_service/lib/python3.12/site-packages/my_service
[1.381s] copying /home/ddd/ros2_ws/build/my_service/build/lib/my_service/server.py -> /home/ddd/ros2_ws/install/my_service/lib/python3.12/site-packages/my_service
[1.381s] copying /home/ddd/ros2_ws/build/my_service/build/lib/my_service/__init__.py -> /home/ddd/ros2_ws/install/my_service/lib/python3.12/site-packages/my_service
[1.381s] byte-compiling /home/ddd/ros2_ws/install/my_service/lib/python3.12/site-packages/my_service/client.py to client.cpython-312.pyc
[1.382s] byte-compiling /home/ddd/ros2_ws/install/my_service/lib/python3.12/site-packages/my_service/server.py to server.cpython-312.pyc
[1.382s] byte-compiling /home/ddd/ros2_ws/install/my_service/lib/python3.12/site-packages/my_service/__init__.py to __init__.cpython-312.pyc
[1.382s] running install_data
[1.382s] creating /home/ddd/ros2_ws/install/my_service/share/ament_index
[1.382s] creating /home/ddd/ros2_ws/install/my_service/share/ament_index/resource_index
[1.383s] creating /home/ddd/ros2_ws/install/my_service/share/ament_index/resource_index/packages
[1.383s] copying resource/my_service -> /home/ddd/ros2_ws/install/my_service/share/ament_index/resource_index/packages
[1.383s] copying package.xml -> /home/ddd/ros2_ws/install/my_service/share/my_service
[1.383s] running install_egg_info
[1.402s] Copying ../../build/my_service/my_service.egg-info to /home/ddd/ros2_ws/install/my_service/lib/python3.12/site-packages/my_service-0.0.0-py3.12.egg-info
[1.403s] running install_scripts
[1.526s] Installing client script to /home/ddd/ros2_ws/install/my_service/lib/my_service
[1.526s] Installing server script to /home/ddd/ros2_ws/install/my_service/lib/my_service
[1.526s] writing list of installed files to '/home/ddd/ros2_ws/build/my_service/install.log'
[1.549s] Invoked command in '/home/ddd/ros2_ws/src/my_service' returned '0': DEBUGINFOD_URLS=https://debuginfod.ubuntu.com PYTHONPATH=/home/ddd/ros2_ws/build/my_service/prefix_override:/usr/lib/python3/dist-packages/colcon_core/task/python/colcon_distutils_commands:/home/ddd/ros2_ws/install/my_service/lib/python3.12/site-packages:${PYTHONPATH} /usr/bin/python3 -W ignore:setup.py install is deprecated -W ignore:easy_install command is deprecated setup.py egg_info --egg-base ../../build/my_service build --build-base /home/ddd/ros2_ws/build/my_service/build install --record /home/ddd/ros2_ws/build/my_service/install.log --install-scripts $base/lib/my_service --single-version-externally-managed install_data
