running egg_info
creating ../../build/my_robot_arm_moveit_config/my_robot_arm_moveit_config.egg-info
writing ../../build/my_robot_arm_moveit_config/my_robot_arm_moveit_config.egg-info/PKG-INFO
writing dependency_links to ../../build/my_robot_arm_moveit_config/my_robot_arm_moveit_config.egg-info/dependency_links.txt
writing requirements to ../../build/my_robot_arm_moveit_config/my_robot_arm_moveit_config.egg-info/requires.txt
writing top-level names to ../../build/my_robot_arm_moveit_config/my_robot_arm_moveit_config.egg-info/top_level.txt
writing manifest file '../../build/my_robot_arm_moveit_config/my_robot_arm_moveit_config.egg-info/SOURCES.txt'
reading manifest file '../../build/my_robot_arm_moveit_config/my_robot_arm_moveit_config.egg-info/SOURCES.txt'
writing manifest file '../../build/my_robot_arm_moveit_config/my_robot_arm_moveit_config.egg-info/SOURCES.txt'
running build
running build_py
creating /home/ddd/ros2_ws/build/my_robot_arm_moveit_config/build
creating /home/ddd/ros2_ws/build/my_robot_arm_moveit_config/build/lib
creating /home/ddd/ros2_ws/build/my_robot_arm_moveit_config/build/lib/my_robot_arm_moveit_config
copying my_robot_arm_moveit_config/__init__.py -> /home/ddd/ros2_ws/build/my_robot_arm_moveit_config/build/lib/my_robot_arm_moveit_config
running install
running install_lib
creating /home/ddd/ros2_ws/install/my_robot_arm_moveit_config/lib/python3.12/site-packages/my_robot_arm_moveit_config
copying /home/ddd/ros2_ws/build/my_robot_arm_moveit_config/build/lib/my_robot_arm_moveit_config/__init__.py -> /home/ddd/ros2_ws/install/my_robot_arm_moveit_config/lib/python3.12/site-packages/my_robot_arm_moveit_config
byte-compiling /home/ddd/ros2_ws/install/my_robot_arm_moveit_config/lib/python3.12/site-packages/my_robot_arm_moveit_config/__init__.py to __init__.cpython-312.pyc
running install_data
creating /home/ddd/ros2_ws/install/my_robot_arm_moveit_config/share/ament_index
creating /home/ddd/ros2_ws/install/my_robot_arm_moveit_config/share/ament_index/resource_index
creating /home/ddd/ros2_ws/install/my_robot_arm_moveit_config/share/ament_index/resource_index/packages
copying resource/my_robot_arm_moveit_config -> /home/ddd/ros2_ws/install/my_robot_arm_moveit_config/share/ament_index/resource_index/packages
copying package.xml -> /home/ddd/ros2_ws/install/my_robot_arm_moveit_config/share/my_robot_arm_moveit_config
creating /home/ddd/ros2_ws/install/my_robot_arm_moveit_config/share/my_robot_arm_moveit_config/launch
copying launch/moveit.launch.py -> /home/ddd/ros2_ws/install/my_robot_arm_moveit_config/share/my_robot_arm_moveit_config/launch
creating /home/ddd/ros2_ws/install/my_robot_arm_moveit_config/share/my_robot_arm_moveit_config/config
copying config/moveit_controllers.yaml -> /home/ddd/ros2_ws/install/my_robot_arm_moveit_config/share/my_robot_arm_moveit_config/config
copying config/kinematics.yaml -> /home/ddd/ros2_ws/install/my_robot_arm_moveit_config/share/my_robot_arm_moveit_config/config
copying config/panda.srdf -> /home/ddd/ros2_ws/install/my_robot_arm_moveit_config/share/my_robot_arm_moveit_config/config
creating /home/ddd/ros2_ws/install/my_robot_arm_moveit_config/share/my_robot_arm_moveit_config/rviz
copying rviz/moveit.rviz -> /home/ddd/ros2_ws/install/my_robot_arm_moveit_config/share/my_robot_arm_moveit_config/rviz
running install_egg_info
Copying ../../build/my_robot_arm_moveit_config/my_robot_arm_moveit_config.egg-info to /home/ddd/ros2_ws/install/my_robot_arm_moveit_config/lib/python3.12/site-packages/my_robot_arm_moveit_config-0.0.0-py3.12.egg-info
running install_scripts
writing list of installed files to '/home/ddd/ros2_ws/build/my_robot_arm_moveit_config/install.log'
