[0.821s] Invoking command in '/home/ddd/ros2_ws/src/my_robot_arm_moveit_config': AMENT_PREFIX_PATH=/home/ddd/ros2_ws/install/my_robot_arm_control:/home/ddd/ros2_ws/install/my_robot_arm_description:${AMENT_PREFIX_PATH} DEBUGINFOD_URLS=https://debuginfod.ubuntu.com PYTHONPATH=/home/ddd/ros2_ws/build/my_robot_arm_moveit_config/prefix_override:/usr/lib/python3/dist-packages/colcon_core/task/python/colcon_distutils_commands:/home/ddd/ros2_ws/install/my_robot_arm_moveit_config/lib/python3.12/site-packages:/home/ddd/ros2_ws/install/my_robot_arm_control/lib/python3.12/site-packages:/home/ddd/ros2_ws/install/my_robot_arm_description/lib/python3.12/site-packages:${PYTHONPATH} /usr/bin/python3 -W ignore:setup.py install is deprecated -W ignore:easy_install command is deprecated setup.py egg_info --egg-base ../../build/my_robot_arm_moveit_config build --build-base /home/ddd/ros2_ws/build/my_robot_arm_moveit_config/build install --record /home/ddd/ros2_ws/build/my_robot_arm_moveit_config/install.log --install-scripts $base/lib/my_robot_arm_moveit_config --single-version-externally-managed install_data
[1.124s] running egg_info
[1.124s] creating ../../build/my_robot_arm_moveit_config/my_robot_arm_moveit_config.egg-info
[1.143s] writing ../../build/my_robot_arm_moveit_config/my_robot_arm_moveit_config.egg-info/PKG-INFO
[1.143s] writing dependency_links to ../../build/my_robot_arm_moveit_config/my_robot_arm_moveit_config.egg-info/dependency_links.txt
[1.144s] writing requirements to ../../build/my_robot_arm_moveit_config/my_robot_arm_moveit_config.egg-info/requires.txt
[1.144s] writing top-level names to ../../build/my_robot_arm_moveit_config/my_robot_arm_moveit_config.egg-info/top_level.txt
[1.144s] writing manifest file '../../build/my_robot_arm_moveit_config/my_robot_arm_moveit_config.egg-info/SOURCES.txt'
[1.183s] reading manifest file '../../build/my_robot_arm_moveit_config/my_robot_arm_moveit_config.egg-info/SOURCES.txt'
[1.184s] writing manifest file '../../build/my_robot_arm_moveit_config/my_robot_arm_moveit_config.egg-info/SOURCES.txt'
[1.184s] running build
[1.184s] running build_py
[1.184s] creating /home/ddd/ros2_ws/build/my_robot_arm_moveit_config/build
[1.184s] creating /home/ddd/ros2_ws/build/my_robot_arm_moveit_config/build/lib
[1.184s] creating /home/ddd/ros2_ws/build/my_robot_arm_moveit_config/build/lib/my_robot_arm_moveit_config
[1.185s] copying my_robot_arm_moveit_config/__init__.py -> /home/ddd/ros2_ws/build/my_robot_arm_moveit_config/build/lib/my_robot_arm_moveit_config
[1.185s] running install
[1.190s] running install_lib
[1.212s] creating /home/ddd/ros2_ws/install/my_robot_arm_moveit_config/lib/python3.12/site-packages/my_robot_arm_moveit_config
[1.212s] copying /home/ddd/ros2_ws/build/my_robot_arm_moveit_config/build/lib/my_robot_arm_moveit_config/__init__.py -> /home/ddd/ros2_ws/install/my_robot_arm_moveit_config/lib/python3.12/site-packages/my_robot_arm_moveit_config
[1.212s] byte-compiling /home/ddd/ros2_ws/install/my_robot_arm_moveit_config/lib/python3.12/site-packages/my_robot_arm_moveit_config/__init__.py to __init__.cpython-312.pyc
[1.213s] running install_data
[1.213s] creating /home/ddd/ros2_ws/install/my_robot_arm_moveit_config/share/ament_index
[1.213s] creating /home/ddd/ros2_ws/install/my_robot_arm_moveit_config/share/ament_index/resource_index
[1.213s] creating /home/ddd/ros2_ws/install/my_robot_arm_moveit_config/share/ament_index/resource_index/packages
[1.213s] copying resource/my_robot_arm_moveit_config -> /home/ddd/ros2_ws/install/my_robot_arm_moveit_config/share/ament_index/resource_index/packages
[1.213s] copying package.xml -> /home/ddd/ros2_ws/install/my_robot_arm_moveit_config/share/my_robot_arm_moveit_config
[1.214s] creating /home/ddd/ros2_ws/install/my_robot_arm_moveit_config/share/my_robot_arm_moveit_config/launch
[1.214s] copying launch/moveit.launch.py -> /home/ddd/ros2_ws/install/my_robot_arm_moveit_config/share/my_robot_arm_moveit_config/launch
[1.214s] creating /home/ddd/ros2_ws/install/my_robot_arm_moveit_config/share/my_robot_arm_moveit_config/config
[1.214s] copying config/moveit_controllers.yaml -> /home/ddd/ros2_ws/install/my_robot_arm_moveit_config/share/my_robot_arm_moveit_config/config
[1.214s] copying config/kinematics.yaml -> /home/ddd/ros2_ws/install/my_robot_arm_moveit_config/share/my_robot_arm_moveit_config/config
[1.214s] copying config/panda.srdf -> /home/ddd/ros2_ws/install/my_robot_arm_moveit_config/share/my_robot_arm_moveit_config/config
[1.214s] creating /home/ddd/ros2_ws/install/my_robot_arm_moveit_config/share/my_robot_arm_moveit_config/rviz
[1.214s] copying rviz/moveit.rviz -> /home/ddd/ros2_ws/install/my_robot_arm_moveit_config/share/my_robot_arm_moveit_config/rviz
[1.215s] running install_egg_info
[1.237s] Copying ../../build/my_robot_arm_moveit_config/my_robot_arm_moveit_config.egg-info to /home/ddd/ros2_ws/install/my_robot_arm_moveit_config/lib/python3.12/site-packages/my_robot_arm_moveit_config-0.0.0-py3.12.egg-info
[1.238s] running install_scripts
[1.377s] writing list of installed files to '/home/ddd/ros2_ws/build/my_robot_arm_moveit_config/install.log'
[1.407s] Invoked command in '/home/ddd/ros2_ws/src/my_robot_arm_moveit_config' returned '0': AMENT_PREFIX_PATH=/home/ddd/ros2_ws/install/my_robot_arm_control:/home/ddd/ros2_ws/install/my_robot_arm_description:${AMENT_PREFIX_PATH} DEBUGINFOD_URLS=https://debuginfod.ubuntu.com PYTHONPATH=/home/ddd/ros2_ws/build/my_robot_arm_moveit_config/prefix_override:/usr/lib/python3/dist-packages/colcon_core/task/python/colcon_distutils_commands:/home/ddd/ros2_ws/install/my_robot_arm_moveit_config/lib/python3.12/site-packages:/home/ddd/ros2_ws/install/my_robot_arm_control/lib/python3.12/site-packages:/home/ddd/ros2_ws/install/my_robot_arm_description/lib/python3.12/site-packages:${PYTHONPATH} /usr/bin/python3 -W ignore:setup.py install is deprecated -W ignore:easy_install command is deprecated setup.py egg_info --egg-base ../../build/my_robot_arm_moveit_config build --build-base /home/ddd/ros2_ws/build/my_robot_arm_moveit_config/build install --record /home/ddd/ros2_ws/build/my_robot_arm_moveit_config/install.log --install-scripts $base/lib/my_robot_arm_moveit_config --single-version-externally-managed install_data
