[1.151s] Invoking command in '/home/ddd/ros2_ws/src/my_robot_arm_gazebo': AMENT_PREFIX_PATH=/home/ddd/ros2_ws/install/my_robot_arm_control:/home/ddd/ros2_ws/install/my_robot_arm_description:${AMENT_PREFIX_PATH} DEBUGINFOD_URLS=https://debuginfod.ubuntu.com PYTHONPATH=/home/ddd/ros2_ws/build/my_robot_arm_gazebo/prefix_override:/usr/lib/python3/dist-packages/colcon_core/task/python/colcon_distutils_commands:/home/ddd/ros2_ws/install/my_robot_arm_gazebo/lib/python3.12/site-packages:/home/ddd/ros2_ws/install/my_robot_arm_control/lib/python3.12/site-packages:/home/ddd/ros2_ws/install/my_robot_arm_description/lib/python3.12/site-packages:${PYTHONPATH} /usr/bin/python3 -W ignore:setup.py install is deprecated -W ignore:easy_install command is deprecated setup.py egg_info --egg-base ../../build/my_robot_arm_gazebo build --build-base /home/ddd/ros2_ws/build/my_robot_arm_gazebo/build install --record /home/ddd/ros2_ws/build/my_robot_arm_gazebo/install.log --install-scripts $base/lib/my_robot_arm_gazebo --single-version-externally-managed install_data
[1.522s] running egg_info
[1.548s] writing ../../build/my_robot_arm_gazebo/my_robot_arm_gazebo.egg-info/PKG-INFO
[1.549s] writing dependency_links to ../../build/my_robot_arm_gazebo/my_robot_arm_gazebo.egg-info/dependency_links.txt
[1.549s] writing requirements to ../../build/my_robot_arm_gazebo/my_robot_arm_gazebo.egg-info/requires.txt
[1.549s] writing top-level names to ../../build/my_robot_arm_gazebo/my_robot_arm_gazebo.egg-info/top_level.txt
[1.605s] reading manifest file '../../build/my_robot_arm_gazebo/my_robot_arm_gazebo.egg-info/SOURCES.txt'
[1.606s] writing manifest file '../../build/my_robot_arm_gazebo/my_robot_arm_gazebo.egg-info/SOURCES.txt'
[1.606s] running build
[1.606s] running build_py
[1.607s] running install
[1.616s] running install_lib
[1.646s] running install_data
[1.646s] copying launch/gazebo.launch.py -> /home/ddd/ros2_ws/install/my_robot_arm_gazebo/share/my_robot_arm_gazebo/launch
[1.647s] running install_egg_info
[1.678s] removing '/home/ddd/ros2_ws/install/my_robot_arm_gazebo/lib/python3.12/site-packages/my_robot_arm_gazebo-0.0.0-py3.12.egg-info' (and everything under it)
[1.678s] Copying ../../build/my_robot_arm_gazebo/my_robot_arm_gazebo.egg-info to /home/ddd/ros2_ws/install/my_robot_arm_gazebo/lib/python3.12/site-packages/my_robot_arm_gazebo-0.0.0-py3.12.egg-info
[1.679s] running install_scripts
[1.867s] writing list of installed files to '/home/ddd/ros2_ws/build/my_robot_arm_gazebo/install.log'
[1.916s] Invoked command in '/home/ddd/ros2_ws/src/my_robot_arm_gazebo' returned '0': AMENT_PREFIX_PATH=/home/ddd/ros2_ws/install/my_robot_arm_control:/home/ddd/ros2_ws/install/my_robot_arm_description:${AMENT_PREFIX_PATH} DEBUGINFOD_URLS=https://debuginfod.ubuntu.com PYTHONPATH=/home/ddd/ros2_ws/build/my_robot_arm_gazebo/prefix_override:/usr/lib/python3/dist-packages/colcon_core/task/python/colcon_distutils_commands:/home/ddd/ros2_ws/install/my_robot_arm_gazebo/lib/python3.12/site-packages:/home/ddd/ros2_ws/install/my_robot_arm_control/lib/python3.12/site-packages:/home/ddd/ros2_ws/install/my_robot_arm_description/lib/python3.12/site-packages:${PYTHONPATH} /usr/bin/python3 -W ignore:setup.py install is deprecated -W ignore:easy_install command is deprecated setup.py egg_info --egg-base ../../build/my_robot_arm_gazebo build --build-base /home/ddd/ros2_ws/build/my_robot_arm_gazebo/build install --record /home/ddd/ros2_ws/build/my_robot_arm_gazebo/install.log --install-scripts $base/lib/my_robot_arm_gazebo --single-version-externally-managed install_data
