[0.983s] Invoking command in '/home/ddd/ros2_ws/src/my_robot': DEBUGINFOD_URLS=https://debuginfod.ubuntu.com PYTHONPATH=/home/ddd/ros2_ws/build/my_robot/prefix_override:/usr/lib/python3/dist-packages/colcon_core/task/python/colcon_distutils_commands:/home/ddd/ros2_ws/install/my_robot/lib/python3.12/site-packages:${PYTHONPATH} /usr/bin/python3 -W ignore:setup.py install is deprecated -W ignore:easy_install command is deprecated setup.py egg_info --egg-base ../../build/my_robot build --build-base /home/ddd/ros2_ws/build/my_robot/build install --record /home/ddd/ros2_ws/build/my_robot/install.log --install-scripts $base/lib/my_robot --single-version-externally-managed install_data
[1.241s] running egg_info
[1.241s] creating ../../build/my_robot/my_robot.egg-info
[1.260s] writing ../../build/my_robot/my_robot.egg-info/PKG-INFO
[1.260s] writing dependency_links to ../../build/my_robot/my_robot.egg-info/dependency_links.txt
[1.260s] writing entry points to ../../build/my_robot/my_robot.egg-info/entry_points.txt
[1.260s] writing requirements to ../../build/my_robot/my_robot.egg-info/requires.txt
[1.261s] writing top-level names to ../../build/my_robot/my_robot.egg-info/top_level.txt
[1.261s] writing manifest file '../../build/my_robot/my_robot.egg-info/SOURCES.txt'
[1.298s] reading manifest file '../../build/my_robot/my_robot.egg-info/SOURCES.txt'
[1.298s] writing manifest file '../../build/my_robot/my_robot.egg-info/SOURCES.txt'
[1.298s] running build
[1.299s] running build_py
[1.299s] creating /home/ddd/ros2_ws/build/my_robot/build
[1.299s] creating /home/ddd/ros2_ws/build/my_robot/build/lib
[1.299s] creating /home/ddd/ros2_ws/build/my_robot/build/lib/my_robot
[1.299s] copying my_robot/publisher.py -> /home/ddd/ros2_ws/build/my_robot/build/lib/my_robot
[1.299s] copying my_robot/__init__.py -> /home/ddd/ros2_ws/build/my_robot/build/lib/my_robot
[1.299s] running install
[1.305s] running install_lib
[1.324s] creating /home/ddd/ros2_ws/install/my_robot/lib/python3.12/site-packages/my_robot
[1.325s] copying /home/ddd/ros2_ws/build/my_robot/build/lib/my_robot/publisher.py -> /home/ddd/ros2_ws/install/my_robot/lib/python3.12/site-packages/my_robot
[1.325s] copying /home/ddd/ros2_ws/build/my_robot/build/lib/my_robot/__init__.py -> /home/ddd/ros2_ws/install/my_robot/lib/python3.12/site-packages/my_robot
[1.325s] byte-compiling /home/ddd/ros2_ws/install/my_robot/lib/python3.12/site-packages/my_robot/publisher.py to publisher.cpython-312.pyc
[1.326s] byte-compiling /home/ddd/ros2_ws/install/my_robot/lib/python3.12/site-packages/my_robot/__init__.py to __init__.cpython-312.pyc
[1.326s] running install_data
[1.326s] creating /home/ddd/ros2_ws/install/my_robot/share/ament_index
[1.326s] creating /home/ddd/ros2_ws/install/my_robot/share/ament_index/resource_index
[1.326s] creating /home/ddd/ros2_ws/install/my_robot/share/ament_index/resource_index/packages
[1.326s] copying resource/my_robot -> /home/ddd/ros2_ws/install/my_robot/share/ament_index/resource_index/packages
[1.326s] copying package.xml -> /home/ddd/ros2_ws/install/my_robot/share/my_robot
[1.326s] running install_egg_info
[1.347s] Copying ../../build/my_robot/my_robot.egg-info to /home/ddd/ros2_ws/install/my_robot/lib/python3.12/site-packages/my_robot-0.0.0-py3.12.egg-info
[1.348s] running install_scripts
[1.478s] Installing publisher script to /home/ddd/ros2_ws/install/my_robot/lib/my_robot
[1.479s] writing list of installed files to '/home/ddd/ros2_ws/build/my_robot/install.log'
[1.508s] Invoked command in '/home/ddd/ros2_ws/src/my_robot' returned '0': DEBUGINFOD_URLS=https://debuginfod.ubuntu.com PYTHONPATH=/home/ddd/ros2_ws/build/my_robot/prefix_override:/usr/lib/python3/dist-packages/colcon_core/task/python/colcon_distutils_commands:/home/ddd/ros2_ws/install/my_robot/lib/python3.12/site-packages:${PYTHONPATH} /usr/bin/python3 -W ignore:setup.py install is deprecated -W ignore:easy_install command is deprecated setup.py egg_info --egg-base ../../build/my_robot build --build-base /home/ddd/ros2_ws/build/my_robot/build install --record /home/ddd/ros2_ws/build/my_robot/install.log --install-scripts $base/lib/my_robot --single-version-externally-managed install_data
